2021-04-19 14:52:54,668 - elsapy.elsclient - INFO - Module loaded.
2021-04-19 14:52:54,671 - elsapy.elsentity - INFO - Module loaded.
2021-04-19 14:52:54,672 - elsapy.utils - INFO - Module loaded.
2021-04-19 14:52:54,672 - elsapy.elsprofile - INFO - Module loaded.
2021-04-19 14:52:54,677 - elsapy.elsdoc - INFO - Module loaded.
2021-04-19 14:52:54,678 - elsapy.elssearch - INFO - Module loaded.
2021-04-19 14:53:20,557 - elsapy.elsclient - INFO - Sending GET request to https://api.elsevier.com/content/search/sciencedirect?query=International+Business+%2B+Marketing
2021-04-19 14:53:21,760 - elsapy.utils - INFO - Converting prism:coverDate
2021-04-19 14:53:37,633 - elsapy.elsclient - INFO - Sending GET request to https://api.elsevier.com/content/search/sciencedirect?query=Marketing
2021-04-19 14:53:38,619 - elsapy.utils - INFO - Converting prism:coverDate
2021-04-19 14:53:47,468 - elsapy.elsclient - INFO - Sending GET request to https://api.elsevier.com/content/search/sciencedirect?query=Marketing
2021-04-19 14:53:48,802 - elsapy.utils - INFO - Converting prism:coverDate
2021-04-19 14:54:02,748 - elsapy.elsclient - INFO - Sending GET request to https://api.elsevier.com/content/search/sciencedirect?query=Business+Business
2021-04-19 14:54:04,471 - elsapy.utils - INFO - Converting prism:coverDate
2021-04-19 14:54:59,864 - elsapy.elsclient - INFO - Module loaded.
2021-04-19 14:54:59,865 - elsapy.elsentity - INFO - Module loaded.
2021-04-19 14:54:59,866 - elsapy.utils - INFO - Module loaded.
2021-04-19 14:54:59,867 - elsapy.elsprofile - INFO - Module loaded.
2021-04-19 14:54:59,869 - elsapy.elsdoc - INFO - Module loaded.
2021-04-19 14:54:59,871 - elsapy.elssearch - INFO - Module loaded.
2021-04-19 14:55:02,698 - elsapy.elsclient - INFO - Sending GET request to https://api.elsevier.com/content/search/sciencedirect?query=Business+Business
2021-04-19 14:55:03,518 - elsapy.utils - INFO - Converting prism:coverDate
2021-04-19 14:58:57,953 - elsapy.elsclient - INFO - Module loaded.
2021-04-19 14:58:57,955 - elsapy.elsentity - INFO - Module loaded.
2021-04-19 14:58:57,956 - elsapy.utils - INFO - Module loaded.
2021-04-19 14:58:57,956 - elsapy.elsprofile - INFO - Module loaded.
2021-04-19 14:58:57,958 - elsapy.elsdoc - INFO - Module loaded.
2021-04-19 14:58:57,959 - elsapy.elssearch - INFO - Module loaded.
2021-04-19 14:59:03,059 - elsapy.elsclient - INFO - Sending GET request to https://api.elsevier.com/content/search/sciencedirect?query=Business+Business
2021-04-19 14:59:04,866 - elsapy.utils - INFO - Converting prism:coverDate
2021-04-19 14:59:52,242 - elsapy.elsclient - INFO - Module loaded.
2021-04-19 14:59:52,244 - elsapy.elsentity - INFO - Module loaded.
2021-04-19 14:59:52,245 - elsapy.utils - INFO - Module loaded.
2021-04-19 14:59:52,245 - elsapy.elsprofile - INFO - Module loaded.
2021-04-19 14:59:52,246 - elsapy.elsdoc - INFO - Module loaded.
2021-04-19 14:59:52,247 - elsapy.elssearch - INFO - Module loaded.
2021-04-19 16:14:01,020 - elsapy.elsclient - INFO - Module loaded.
2021-04-19 16:14:01,022 - elsapy.elsentity - INFO - Module loaded.
2021-04-19 16:14:01,023 - elsapy.utils - INFO - Module loaded.
2021-04-19 16:14:01,023 - elsapy.elsprofile - INFO - Module loaded.
2021-04-19 16:14:01,024 - elsapy.elsdoc - INFO - Module loaded.
2021-04-19 16:14:01,025 - elsapy.elssearch - INFO - Module loaded.
2021-04-19 16:14:55,229 - elsapy.elsclient - INFO - Module loaded.
2021-04-19 16:14:55,233 - elsapy.elsentity - INFO - Module loaded.
2021-04-19 16:14:55,234 - elsapy.utils - INFO - Module loaded.
2021-04-19 16:14:55,235 - elsapy.elsprofile - INFO - Module loaded.
2021-04-19 16:14:55,235 - elsapy.elsdoc - INFO - Module loaded.
2021-04-19 16:14:55,236 - elsapy.elssearch - INFO - Module loaded.
2021-04-19 16:20:18,886 - elsapy.elsclient - INFO - Module loaded.
2021-04-19 16:20:18,892 - elsapy.elsentity - INFO - Module loaded.
2021-04-19 16:20:18,893 - elsapy.utils - INFO - Module loaded.
2021-04-19 16:20:18,894 - elsapy.elsprofile - INFO - Module loaded.
2021-04-19 16:20:18,894 - elsapy.elsdoc - INFO - Module loaded.
2021-04-19 16:20:18,895 - elsapy.elssearch - INFO - Module loaded.
2021-04-19 16:20:46,193 - elsapy.elsclient - INFO - Module loaded.
2021-04-19 16:20:46,198 - elsapy.elsentity - INFO - Module loaded.
2021-04-19 16:20:46,198 - elsapy.utils - INFO - Module loaded.
2021-04-19 16:20:46,199 - elsapy.elsprofile - INFO - Module loaded.
2021-04-19 16:20:46,200 - elsapy.elsdoc - INFO - Module loaded.
2021-04-19 16:20:46,201 - elsapy.elssearch - INFO - Module loaded.
2021-04-19 16:21:36,604 - elsapy.elsclient - INFO - Sending GET request to https://api.elsevier.com/content/search/sciencedirect?query=Marketing
2021-04-19 16:21:37,530 - elsapy.utils - INFO - Converting prism:coverDate
2021-04-19 16:23:34,331 - elsapy.elsclient - INFO - Module loaded.
2021-04-19 16:23:34,335 - elsapy.elsentity - INFO - Module loaded.
2021-04-19 16:23:34,336 - elsapy.utils - INFO - Module loaded.
2021-04-19 16:23:34,336 - elsapy.elsprofile - INFO - Module loaded.
2021-04-19 16:23:34,338 - elsapy.elsdoc - INFO - Module loaded.
2021-04-19 16:23:34,339 - elsapy.elssearch - INFO - Module loaded.
2021-04-19 16:23:43,632 - elsapy.elsclient - INFO - Sending GET request to https://api.elsevier.com/content/search/sciencedirect?query=Marketing
2021-04-19 16:23:44,646 - elsapy.utils - INFO - Converting prism:coverDate
2021-04-19 16:25:18,681 - elsapy.elsclient - INFO - Module loaded.
2021-04-19 16:25:18,685 - elsapy.elsentity - INFO - Module loaded.
2021-04-19 16:25:18,686 - elsapy.utils - INFO - Module loaded.
2021-04-19 16:25:18,687 - elsapy.elsprofile - INFO - Module loaded.
2021-04-19 16:25:18,687 - elsapy.elsdoc - INFO - Module loaded.
2021-04-19 16:25:18,688 - elsapy.elssearch - INFO - Module loaded.
2021-04-19 16:25:43,188 - elsapy.elsclient - INFO - Module loaded.
2021-04-19 16:25:43,192 - elsapy.elsentity - INFO - Module loaded.
2021-04-19 16:25:43,193 - elsapy.utils - INFO - Module loaded.
2021-04-19 16:25:43,194 - elsapy.elsprofile - INFO - Module loaded.
2021-04-19 16:25:43,194 - elsapy.elsdoc - INFO - Module loaded.
2021-04-19 16:25:43,195 - elsapy.elssearch - INFO - Module loaded.
2021-04-19 16:25:49,638 - elsapy.elsclient - INFO - Sending GET request to https://api.elsevier.com/content/search/sciencedirect?query=Marketing
2021-04-19 16:25:50,555 - elsapy.utils - INFO - Converting prism:coverDate
2021-04-19 16:25:59,650 - elsapy.elsclient - INFO - Sending GET request to https://api.elsevier.com/content/search/sciencedirect?query=Marketing
2021-04-19 16:26:00,701 - elsapy.utils - INFO - Converting prism:coverDate
2021-04-19 16:26:27,627 - elsapy.elsclient - INFO - Sending GET request to https://api.elsevier.com/content/search/sciencedirect?query=Capability
2021-04-19 16:26:28,594 - elsapy.utils - INFO - Converting prism:coverDate
2021-04-19 16:26:37,901 - elsapy.elsclient - INFO - Sending GET request to https://api.elsevier.com/content/search/sciencedirect?query=Capability
2021-04-19 16:26:39,169 - elsapy.utils - INFO - Converting prism:coverDate
2021-04-19 16:27:51,106 - elsapy.elsclient - INFO - Module loaded.
2021-04-19 16:27:51,110 - elsapy.elsentity - INFO - Module loaded.
2021-04-19 16:27:51,111 - elsapy.utils - INFO - Module loaded.
2021-04-19 16:27:51,111 - elsapy.elsprofile - INFO - Module loaded.
2021-04-19 16:27:51,112 - elsapy.elsdoc - INFO - Module loaded.
2021-04-19 16:27:51,113 - elsapy.elssearch - INFO - Module loaded.
2021-04-19 16:27:58,612 - elsapy.elsclient - INFO - Sending GET request to https://api.elsevier.com/content/search/sciencedirect?query=Digital
2021-04-19 16:28:00,081 - elsapy.utils - INFO - Converting prism:coverDate
2021-04-19 16:28:11,030 - elsapy.elsclient - INFO - Sending GET request to https://api.elsevier.com/content/search/sciencedirect?query=Digital
2021-04-19 16:28:12,893 - elsapy.utils - INFO - Converting prism:coverDate
2021-04-19 16:30:51,432 - elsapy.elsclient - INFO - Sending GET request to https://api.elsevier.com/content/search/sciencedirect?query=Marketing
2021-04-19 16:30:52,363 - elsapy.utils - INFO - Converting prism:coverDate
2021-04-19 16:31:03,576 - elsapy.elsclient - INFO - Sending GET request to https://api.elsevier.com/content/search/sciencedirect?query=Marketing
2021-04-19 16:31:04,478 - elsapy.utils - INFO - Converting prism:coverDate
2021-04-19 16:40:01,512 - elsapy.elsclient - INFO - Module loaded.
2021-04-19 16:40:01,513 - elsapy.elsentity - INFO - Module loaded.
2021-04-19 16:40:01,514 - elsapy.utils - INFO - Module loaded.
2021-04-19 16:40:01,514 - elsapy.elsprofile - INFO - Module loaded.
2021-04-19 16:40:01,515 - elsapy.elsdoc - INFO - Module loaded.
2021-04-19 16:40:01,516 - elsapy.elssearch - INFO - Module loaded.
2021-04-19 16:40:36,610 - elsapy.elsclient - INFO - Sending GET request to https://api.elsevier.com/content/search/sciencedirect?query=Organic+Chemistry
2021-04-19 16:40:38,094 - elsapy.utils - INFO - Converting prism:coverDate
2021-04-19 16:40:53,524 - elsapy.elsclient - INFO - Sending GET request to https://api.elsevier.com/content/search/sciencedirect?query=Organic+Chemistry
2021-04-19 16:40:54,834 - elsapy.utils - INFO - Converting prism:coverDate
2021-04-19 16:42:23,578 - elsapy.elsclient - INFO - Sending GET request to https://api.elsevier.com/content/search/sciencedirect?query=Organic+Chemistry
2021-04-19 16:42:25,020 - elsapy.utils - INFO - Converting prism:coverDate
2021-04-19 16:42:34,122 - elsapy.elsclient - INFO - Sending GET request to https://api.elsevier.com/content/search/sciencedirect?query=Organic+Chemistry
2021-04-19 16:42:35,930 - elsapy.utils - INFO - Converting prism:coverDate
2021-04-19 16:43:20,629 - elsapy.elsclient - INFO - Sending GET request to https://api.elsevier.com/content/search/sciencedirect?query=Organic+Chemistry
2021-04-19 16:43:21,908 - elsapy.utils - INFO - Converting prism:coverDate
2021-04-19 16:43:31,892 - elsapy.elsclient - INFO - Sending GET request to https://api.elsevier.com/content/search/sciencedirect?query=Organic+Chemistry
2021-04-19 16:43:33,029 - elsapy.utils - INFO - Converting prism:coverDate
2021-04-19 16:45:15,835 - elsapy.elsclient - INFO - Module loaded.
2021-04-19 16:45:15,836 - elsapy.elsentity - INFO - Module loaded.
2021-04-19 16:45:15,837 - elsapy.utils - INFO - Module loaded.
2021-04-19 16:45:15,837 - elsapy.elsprofile - INFO - Module loaded.
2021-04-19 16:45:15,838 - elsapy.elsdoc - INFO - Module loaded.
2021-04-19 16:45:15,838 - elsapy.elssearch - INFO - Module loaded.
