2021-04-06 00:04:53,387 - elsapy.elsclient - INFO - Module loaded.
2021-04-06 00:04:53,388 - elsapy.elsentity - INFO - Module loaded.
2021-04-06 00:04:53,388 - elsapy.utils - INFO - Module loaded.
2021-04-06 00:04:53,389 - elsapy.elsprofile - INFO - Module loaded.
2021-04-06 00:04:53,389 - elsapy.elsdoc - INFO - Module loaded.
2021-04-06 00:04:53,390 - elsapy.elssearch - INFO - Module loaded.
2021-04-06 00:06:13,053 - elsapy.elsclient - INFO - Module loaded.
2021-04-06 00:06:13,054 - elsapy.elsentity - INFO - Module loaded.
2021-04-06 00:06:13,055 - elsapy.utils - INFO - Module loaded.
2021-04-06 00:06:13,059 - elsapy.elsprofile - INFO - Module loaded.
2021-04-06 00:06:13,059 - elsapy.elsdoc - INFO - Module loaded.
2021-04-06 00:06:13,060 - elsapy.elssearch - INFO - Module loaded.
2021-04-06 00:06:18,784 - elsapy.elsclient - INFO - Sending GET request to https://api.elsevier.com/content/search/sciencedirect?query=I+n
2021-04-06 00:06:20,339 - elsapy.elsclient - INFO - Sending GET request to https://api.elsevier.com/content/search/sciencedirect?query=International+Business
2021-04-06 00:06:21,281 - elsapy.utils - INFO - Converting prism:coverDate
2021-04-06 00:07:25,798 - elsapy.elsclient - INFO - Sending GET request to https://api.elsevier.com/content/search/sciencedirect?query=M+a
2021-04-06 00:07:27,510 - elsapy.elsclient - INFO - Sending GET request to https://api.elsevier.com/content/search/sciencedirect?query=Marketing
2021-04-06 00:07:29,102 - elsapy.utils - INFO - Converting prism:coverDate
2021-04-06 00:07:38,812 - elsapy.elsclient - INFO - Sending GET request to https://api.elsevier.com/content/search/sciencedirect?query=M+a
2021-04-06 00:07:40,731 - elsapy.elsclient - INFO - Sending GET request to https://api.elsevier.com/content/search/sciencedirect?query=Marketing
2021-04-06 00:07:41,591 - elsapy.utils - INFO - Converting prism:coverDate
2021-04-06 00:09:07,870 - elsapy.elsclient - INFO - Module loaded.
2021-04-06 00:09:07,871 - elsapy.elsentity - INFO - Module loaded.
2021-04-06 00:09:07,872 - elsapy.utils - INFO - Module loaded.
2021-04-06 00:09:07,872 - elsapy.elsprofile - INFO - Module loaded.
2021-04-06 00:09:07,873 - elsapy.elsdoc - INFO - Module loaded.
2021-04-06 00:09:07,873 - elsapy.elssearch - INFO - Module loaded.
2021-04-06 00:12:30,791 - elsapy.elsclient - INFO - Sending GET request to https://api.elsevier.com/content/search/sciencedirect?query=M+a
2021-04-06 00:12:32,504 - elsapy.elsclient - INFO - Sending GET request to https://api.elsevier.com/content/search/sciencedirect?query=Marketing
2021-04-06 00:12:34,057 - elsapy.utils - INFO - Converting prism:coverDate
2021-04-06 00:13:02,090 - elsapy.elsclient - INFO - Sending GET request to https://api.elsevier.com/content/search/sciencedirect?query=E+c
2021-04-06 00:13:03,249 - elsapy.elsclient - INFO - Sending GET request to https://api.elsevier.com/content/search/sciencedirect?query=Economics
2021-04-06 00:13:04,165 - elsapy.utils - INFO - Converting prism:coverDate
2021-04-06 00:13:19,802 - elsapy.elsclient - INFO - Sending GET request to https://api.elsevier.com/content/search/sciencedirect?query=International+Law+Education
2021-04-06 00:13:21,431 - elsapy.utils - INFO - Converting prism:coverDate
2021-04-06 00:13:32,387 - elsapy.elsclient - INFO - Sending GET request to https://api.elsevier.com/content/search/sciencedirect?query=International+Law+Archaeology
2021-04-06 00:13:33,995 - elsapy.utils - INFO - Converting prism:coverDate
2021-04-06 00:13:44,225 - elsapy.elsclient - INFO - Sending GET request to https://api.elsevier.com/content/search/sciencedirect?query=International+Law+History
2021-04-06 00:13:46,033 - elsapy.utils - INFO - Converting prism:coverDate
2021-04-06 00:13:55,291 - elsapy.elsclient - INFO - Sending GET request to https://api.elsevier.com/content/search/sciencedirect?query=Social+Work+Education
2021-04-06 00:13:56,282 - elsapy.utils - INFO - Converting prism:coverDate
2021-04-06 00:14:06,239 - elsapy.elsclient - INFO - Sending GET request to https://api.elsevier.com/content/search/sciencedirect?query=Social+Work+Archaeology
2021-04-06 00:14:07,183 - elsapy.utils - INFO - Converting prism:coverDate
2021-04-06 00:14:19,450 - elsapy.elsclient - INFO - Sending GET request to https://api.elsevier.com/content/search/sciencedirect?query=Social+Work+History
2021-04-06 00:14:21,186 - elsapy.utils - INFO - Converting prism:coverDate
2021-04-06 00:14:31,522 - elsapy.elsclient - INFO - Sending GET request to https://api.elsevier.com/content/search/sciencedirect?query=Education+Archaeology
2021-04-06 00:14:33,074 - elsapy.utils - INFO - Converting prism:coverDate
2021-04-06 00:14:45,440 - elsapy.elsclient - INFO - Sending GET request to https://api.elsevier.com/content/search/sciencedirect?query=Education+History
2021-04-06 00:14:46,420 - elsapy.utils - INFO - Converting prism:coverDate
2021-04-06 00:14:56,528 - elsapy.elsclient - INFO - Sending GET request to https://api.elsevier.com/content/search/sciencedirect?query=Archaeology+History
2021-04-06 00:14:57,392 - elsapy.utils - INFO - Converting prism:coverDate
2021-04-06 00:15:18,817 - elsapy.elsclient - INFO - Sending GET request to https://api.elsevier.com/content/search/sciencedirect?query=S+o
2021-04-06 00:15:18,819 - elsapy.elsclient - INFO - Sending GET request to https://api.elsevier.com/content/search/sciencedirect?query=S+o
2021-04-06 00:15:20,370 - elsapy.elsclient - INFO - Sending GET request to https://api.elsevier.com/content/search/sciencedirect?query=Social+Work
2021-04-06 00:15:20,471 - elsapy.elsclient - INFO - Sending GET request to https://api.elsevier.com/content/search/sciencedirect?query=Social+Work
2021-04-06 00:15:21,383 - elsapy.utils - INFO - Converting prism:coverDate
2021-04-06 00:15:21,724 - elsapy.utils - INFO - Converting prism:coverDate
2021-04-06 11:24:22,824 - elsapy.elsclient - INFO - Module loaded.
2021-04-06 11:24:22,826 - elsapy.elsentity - INFO - Module loaded.
2021-04-06 11:24:22,827 - elsapy.utils - INFO - Module loaded.
2021-04-06 11:24:22,827 - elsapy.elsprofile - INFO - Module loaded.
2021-04-06 11:24:22,828 - elsapy.elsdoc - INFO - Module loaded.
2021-04-06 11:24:22,829 - elsapy.elssearch - INFO - Module loaded.
2021-04-06 11:25:03,234 - elsapy.elsclient - INFO - Sending GET request to https://api.elsevier.com/content/search/sciencedirect?query=Accounting+and+Taxation+Marketing
2021-04-06 11:25:04,180 - elsapy.utils - INFO - Converting prism:coverDate
2021-04-06 11:25:17,299 - elsapy.elsclient - INFO - Sending GET request to https://api.elsevier.com/content/search/sciencedirect?query=Business%2C+Economics+and+Management+%28general%29+Marketing
2021-04-06 11:31:03,580 - elsapy.elsclient - INFO - Module loaded.
2021-04-06 11:31:03,582 - elsapy.elsentity - INFO - Module loaded.
2021-04-06 11:31:03,583 - elsapy.utils - INFO - Module loaded.
2021-04-06 11:31:03,583 - elsapy.elsprofile - INFO - Module loaded.
2021-04-06 11:31:03,584 - elsapy.elsdoc - INFO - Module loaded.
2021-04-06 11:31:03,584 - elsapy.elssearch - INFO - Module loaded.
2021-04-06 11:55:36,164 - elsapy.elsclient - INFO - Module loaded.
2021-04-06 11:55:36,165 - elsapy.elsentity - INFO - Module loaded.
2021-04-06 11:55:36,165 - elsapy.utils - INFO - Module loaded.
2021-04-06 11:55:36,166 - elsapy.elsprofile - INFO - Module loaded.
2021-04-06 11:55:36,167 - elsapy.elsdoc - INFO - Module loaded.
2021-04-06 11:55:36,167 - elsapy.elssearch - INFO - Module loaded.
2021-04-06 11:56:24,282 - elsapy.elsclient - INFO - Module loaded.
2021-04-06 11:56:24,284 - elsapy.elsentity - INFO - Module loaded.
2021-04-06 11:56:24,284 - elsapy.utils - INFO - Module loaded.
2021-04-06 11:56:24,285 - elsapy.elsprofile - INFO - Module loaded.
2021-04-06 11:56:24,285 - elsapy.elsdoc - INFO - Module loaded.
2021-04-06 11:56:24,286 - elsapy.elssearch - INFO - Module loaded.
2021-04-06 11:58:27,800 - elsapy.elsclient - INFO - Module loaded.
2021-04-06 11:58:27,801 - elsapy.elsentity - INFO - Module loaded.
2021-04-06 11:58:27,802 - elsapy.utils - INFO - Module loaded.
2021-04-06 11:58:27,802 - elsapy.elsprofile - INFO - Module loaded.
2021-04-06 11:58:27,803 - elsapy.elsdoc - INFO - Module loaded.
2021-04-06 11:58:27,804 - elsapy.elssearch - INFO - Module loaded.
2021-04-06 12:00:28,985 - elsapy.elsclient - INFO - Module loaded.
2021-04-06 12:00:28,986 - elsapy.elsentity - INFO - Module loaded.
2021-04-06 12:00:28,987 - elsapy.utils - INFO - Module loaded.
2021-04-06 12:00:28,987 - elsapy.elsprofile - INFO - Module loaded.
2021-04-06 12:00:28,988 - elsapy.elsdoc - INFO - Module loaded.
2021-04-06 12:00:28,989 - elsapy.elssearch - INFO - Module loaded.
2021-04-06 12:01:08,208 - elsapy.elsclient - INFO - Sending GET request to https://api.elsevier.com/content/search/sciencedirect?query=data+test
2021-04-06 12:01:10,378 - elsapy.utils - INFO - Converting prism:coverDate
2021-04-06 12:01:53,154 - elsapy.elsclient - INFO - Module loaded.
2021-04-06 12:01:53,155 - elsapy.elsentity - INFO - Module loaded.
2021-04-06 12:01:53,156 - elsapy.utils - INFO - Module loaded.
2021-04-06 12:01:53,156 - elsapy.elsprofile - INFO - Module loaded.
2021-04-06 12:01:53,157 - elsapy.elsdoc - INFO - Module loaded.
2021-04-06 12:01:53,158 - elsapy.elssearch - INFO - Module loaded.
2021-04-06 12:02:41,865 - elsapy.elsclient - INFO - Module loaded.
2021-04-06 12:02:41,866 - elsapy.elsentity - INFO - Module loaded.
2021-04-06 12:02:41,867 - elsapy.utils - INFO - Module loaded.
2021-04-06 12:02:41,867 - elsapy.elsprofile - INFO - Module loaded.
2021-04-06 12:02:41,868 - elsapy.elsdoc - INFO - Module loaded.
2021-04-06 12:02:41,869 - elsapy.elssearch - INFO - Module loaded.
2021-04-06 12:07:08,587 - elsapy.elsclient - INFO - Module loaded.
2021-04-06 12:07:08,588 - elsapy.elsentity - INFO - Module loaded.
2021-04-06 12:07:08,589 - elsapy.utils - INFO - Module loaded.
2021-04-06 12:07:08,589 - elsapy.elsprofile - INFO - Module loaded.
2021-04-06 12:07:08,589 - elsapy.elsdoc - INFO - Module loaded.
2021-04-06 12:07:08,590 - elsapy.elssearch - INFO - Module loaded.
2021-04-06 12:07:22,866 - elsapy.elsclient - INFO - Module loaded.
2021-04-06 12:07:22,867 - elsapy.elsentity - INFO - Module loaded.
2021-04-06 12:07:22,867 - elsapy.utils - INFO - Module loaded.
2021-04-06 12:07:22,868 - elsapy.elsprofile - INFO - Module loaded.
2021-04-06 12:07:22,868 - elsapy.elsdoc - INFO - Module loaded.
2021-04-06 12:07:22,869 - elsapy.elssearch - INFO - Module loaded.
2021-04-06 12:07:26,266 - elsapy.elsclient - INFO - Module loaded.
2021-04-06 12:07:26,267 - elsapy.elsentity - INFO - Module loaded.
2021-04-06 12:07:26,268 - elsapy.utils - INFO - Module loaded.
2021-04-06 12:07:26,268 - elsapy.elsprofile - INFO - Module loaded.
2021-04-06 12:07:26,269 - elsapy.elsdoc - INFO - Module loaded.
2021-04-06 12:07:26,270 - elsapy.elssearch - INFO - Module loaded.
2021-04-06 12:09:05,138 - elsapy.elsclient - INFO - Module loaded.
2021-04-06 12:09:05,139 - elsapy.elsentity - INFO - Module loaded.
2021-04-06 12:09:05,140 - elsapy.utils - INFO - Module loaded.
2021-04-06 12:09:05,140 - elsapy.elsprofile - INFO - Module loaded.
2021-04-06 12:09:05,141 - elsapy.elsdoc - INFO - Module loaded.
2021-04-06 12:09:05,141 - elsapy.elssearch - INFO - Module loaded.
2021-04-06 12:09:42,852 - elsapy.elsclient - INFO - Module loaded.
2021-04-06 12:09:42,853 - elsapy.elsentity - INFO - Module loaded.
2021-04-06 12:09:42,854 - elsapy.utils - INFO - Module loaded.
2021-04-06 12:09:42,854 - elsapy.elsprofile - INFO - Module loaded.
2021-04-06 12:09:42,855 - elsapy.elsdoc - INFO - Module loaded.
2021-04-06 12:09:42,856 - elsapy.elssearch - INFO - Module loaded.
2021-04-06 12:09:47,303 - elsapy.elsclient - INFO - Module loaded.
2021-04-06 12:09:47,304 - elsapy.elsentity - INFO - Module loaded.
2021-04-06 12:09:47,305 - elsapy.utils - INFO - Module loaded.
2021-04-06 12:09:47,305 - elsapy.elsprofile - INFO - Module loaded.
2021-04-06 12:09:47,306 - elsapy.elsdoc - INFO - Module loaded.
2021-04-06 12:09:47,307 - elsapy.elssearch - INFO - Module loaded.
2021-04-06 12:10:53,567 - elsapy.elsclient - INFO - Module loaded.
2021-04-06 12:10:53,568 - elsapy.elsentity - INFO - Module loaded.
2021-04-06 12:10:53,569 - elsapy.utils - INFO - Module loaded.
2021-04-06 12:10:53,569 - elsapy.elsprofile - INFO - Module loaded.
2021-04-06 12:10:53,570 - elsapy.elsdoc - INFO - Module loaded.
2021-04-06 12:10:53,571 - elsapy.elssearch - INFO - Module loaded.
2021-04-06 12:11:55,842 - elsapy.elsclient - INFO - Module loaded.
2021-04-06 12:11:55,843 - elsapy.elsentity - INFO - Module loaded.
2021-04-06 12:11:55,844 - elsapy.utils - INFO - Module loaded.
2021-04-06 12:11:55,844 - elsapy.elsprofile - INFO - Module loaded.
2021-04-06 12:11:55,845 - elsapy.elsdoc - INFO - Module loaded.
2021-04-06 12:11:55,846 - elsapy.elssearch - INFO - Module loaded.
2021-04-06 12:12:32,893 - elsapy.elsclient - INFO - Module loaded.
2021-04-06 12:12:32,894 - elsapy.elsentity - INFO - Module loaded.
2021-04-06 12:12:32,895 - elsapy.utils - INFO - Module loaded.
2021-04-06 12:12:32,895 - elsapy.elsprofile - INFO - Module loaded.
2021-04-06 12:12:32,896 - elsapy.elsdoc - INFO - Module loaded.
2021-04-06 12:12:32,897 - elsapy.elssearch - INFO - Module loaded.
2021-04-06 12:17:10,082 - elsapy.elsclient - INFO - Module loaded.
2021-04-06 12:17:10,083 - elsapy.elsentity - INFO - Module loaded.
2021-04-06 12:17:10,084 - elsapy.utils - INFO - Module loaded.
2021-04-06 12:17:10,084 - elsapy.elsprofile - INFO - Module loaded.
2021-04-06 12:17:10,085 - elsapy.elsdoc - INFO - Module loaded.
2021-04-06 12:17:10,086 - elsapy.elssearch - INFO - Module loaded.
2021-04-06 12:17:22,220 - elsapy.elsclient - INFO - Module loaded.
2021-04-06 12:17:22,221 - elsapy.elsentity - INFO - Module loaded.
2021-04-06 12:17:22,222 - elsapy.utils - INFO - Module loaded.
2021-04-06 12:17:22,222 - elsapy.elsprofile - INFO - Module loaded.
2021-04-06 12:17:22,223 - elsapy.elsdoc - INFO - Module loaded.
2021-04-06 12:17:22,224 - elsapy.elssearch - INFO - Module loaded.
2021-04-06 12:18:10,850 - elsapy.elsclient - INFO - Module loaded.
2021-04-06 12:18:10,851 - elsapy.elsentity - INFO - Module loaded.
2021-04-06 12:18:10,852 - elsapy.utils - INFO - Module loaded.
2021-04-06 12:18:10,852 - elsapy.elsprofile - INFO - Module loaded.
2021-04-06 12:18:10,852 - elsapy.elsdoc - INFO - Module loaded.
2021-04-06 12:18:10,853 - elsapy.elssearch - INFO - Module loaded.
2021-04-06 12:19:05,154 - elsapy.elsclient - INFO - Module loaded.
2021-04-06 12:19:05,156 - elsapy.elsentity - INFO - Module loaded.
2021-04-06 12:19:05,157 - elsapy.utils - INFO - Module loaded.
2021-04-06 12:19:05,157 - elsapy.elsprofile - INFO - Module loaded.
2021-04-06 12:19:05,158 - elsapy.elsdoc - INFO - Module loaded.
2021-04-06 12:19:05,159 - elsapy.elssearch - INFO - Module loaded.
2021-04-06 12:19:24,681 - elsapy.elsclient - INFO - Module loaded.
2021-04-06 12:19:24,682 - elsapy.elsentity - INFO - Module loaded.
2021-04-06 12:19:24,683 - elsapy.utils - INFO - Module loaded.
2021-04-06 12:19:24,683 - elsapy.elsprofile - INFO - Module loaded.
2021-04-06 12:19:24,684 - elsapy.elsdoc - INFO - Module loaded.
2021-04-06 12:19:24,685 - elsapy.elssearch - INFO - Module loaded.
2021-04-06 12:20:12,631 - elsapy.elsclient - INFO - Module loaded.
2021-04-06 12:20:12,632 - elsapy.elsentity - INFO - Module loaded.
2021-04-06 12:20:12,633 - elsapy.utils - INFO - Module loaded.
2021-04-06 12:20:12,633 - elsapy.elsprofile - INFO - Module loaded.
2021-04-06 12:20:12,634 - elsapy.elsdoc - INFO - Module loaded.
2021-04-06 12:20:12,635 - elsapy.elssearch - INFO - Module loaded.
2021-04-06 12:20:39,795 - elsapy.elsclient - INFO - Module loaded.
2021-04-06 12:20:39,796 - elsapy.elsentity - INFO - Module loaded.
2021-04-06 12:20:39,796 - elsapy.utils - INFO - Module loaded.
2021-04-06 12:20:39,797 - elsapy.elsprofile - INFO - Module loaded.
2021-04-06 12:20:39,797 - elsapy.elsdoc - INFO - Module loaded.
2021-04-06 12:20:39,798 - elsapy.elssearch - INFO - Module loaded.
2021-04-06 12:21:54,488 - elsapy.elsclient - INFO - Module loaded.
2021-04-06 12:21:54,489 - elsapy.elsentity - INFO - Module loaded.
2021-04-06 12:21:54,490 - elsapy.utils - INFO - Module loaded.
2021-04-06 12:21:54,490 - elsapy.elsprofile - INFO - Module loaded.
2021-04-06 12:21:54,491 - elsapy.elsdoc - INFO - Module loaded.
2021-04-06 12:21:54,491 - elsapy.elssearch - INFO - Module loaded.
2021-04-06 12:22:04,442 - elsapy.elsclient - INFO - Module loaded.
2021-04-06 12:22:04,443 - elsapy.elsentity - INFO - Module loaded.
2021-04-06 12:22:04,444 - elsapy.utils - INFO - Module loaded.
2021-04-06 12:22:04,444 - elsapy.elsprofile - INFO - Module loaded.
2021-04-06 12:22:04,445 - elsapy.elsdoc - INFO - Module loaded.
2021-04-06 12:22:04,445 - elsapy.elssearch - INFO - Module loaded.
2021-04-06 12:22:53,635 - elsapy.elsclient - INFO - Module loaded.
2021-04-06 12:22:53,636 - elsapy.elsentity - INFO - Module loaded.
2021-04-06 12:22:53,637 - elsapy.utils - INFO - Module loaded.
2021-04-06 12:22:53,637 - elsapy.elsprofile - INFO - Module loaded.
2021-04-06 12:22:53,638 - elsapy.elsdoc - INFO - Module loaded.
2021-04-06 12:22:53,638 - elsapy.elssearch - INFO - Module loaded.
2021-04-06 12:23:57,578 - elsapy.elsclient - INFO - Module loaded.
2021-04-06 12:23:57,579 - elsapy.elsentity - INFO - Module loaded.
2021-04-06 12:23:57,580 - elsapy.utils - INFO - Module loaded.
2021-04-06 12:23:57,580 - elsapy.elsprofile - INFO - Module loaded.
2021-04-06 12:23:57,581 - elsapy.elsdoc - INFO - Module loaded.
2021-04-06 12:23:57,582 - elsapy.elssearch - INFO - Module loaded.
2021-04-06 12:24:08,638 - elsapy.elsclient - INFO - Module loaded.
2021-04-06 12:24:08,639 - elsapy.elsentity - INFO - Module loaded.
2021-04-06 12:24:08,640 - elsapy.utils - INFO - Module loaded.
2021-04-06 12:24:08,640 - elsapy.elsprofile - INFO - Module loaded.
2021-04-06 12:24:08,641 - elsapy.elsdoc - INFO - Module loaded.
2021-04-06 12:24:08,641 - elsapy.elssearch - INFO - Module loaded.
2021-04-06 12:25:16,210 - elsapy.elsclient - INFO - Module loaded.
2021-04-06 12:25:16,212 - elsapy.elsentity - INFO - Module loaded.
2021-04-06 12:25:16,212 - elsapy.utils - INFO - Module loaded.
2021-04-06 12:25:16,213 - elsapy.elsprofile - INFO - Module loaded.
2021-04-06 12:25:16,213 - elsapy.elsdoc - INFO - Module loaded.
2021-04-06 12:25:16,214 - elsapy.elssearch - INFO - Module loaded.
2021-04-06 12:25:42,021 - elsapy.elsclient - INFO - Module loaded.
2021-04-06 12:25:42,022 - elsapy.elsentity - INFO - Module loaded.
2021-04-06 12:25:42,023 - elsapy.utils - INFO - Module loaded.
2021-04-06 12:25:42,023 - elsapy.elsprofile - INFO - Module loaded.
2021-04-06 12:25:42,024 - elsapy.elsdoc - INFO - Module loaded.
2021-04-06 12:25:42,025 - elsapy.elssearch - INFO - Module loaded.
2021-04-06 12:25:50,822 - elsapy.elsclient - INFO - Module loaded.
2021-04-06 12:25:50,824 - elsapy.elsentity - INFO - Module loaded.
2021-04-06 12:25:50,824 - elsapy.utils - INFO - Module loaded.
2021-04-06 12:25:50,825 - elsapy.elsprofile - INFO - Module loaded.
2021-04-06 12:25:50,825 - elsapy.elsdoc - INFO - Module loaded.
2021-04-06 12:25:50,826 - elsapy.elssearch - INFO - Module loaded.
2021-04-06 12:26:33,125 - elsapy.elsclient - INFO - Module loaded.
2021-04-06 12:26:33,126 - elsapy.elsentity - INFO - Module loaded.
2021-04-06 12:26:33,127 - elsapy.utils - INFO - Module loaded.
2021-04-06 12:26:33,127 - elsapy.elsprofile - INFO - Module loaded.
2021-04-06 12:26:33,128 - elsapy.elsdoc - INFO - Module loaded.
2021-04-06 12:26:33,129 - elsapy.elssearch - INFO - Module loaded.
2021-04-06 12:27:10,760 - elsapy.elsclient - INFO - Module loaded.
2021-04-06 12:27:10,761 - elsapy.elsentity - INFO - Module loaded.
2021-04-06 12:27:10,762 - elsapy.utils - INFO - Module loaded.
2021-04-06 12:27:10,762 - elsapy.elsprofile - INFO - Module loaded.
2021-04-06 12:27:10,763 - elsapy.elsdoc - INFO - Module loaded.
2021-04-06 12:27:10,764 - elsapy.elssearch - INFO - Module loaded.
2021-04-06 12:27:33,720 - elsapy.elsclient - INFO - Module loaded.
2021-04-06 12:27:33,721 - elsapy.elsentity - INFO - Module loaded.
2021-04-06 12:27:33,722 - elsapy.utils - INFO - Module loaded.
2021-04-06 12:27:33,722 - elsapy.elsprofile - INFO - Module loaded.
2021-04-06 12:27:33,723 - elsapy.elsdoc - INFO - Module loaded.
2021-04-06 12:27:33,724 - elsapy.elssearch - INFO - Module loaded.
2021-04-06 12:27:48,017 - elsapy.elsclient - INFO - Module loaded.
2021-04-06 12:27:48,018 - elsapy.elsentity - INFO - Module loaded.
2021-04-06 12:27:48,019 - elsapy.utils - INFO - Module loaded.
2021-04-06 12:27:48,019 - elsapy.elsprofile - INFO - Module loaded.
2021-04-06 12:27:48,020 - elsapy.elsdoc - INFO - Module loaded.
2021-04-06 12:27:48,020 - elsapy.elssearch - INFO - Module loaded.
2021-04-06 12:28:41,313 - elsapy.elsclient - INFO - Module loaded.
2021-04-06 12:28:41,314 - elsapy.elsentity - INFO - Module loaded.
2021-04-06 12:28:41,315 - elsapy.utils - INFO - Module loaded.
2021-04-06 12:28:41,315 - elsapy.elsprofile - INFO - Module loaded.
2021-04-06 12:28:41,316 - elsapy.elsdoc - INFO - Module loaded.
2021-04-06 12:28:41,317 - elsapy.elssearch - INFO - Module loaded.
2021-04-06 12:46:33,183 - elsapy.elsclient - INFO - Sending GET request to https://api.elsevier.com/content/search/sciencedirect?query=Economic+History+International+Business
2021-04-06 12:46:34,924 - elsapy.utils - INFO - Converting prism:coverDate
2021-04-06 12:46:46,256 - elsapy.elsclient - INFO - Sending GET request to https://api.elsevier.com/content/search/sciencedirect?query=Economic+History+Emergency+Management
2021-04-06 12:46:47,954 - elsapy.utils - INFO - Converting prism:coverDate
2021-04-06 12:46:57,281 - elsapy.elsclient - INFO - Sending GET request to https://api.elsevier.com/content/search/sciencedirect?query=Economic+History+Finance
2021-04-06 12:46:59,016 - elsapy.utils - INFO - Converting prism:coverDate
2021-04-06 12:47:09,054 - elsapy.elsclient - INFO - Sending GET request to https://api.elsevier.com/content/search/sciencedirect?query=Economic+History+Economics
2021-04-06 12:47:10,047 - elsapy.utils - INFO - Converting prism:coverDate
2021-04-06 12:47:20,349 - elsapy.elsclient - INFO - Sending GET request to https://api.elsevier.com/content/search/sciencedirect?query=Economic+History+Marketing
2021-04-06 12:47:22,046 - elsapy.utils - INFO - Converting prism:coverDate
2021-04-06 12:47:32,228 - elsapy.elsclient - INFO - Sending GET request to https://api.elsevier.com/content/search/sciencedirect?query=International+Business+Emergency+Management
2021-04-06 12:47:33,127 - elsapy.utils - INFO - Converting prism:coverDate
2021-04-06 12:47:43,297 - elsapy.elsclient - INFO - Sending GET request to https://api.elsevier.com/content/search/sciencedirect?query=International+Business+Finance
2021-04-06 12:47:44,214 - elsapy.utils - INFO - Converting prism:coverDate
2021-04-06 12:47:56,169 - elsapy.elsclient - INFO - Module loaded.
2021-04-06 12:47:56,170 - elsapy.elsentity - INFO - Module loaded.
2021-04-06 12:47:56,171 - elsapy.utils - INFO - Module loaded.
2021-04-06 12:47:56,171 - elsapy.elsprofile - INFO - Module loaded.
2021-04-06 12:47:56,172 - elsapy.elsdoc - INFO - Module loaded.
2021-04-06 12:47:56,172 - elsapy.elssearch - INFO - Module loaded.
2021-04-06 12:48:14,262 - elsapy.elsclient - INFO - Sending GET request to https://api.elsevier.com/content/search/sciencedirect?query=Economic+History+International+Business
2021-04-06 12:48:16,048 - elsapy.utils - INFO - Converting prism:coverDate
2021-04-06 12:48:27,036 - elsapy.elsclient - INFO - Sending GET request to https://api.elsevier.com/content/search/sciencedirect?query=Economic+History+Emergency+Management
2021-04-06 12:48:27,914 - elsapy.utils - INFO - Converting prism:coverDate
2021-04-06 12:48:37,195 - elsapy.elsclient - INFO - Sending GET request to https://api.elsevier.com/content/search/sciencedirect?query=Economic+History+Finance
2021-04-06 12:48:38,076 - elsapy.utils - INFO - Converting prism:coverDate
2021-04-06 12:48:47,251 - elsapy.elsclient - INFO - Sending GET request to https://api.elsevier.com/content/search/sciencedirect?query=Economic+History+Economics
2021-04-06 12:48:48,839 - elsapy.utils - INFO - Converting prism:coverDate
2021-04-06 12:48:57,287 - elsapy.elsclient - INFO - Sending GET request to https://api.elsevier.com/content/search/sciencedirect?query=Economic+History+Marketing
2021-04-06 12:48:58,148 - elsapy.utils - INFO - Converting prism:coverDate
2021-04-06 12:49:08,377 - elsapy.elsclient - INFO - Sending GET request to https://api.elsevier.com/content/search/sciencedirect?query=International+Business+Emergency+Management
2021-04-06 12:49:10,008 - elsapy.utils - INFO - Converting prism:coverDate
2021-04-06 13:22:45,742 - elsapy.elsclient - INFO - Module loaded.
2021-04-06 13:22:45,743 - elsapy.elsentity - INFO - Module loaded.
2021-04-06 13:22:45,744 - elsapy.utils - INFO - Module loaded.
2021-04-06 13:22:45,744 - elsapy.elsprofile - INFO - Module loaded.
2021-04-06 13:22:45,745 - elsapy.elsdoc - INFO - Module loaded.
2021-04-06 13:22:45,745 - elsapy.elssearch - INFO - Module loaded.
2021-04-06 13:22:53,407 - elsapy.elsclient - INFO - Module loaded.
2021-04-06 13:22:53,408 - elsapy.elsentity - INFO - Module loaded.
2021-04-06 13:22:53,408 - elsapy.utils - INFO - Module loaded.
2021-04-06 13:22:53,409 - elsapy.elsprofile - INFO - Module loaded.
2021-04-06 13:22:53,409 - elsapy.elsdoc - INFO - Module loaded.
2021-04-06 13:22:53,410 - elsapy.elssearch - INFO - Module loaded.
2021-04-06 13:24:09,110 - elsapy.elsclient - INFO - Module loaded.
2021-04-06 13:24:09,111 - elsapy.elsentity - INFO - Module loaded.
2021-04-06 13:24:09,112 - elsapy.utils - INFO - Module loaded.
2021-04-06 13:24:09,112 - elsapy.elsprofile - INFO - Module loaded.
2021-04-06 13:24:09,113 - elsapy.elsdoc - INFO - Module loaded.
2021-04-06 13:24:09,114 - elsapy.elssearch - INFO - Module loaded.
2021-04-06 13:30:37,510 - elsapy.elsclient - INFO - Module loaded.
2021-04-06 13:30:37,511 - elsapy.elsentity - INFO - Module loaded.
2021-04-06 13:30:37,512 - elsapy.utils - INFO - Module loaded.
2021-04-06 13:30:37,512 - elsapy.elsprofile - INFO - Module loaded.
2021-04-06 13:30:37,513 - elsapy.elsdoc - INFO - Module loaded.
2021-04-06 13:30:37,514 - elsapy.elssearch - INFO - Module loaded.
2021-04-06 13:32:14,411 - elsapy.elsclient - INFO - Module loaded.
2021-04-06 13:32:14,412 - elsapy.elsentity - INFO - Module loaded.
2021-04-06 13:32:14,413 - elsapy.utils - INFO - Module loaded.
2021-04-06 13:32:14,413 - elsapy.elsprofile - INFO - Module loaded.
2021-04-06 13:32:14,413 - elsapy.elsdoc - INFO - Module loaded.
2021-04-06 13:32:14,414 - elsapy.elssearch - INFO - Module loaded.
2021-04-06 13:32:17,713 - elsapy.elsclient - INFO - Module loaded.
2021-04-06 13:32:17,714 - elsapy.elsentity - INFO - Module loaded.
2021-04-06 13:32:17,714 - elsapy.utils - INFO - Module loaded.
2021-04-06 13:32:17,715 - elsapy.elsprofile - INFO - Module loaded.
2021-04-06 13:32:17,715 - elsapy.elsdoc - INFO - Module loaded.
2021-04-06 13:32:17,716 - elsapy.elssearch - INFO - Module loaded.
2021-04-06 13:33:52,638 - elsapy.elsclient - INFO - Module loaded.
2021-04-06 13:33:52,640 - elsapy.elsentity - INFO - Module loaded.
2021-04-06 13:33:52,640 - elsapy.utils - INFO - Module loaded.
2021-04-06 13:33:52,640 - elsapy.elsprofile - INFO - Module loaded.
2021-04-06 13:33:52,641 - elsapy.elsdoc - INFO - Module loaded.
2021-04-06 13:33:52,642 - elsapy.elssearch - INFO - Module loaded.
2021-04-06 13:39:55,021 - elsapy.elsclient - INFO - Module loaded.
2021-04-06 13:39:55,022 - elsapy.elsentity - INFO - Module loaded.
2021-04-06 13:39:55,023 - elsapy.utils - INFO - Module loaded.
2021-04-06 13:39:55,023 - elsapy.elsprofile - INFO - Module loaded.
2021-04-06 13:39:55,024 - elsapy.elsdoc - INFO - Module loaded.
2021-04-06 13:39:55,024 - elsapy.elssearch - INFO - Module loaded.
2021-04-06 13:56:42,355 - elsapy.elsclient - INFO - Module loaded.
2021-04-06 13:56:42,356 - elsapy.elsentity - INFO - Module loaded.
2021-04-06 13:56:42,357 - elsapy.utils - INFO - Module loaded.
2021-04-06 13:56:42,357 - elsapy.elsprofile - INFO - Module loaded.
2021-04-06 13:56:42,358 - elsapy.elsdoc - INFO - Module loaded.
2021-04-06 13:56:42,358 - elsapy.elssearch - INFO - Module loaded.
2021-04-06 13:57:54,915 - elsapy.elsclient - INFO - Module loaded.
2021-04-06 13:57:54,916 - elsapy.elsentity - INFO - Module loaded.
2021-04-06 13:57:54,917 - elsapy.utils - INFO - Module loaded.
2021-04-06 13:57:54,917 - elsapy.elsprofile - INFO - Module loaded.
2021-04-06 13:57:54,918 - elsapy.elsdoc - INFO - Module loaded.
2021-04-06 13:57:54,918 - elsapy.elssearch - INFO - Module loaded.
2021-04-06 14:03:06,923 - elsapy.elsclient - INFO - Module loaded.
2021-04-06 14:03:06,924 - elsapy.elsentity - INFO - Module loaded.
2021-04-06 14:03:06,925 - elsapy.utils - INFO - Module loaded.
2021-04-06 14:03:06,925 - elsapy.elsprofile - INFO - Module loaded.
2021-04-06 14:03:06,926 - elsapy.elsdoc - INFO - Module loaded.
2021-04-06 14:03:06,926 - elsapy.elssearch - INFO - Module loaded.
2021-04-06 14:03:11,320 - elsapy.elsclient - INFO - Module loaded.
2021-04-06 14:03:11,321 - elsapy.elsentity - INFO - Module loaded.
2021-04-06 14:03:11,322 - elsapy.utils - INFO - Module loaded.
2021-04-06 14:03:11,322 - elsapy.elsprofile - INFO - Module loaded.
2021-04-06 14:03:11,323 - elsapy.elsdoc - INFO - Module loaded.
2021-04-06 14:03:11,323 - elsapy.elssearch - INFO - Module loaded.
2021-04-06 14:03:16,844 - elsapy.elsclient - INFO - Module loaded.
2021-04-06 14:03:16,845 - elsapy.elsentity - INFO - Module loaded.
2021-04-06 14:03:16,846 - elsapy.utils - INFO - Module loaded.
2021-04-06 14:03:16,846 - elsapy.elsprofile - INFO - Module loaded.
2021-04-06 14:03:16,847 - elsapy.elsdoc - INFO - Module loaded.
2021-04-06 14:03:16,847 - elsapy.elssearch - INFO - Module loaded.
2021-04-06 14:04:57,985 - elsapy.elsclient - INFO - Module loaded.
2021-04-06 14:04:57,986 - elsapy.elsentity - INFO - Module loaded.
2021-04-06 14:04:57,987 - elsapy.utils - INFO - Module loaded.
2021-04-06 14:04:57,987 - elsapy.elsprofile - INFO - Module loaded.
2021-04-06 14:04:57,988 - elsapy.elsdoc - INFO - Module loaded.
2021-04-06 14:04:57,988 - elsapy.elssearch - INFO - Module loaded.
2021-04-06 14:05:44,758 - elsapy.elsclient - INFO - Module loaded.
2021-04-06 14:05:44,760 - elsapy.elsentity - INFO - Module loaded.
2021-04-06 14:05:44,760 - elsapy.utils - INFO - Module loaded.
2021-04-06 14:05:44,761 - elsapy.elsprofile - INFO - Module loaded.
2021-04-06 14:05:44,761 - elsapy.elsdoc - INFO - Module loaded.
2021-04-06 14:05:44,762 - elsapy.elssearch - INFO - Module loaded.
2021-04-06 18:57:09,210 - elsapy.elsclient - INFO - Module loaded.
2021-04-06 18:57:09,212 - elsapy.elsentity - INFO - Module loaded.
2021-04-06 18:57:09,213 - elsapy.utils - INFO - Module loaded.
2021-04-06 18:57:09,213 - elsapy.elsprofile - INFO - Module loaded.
2021-04-06 18:57:09,214 - elsapy.elsdoc - INFO - Module loaded.
2021-04-06 18:57:09,214 - elsapy.elssearch - INFO - Module loaded.
