<<<<<<< HEAD
2021-04-01 14:04:00,012 - elsapy.elsclient - INFO - Module loaded.
2021-04-01 14:04:00,017 - elsapy.elsentity - INFO - Module loaded.
2021-04-01 14:04:00,019 - elsapy.utils - INFO - Module loaded.
2021-04-01 14:04:00,019 - elsapy.elsprofile - INFO - Module loaded.
2021-04-01 14:04:00,024 - elsapy.elsdoc - INFO - Module loaded.
2021-04-01 14:04:00,026 - elsapy.elssearch - INFO - Module loaded.
2021-04-01 14:40:35,936 - elsapy.elsclient - INFO - Module loaded.
2021-04-01 14:40:35,939 - elsapy.elsentity - INFO - Module loaded.
2021-04-01 14:40:35,940 - elsapy.utils - INFO - Module loaded.
2021-04-01 14:40:35,941 - elsapy.elsprofile - INFO - Module loaded.
2021-04-01 14:40:35,943 - elsapy.elsdoc - INFO - Module loaded.
2021-04-01 14:40:35,945 - elsapy.elssearch - INFO - Module loaded.
=======
2021-04-01 09:56:35,100 - elsapy.elsclient - INFO - Module loaded.
2021-04-01 09:56:35,102 - elsapy.elsentity - INFO - Module loaded.
2021-04-01 09:56:35,103 - elsapy.utils - INFO - Module loaded.
2021-04-01 09:56:35,103 - elsapy.elsprofile - INFO - Module loaded.
2021-04-01 09:56:35,104 - elsapy.elsdoc - INFO - Module loaded.
2021-04-01 09:56:35,105 - elsapy.elssearch - INFO - Module loaded.
2021-04-01 09:57:55,666 - elsapy.elsclient - INFO - Module loaded.
2021-04-01 09:57:55,667 - elsapy.elsentity - INFO - Module loaded.
2021-04-01 09:57:55,668 - elsapy.utils - INFO - Module loaded.
2021-04-01 09:57:55,669 - elsapy.elsprofile - INFO - Module loaded.
2021-04-01 09:57:55,670 - elsapy.elsdoc - INFO - Module loaded.
2021-04-01 09:57:55,670 - elsapy.elssearch - INFO - Module loaded.
2021-04-01 15:43:05,074 - elsapy.elsclient - INFO - Module loaded.
2021-04-01 15:43:05,075 - elsapy.elsentity - INFO - Module loaded.
2021-04-01 15:43:05,076 - elsapy.utils - INFO - Module loaded.
2021-04-01 15:43:05,076 - elsapy.elsprofile - INFO - Module loaded.
2021-04-01 15:43:05,078 - elsapy.elsdoc - INFO - Module loaded.
2021-04-01 15:43:05,078 - elsapy.elssearch - INFO - Module loaded.
2021-04-01 15:48:59,323 - elsapy.elsclient - INFO - Module loaded.
2021-04-01 15:48:59,324 - elsapy.elsentity - INFO - Module loaded.
2021-04-01 15:48:59,324 - elsapy.utils - INFO - Module loaded.
2021-04-01 15:48:59,325 - elsapy.elsprofile - INFO - Module loaded.
2021-04-01 15:48:59,325 - elsapy.elsdoc - INFO - Module loaded.
2021-04-01 15:48:59,326 - elsapy.elssearch - INFO - Module loaded.
2021-04-01 15:49:27,577 - elsapy.elsclient - INFO - Module loaded.
2021-04-01 15:49:27,578 - elsapy.elsentity - INFO - Module loaded.
2021-04-01 15:49:27,579 - elsapy.utils - INFO - Module loaded.
2021-04-01 15:49:27,579 - elsapy.elsprofile - INFO - Module loaded.
2021-04-01 15:49:27,580 - elsapy.elsdoc - INFO - Module loaded.
2021-04-01 15:49:27,580 - elsapy.elssearch - INFO - Module loaded.
2021-04-01 15:51:47,548 - elsapy.elsclient - INFO - Module loaded.
2021-04-01 15:51:47,549 - elsapy.elsentity - INFO - Module loaded.
2021-04-01 15:51:47,550 - elsapy.utils - INFO - Module loaded.
2021-04-01 15:51:47,550 - elsapy.elsprofile - INFO - Module loaded.
2021-04-01 15:51:47,551 - elsapy.elsdoc - INFO - Module loaded.
2021-04-01 15:51:47,552 - elsapy.elssearch - INFO - Module loaded.
2021-04-01 15:52:22,620 - elsapy.elsclient - INFO - Module loaded.
2021-04-01 15:52:22,621 - elsapy.elsentity - INFO - Module loaded.
2021-04-01 15:52:22,622 - elsapy.utils - INFO - Module loaded.
2021-04-01 15:52:22,622 - elsapy.elsprofile - INFO - Module loaded.
2021-04-01 15:52:22,623 - elsapy.elsdoc - INFO - Module loaded.
2021-04-01 15:52:22,624 - elsapy.elssearch - INFO - Module loaded.
2021-04-01 15:53:09,565 - elsapy.elsclient - INFO - Module loaded.
2021-04-01 15:53:09,566 - elsapy.elsentity - INFO - Module loaded.
2021-04-01 15:53:09,566 - elsapy.utils - INFO - Module loaded.
2021-04-01 15:53:09,567 - elsapy.elsprofile - INFO - Module loaded.
2021-04-01 15:53:09,567 - elsapy.elsdoc - INFO - Module loaded.
2021-04-01 15:53:09,568 - elsapy.elssearch - INFO - Module loaded.
2021-04-01 15:53:13,949 - elsapy.elsclient - INFO - Module loaded.
2021-04-01 15:53:13,950 - elsapy.elsentity - INFO - Module loaded.
2021-04-01 15:53:13,951 - elsapy.utils - INFO - Module loaded.
2021-04-01 15:53:13,951 - elsapy.elsprofile - INFO - Module loaded.
2021-04-01 15:53:13,952 - elsapy.elsdoc - INFO - Module loaded.
2021-04-01 15:53:13,953 - elsapy.elssearch - INFO - Module loaded.
2021-04-01 15:53:40,442 - elsapy.elsclient - INFO - Module loaded.
2021-04-01 15:53:40,443 - elsapy.elsentity - INFO - Module loaded.
2021-04-01 15:53:40,444 - elsapy.utils - INFO - Module loaded.
2021-04-01 15:53:40,444 - elsapy.elsprofile - INFO - Module loaded.
2021-04-01 15:53:40,445 - elsapy.elsdoc - INFO - Module loaded.
2021-04-01 15:53:40,446 - elsapy.elssearch - INFO - Module loaded.
2021-04-01 15:53:57,547 - elsapy.elsclient - INFO - Module loaded.
2021-04-01 15:53:57,548 - elsapy.elsentity - INFO - Module loaded.
2021-04-01 15:53:57,549 - elsapy.utils - INFO - Module loaded.
2021-04-01 15:53:57,549 - elsapy.elsprofile - INFO - Module loaded.
2021-04-01 15:53:57,550 - elsapy.elsdoc - INFO - Module loaded.
2021-04-01 15:53:57,550 - elsapy.elssearch - INFO - Module loaded.
2021-04-01 15:54:36,745 - elsapy.elsclient - INFO - Module loaded.
2021-04-01 15:54:36,746 - elsapy.elsentity - INFO - Module loaded.
2021-04-01 15:54:36,747 - elsapy.utils - INFO - Module loaded.
2021-04-01 15:54:36,747 - elsapy.elsprofile - INFO - Module loaded.
2021-04-01 15:54:36,748 - elsapy.elsdoc - INFO - Module loaded.
2021-04-01 15:54:36,749 - elsapy.elssearch - INFO - Module loaded.
2021-04-01 20:23:20,479 - elsapy.elsclient - INFO - Module loaded.
2021-04-01 20:23:20,480 - elsapy.elsentity - INFO - Module loaded.
2021-04-01 20:23:20,481 - elsapy.utils - INFO - Module loaded.
2021-04-01 20:23:20,481 - elsapy.elsprofile - INFO - Module loaded.
2021-04-01 20:23:20,482 - elsapy.elsdoc - INFO - Module loaded.
2021-04-01 20:23:20,483 - elsapy.elssearch - INFO - Module loaded.
2021-04-01 20:31:47,328 - elsapy.elsclient - INFO - Module loaded.
2021-04-01 20:31:47,329 - elsapy.elsentity - INFO - Module loaded.
2021-04-01 20:31:47,330 - elsapy.utils - INFO - Module loaded.
2021-04-01 20:31:47,330 - elsapy.elsprofile - INFO - Module loaded.
2021-04-01 20:31:47,331 - elsapy.elsdoc - INFO - Module loaded.
2021-04-01 20:31:47,332 - elsapy.elssearch - INFO - Module loaded.
>>>>>>> cd6e8501cc6392e028cf4dd6c3f71094705bd753
