2021-04-17 10:40:00,193 - elsapy.elsclient - INFO - Module loaded.
2021-04-17 10:40:00,196 - elsapy.elsentity - INFO - Module loaded.
2021-04-17 10:40:00,198 - elsapy.utils - INFO - Module loaded.
2021-04-17 10:40:00,198 - elsapy.elsprofile - INFO - Module loaded.
2021-04-17 10:40:00,202 - elsapy.elsdoc - INFO - Module loaded.
2021-04-17 10:40:00,203 - elsapy.elssearch - INFO - Module loaded.
2021-04-17 10:41:46,037 - elsapy.elsclient - INFO - Module loaded.
2021-04-17 10:41:46,038 - elsapy.elsentity - INFO - Module loaded.
2021-04-17 10:41:46,039 - elsapy.utils - INFO - Module loaded.
2021-04-17 10:41:46,044 - elsapy.elsprofile - INFO - Module loaded.
2021-04-17 10:41:46,045 - elsapy.elsdoc - INFO - Module loaded.
2021-04-17 10:41:46,046 - elsapy.elssearch - INFO - Module loaded.
2021-04-17 10:45:39,379 - elsapy.elsclient - INFO - Module loaded.
2021-04-17 10:45:39,380 - elsapy.elsentity - INFO - Module loaded.
2021-04-17 10:45:39,381 - elsapy.utils - INFO - Module loaded.
2021-04-17 10:45:39,381 - elsapy.elsprofile - INFO - Module loaded.
2021-04-17 10:45:39,383 - elsapy.elsdoc - INFO - Module loaded.
2021-04-17 10:45:39,383 - elsapy.elssearch - INFO - Module loaded.
2021-04-17 10:46:39,444 - elsapy.elsclient - INFO - Module loaded.
2021-04-17 10:46:39,445 - elsapy.elsentity - INFO - Module loaded.
2021-04-17 10:46:39,446 - elsapy.utils - INFO - Module loaded.
2021-04-17 10:46:39,447 - elsapy.elsprofile - INFO - Module loaded.
2021-04-17 10:46:39,448 - elsapy.elsdoc - INFO - Module loaded.
2021-04-17 10:46:39,449 - elsapy.elssearch - INFO - Module loaded.
2021-04-17 10:50:39,172 - elsapy.elsclient - INFO - Module loaded.
2021-04-17 10:50:39,174 - elsapy.elsentity - INFO - Module loaded.
2021-04-17 10:50:39,175 - elsapy.utils - INFO - Module loaded.
2021-04-17 10:50:39,175 - elsapy.elsprofile - INFO - Module loaded.
2021-04-17 10:50:39,177 - elsapy.elsdoc - INFO - Module loaded.
2021-04-17 10:50:39,178 - elsapy.elssearch - INFO - Module loaded.
2021-04-17 10:52:34,457 - elsapy.elsclient - INFO - Module loaded.
2021-04-17 10:52:34,459 - elsapy.elsentity - INFO - Module loaded.
2021-04-17 10:52:34,460 - elsapy.utils - INFO - Module loaded.
2021-04-17 10:52:34,460 - elsapy.elsprofile - INFO - Module loaded.
2021-04-17 10:52:34,462 - elsapy.elsdoc - INFO - Module loaded.
2021-04-17 10:52:34,463 - elsapy.elssearch - INFO - Module loaded.
2021-04-17 11:03:00,291 - elsapy.elsclient - INFO - Module loaded.
2021-04-17 11:03:00,293 - elsapy.elsentity - INFO - Module loaded.
2021-04-17 11:03:00,294 - elsapy.utils - INFO - Module loaded.
2021-04-17 11:03:00,295 - elsapy.elsprofile - INFO - Module loaded.
2021-04-17 11:03:00,296 - elsapy.elsdoc - INFO - Module loaded.
2021-04-17 11:03:00,297 - elsapy.elssearch - INFO - Module loaded.
2021-04-17 11:09:00,252 - elsapy.elsclient - INFO - Module loaded.
2021-04-17 11:09:00,254 - elsapy.elsentity - INFO - Module loaded.
2021-04-17 11:09:00,255 - elsapy.utils - INFO - Module loaded.
2021-04-17 11:09:00,255 - elsapy.elsprofile - INFO - Module loaded.
2021-04-17 11:09:00,257 - elsapy.elsdoc - INFO - Module loaded.
2021-04-17 11:09:00,258 - elsapy.elssearch - INFO - Module loaded.
2021-04-17 11:09:52,691 - elsapy.elsclient - INFO - Module loaded.
2021-04-17 11:09:52,693 - elsapy.elsentity - INFO - Module loaded.
2021-04-17 11:09:52,694 - elsapy.utils - INFO - Module loaded.
2021-04-17 11:09:52,694 - elsapy.elsprofile - INFO - Module loaded.
2021-04-17 11:09:52,695 - elsapy.elsdoc - INFO - Module loaded.
2021-04-17 11:09:52,696 - elsapy.elssearch - INFO - Module loaded.
2021-04-17 11:10:17,333 - elsapy.elsclient - INFO - Module loaded.
2021-04-17 11:10:17,335 - elsapy.elsentity - INFO - Module loaded.
2021-04-17 11:10:17,336 - elsapy.utils - INFO - Module loaded.
2021-04-17 11:10:17,336 - elsapy.elsprofile - INFO - Module loaded.
2021-04-17 11:10:17,337 - elsapy.elsdoc - INFO - Module loaded.
2021-04-17 11:10:17,339 - elsapy.elssearch - INFO - Module loaded.
2021-04-17 11:14:59,148 - elsapy.elsclient - INFO - Module loaded.
2021-04-17 11:14:59,149 - elsapy.elsentity - INFO - Module loaded.
2021-04-17 11:14:59,150 - elsapy.utils - INFO - Module loaded.
2021-04-17 11:14:59,150 - elsapy.elsprofile - INFO - Module loaded.
2021-04-17 11:14:59,151 - elsapy.elsdoc - INFO - Module loaded.
2021-04-17 11:14:59,152 - elsapy.elssearch - INFO - Module loaded.
2021-04-17 11:16:22,780 - elsapy.elsclient - INFO - Module loaded.
2021-04-17 11:16:22,782 - elsapy.elsentity - INFO - Module loaded.
2021-04-17 11:16:22,783 - elsapy.utils - INFO - Module loaded.
2021-04-17 11:16:22,784 - elsapy.elsprofile - INFO - Module loaded.
2021-04-17 11:16:22,787 - elsapy.elsdoc - INFO - Module loaded.
2021-04-17 11:16:22,788 - elsapy.elssearch - INFO - Module loaded.
2021-04-17 11:17:35,517 - elsapy.elsclient - INFO - Module loaded.
2021-04-17 11:17:35,518 - elsapy.elsentity - INFO - Module loaded.
2021-04-17 11:17:35,519 - elsapy.utils - INFO - Module loaded.
2021-04-17 11:17:35,519 - elsapy.elsprofile - INFO - Module loaded.
2021-04-17 11:17:35,521 - elsapy.elsdoc - INFO - Module loaded.
2021-04-17 11:17:35,522 - elsapy.elssearch - INFO - Module loaded.
2021-04-17 11:23:30,123 - elsapy.elsclient - INFO - Module loaded.
2021-04-17 11:23:30,124 - elsapy.elsentity - INFO - Module loaded.
2021-04-17 11:23:30,125 - elsapy.utils - INFO - Module loaded.
2021-04-17 11:23:30,126 - elsapy.elsprofile - INFO - Module loaded.
2021-04-17 11:23:30,127 - elsapy.elsdoc - INFO - Module loaded.
2021-04-17 11:23:30,128 - elsapy.elssearch - INFO - Module loaded.
2021-04-17 11:31:03,317 - elsapy.elsclient - INFO - Module loaded.
2021-04-17 11:31:03,319 - elsapy.elsentity - INFO - Module loaded.
2021-04-17 11:31:03,320 - elsapy.utils - INFO - Module loaded.
2021-04-17 11:31:03,321 - elsapy.elsprofile - INFO - Module loaded.
2021-04-17 11:31:03,322 - elsapy.elsdoc - INFO - Module loaded.
2021-04-17 11:31:03,323 - elsapy.elssearch - INFO - Module loaded.
2021-04-17 11:36:26,755 - elsapy.elsclient - INFO - Module loaded.
2021-04-17 11:36:26,756 - elsapy.elsentity - INFO - Module loaded.
2021-04-17 11:36:26,757 - elsapy.utils - INFO - Module loaded.
2021-04-17 11:36:26,758 - elsapy.elsprofile - INFO - Module loaded.
2021-04-17 11:36:26,760 - elsapy.elsdoc - INFO - Module loaded.
2021-04-17 11:36:26,762 - elsapy.elssearch - INFO - Module loaded.
2021-04-17 11:44:45,705 - elsapy.elsclient - INFO - Module loaded.
2021-04-17 11:44:45,708 - elsapy.elsentity - INFO - Module loaded.
2021-04-17 11:44:45,709 - elsapy.utils - INFO - Module loaded.
2021-04-17 11:44:45,709 - elsapy.elsprofile - INFO - Module loaded.
2021-04-17 11:44:45,711 - elsapy.elsdoc - INFO - Module loaded.
2021-04-17 11:44:45,712 - elsapy.elssearch - INFO - Module loaded.
2021-04-17 11:47:07,355 - elsapy.elsclient - INFO - Module loaded.
2021-04-17 11:47:07,356 - elsapy.elsentity - INFO - Module loaded.
2021-04-17 11:47:07,357 - elsapy.utils - INFO - Module loaded.
2021-04-17 11:47:07,358 - elsapy.elsprofile - INFO - Module loaded.
2021-04-17 11:47:07,359 - elsapy.elsdoc - INFO - Module loaded.
2021-04-17 11:47:07,360 - elsapy.elssearch - INFO - Module loaded.
2021-04-17 11:48:23,904 - elsapy.elsclient - INFO - Module loaded.
2021-04-17 11:48:23,906 - elsapy.elsentity - INFO - Module loaded.
2021-04-17 11:48:23,907 - elsapy.utils - INFO - Module loaded.
2021-04-17 11:48:23,907 - elsapy.elsprofile - INFO - Module loaded.
2021-04-17 11:48:23,909 - elsapy.elsdoc - INFO - Module loaded.
2021-04-17 11:48:23,910 - elsapy.elssearch - INFO - Module loaded.
2021-04-17 11:49:07,195 - elsapy.elsclient - INFO - Module loaded.
2021-04-17 11:49:07,195 - elsapy.elsentity - INFO - Module loaded.
2021-04-17 11:49:07,196 - elsapy.utils - INFO - Module loaded.
2021-04-17 11:49:07,197 - elsapy.elsprofile - INFO - Module loaded.
2021-04-17 11:49:07,199 - elsapy.elsdoc - INFO - Module loaded.
2021-04-17 11:49:07,200 - elsapy.elssearch - INFO - Module loaded.
2021-04-17 11:50:01,850 - elsapy.elsclient - INFO - Module loaded.
2021-04-17 11:50:01,851 - elsapy.elsentity - INFO - Module loaded.
2021-04-17 11:50:01,852 - elsapy.utils - INFO - Module loaded.
2021-04-17 11:50:01,853 - elsapy.elsprofile - INFO - Module loaded.
2021-04-17 11:50:01,853 - elsapy.elsdoc - INFO - Module loaded.
2021-04-17 11:50:01,854 - elsapy.elssearch - INFO - Module loaded.
2021-04-17 11:50:20,915 - elsapy.elsclient - INFO - Module loaded.
2021-04-17 11:50:20,917 - elsapy.elsentity - INFO - Module loaded.
2021-04-17 11:50:20,918 - elsapy.utils - INFO - Module loaded.
2021-04-17 11:50:20,918 - elsapy.elsprofile - INFO - Module loaded.
2021-04-17 11:50:20,920 - elsapy.elsdoc - INFO - Module loaded.
2021-04-17 11:50:20,921 - elsapy.elssearch - INFO - Module loaded.
2021-04-17 11:50:46,823 - elsapy.elsclient - INFO - Module loaded.
2021-04-17 11:50:46,825 - elsapy.elsentity - INFO - Module loaded.
2021-04-17 11:50:46,826 - elsapy.utils - INFO - Module loaded.
2021-04-17 11:50:46,826 - elsapy.elsprofile - INFO - Module loaded.
2021-04-17 11:50:46,828 - elsapy.elsdoc - INFO - Module loaded.
2021-04-17 11:50:46,829 - elsapy.elssearch - INFO - Module loaded.
2021-04-17 11:51:57,089 - elsapy.elsclient - INFO - Module loaded.
2021-04-17 11:51:57,099 - elsapy.elsentity - INFO - Module loaded.
2021-04-17 11:51:57,102 - elsapy.utils - INFO - Module loaded.
2021-04-17 11:51:57,103 - elsapy.elsprofile - INFO - Module loaded.
2021-04-17 11:51:57,106 - elsapy.elsdoc - INFO - Module loaded.
2021-04-17 11:51:57,108 - elsapy.elssearch - INFO - Module loaded.
2021-04-17 11:52:23,087 - elsapy.elsclient - INFO - Module loaded.
2021-04-17 11:52:23,088 - elsapy.elsentity - INFO - Module loaded.
2021-04-17 11:52:23,089 - elsapy.utils - INFO - Module loaded.
2021-04-17 11:52:23,090 - elsapy.elsprofile - INFO - Module loaded.
2021-04-17 11:52:23,090 - elsapy.elsdoc - INFO - Module loaded.
2021-04-17 11:52:23,092 - elsapy.elssearch - INFO - Module loaded.
