2021-04-16 23:08:49,234 - elsapy.elsclient - INFO - Module loaded.
2021-04-16 23:08:49,237 - elsapy.elsentity - INFO - Module loaded.
2021-04-16 23:08:49,238 - elsapy.utils - INFO - Module loaded.
2021-04-16 23:08:49,238 - elsapy.elsprofile - INFO - Module loaded.
2021-04-16 23:08:49,241 - elsapy.elsdoc - INFO - Module loaded.
2021-04-16 23:08:49,243 - elsapy.elssearch - INFO - Module loaded.
2021-04-16 23:08:59,885 - elsapy.elsclient - INFO - Module loaded.
2021-04-16 23:08:59,887 - elsapy.elsentity - INFO - Module loaded.
2021-04-16 23:08:59,889 - elsapy.utils - INFO - Module loaded.
2021-04-16 23:08:59,898 - elsapy.elsprofile - INFO - Module loaded.
2021-04-16 23:08:59,899 - elsapy.elsdoc - INFO - Module loaded.
2021-04-16 23:08:59,900 - elsapy.elssearch - INFO - Module loaded.
2021-04-16 23:09:04,087 - elsapy.elsclient - INFO - Sending GET request to https://api.elsevier.com/content/search/sciencedirect?query=Educational+Administration+%2B+Entrepreneurship+and+Innovation
2021-04-16 23:09:05,240 - elsapy.utils - INFO - Converting prism:coverDate
2021-04-16 23:09:53,306 - elsapy.elsclient - INFO - Module loaded.
2021-04-16 23:09:53,308 - elsapy.elsentity - INFO - Module loaded.
2021-04-16 23:09:53,309 - elsapy.utils - INFO - Module loaded.
2021-04-16 23:09:53,309 - elsapy.elsprofile - INFO - Module loaded.
2021-04-16 23:09:53,311 - elsapy.elsdoc - INFO - Module loaded.
2021-04-16 23:09:53,312 - elsapy.elssearch - INFO - Module loaded.
2021-04-16 23:11:09,595 - elsapy.elsclient - INFO - Module loaded.
2021-04-16 23:11:09,596 - elsapy.elsentity - INFO - Module loaded.
2021-04-16 23:11:09,597 - elsapy.utils - INFO - Module loaded.
2021-04-16 23:11:09,597 - elsapy.elsprofile - INFO - Module loaded.
2021-04-16 23:11:09,599 - elsapy.elsdoc - INFO - Module loaded.
2021-04-16 23:11:09,600 - elsapy.elssearch - INFO - Module loaded.
2021-04-16 23:11:22,845 - elsapy.elsclient - INFO - Module loaded.
2021-04-16 23:11:22,848 - elsapy.elsentity - INFO - Module loaded.
2021-04-16 23:11:22,849 - elsapy.utils - INFO - Module loaded.
2021-04-16 23:11:22,850 - elsapy.elsprofile - INFO - Module loaded.
2021-04-16 23:11:22,851 - elsapy.elsdoc - INFO - Module loaded.
2021-04-16 23:11:22,852 - elsapy.elssearch - INFO - Module loaded.
2021-04-16 23:11:24,340 - elsapy.elsclient - INFO - Sending GET request to https://api.elsevier.com/content/search/sciencedirect?query=Educational+Administration+%2B+Entrepreneurship+and+Innovation
2021-04-16 23:11:25,177 - elsapy.utils - INFO - Converting prism:coverDate
2021-04-16 23:12:43,487 - elsapy.elsclient - INFO - Module loaded.
2021-04-16 23:12:43,488 - elsapy.elsentity - INFO - Module loaded.
2021-04-16 23:12:43,489 - elsapy.utils - INFO - Module loaded.
2021-04-16 23:12:43,489 - elsapy.elsprofile - INFO - Module loaded.
2021-04-16 23:12:43,491 - elsapy.elsdoc - INFO - Module loaded.
2021-04-16 23:12:43,493 - elsapy.elssearch - INFO - Module loaded.
2021-04-16 23:12:44,849 - elsapy.elsclient - INFO - Sending GET request to https://api.elsevier.com/content/search/sciencedirect?query=Educational+Administration+%2B+Entrepreneurship+and+Innovation
2021-04-16 23:12:45,854 - elsapy.utils - INFO - Converting prism:coverDate
2021-04-16 23:13:43,000 - elsapy.elsclient - INFO - Module loaded.
2021-04-16 23:13:43,002 - elsapy.elsentity - INFO - Module loaded.
2021-04-16 23:13:43,003 - elsapy.utils - INFO - Module loaded.
2021-04-16 23:13:43,004 - elsapy.elsprofile - INFO - Module loaded.
2021-04-16 23:13:43,005 - elsapy.elsdoc - INFO - Module loaded.
2021-04-16 23:13:43,006 - elsapy.elssearch - INFO - Module loaded.
2021-04-16 23:13:44,247 - elsapy.elsclient - INFO - Sending GET request to https://api.elsevier.com/content/search/sciencedirect?query=Educational+Administration+%2B+Entrepreneurship+and+Innovation
2021-04-16 23:13:45,140 - elsapy.utils - INFO - Converting prism:coverDate
2021-04-16 23:14:13,061 - elsapy.elsclient - INFO - Module loaded.
2021-04-16 23:14:13,062 - elsapy.elsentity - INFO - Module loaded.
2021-04-16 23:14:13,063 - elsapy.utils - INFO - Module loaded.
2021-04-16 23:14:13,063 - elsapy.elsprofile - INFO - Module loaded.
2021-04-16 23:14:13,065 - elsapy.elsdoc - INFO - Module loaded.
2021-04-16 23:14:13,066 - elsapy.elssearch - INFO - Module loaded.
2021-04-16 23:14:20,872 - elsapy.elsclient - INFO - Module loaded.
2021-04-16 23:14:20,874 - elsapy.elsentity - INFO - Module loaded.
2021-04-16 23:14:20,875 - elsapy.utils - INFO - Module loaded.
2021-04-16 23:14:20,875 - elsapy.elsprofile - INFO - Module loaded.
2021-04-16 23:14:20,877 - elsapy.elsdoc - INFO - Module loaded.
2021-04-16 23:14:20,879 - elsapy.elssearch - INFO - Module loaded.
2021-04-16 23:14:22,177 - elsapy.elsclient - INFO - Sending GET request to https://api.elsevier.com/content/search/sciencedirect?query=Educational+Administration+%2B+Entrepreneurship+and+Innovation
2021-04-16 23:14:23,029 - elsapy.utils - INFO - Converting prism:coverDate
2021-04-16 23:14:52,368 - elsapy.elsclient - INFO - Module loaded.
2021-04-16 23:14:52,370 - elsapy.elsentity - INFO - Module loaded.
2021-04-16 23:14:52,371 - elsapy.utils - INFO - Module loaded.
2021-04-16 23:14:52,372 - elsapy.elsprofile - INFO - Module loaded.
2021-04-16 23:14:52,374 - elsapy.elsdoc - INFO - Module loaded.
2021-04-16 23:14:52,375 - elsapy.elssearch - INFO - Module loaded.
2021-04-16 23:15:27,544 - elsapy.elsclient - INFO - Sending GET request to https://api.elsevier.com/content/search/sciencedirect?query=Educational+Administration+%2B+Entrepreneurship+and+Innovation
2021-04-16 23:15:28,385 - elsapy.utils - INFO - Converting prism:coverDate
2021-04-16 23:15:55,336 - elsapy.elsclient - INFO - Module loaded.
2021-04-16 23:15:55,338 - elsapy.elsentity - INFO - Module loaded.
2021-04-16 23:15:55,339 - elsapy.utils - INFO - Module loaded.
2021-04-16 23:15:55,339 - elsapy.elsprofile - INFO - Module loaded.
2021-04-16 23:15:55,341 - elsapy.elsdoc - INFO - Module loaded.
2021-04-16 23:15:55,342 - elsapy.elssearch - INFO - Module loaded.
2021-04-16 23:15:56,741 - elsapy.elsclient - INFO - Sending GET request to https://api.elsevier.com/content/search/sciencedirect?query=Educational+Administration+%2B+Entrepreneurship+and+Innovation
2021-04-16 23:15:57,526 - elsapy.utils - INFO - Converting prism:coverDate
2021-04-16 23:16:50,879 - elsapy.elsclient - INFO - Module loaded.
2021-04-16 23:16:50,882 - elsapy.elsentity - INFO - Module loaded.
2021-04-16 23:16:50,883 - elsapy.utils - INFO - Module loaded.
2021-04-16 23:16:50,884 - elsapy.elsprofile - INFO - Module loaded.
2021-04-16 23:16:50,886 - elsapy.elsdoc - INFO - Module loaded.
2021-04-16 23:16:50,888 - elsapy.elssearch - INFO - Module loaded.
2021-04-16 23:16:52,305 - elsapy.elsclient - INFO - Sending GET request to https://api.elsevier.com/content/search/sciencedirect?query=Educational+Administration+%2B+Entrepreneurship+and+Innovation
2021-04-16 23:16:53,117 - elsapy.utils - INFO - Converting prism:coverDate
2021-04-16 23:17:32,584 - elsapy.elsclient - INFO - Module loaded.
2021-04-16 23:17:32,585 - elsapy.elsentity - INFO - Module loaded.
2021-04-16 23:17:32,586 - elsapy.utils - INFO - Module loaded.
2021-04-16 23:17:32,587 - elsapy.elsprofile - INFO - Module loaded.
2021-04-16 23:17:32,589 - elsapy.elsdoc - INFO - Module loaded.
2021-04-16 23:17:32,590 - elsapy.elssearch - INFO - Module loaded.
2021-04-16 23:17:34,006 - elsapy.elsclient - INFO - Sending GET request to https://api.elsevier.com/content/search/sciencedirect?query=Educational+Administration+%2B+Entrepreneurship+and+Innovation
2021-04-16 23:17:34,821 - elsapy.utils - INFO - Converting prism:coverDate
2021-04-16 23:19:18,993 - elsapy.elsclient - INFO - Module loaded.
2021-04-16 23:19:18,995 - elsapy.elsentity - INFO - Module loaded.
2021-04-16 23:19:18,996 - elsapy.utils - INFO - Module loaded.
2021-04-16 23:19:18,996 - elsapy.elsprofile - INFO - Module loaded.
2021-04-16 23:19:18,998 - elsapy.elsdoc - INFO - Module loaded.
2021-04-16 23:19:18,998 - elsapy.elssearch - INFO - Module loaded.
2021-04-16 23:19:20,368 - elsapy.elsclient - INFO - Sending GET request to https://api.elsevier.com/content/search/sciencedirect?query=Educational+Administration+%2B+Entrepreneurship+and+Innovation
2021-04-16 23:19:21,563 - elsapy.utils - INFO - Converting prism:coverDate
2021-04-16 23:20:16,147 - elsapy.elsclient - INFO - Module loaded.
2021-04-16 23:20:16,149 - elsapy.elsentity - INFO - Module loaded.
2021-04-16 23:20:16,150 - elsapy.utils - INFO - Module loaded.
2021-04-16 23:20:16,150 - elsapy.elsprofile - INFO - Module loaded.
2021-04-16 23:20:16,151 - elsapy.elsdoc - INFO - Module loaded.
2021-04-16 23:20:16,153 - elsapy.elssearch - INFO - Module loaded.
2021-04-16 23:22:26,032 - elsapy.elsclient - INFO - Sending GET request to https://api.elsevier.com/content/search/sciencedirect?query=Educational+Administration+%2B+Entrepreneurship+and+Innovation
2021-04-16 23:22:27,056 - elsapy.utils - INFO - Converting prism:coverDate
2021-04-16 23:25:10,746 - elsapy.elsclient - INFO - Sending GET request to https://api.elsevier.com/content/search/sciencedirect?query=Educational+Administration+%2B+Entrepreneurship+and+Innovation
2021-04-16 23:25:11,823 - elsapy.utils - INFO - Converting prism:coverDate
2021-04-16 23:26:25,060 - elsapy.elsclient - INFO - Sending GET request to https://api.elsevier.com/content/search/sciencedirect?query=Educational+Administration+%2B+Entrepreneurship+and+Innovation
2021-04-16 23:26:25,847 - elsapy.utils - INFO - Converting prism:coverDate
2021-04-16 23:26:35,606 - elsapy.elsclient - INFO - Sending GET request to https://api.elsevier.com/content/search/sciencedirect?query=Educational+Administration+%2B+Entrepreneurship+and+Innovation
2021-04-16 23:26:36,465 - elsapy.utils - INFO - Converting prism:coverDate
2021-04-16 23:26:45,971 - elsapy.elsclient - INFO - Sending GET request to https://api.elsevier.com/content/search/sciencedirect?query=Educational+Administration+%2B+Entrepreneurship+and+Innovation
2021-04-16 23:26:46,785 - elsapy.utils - INFO - Converting prism:coverDate
2021-04-16 23:27:53,604 - elsapy.elsclient - INFO - Sending GET request to https://api.elsevier.com/content/search/sciencedirect?query=Educational+Administration+%2B+Entrepreneurship+and+Innovation
2021-04-16 23:27:54,454 - elsapy.utils - INFO - Converting prism:coverDate
2021-04-16 23:28:38,231 - elsapy.elsclient - INFO - Sending GET request to https://api.elsevier.com/content/search/sciencedirect?query=Educational+Administration+%2B+Entrepreneurship+and+Innovation
2021-04-16 23:28:38,994 - elsapy.utils - INFO - Converting prism:coverDate
2021-04-16 23:28:56,802 - elsapy.elsclient - INFO - Sending GET request to https://api.elsevier.com/content/search/sciencedirect?query=Educational+Administration+%2B+Entrepreneurship+and+Innovation
2021-04-16 23:28:57,594 - elsapy.utils - INFO - Converting prism:coverDate
2021-04-16 23:29:50,275 - elsapy.elsclient - INFO - Sending GET request to https://api.elsevier.com/content/search/sciencedirect?query=Educational+Administration+%2B+Entrepreneurship+and+Innovation
2021-04-16 23:29:51,066 - elsapy.utils - INFO - Converting prism:coverDate
2021-04-16 23:30:18,017 - elsapy.elsclient - INFO - Sending GET request to https://api.elsevier.com/content/search/sciencedirect?query=Educational+Administration+%2B+Entrepreneurship+and+Innovation
2021-04-16 23:30:18,926 - elsapy.utils - INFO - Converting prism:coverDate
2021-04-16 23:31:38,666 - elsapy.elsclient - INFO - Sending GET request to https://api.elsevier.com/content/search/sciencedirect?query=Educational+Administration+%2B+Entrepreneurship+and+Innovation
2021-04-16 23:31:39,443 - elsapy.utils - INFO - Converting prism:coverDate
2021-04-16 23:31:59,744 - elsapy.elsclient - INFO - Sending GET request to https://api.elsevier.com/content/search/sciencedirect?query=Educational+Administration+%2B+Entrepreneurship+and+Innovation
2021-04-16 23:32:00,506 - elsapy.utils - INFO - Converting prism:coverDate
2021-04-16 23:32:29,176 - elsapy.elsclient - INFO - Sending GET request to https://api.elsevier.com/content/search/sciencedirect?query=Educational+Administration+%2B+Entrepreneurship+and+Innovation
2021-04-16 23:32:30,197 - elsapy.utils - INFO - Converting prism:coverDate
2021-04-16 23:34:07,401 - elsapy.elsclient - INFO - Sending GET request to https://api.elsevier.com/content/search/sciencedirect?query=Educational+Administration+%2B+Entrepreneurship+and+Innovation
2021-04-16 23:34:08,224 - elsapy.utils - INFO - Converting prism:coverDate
2021-04-16 23:35:06,992 - elsapy.elsclient - INFO - Sending GET request to https://api.elsevier.com/content/search/sciencedirect?query=Educational+Administration+%2B+Entrepreneurship+and+Innovation
2021-04-16 23:35:08,835 - elsapy.utils - INFO - Converting prism:coverDate
2021-04-16 23:36:18,449 - elsapy.elsclient - INFO - Sending GET request to https://api.elsevier.com/content/search/sciencedirect?query=Educational+Administration+%2B+Entrepreneurship+and+Innovation
2021-04-16 23:36:19,634 - elsapy.utils - INFO - Converting prism:coverDate
2021-04-16 23:36:56,485 - elsapy.elsclient - INFO - Sending GET request to https://api.elsevier.com/content/search/sciencedirect?query=Educational+Administration+%2B+Entrepreneurship+and+Innovation
2021-04-16 23:36:57,270 - elsapy.utils - INFO - Converting prism:coverDate
2021-04-16 23:38:03,323 - elsapy.elsclient - INFO - Sending GET request to https://api.elsevier.com/content/search/sciencedirect?query=Educational+Administration+%2B+Entrepreneurship+and+Innovation
2021-04-16 23:38:04,068 - elsapy.utils - INFO - Converting prism:coverDate
2021-04-16 23:38:23,862 - elsapy.elsclient - INFO - Sending GET request to https://api.elsevier.com/content/search/sciencedirect?query=Educational+Administration+%2B+Entrepreneurship+and+Innovation
2021-04-16 23:38:24,816 - elsapy.utils - INFO - Converting prism:coverDate
2021-04-16 23:38:49,504 - elsapy.elsclient - INFO - Sending GET request to https://api.elsevier.com/content/search/sciencedirect?query=Educational+Administration+%2B+Entrepreneurship+and+Innovation
2021-04-16 23:38:50,662 - elsapy.utils - INFO - Converting prism:coverDate
2021-04-16 23:39:21,153 - elsapy.elsclient - INFO - Sending GET request to https://api.elsevier.com/content/search/sciencedirect?query=Educational+Administration+%2B+Entrepreneurship+and+Innovation
2021-04-16 23:39:22,127 - elsapy.utils - INFO - Converting prism:coverDate
2021-04-16 23:39:53,684 - elsapy.elsclient - INFO - Sending GET request to https://api.elsevier.com/content/search/sciencedirect?query=Educational+Administration+%2B+Entrepreneurship+and+Innovation
2021-04-16 23:39:54,732 - elsapy.utils - INFO - Converting prism:coverDate
2021-04-17 10:38:59,638 - elsapy.elsclient - INFO - Sending GET request to https://api.elsevier.com/content/search/sciencedirect?query=Educational+Administration+%2B+Entrepreneurship+and+Innovation
2021-04-17 10:39:00,501 - elsapy.utils - INFO - Converting prism:coverDate
