2021-03-03 14:20:50,834 - elsapy.elsclient - INFO - Module loaded.
2021-03-03 14:20:51,173 - elsapy.elsentity - INFO - Module loaded.
2021-03-03 14:20:51,174 - elsapy.utils - INFO - Module loaded.
2021-03-03 14:20:51,174 - elsapy.elsprofile - INFO - Module loaded.
2021-03-03 14:20:51,175 - elsapy.elsdoc - INFO - Module loaded.
2021-03-03 14:20:51,176 - elsapy.elssearch - INFO - Module loaded.
2021-03-03 15:03:03,310 - elsapy.elsclient - INFO - Module loaded.
2021-03-03 15:03:03,637 - elsapy.elsentity - INFO - Module loaded.
2021-03-03 15:03:03,638 - elsapy.utils - INFO - Module loaded.
2021-03-03 15:03:03,641 - elsapy.elsprofile - INFO - Module loaded.
2021-03-03 15:03:03,642 - elsapy.elsdoc - INFO - Module loaded.
2021-03-03 15:03:03,642 - elsapy.elssearch - INFO - Module loaded.
2021-03-03 15:03:50,814 - elsapy.elsclient - INFO - Module loaded.
2021-03-03 15:03:51,126 - elsapy.elsentity - INFO - Module loaded.
2021-03-03 15:03:51,126 - elsapy.utils - INFO - Module loaded.
2021-03-03 15:03:51,127 - elsapy.elsprofile - INFO - Module loaded.
2021-03-03 15:03:51,127 - elsapy.elsdoc - INFO - Module loaded.
2021-03-03 15:03:51,128 - elsapy.elssearch - INFO - Module loaded.
2021-03-03 15:04:05,839 - elsapy.elsclient - INFO - Module loaded.
2021-03-03 15:04:06,142 - elsapy.elsentity - INFO - Module loaded.
2021-03-03 15:04:06,143 - elsapy.utils - INFO - Module loaded.
2021-03-03 15:04:06,143 - elsapy.elsprofile - INFO - Module loaded.
2021-03-03 15:04:06,144 - elsapy.elsdoc - INFO - Module loaded.
2021-03-03 15:04:06,145 - elsapy.elssearch - INFO - Module loaded.
2021-03-03 15:04:19,825 - elsapy.elsclient - INFO - Module loaded.
2021-03-03 15:04:20,127 - elsapy.elsentity - INFO - Module loaded.
2021-03-03 15:04:20,128 - elsapy.utils - INFO - Module loaded.
2021-03-03 15:04:20,129 - elsapy.elsprofile - INFO - Module loaded.
2021-03-03 15:04:20,130 - elsapy.elsdoc - INFO - Module loaded.
2021-03-03 15:04:20,130 - elsapy.elssearch - INFO - Module loaded.
2021-03-03 15:04:22,185 - elsapy.elsclient - INFO - Module loaded.
2021-03-03 15:04:22,481 - elsapy.elsentity - INFO - Module loaded.
2021-03-03 15:04:22,482 - elsapy.utils - INFO - Module loaded.
2021-03-03 15:04:22,482 - elsapy.elsprofile - INFO - Module loaded.
2021-03-03 15:04:22,483 - elsapy.elsdoc - INFO - Module loaded.
2021-03-03 15:04:22,483 - elsapy.elssearch - INFO - Module loaded.
2021-03-03 15:05:02,087 - elsapy.elsclient - INFO - Module loaded.
2021-03-03 15:05:02,386 - elsapy.elsentity - INFO - Module loaded.
2021-03-03 15:05:02,387 - elsapy.utils - INFO - Module loaded.
2021-03-03 15:05:02,387 - elsapy.elsprofile - INFO - Module loaded.
2021-03-03 15:05:02,388 - elsapy.elsdoc - INFO - Module loaded.
2021-03-03 15:05:02,388 - elsapy.elssearch - INFO - Module loaded.
2021-03-03 15:06:25,169 - elsapy.elsclient - INFO - Module loaded.
2021-03-03 15:06:25,480 - elsapy.elsentity - INFO - Module loaded.
2021-03-03 15:06:25,480 - elsapy.utils - INFO - Module loaded.
2021-03-03 15:06:25,481 - elsapy.elsprofile - INFO - Module loaded.
2021-03-03 15:06:25,481 - elsapy.elsdoc - INFO - Module loaded.
2021-03-03 15:06:25,482 - elsapy.elssearch - INFO - Module loaded.
2021-03-03 15:10:28,819 - elsapy.elsclient - INFO - Module loaded.
2021-03-03 15:10:29,130 - elsapy.elsentity - INFO - Module loaded.
2021-03-03 15:10:29,131 - elsapy.utils - INFO - Module loaded.
2021-03-03 15:10:29,131 - elsapy.elsprofile - INFO - Module loaded.
2021-03-03 15:10:29,132 - elsapy.elsdoc - INFO - Module loaded.
2021-03-03 15:10:29,133 - elsapy.elssearch - INFO - Module loaded.
2021-03-03 15:10:40,681 - elsapy.elsclient - INFO - Module loaded.
2021-03-03 15:10:40,983 - elsapy.elsentity - INFO - Module loaded.
2021-03-03 15:10:40,984 - elsapy.utils - INFO - Module loaded.
2021-03-03 15:10:40,984 - elsapy.elsprofile - INFO - Module loaded.
2021-03-03 15:10:40,985 - elsapy.elsdoc - INFO - Module loaded.
2021-03-03 15:10:40,986 - elsapy.elssearch - INFO - Module loaded.
2021-03-03 15:10:55,699 - elsapy.elsclient - INFO - Module loaded.
2021-03-03 15:10:56,005 - elsapy.elsentity - INFO - Module loaded.
2021-03-03 15:10:56,006 - elsapy.utils - INFO - Module loaded.
2021-03-03 15:10:56,006 - elsapy.elsprofile - INFO - Module loaded.
2021-03-03 15:10:56,007 - elsapy.elsdoc - INFO - Module loaded.
2021-03-03 15:10:56,007 - elsapy.elssearch - INFO - Module loaded.
2021-03-03 15:11:21,275 - elsapy.elsclient - INFO - Module loaded.
2021-03-03 15:11:21,590 - elsapy.elsentity - INFO - Module loaded.
2021-03-03 15:11:21,591 - elsapy.utils - INFO - Module loaded.
2021-03-03 15:11:21,591 - elsapy.elsprofile - INFO - Module loaded.
2021-03-03 15:11:21,592 - elsapy.elsdoc - INFO - Module loaded.
2021-03-03 15:11:21,592 - elsapy.elssearch - INFO - Module loaded.
2021-03-03 15:11:28,983 - elsapy.elsclient - INFO - Module loaded.
2021-03-03 15:11:29,289 - elsapy.elsentity - INFO - Module loaded.
2021-03-03 15:11:29,290 - elsapy.utils - INFO - Module loaded.
2021-03-03 15:11:29,290 - elsapy.elsprofile - INFO - Module loaded.
2021-03-03 15:11:29,291 - elsapy.elsdoc - INFO - Module loaded.
2021-03-03 15:11:29,292 - elsapy.elssearch - INFO - Module loaded.
2021-03-03 15:11:33,468 - elsapy.elsclient - INFO - Module loaded.
2021-03-03 15:11:33,772 - elsapy.elsentity - INFO - Module loaded.
2021-03-03 15:11:33,773 - elsapy.utils - INFO - Module loaded.
2021-03-03 15:11:33,773 - elsapy.elsprofile - INFO - Module loaded.
2021-03-03 15:11:33,774 - elsapy.elsdoc - INFO - Module loaded.
2021-03-03 15:11:33,775 - elsapy.elssearch - INFO - Module loaded.
2021-03-03 15:12:01,118 - elsapy.elsclient - INFO - Module loaded.
2021-03-03 15:12:01,439 - elsapy.elsentity - INFO - Module loaded.
2021-03-03 15:12:01,440 - elsapy.utils - INFO - Module loaded.
2021-03-03 15:12:01,440 - elsapy.elsprofile - INFO - Module loaded.
2021-03-03 15:12:01,440 - elsapy.elsdoc - INFO - Module loaded.
2021-03-03 15:12:01,441 - elsapy.elssearch - INFO - Module loaded.
2021-03-03 15:12:10,922 - elsapy.elsclient - INFO - Module loaded.
2021-03-03 15:12:11,268 - elsapy.elsentity - INFO - Module loaded.
2021-03-03 15:12:11,269 - elsapy.utils - INFO - Module loaded.
2021-03-03 15:12:11,269 - elsapy.elsprofile - INFO - Module loaded.
2021-03-03 15:12:11,270 - elsapy.elsdoc - INFO - Module loaded.
2021-03-03 15:12:11,271 - elsapy.elssearch - INFO - Module loaded.
2021-03-03 15:12:16,501 - elsapy.elsclient - INFO - Module loaded.
2021-03-03 15:12:16,802 - elsapy.elsentity - INFO - Module loaded.
2021-03-03 15:12:16,803 - elsapy.utils - INFO - Module loaded.
2021-03-03 15:12:16,803 - elsapy.elsprofile - INFO - Module loaded.
2021-03-03 15:12:16,804 - elsapy.elsdoc - INFO - Module loaded.
2021-03-03 15:12:16,805 - elsapy.elssearch - INFO - Module loaded.
2021-03-03 15:13:30,013 - elsapy.elsclient - INFO - Module loaded.
2021-03-03 15:13:30,317 - elsapy.elsentity - INFO - Module loaded.
2021-03-03 15:13:30,318 - elsapy.utils - INFO - Module loaded.
2021-03-03 15:13:30,318 - elsapy.elsprofile - INFO - Module loaded.
2021-03-03 15:13:30,319 - elsapy.elsdoc - INFO - Module loaded.
2021-03-03 15:13:30,319 - elsapy.elssearch - INFO - Module loaded.
2021-03-03 15:16:02,101 - elsapy.elsclient - INFO - Module loaded.
2021-03-03 15:16:02,415 - elsapy.elsentity - INFO - Module loaded.
2021-03-03 15:16:02,416 - elsapy.utils - INFO - Module loaded.
2021-03-03 15:16:02,416 - elsapy.elsprofile - INFO - Module loaded.
2021-03-03 15:16:02,417 - elsapy.elsdoc - INFO - Module loaded.
2021-03-03 15:16:02,418 - elsapy.elssearch - INFO - Module loaded.
2021-03-03 15:16:15,023 - elsapy.elsclient - INFO - Module loaded.
2021-03-03 15:16:15,337 - elsapy.elsentity - INFO - Module loaded.
2021-03-03 15:16:15,338 - elsapy.utils - INFO - Module loaded.
2021-03-03 15:16:15,338 - elsapy.elsprofile - INFO - Module loaded.
2021-03-03 15:16:15,339 - elsapy.elsdoc - INFO - Module loaded.
2021-03-03 15:16:15,340 - elsapy.elssearch - INFO - Module loaded.
2021-03-03 15:18:03,292 - elsapy.elsclient - INFO - Module loaded.
2021-03-03 15:18:03,604 - elsapy.elsentity - INFO - Module loaded.
2021-03-03 15:18:03,605 - elsapy.utils - INFO - Module loaded.
2021-03-03 15:18:03,605 - elsapy.elsprofile - INFO - Module loaded.
2021-03-03 15:18:03,606 - elsapy.elsdoc - INFO - Module loaded.
2021-03-03 15:18:03,606 - elsapy.elssearch - INFO - Module loaded.
2021-03-03 15:18:11,687 - elsapy.elsclient - INFO - Module loaded.
2021-03-03 15:18:12,005 - elsapy.elsentity - INFO - Module loaded.
2021-03-03 15:18:12,006 - elsapy.utils - INFO - Module loaded.
2021-03-03 15:18:12,006 - elsapy.elsprofile - INFO - Module loaded.
2021-03-03 15:18:12,007 - elsapy.elsdoc - INFO - Module loaded.
2021-03-03 15:18:12,008 - elsapy.elssearch - INFO - Module loaded.
2021-03-03 15:18:34,101 - elsapy.elsclient - INFO - Module loaded.
2021-03-03 15:18:34,418 - elsapy.elsentity - INFO - Module loaded.
2021-03-03 15:18:34,418 - elsapy.utils - INFO - Module loaded.
2021-03-03 15:18:34,419 - elsapy.elsprofile - INFO - Module loaded.
2021-03-03 15:18:34,419 - elsapy.elsdoc - INFO - Module loaded.
2021-03-03 15:18:34,420 - elsapy.elssearch - INFO - Module loaded.
2021-03-03 15:19:37,615 - elsapy.elsclient - INFO - Module loaded.
2021-03-03 15:19:37,930 - elsapy.elsentity - INFO - Module loaded.
2021-03-03 15:19:37,930 - elsapy.utils - INFO - Module loaded.
2021-03-03 15:19:37,931 - elsapy.elsprofile - INFO - Module loaded.
2021-03-03 15:19:37,931 - elsapy.elsdoc - INFO - Module loaded.
2021-03-03 15:19:37,932 - elsapy.elssearch - INFO - Module loaded.
2021-03-03 15:19:45,305 - elsapy.elsclient - INFO - Module loaded.
2021-03-03 15:19:45,606 - elsapy.elsentity - INFO - Module loaded.
2021-03-03 15:19:45,606 - elsapy.utils - INFO - Module loaded.
2021-03-03 15:19:45,606 - elsapy.elsprofile - INFO - Module loaded.
2021-03-03 15:19:45,607 - elsapy.elsdoc - INFO - Module loaded.
2021-03-03 15:19:45,608 - elsapy.elssearch - INFO - Module loaded.
2021-03-03 15:21:03,549 - elsapy.elsclient - INFO - Module loaded.
2021-03-03 15:21:03,869 - elsapy.elsentity - INFO - Module loaded.
2021-03-03 15:21:03,870 - elsapy.utils - INFO - Module loaded.
2021-03-03 15:21:03,870 - elsapy.elsprofile - INFO - Module loaded.
2021-03-03 15:21:03,871 - elsapy.elsdoc - INFO - Module loaded.
2021-03-03 15:21:03,871 - elsapy.elssearch - INFO - Module loaded.
2021-03-03 15:22:34,532 - elsapy.elsclient - INFO - Module loaded.
2021-03-03 15:22:34,833 - elsapy.elsentity - INFO - Module loaded.
2021-03-03 15:22:34,833 - elsapy.utils - INFO - Module loaded.
2021-03-03 15:22:34,833 - elsapy.elsprofile - INFO - Module loaded.
2021-03-03 15:22:34,834 - elsapy.elsdoc - INFO - Module loaded.
2021-03-03 15:22:34,835 - elsapy.elssearch - INFO - Module loaded.
2021-03-03 15:22:51,631 - elsapy.elsclient - INFO - Module loaded.
2021-03-03 15:22:51,952 - elsapy.elsentity - INFO - Module loaded.
2021-03-03 15:22:51,952 - elsapy.utils - INFO - Module loaded.
2021-03-03 15:22:51,953 - elsapy.elsprofile - INFO - Module loaded.
2021-03-03 15:22:51,953 - elsapy.elsdoc - INFO - Module loaded.
2021-03-03 15:22:51,954 - elsapy.elssearch - INFO - Module loaded.
2021-03-03 15:24:55,040 - elsapy.elsclient - INFO - Module loaded.
2021-03-03 15:24:55,368 - elsapy.elsentity - INFO - Module loaded.
2021-03-03 15:24:55,369 - elsapy.utils - INFO - Module loaded.
2021-03-03 15:24:55,369 - elsapy.elsprofile - INFO - Module loaded.
2021-03-03 15:24:55,370 - elsapy.elsdoc - INFO - Module loaded.
2021-03-03 15:24:55,371 - elsapy.elssearch - INFO - Module loaded.
2021-03-03 15:25:46,976 - elsapy.elsclient - INFO - Module loaded.
2021-03-03 15:25:47,281 - elsapy.elsentity - INFO - Module loaded.
2021-03-03 15:25:47,282 - elsapy.utils - INFO - Module loaded.
2021-03-03 15:25:47,282 - elsapy.elsprofile - INFO - Module loaded.
2021-03-03 15:25:47,283 - elsapy.elsdoc - INFO - Module loaded.
2021-03-03 15:25:47,284 - elsapy.elssearch - INFO - Module loaded.
2021-03-03 15:25:58,855 - elsapy.elsclient - INFO - Module loaded.
2021-03-03 15:25:59,159 - elsapy.elsentity - INFO - Module loaded.
2021-03-03 15:25:59,159 - elsapy.utils - INFO - Module loaded.
2021-03-03 15:25:59,160 - elsapy.elsprofile - INFO - Module loaded.
2021-03-03 15:25:59,160 - elsapy.elsdoc - INFO - Module loaded.
2021-03-03 15:25:59,162 - elsapy.elssearch - INFO - Module loaded.
2021-03-03 15:26:15,992 - elsapy.elsclient - INFO - Module loaded.
2021-03-03 15:26:16,306 - elsapy.elsentity - INFO - Module loaded.
2021-03-03 15:26:16,306 - elsapy.utils - INFO - Module loaded.
2021-03-03 15:26:16,307 - elsapy.elsprofile - INFO - Module loaded.
2021-03-03 15:26:16,307 - elsapy.elsdoc - INFO - Module loaded.
2021-03-03 15:26:16,308 - elsapy.elssearch - INFO - Module loaded.
2021-03-03 15:29:47,911 - elsapy.elsclient - INFO - Module loaded.
2021-03-03 15:29:48,218 - elsapy.elsentity - INFO - Module loaded.
2021-03-03 15:29:48,219 - elsapy.utils - INFO - Module loaded.
2021-03-03 15:29:48,219 - elsapy.elsprofile - INFO - Module loaded.
2021-03-03 15:29:48,220 - elsapy.elsdoc - INFO - Module loaded.
2021-03-03 15:29:48,221 - elsapy.elssearch - INFO - Module loaded.
2021-03-03 15:29:55,589 - elsapy.elsclient - INFO - Module loaded.
2021-03-03 15:29:55,909 - elsapy.elsentity - INFO - Module loaded.
2021-03-03 15:29:55,909 - elsapy.utils - INFO - Module loaded.
2021-03-03 15:29:55,910 - elsapy.elsprofile - INFO - Module loaded.
2021-03-03 15:29:55,910 - elsapy.elsdoc - INFO - Module loaded.
2021-03-03 15:29:55,911 - elsapy.elssearch - INFO - Module loaded.
2021-03-03 15:31:05,496 - elsapy.elsclient - INFO - Module loaded.
2021-03-03 15:31:05,836 - elsapy.elsentity - INFO - Module loaded.
2021-03-03 15:31:05,837 - elsapy.utils - INFO - Module loaded.
2021-03-03 15:31:05,837 - elsapy.elsprofile - INFO - Module loaded.
2021-03-03 15:31:05,838 - elsapy.elsdoc - INFO - Module loaded.
2021-03-03 15:31:05,839 - elsapy.elssearch - INFO - Module loaded.
2021-03-03 15:33:01,703 - elsapy.elsclient - INFO - Module loaded.
2021-03-03 15:33:02,048 - elsapy.elsentity - INFO - Module loaded.
2021-03-03 15:33:02,049 - elsapy.utils - INFO - Module loaded.
2021-03-03 15:33:02,050 - elsapy.elsprofile - INFO - Module loaded.
2021-03-03 15:33:02,052 - elsapy.elsdoc - INFO - Module loaded.
2021-03-03 15:33:02,054 - elsapy.elssearch - INFO - Module loaded.
2021-03-03 15:36:29,752 - elsapy.elsclient - INFO - Module loaded.
2021-03-03 15:36:30,087 - elsapy.elsentity - INFO - Module loaded.
2021-03-03 15:36:30,087 - elsapy.utils - INFO - Module loaded.
2021-03-03 15:36:30,088 - elsapy.elsprofile - INFO - Module loaded.
2021-03-03 15:36:30,088 - elsapy.elsdoc - INFO - Module loaded.
2021-03-03 15:36:30,089 - elsapy.elssearch - INFO - Module loaded.
2021-03-03 20:32:57,594 - elsapy.elsclient - INFO - Module loaded.
2021-03-03 20:32:58,184 - elsapy.elsentity - INFO - Module loaded.
2021-03-03 20:32:58,185 - elsapy.utils - INFO - Module loaded.
2021-03-03 20:32:58,186 - elsapy.elsprofile - INFO - Module loaded.
2021-03-03 20:32:58,187 - elsapy.elsdoc - INFO - Module loaded.
2021-03-03 20:32:58,188 - elsapy.elssearch - INFO - Module loaded.
