2021-03-02 11:54:00,116 - elsapy.elsclient - INFO - Module loaded.
2021-03-02 11:54:00,808 - elsapy.elsentity - INFO - Module loaded.
2021-03-02 11:54:00,809 - elsapy.utils - INFO - Module loaded.
2021-03-02 11:54:00,809 - elsapy.elsprofile - INFO - Module loaded.
2021-03-02 11:54:00,810 - elsapy.elsdoc - INFO - Module loaded.
2021-03-02 11:54:00,811 - elsapy.elssearch - INFO - Module loaded.
2021-03-02 11:55:34,310 - elsapy.elsclient - INFO - Module loaded.
2021-03-02 11:55:34,621 - elsapy.elsentity - INFO - Module loaded.
2021-03-02 11:55:34,622 - elsapy.utils - INFO - Module loaded.
2021-03-02 11:55:34,623 - elsapy.elsprofile - INFO - Module loaded.
2021-03-02 11:55:34,623 - elsapy.elsdoc - INFO - Module loaded.
2021-03-02 11:55:34,624 - elsapy.elssearch - INFO - Module loaded.
2021-03-02 12:01:49,148 - elsapy.elsclient - INFO - Module loaded.
2021-03-02 12:01:49,456 - elsapy.elsentity - INFO - Module loaded.
2021-03-02 12:01:49,457 - elsapy.utils - INFO - Module loaded.
2021-03-02 12:01:49,457 - elsapy.elsprofile - INFO - Module loaded.
2021-03-02 12:01:49,458 - elsapy.elsdoc - INFO - Module loaded.
2021-03-02 12:01:49,459 - elsapy.elssearch - INFO - Module loaded.
2021-03-02 12:02:22,108 - elsapy.elsclient - INFO - Module loaded.
2021-03-02 12:02:22,409 - elsapy.elsentity - INFO - Module loaded.
2021-03-02 12:02:22,410 - elsapy.utils - INFO - Module loaded.
2021-03-02 12:02:22,410 - elsapy.elsprofile - INFO - Module loaded.
2021-03-02 12:02:22,411 - elsapy.elsdoc - INFO - Module loaded.
2021-03-02 12:02:22,411 - elsapy.elssearch - INFO - Module loaded.
2021-03-02 12:02:29,721 - elsapy.elsclient - INFO - Module loaded.
2021-03-02 12:02:30,022 - elsapy.elsentity - INFO - Module loaded.
2021-03-02 12:02:30,023 - elsapy.utils - INFO - Module loaded.
2021-03-02 12:02:30,023 - elsapy.elsprofile - INFO - Module loaded.
2021-03-02 12:02:30,024 - elsapy.elsdoc - INFO - Module loaded.
2021-03-02 12:02:30,025 - elsapy.elssearch - INFO - Module loaded.
2021-03-02 12:02:47,915 - elsapy.elsclient - INFO - Module loaded.
2021-03-02 12:02:48,220 - elsapy.elsentity - INFO - Module loaded.
2021-03-02 12:02:48,221 - elsapy.utils - INFO - Module loaded.
2021-03-02 12:02:48,221 - elsapy.elsprofile - INFO - Module loaded.
2021-03-02 12:02:48,222 - elsapy.elsdoc - INFO - Module loaded.
2021-03-02 12:02:48,223 - elsapy.elssearch - INFO - Module loaded.
2021-03-02 20:32:05,650 - elsapy.elsclient - INFO - Module loaded.
2021-03-02 20:32:06,832 - elsapy.elsentity - INFO - Module loaded.
2021-03-02 20:32:06,833 - elsapy.utils - INFO - Module loaded.
2021-03-02 20:32:06,834 - elsapy.elsprofile - INFO - Module loaded.
2021-03-02 20:32:06,835 - elsapy.elsdoc - INFO - Module loaded.
2021-03-02 20:32:06,836 - elsapy.elssearch - INFO - Module loaded.
2021-03-02 20:36:30,935 - elsapy.elsclient - INFO - Module loaded.
2021-03-02 20:36:31,314 - elsapy.elsentity - INFO - Module loaded.
2021-03-02 20:36:31,315 - elsapy.utils - INFO - Module loaded.
2021-03-02 20:36:31,316 - elsapy.elsprofile - INFO - Module loaded.
2021-03-02 20:36:31,317 - elsapy.elsdoc - INFO - Module loaded.
2021-03-02 20:36:31,318 - elsapy.elssearch - INFO - Module loaded.
2021-03-02 20:36:54,166 - elsapy.elsclient - INFO - Module loaded.
2021-03-02 20:36:54,524 - elsapy.elsentity - INFO - Module loaded.
2021-03-02 20:36:54,525 - elsapy.utils - INFO - Module loaded.
2021-03-02 20:36:54,526 - elsapy.elsprofile - INFO - Module loaded.
2021-03-02 20:36:54,527 - elsapy.elsdoc - INFO - Module loaded.
2021-03-02 20:36:54,528 - elsapy.elssearch - INFO - Module loaded.
2021-03-02 20:37:43,041 - elsapy.elsclient - INFO - Module loaded.
2021-03-02 20:37:44,006 - elsapy.elsentity - INFO - Module loaded.
2021-03-02 20:37:44,006 - elsapy.utils - INFO - Module loaded.
2021-03-02 20:37:44,007 - elsapy.elsprofile - INFO - Module loaded.
2021-03-02 20:37:44,008 - elsapy.elsdoc - INFO - Module loaded.
2021-03-02 20:37:44,008 - elsapy.elssearch - INFO - Module loaded.
2021-03-02 20:38:10,139 - elsapy.elsclient - INFO - Module loaded.
2021-03-02 20:38:10,452 - elsapy.elsentity - INFO - Module loaded.
2021-03-02 20:38:10,453 - elsapy.utils - INFO - Module loaded.
2021-03-02 20:38:10,453 - elsapy.elsprofile - INFO - Module loaded.
2021-03-02 20:38:10,454 - elsapy.elsdoc - INFO - Module loaded.
2021-03-02 20:38:10,455 - elsapy.elssearch - INFO - Module loaded.
2021-03-02 20:38:15,446 - elsapy.elsclient - INFO - Module loaded.
2021-03-02 20:38:15,799 - elsapy.elsentity - INFO - Module loaded.
2021-03-02 20:38:15,801 - elsapy.utils - INFO - Module loaded.
2021-03-02 20:38:15,801 - elsapy.elsprofile - INFO - Module loaded.
2021-03-02 20:38:15,802 - elsapy.elsdoc - INFO - Module loaded.
2021-03-02 20:38:15,803 - elsapy.elssearch - INFO - Module loaded.
2021-03-02 20:38:41,836 - elsapy.elsclient - INFO - Module loaded.
2021-03-02 20:38:42,269 - elsapy.elsentity - INFO - Module loaded.
2021-03-02 20:38:42,271 - elsapy.utils - INFO - Module loaded.
2021-03-02 20:38:42,271 - elsapy.elsprofile - INFO - Module loaded.
2021-03-02 20:38:42,273 - elsapy.elsdoc - INFO - Module loaded.
2021-03-02 20:38:42,274 - elsapy.elssearch - INFO - Module loaded.
2021-03-02 20:39:19,801 - elsapy.elsclient - INFO - Module loaded.
2021-03-02 20:39:20,129 - elsapy.elsentity - INFO - Module loaded.
2021-03-02 20:39:20,129 - elsapy.utils - INFO - Module loaded.
2021-03-02 20:39:20,130 - elsapy.elsprofile - INFO - Module loaded.
2021-03-02 20:39:20,130 - elsapy.elsdoc - INFO - Module loaded.
2021-03-02 20:39:20,131 - elsapy.elssearch - INFO - Module loaded.
2021-03-02 20:40:38,267 - elsapy.elsclient - INFO - Module loaded.
2021-03-02 20:40:38,751 - elsapy.elsentity - INFO - Module loaded.
2021-03-02 20:40:38,752 - elsapy.utils - INFO - Module loaded.
2021-03-02 20:40:38,752 - elsapy.elsprofile - INFO - Module loaded.
2021-03-02 20:40:38,753 - elsapy.elsdoc - INFO - Module loaded.
2021-03-02 20:40:38,754 - elsapy.elssearch - INFO - Module loaded.
