2021-03-26 00:00:16,162 - elsapy.elsclient - INFO - Module loaded.
2021-03-26 00:00:16,464 - elsapy.elsentity - INFO - Module loaded.
2021-03-26 00:00:16,464 - elsapy.utils - INFO - Module loaded.
2021-03-26 00:00:16,465 - elsapy.elsprofile - INFO - Module loaded.
2021-03-26 00:00:16,465 - elsapy.elsdoc - INFO - Module loaded.
2021-03-26 00:00:16,466 - elsapy.elssearch - INFO - Module loaded.
2021-03-26 00:00:53,794 - elsapy.elsclient - INFO - Module loaded.
2021-03-26 00:00:54,087 - elsapy.elsentity - INFO - Module loaded.
2021-03-26 00:00:54,088 - elsapy.utils - INFO - Module loaded.
2021-03-26 00:00:54,091 - elsapy.elsprofile - INFO - Module loaded.
2021-03-26 00:00:54,092 - elsapy.elsdoc - INFO - Module loaded.
2021-03-26 00:00:54,092 - elsapy.elssearch - INFO - Module loaded.
2021-03-26 00:02:09,817 - elsapy.elsclient - INFO - Module loaded.
2021-03-26 00:02:10,114 - elsapy.elsentity - INFO - Module loaded.
2021-03-26 00:02:10,114 - elsapy.utils - INFO - Module loaded.
2021-03-26 00:02:10,115 - elsapy.elsprofile - INFO - Module loaded.
2021-03-26 00:02:10,115 - elsapy.elsdoc - INFO - Module loaded.
2021-03-26 00:02:10,116 - elsapy.elssearch - INFO - Module loaded.
2021-03-26 00:02:19,617 - elsapy.elsclient - INFO - Module loaded.
2021-03-26 00:02:19,916 - elsapy.elsentity - INFO - Module loaded.
2021-03-26 00:02:19,917 - elsapy.utils - INFO - Module loaded.
2021-03-26 00:02:19,917 - elsapy.elsprofile - INFO - Module loaded.
2021-03-26 00:02:19,918 - elsapy.elsdoc - INFO - Module loaded.
2021-03-26 00:02:19,919 - elsapy.elssearch - INFO - Module loaded.
2021-03-26 00:03:39,966 - elsapy.elsclient - INFO - Module loaded.
2021-03-26 00:03:40,258 - elsapy.elsentity - INFO - Module loaded.
2021-03-26 00:03:40,259 - elsapy.utils - INFO - Module loaded.
2021-03-26 00:03:40,259 - elsapy.elsprofile - INFO - Module loaded.
2021-03-26 00:03:40,260 - elsapy.elsdoc - INFO - Module loaded.
2021-03-26 00:03:40,260 - elsapy.elssearch - INFO - Module loaded.
2021-03-26 00:04:04,872 - elsapy.elsclient - INFO - Module loaded.
2021-03-26 00:04:05,164 - elsapy.elsentity - INFO - Module loaded.
2021-03-26 00:04:05,165 - elsapy.utils - INFO - Module loaded.
2021-03-26 00:04:05,165 - elsapy.elsprofile - INFO - Module loaded.
2021-03-26 00:04:05,166 - elsapy.elsdoc - INFO - Module loaded.
2021-03-26 00:04:05,166 - elsapy.elssearch - INFO - Module loaded.
2021-03-26 00:04:13,366 - elsapy.elsclient - INFO - Module loaded.
2021-03-26 00:04:13,663 - elsapy.elsentity - INFO - Module loaded.
2021-03-26 00:04:13,664 - elsapy.utils - INFO - Module loaded.
2021-03-26 00:04:13,664 - elsapy.elsprofile - INFO - Module loaded.
2021-03-26 00:04:13,665 - elsapy.elsdoc - INFO - Module loaded.
2021-03-26 00:04:13,665 - elsapy.elssearch - INFO - Module loaded.
2021-03-26 00:04:38,387 - elsapy.elsclient - INFO - Module loaded.
2021-03-26 00:04:38,688 - elsapy.elsentity - INFO - Module loaded.
2021-03-26 00:04:38,689 - elsapy.utils - INFO - Module loaded.
2021-03-26 00:04:38,689 - elsapy.elsprofile - INFO - Module loaded.
2021-03-26 00:04:38,690 - elsapy.elsdoc - INFO - Module loaded.
2021-03-26 00:04:38,690 - elsapy.elssearch - INFO - Module loaded.
2021-03-26 00:04:42,742 - elsapy.elsclient - INFO - Module loaded.
2021-03-26 00:04:43,033 - elsapy.elsentity - INFO - Module loaded.
2021-03-26 00:04:43,034 - elsapy.utils - INFO - Module loaded.
2021-03-26 00:04:43,034 - elsapy.elsprofile - INFO - Module loaded.
2021-03-26 00:04:43,035 - elsapy.elsdoc - INFO - Module loaded.
2021-03-26 00:04:43,036 - elsapy.elssearch - INFO - Module loaded.
2021-03-26 00:05:53,274 - elsapy.elsclient - INFO - Module loaded.
2021-03-26 00:05:53,569 - elsapy.elsentity - INFO - Module loaded.
2021-03-26 00:05:53,569 - elsapy.utils - INFO - Module loaded.
2021-03-26 00:05:53,570 - elsapy.elsprofile - INFO - Module loaded.
2021-03-26 00:05:53,570 - elsapy.elsdoc - INFO - Module loaded.
2021-03-26 00:05:53,571 - elsapy.elssearch - INFO - Module loaded.
2021-03-26 00:07:03,818 - elsapy.elsclient - INFO - Module loaded.
2021-03-26 00:07:04,114 - elsapy.elsentity - INFO - Module loaded.
2021-03-26 00:07:04,114 - elsapy.utils - INFO - Module loaded.
2021-03-26 00:07:04,114 - elsapy.elsprofile - INFO - Module loaded.
2021-03-26 00:07:04,115 - elsapy.elsdoc - INFO - Module loaded.
2021-03-26 00:07:04,116 - elsapy.elssearch - INFO - Module loaded.
2021-03-26 00:07:08,212 - elsapy.elsclient - INFO - Module loaded.
2021-03-26 00:07:08,508 - elsapy.elsentity - INFO - Module loaded.
2021-03-26 00:07:08,508 - elsapy.utils - INFO - Module loaded.
2021-03-26 00:07:08,509 - elsapy.elsprofile - INFO - Module loaded.
2021-03-26 00:07:08,510 - elsapy.elsdoc - INFO - Module loaded.
2021-03-26 00:07:08,510 - elsapy.elssearch - INFO - Module loaded.
2021-03-26 00:07:26,768 - elsapy.elsclient - INFO - Module loaded.
2021-03-26 00:07:27,065 - elsapy.elsentity - INFO - Module loaded.
2021-03-26 00:07:27,066 - elsapy.utils - INFO - Module loaded.
2021-03-26 00:07:27,066 - elsapy.elsprofile - INFO - Module loaded.
2021-03-26 00:07:27,067 - elsapy.elsdoc - INFO - Module loaded.
2021-03-26 00:07:27,068 - elsapy.elssearch - INFO - Module loaded.
2021-03-26 00:07:40,944 - elsapy.elsclient - INFO - Module loaded.
2021-03-26 00:07:41,241 - elsapy.elsentity - INFO - Module loaded.
2021-03-26 00:07:41,241 - elsapy.utils - INFO - Module loaded.
2021-03-26 00:07:41,241 - elsapy.elsprofile - INFO - Module loaded.
2021-03-26 00:07:41,242 - elsapy.elsdoc - INFO - Module loaded.
2021-03-26 00:07:41,243 - elsapy.elssearch - INFO - Module loaded.
2021-03-26 00:08:02,639 - elsapy.elsclient - INFO - Module loaded.
2021-03-26 00:08:02,937 - elsapy.elsentity - INFO - Module loaded.
2021-03-26 00:08:02,937 - elsapy.utils - INFO - Module loaded.
2021-03-26 00:08:02,938 - elsapy.elsprofile - INFO - Module loaded.
2021-03-26 00:08:02,938 - elsapy.elsdoc - INFO - Module loaded.
2021-03-26 00:08:02,939 - elsapy.elssearch - INFO - Module loaded.
2021-03-26 00:08:15,759 - elsapy.elsclient - INFO - Module loaded.
2021-03-26 00:08:16,051 - elsapy.elsentity - INFO - Module loaded.
2021-03-26 00:08:16,052 - elsapy.utils - INFO - Module loaded.
2021-03-26 00:08:16,052 - elsapy.elsprofile - INFO - Module loaded.
2021-03-26 00:08:16,053 - elsapy.elsdoc - INFO - Module loaded.
2021-03-26 00:08:16,053 - elsapy.elssearch - INFO - Module loaded.
2021-03-26 00:09:48,312 - elsapy.elsclient - INFO - Module loaded.
2021-03-26 00:09:48,609 - elsapy.elsentity - INFO - Module loaded.
2021-03-26 00:09:48,610 - elsapy.utils - INFO - Module loaded.
2021-03-26 00:09:48,610 - elsapy.elsprofile - INFO - Module loaded.
2021-03-26 00:09:48,611 - elsapy.elsdoc - INFO - Module loaded.
2021-03-26 00:09:48,612 - elsapy.elssearch - INFO - Module loaded.
2021-03-26 00:10:53,426 - elsapy.elsclient - INFO - Module loaded.
2021-03-26 00:10:53,721 - elsapy.elsentity - INFO - Module loaded.
2021-03-26 00:10:53,722 - elsapy.utils - INFO - Module loaded.
2021-03-26 00:10:53,722 - elsapy.elsprofile - INFO - Module loaded.
2021-03-26 00:10:53,723 - elsapy.elsdoc - INFO - Module loaded.
2021-03-26 00:10:53,723 - elsapy.elssearch - INFO - Module loaded.
2021-03-26 00:11:51,860 - elsapy.elsclient - INFO - Module loaded.
2021-03-26 00:11:52,175 - elsapy.elsentity - INFO - Module loaded.
2021-03-26 00:11:52,175 - elsapy.utils - INFO - Module loaded.
2021-03-26 00:11:52,176 - elsapy.elsprofile - INFO - Module loaded.
2021-03-26 00:11:52,177 - elsapy.elsdoc - INFO - Module loaded.
2021-03-26 00:11:52,177 - elsapy.elssearch - INFO - Module loaded.
2021-03-26 00:11:58,448 - elsapy.elsclient - INFO - Module loaded.
2021-03-26 00:11:58,743 - elsapy.elsentity - INFO - Module loaded.
2021-03-26 00:11:58,743 - elsapy.utils - INFO - Module loaded.
2021-03-26 00:11:58,743 - elsapy.elsprofile - INFO - Module loaded.
2021-03-26 00:11:58,744 - elsapy.elsdoc - INFO - Module loaded.
2021-03-26 00:11:58,745 - elsapy.elssearch - INFO - Module loaded.
2021-03-26 00:12:14,801 - elsapy.elsclient - INFO - Module loaded.
2021-03-26 00:12:15,096 - elsapy.elsentity - INFO - Module loaded.
2021-03-26 00:12:15,097 - elsapy.utils - INFO - Module loaded.
2021-03-26 00:12:15,097 - elsapy.elsprofile - INFO - Module loaded.
2021-03-26 00:12:15,098 - elsapy.elsdoc - INFO - Module loaded.
2021-03-26 00:12:15,099 - elsapy.elssearch - INFO - Module loaded.
2021-03-26 00:12:37,550 - elsapy.elsclient - INFO - Module loaded.
2021-03-26 00:12:37,853 - elsapy.elsentity - INFO - Module loaded.
2021-03-26 00:12:37,854 - elsapy.utils - INFO - Module loaded.
2021-03-26 00:12:37,854 - elsapy.elsprofile - INFO - Module loaded.
2021-03-26 00:12:37,855 - elsapy.elsdoc - INFO - Module loaded.
2021-03-26 00:12:37,856 - elsapy.elssearch - INFO - Module loaded.
2021-03-26 00:12:42,995 - elsapy.elsclient - INFO - Module loaded.
2021-03-26 00:12:43,288 - elsapy.elsentity - INFO - Module loaded.
2021-03-26 00:12:43,289 - elsapy.utils - INFO - Module loaded.
2021-03-26 00:12:43,289 - elsapy.elsprofile - INFO - Module loaded.
2021-03-26 00:12:43,290 - elsapy.elsdoc - INFO - Module loaded.
2021-03-26 00:12:43,291 - elsapy.elssearch - INFO - Module loaded.
2021-03-26 00:13:50,207 - elsapy.elsclient - INFO - Module loaded.
2021-03-26 00:13:50,504 - elsapy.elsentity - INFO - Module loaded.
2021-03-26 00:13:50,505 - elsapy.utils - INFO - Module loaded.
2021-03-26 00:13:50,505 - elsapy.elsprofile - INFO - Module loaded.
2021-03-26 00:13:50,506 - elsapy.elsdoc - INFO - Module loaded.
2021-03-26 00:13:50,506 - elsapy.elssearch - INFO - Module loaded.
2021-03-26 00:13:56,777 - elsapy.elsclient - INFO - Module loaded.
2021-03-26 00:13:57,072 - elsapy.elsentity - INFO - Module loaded.
2021-03-26 00:13:57,072 - elsapy.utils - INFO - Module loaded.
2021-03-26 00:13:57,073 - elsapy.elsprofile - INFO - Module loaded.
2021-03-26 00:13:57,073 - elsapy.elsdoc - INFO - Module loaded.
2021-03-26 00:13:57,074 - elsapy.elssearch - INFO - Module loaded.
2021-03-26 00:14:02,255 - elsapy.elsclient - INFO - Module loaded.
2021-03-26 00:14:02,547 - elsapy.elsentity - INFO - Module loaded.
2021-03-26 00:14:02,547 - elsapy.utils - INFO - Module loaded.
2021-03-26 00:14:02,548 - elsapy.elsprofile - INFO - Module loaded.
2021-03-26 00:14:02,548 - elsapy.elsdoc - INFO - Module loaded.
2021-03-26 00:14:02,549 - elsapy.elssearch - INFO - Module loaded.
2021-03-26 00:14:24,015 - elsapy.elsclient - INFO - Module loaded.
2021-03-26 00:14:24,312 - elsapy.elsentity - INFO - Module loaded.
2021-03-26 00:14:24,312 - elsapy.utils - INFO - Module loaded.
2021-03-26 00:14:24,313 - elsapy.elsprofile - INFO - Module loaded.
2021-03-26 00:14:24,313 - elsapy.elsdoc - INFO - Module loaded.
2021-03-26 00:14:24,314 - elsapy.elssearch - INFO - Module loaded.
2021-03-26 00:14:31,691 - elsapy.elsclient - INFO - Module loaded.
2021-03-26 00:14:31,983 - elsapy.elsentity - INFO - Module loaded.
2021-03-26 00:14:31,984 - elsapy.utils - INFO - Module loaded.
2021-03-26 00:14:31,984 - elsapy.elsprofile - INFO - Module loaded.
2021-03-26 00:14:31,985 - elsapy.elsdoc - INFO - Module loaded.
2021-03-26 00:14:31,986 - elsapy.elssearch - INFO - Module loaded.
2021-03-26 00:14:34,935 - elsapy.elsclient - INFO - Module loaded.
2021-03-26 00:14:35,227 - elsapy.elsentity - INFO - Module loaded.
2021-03-26 00:14:35,228 - elsapy.utils - INFO - Module loaded.
2021-03-26 00:14:35,228 - elsapy.elsprofile - INFO - Module loaded.
2021-03-26 00:14:35,229 - elsapy.elsdoc - INFO - Module loaded.
2021-03-26 00:14:35,229 - elsapy.elssearch - INFO - Module loaded.
2021-03-26 00:14:44,741 - elsapy.elsclient - INFO - Module loaded.
2021-03-26 00:14:45,033 - elsapy.elsentity - INFO - Module loaded.
2021-03-26 00:14:45,033 - elsapy.utils - INFO - Module loaded.
2021-03-26 00:14:45,034 - elsapy.elsprofile - INFO - Module loaded.
2021-03-26 00:14:45,034 - elsapy.elsdoc - INFO - Module loaded.
2021-03-26 00:14:45,035 - elsapy.elssearch - INFO - Module loaded.
2021-03-26 00:14:51,249 - elsapy.elsclient - INFO - Module loaded.
2021-03-26 00:14:51,544 - elsapy.elsentity - INFO - Module loaded.
2021-03-26 00:14:51,545 - elsapy.utils - INFO - Module loaded.
2021-03-26 00:14:51,545 - elsapy.elsprofile - INFO - Module loaded.
2021-03-26 00:14:51,546 - elsapy.elsdoc - INFO - Module loaded.
2021-03-26 00:14:51,547 - elsapy.elssearch - INFO - Module loaded.
2021-03-26 00:15:02,142 - elsapy.elsclient - INFO - Module loaded.
2021-03-26 00:15:02,439 - elsapy.elsentity - INFO - Module loaded.
2021-03-26 00:15:02,439 - elsapy.utils - INFO - Module loaded.
2021-03-26 00:15:02,440 - elsapy.elsprofile - INFO - Module loaded.
2021-03-26 00:15:02,440 - elsapy.elsdoc - INFO - Module loaded.
2021-03-26 00:15:02,441 - elsapy.elssearch - INFO - Module loaded.
2021-03-26 00:15:06,507 - elsapy.elsclient - INFO - Module loaded.
2021-03-26 00:15:06,798 - elsapy.elsentity - INFO - Module loaded.
2021-03-26 00:15:06,798 - elsapy.utils - INFO - Module loaded.
2021-03-26 00:15:06,799 - elsapy.elsprofile - INFO - Module loaded.
2021-03-26 00:15:06,799 - elsapy.elsdoc - INFO - Module loaded.
2021-03-26 00:15:06,800 - elsapy.elssearch - INFO - Module loaded.
2021-03-26 00:15:13,045 - elsapy.elsclient - INFO - Module loaded.
2021-03-26 00:15:13,342 - elsapy.elsentity - INFO - Module loaded.
2021-03-26 00:15:13,343 - elsapy.utils - INFO - Module loaded.
2021-03-26 00:15:13,343 - elsapy.elsprofile - INFO - Module loaded.
2021-03-26 00:15:13,344 - elsapy.elsdoc - INFO - Module loaded.
2021-03-26 00:15:13,345 - elsapy.elssearch - INFO - Module loaded.
2021-03-26 00:15:38,062 - elsapy.elsclient - INFO - Module loaded.
2021-03-26 00:15:38,365 - elsapy.elsentity - INFO - Module loaded.
2021-03-26 00:15:38,366 - elsapy.utils - INFO - Module loaded.
2021-03-26 00:15:38,366 - elsapy.elsprofile - INFO - Module loaded.
2021-03-26 00:15:38,367 - elsapy.elsdoc - INFO - Module loaded.
2021-03-26 00:15:38,368 - elsapy.elssearch - INFO - Module loaded.
2021-03-26 00:15:50,084 - elsapy.elsclient - INFO - Module loaded.
2021-03-26 00:15:50,379 - elsapy.elsentity - INFO - Module loaded.
2021-03-26 00:15:50,380 - elsapy.utils - INFO - Module loaded.
2021-03-26 00:15:50,380 - elsapy.elsprofile - INFO - Module loaded.
2021-03-26 00:15:50,381 - elsapy.elsdoc - INFO - Module loaded.
2021-03-26 00:15:50,382 - elsapy.elssearch - INFO - Module loaded.
2021-03-26 00:15:54,456 - elsapy.elsclient - INFO - Module loaded.
2021-03-26 00:15:54,749 - elsapy.elsentity - INFO - Module loaded.
2021-03-26 00:15:54,750 - elsapy.utils - INFO - Module loaded.
2021-03-26 00:15:54,750 - elsapy.elsprofile - INFO - Module loaded.
2021-03-26 00:15:54,751 - elsapy.elsdoc - INFO - Module loaded.
2021-03-26 00:15:54,751 - elsapy.elssearch - INFO - Module loaded.
