2021-03-20 00:02:22,044 - elsapy.elsclient - INFO - Module loaded.
2021-03-20 00:02:22,340 - elsapy.elsentity - INFO - Module loaded.
2021-03-20 00:02:22,341 - elsapy.utils - INFO - Module loaded.
2021-03-20 00:02:22,341 - elsapy.elsprofile - INFO - Module loaded.
2021-03-20 00:02:22,342 - elsapy.elsdoc - INFO - Module loaded.
2021-03-20 00:02:22,342 - elsapy.elssearch - INFO - Module loaded.
2021-03-20 00:03:10,570 - elsapy.elsclient - INFO - Module loaded.
2021-03-20 00:03:10,861 - elsapy.elsentity - INFO - Module loaded.
2021-03-20 00:03:10,862 - elsapy.utils - INFO - Module loaded.
2021-03-20 00:03:10,866 - elsapy.elsprofile - INFO - Module loaded.
2021-03-20 00:03:10,867 - elsapy.elsdoc - INFO - Module loaded.
2021-03-20 00:03:10,868 - elsapy.elssearch - INFO - Module loaded.
2021-03-20 00:03:27,377 - elsapy.elsclient - INFO - Module loaded.
2021-03-20 00:03:27,673 - elsapy.elsentity - INFO - Module loaded.
2021-03-20 00:03:27,674 - elsapy.utils - INFO - Module loaded.
2021-03-20 00:03:27,674 - elsapy.elsprofile - INFO - Module loaded.
2021-03-20 00:03:27,675 - elsapy.elsdoc - INFO - Module loaded.
2021-03-20 00:03:27,675 - elsapy.elssearch - INFO - Module loaded.
2021-03-20 00:06:13,313 - elsapy.elsclient - INFO - Module loaded.
2021-03-20 00:06:13,606 - elsapy.elsentity - INFO - Module loaded.
2021-03-20 00:06:13,607 - elsapy.utils - INFO - Module loaded.
2021-03-20 00:06:13,607 - elsapy.elsprofile - INFO - Module loaded.
2021-03-20 00:06:13,608 - elsapy.elsdoc - INFO - Module loaded.
2021-03-20 00:06:13,608 - elsapy.elssearch - INFO - Module loaded.
2021-03-20 00:06:19,759 - elsapy.elsclient - INFO - Module loaded.
2021-03-20 00:06:20,051 - elsapy.elsentity - INFO - Module loaded.
2021-03-20 00:06:20,052 - elsapy.utils - INFO - Module loaded.
2021-03-20 00:06:20,052 - elsapy.elsprofile - INFO - Module loaded.
2021-03-20 00:06:20,053 - elsapy.elsdoc - INFO - Module loaded.
2021-03-20 00:06:20,053 - elsapy.elssearch - INFO - Module loaded.
2021-03-20 00:06:22,950 - elsapy.elsclient - INFO - Module loaded.
2021-03-20 00:06:23,239 - elsapy.elsentity - INFO - Module loaded.
2021-03-20 00:06:23,239 - elsapy.utils - INFO - Module loaded.
2021-03-20 00:06:23,240 - elsapy.elsprofile - INFO - Module loaded.
2021-03-20 00:06:23,240 - elsapy.elsdoc - INFO - Module loaded.
2021-03-20 00:06:23,241 - elsapy.elssearch - INFO - Module loaded.
2021-03-20 00:07:05,137 - elsapy.elsclient - INFO - Module loaded.
2021-03-20 00:07:05,429 - elsapy.elsentity - INFO - Module loaded.
2021-03-20 00:07:05,430 - elsapy.utils - INFO - Module loaded.
2021-03-20 00:07:05,430 - elsapy.elsprofile - INFO - Module loaded.
2021-03-20 00:07:05,431 - elsapy.elsdoc - INFO - Module loaded.
2021-03-20 00:07:05,431 - elsapy.elssearch - INFO - Module loaded.
2021-03-20 00:07:32,614 - elsapy.elsclient - INFO - Module loaded.
2021-03-20 00:07:32,912 - elsapy.elsentity - INFO - Module loaded.
2021-03-20 00:07:32,913 - elsapy.utils - INFO - Module loaded.
2021-03-20 00:07:32,913 - elsapy.elsprofile - INFO - Module loaded.
2021-03-20 00:07:32,914 - elsapy.elsdoc - INFO - Module loaded.
2021-03-20 00:07:32,914 - elsapy.elssearch - INFO - Module loaded.
2021-03-20 00:07:57,967 - elsapy.elsclient - INFO - Module loaded.
2021-03-20 00:07:58,259 - elsapy.elsentity - INFO - Module loaded.
2021-03-20 00:07:58,260 - elsapy.utils - INFO - Module loaded.
2021-03-20 00:07:58,260 - elsapy.elsprofile - INFO - Module loaded.
2021-03-20 00:07:58,261 - elsapy.elsdoc - INFO - Module loaded.
2021-03-20 00:07:58,262 - elsapy.elssearch - INFO - Module loaded.
2021-03-20 00:08:36,831 - elsapy.elsclient - INFO - Module loaded.
2021-03-20 00:08:37,125 - elsapy.elsentity - INFO - Module loaded.
2021-03-20 00:08:37,125 - elsapy.utils - INFO - Module loaded.
2021-03-20 00:08:37,126 - elsapy.elsprofile - INFO - Module loaded.
2021-03-20 00:08:37,126 - elsapy.elsdoc - INFO - Module loaded.
2021-03-20 00:08:37,127 - elsapy.elssearch - INFO - Module loaded.
2021-03-20 00:09:16,353 - elsapy.elsclient - INFO - Module loaded.
2021-03-20 00:09:16,646 - elsapy.elsentity - INFO - Module loaded.
2021-03-20 00:09:16,647 - elsapy.utils - INFO - Module loaded.
2021-03-20 00:09:16,647 - elsapy.elsprofile - INFO - Module loaded.
2021-03-20 00:09:16,648 - elsapy.elsdoc - INFO - Module loaded.
2021-03-20 00:09:16,649 - elsapy.elssearch - INFO - Module loaded.
2021-03-20 00:09:22,770 - elsapy.elsclient - INFO - Module loaded.
2021-03-20 00:09:23,059 - elsapy.elsentity - INFO - Module loaded.
2021-03-20 00:09:23,059 - elsapy.utils - INFO - Module loaded.
2021-03-20 00:09:23,060 - elsapy.elsprofile - INFO - Module loaded.
2021-03-20 00:09:23,061 - elsapy.elsdoc - INFO - Module loaded.
2021-03-20 00:09:23,061 - elsapy.elssearch - INFO - Module loaded.
2021-03-20 00:09:41,075 - elsapy.elsclient - INFO - Module loaded.
2021-03-20 00:09:41,370 - elsapy.elsentity - INFO - Module loaded.
2021-03-20 00:09:41,371 - elsapy.utils - INFO - Module loaded.
2021-03-20 00:09:41,371 - elsapy.elsprofile - INFO - Module loaded.
2021-03-20 00:09:41,372 - elsapy.elsdoc - INFO - Module loaded.
2021-03-20 00:09:41,373 - elsapy.elssearch - INFO - Module loaded.
2021-03-20 00:15:07,617 - elsapy.elsclient - INFO - Module loaded.
2021-03-20 00:15:07,929 - elsapy.elsentity - INFO - Module loaded.
2021-03-20 00:15:07,929 - elsapy.utils - INFO - Module loaded.
2021-03-20 00:15:07,930 - elsapy.elsprofile - INFO - Module loaded.
2021-03-20 00:15:07,931 - elsapy.elsdoc - INFO - Module loaded.
2021-03-20 00:15:07,931 - elsapy.elssearch - INFO - Module loaded.
2021-03-20 00:21:11,274 - elsapy.elsclient - INFO - Module loaded.
2021-03-20 00:21:11,581 - elsapy.elsentity - INFO - Module loaded.
2021-03-20 00:21:11,582 - elsapy.utils - INFO - Module loaded.
2021-03-20 00:21:11,582 - elsapy.elsprofile - INFO - Module loaded.
2021-03-20 00:21:11,583 - elsapy.elsdoc - INFO - Module loaded.
2021-03-20 00:21:11,584 - elsapy.elssearch - INFO - Module loaded.
2021-03-20 00:21:19,960 - elsapy.elsclient - INFO - Module loaded.
2021-03-20 00:21:20,291 - elsapy.elsentity - INFO - Module loaded.
2021-03-20 00:21:20,292 - elsapy.utils - INFO - Module loaded.
2021-03-20 00:21:20,292 - elsapy.elsprofile - INFO - Module loaded.
2021-03-20 00:21:20,293 - elsapy.elsdoc - INFO - Module loaded.
2021-03-20 00:21:20,294 - elsapy.elssearch - INFO - Module loaded.
2021-03-20 00:24:48,275 - elsapy.elsclient - INFO - Module loaded.
2021-03-20 00:24:48,593 - elsapy.elsentity - INFO - Module loaded.
2021-03-20 00:24:48,594 - elsapy.utils - INFO - Module loaded.
2021-03-20 00:24:48,594 - elsapy.elsprofile - INFO - Module loaded.
2021-03-20 00:24:48,595 - elsapy.elsdoc - INFO - Module loaded.
2021-03-20 00:24:48,596 - elsapy.elssearch - INFO - Module loaded.
2021-03-20 00:25:48,336 - elsapy.elsclient - INFO - Module loaded.
2021-03-20 00:25:48,627 - elsapy.elsentity - INFO - Module loaded.
2021-03-20 00:25:48,628 - elsapy.utils - INFO - Module loaded.
2021-03-20 00:25:48,628 - elsapy.elsprofile - INFO - Module loaded.
2021-03-20 00:25:48,629 - elsapy.elsdoc - INFO - Module loaded.
2021-03-20 00:25:48,629 - elsapy.elssearch - INFO - Module loaded.
2021-03-20 00:26:24,240 - elsapy.elsclient - INFO - Module loaded.
2021-03-20 00:26:24,530 - elsapy.elsentity - INFO - Module loaded.
2021-03-20 00:26:24,531 - elsapy.utils - INFO - Module loaded.
2021-03-20 00:26:24,531 - elsapy.elsprofile - INFO - Module loaded.
2021-03-20 00:26:24,532 - elsapy.elsdoc - INFO - Module loaded.
2021-03-20 00:26:24,532 - elsapy.elssearch - INFO - Module loaded.
2021-03-20 00:27:22,506 - elsapy.elsclient - INFO - Module loaded.
2021-03-20 00:27:22,799 - elsapy.elsentity - INFO - Module loaded.
2021-03-20 00:27:22,800 - elsapy.utils - INFO - Module loaded.
2021-03-20 00:27:22,800 - elsapy.elsprofile - INFO - Module loaded.
2021-03-20 00:27:22,801 - elsapy.elsdoc - INFO - Module loaded.
2021-03-20 00:27:22,802 - elsapy.elssearch - INFO - Module loaded.
2021-03-20 00:27:41,948 - elsapy.elsclient - INFO - Module loaded.
2021-03-20 00:27:42,246 - elsapy.elsentity - INFO - Module loaded.
2021-03-20 00:27:42,246 - elsapy.utils - INFO - Module loaded.
2021-03-20 00:27:42,247 - elsapy.elsprofile - INFO - Module loaded.
2021-03-20 00:27:42,247 - elsapy.elsdoc - INFO - Module loaded.
2021-03-20 00:27:42,248 - elsapy.elssearch - INFO - Module loaded.
2021-03-20 00:28:11,501 - elsapy.elsclient - INFO - Module loaded.
2021-03-20 00:28:11,792 - elsapy.elsentity - INFO - Module loaded.
2021-03-20 00:28:11,793 - elsapy.utils - INFO - Module loaded.
2021-03-20 00:28:11,793 - elsapy.elsprofile - INFO - Module loaded.
2021-03-20 00:28:11,794 - elsapy.elsdoc - INFO - Module loaded.
2021-03-20 00:28:11,795 - elsapy.elssearch - INFO - Module loaded.
2021-03-20 00:28:15,810 - elsapy.elsclient - INFO - Module loaded.
2021-03-20 00:28:16,103 - elsapy.elsentity - INFO - Module loaded.
2021-03-20 00:28:16,103 - elsapy.utils - INFO - Module loaded.
2021-03-20 00:28:16,104 - elsapy.elsprofile - INFO - Module loaded.
2021-03-20 00:28:16,104 - elsapy.elsdoc - INFO - Module loaded.
2021-03-20 00:28:16,105 - elsapy.elssearch - INFO - Module loaded.
2021-03-20 00:28:21,160 - elsapy.elsclient - INFO - Module loaded.
2021-03-20 00:28:21,454 - elsapy.elsentity - INFO - Module loaded.
2021-03-20 00:28:21,454 - elsapy.utils - INFO - Module loaded.
2021-03-20 00:28:21,454 - elsapy.elsprofile - INFO - Module loaded.
2021-03-20 00:28:21,455 - elsapy.elsdoc - INFO - Module loaded.
2021-03-20 00:28:21,456 - elsapy.elssearch - INFO - Module loaded.
2021-03-20 00:28:38,352 - elsapy.elsclient - INFO - Module loaded.
2021-03-20 00:28:38,642 - elsapy.elsentity - INFO - Module loaded.
2021-03-20 00:28:38,643 - elsapy.utils - INFO - Module loaded.
2021-03-20 00:28:38,643 - elsapy.elsprofile - INFO - Module loaded.
2021-03-20 00:28:38,644 - elsapy.elsdoc - INFO - Module loaded.
2021-03-20 00:28:38,644 - elsapy.elssearch - INFO - Module loaded.
2021-03-20 00:28:49,121 - elsapy.elsclient - INFO - Module loaded.
2021-03-20 00:28:49,414 - elsapy.elsentity - INFO - Module loaded.
2021-03-20 00:28:49,415 - elsapy.utils - INFO - Module loaded.
2021-03-20 00:28:49,415 - elsapy.elsprofile - INFO - Module loaded.
2021-03-20 00:28:49,416 - elsapy.elsdoc - INFO - Module loaded.
2021-03-20 00:28:49,416 - elsapy.elssearch - INFO - Module loaded.
2021-03-20 00:29:14,938 - elsapy.elsclient - INFO - Module loaded.
2021-03-20 00:29:15,230 - elsapy.elsentity - INFO - Module loaded.
2021-03-20 00:29:15,230 - elsapy.utils - INFO - Module loaded.
2021-03-20 00:29:15,231 - elsapy.elsprofile - INFO - Module loaded.
2021-03-20 00:29:15,231 - elsapy.elsdoc - INFO - Module loaded.
2021-03-20 00:29:15,232 - elsapy.elssearch - INFO - Module loaded.
2021-03-20 00:30:49,928 - elsapy.elsclient - INFO - Module loaded.
2021-03-20 00:30:50,245 - elsapy.elsentity - INFO - Module loaded.
2021-03-20 00:30:50,246 - elsapy.utils - INFO - Module loaded.
2021-03-20 00:30:50,246 - elsapy.elsprofile - INFO - Module loaded.
2021-03-20 00:30:50,247 - elsapy.elsdoc - INFO - Module loaded.
2021-03-20 00:30:50,248 - elsapy.elssearch - INFO - Module loaded.
2021-03-20 00:31:00,693 - elsapy.elsclient - INFO - Module loaded.
2021-03-20 00:31:00,986 - elsapy.elsentity - INFO - Module loaded.
2021-03-20 00:31:00,987 - elsapy.utils - INFO - Module loaded.
2021-03-20 00:31:00,987 - elsapy.elsprofile - INFO - Module loaded.
2021-03-20 00:31:00,988 - elsapy.elsdoc - INFO - Module loaded.
2021-03-20 00:31:00,989 - elsapy.elssearch - INFO - Module loaded.
2021-03-20 00:33:25,263 - elsapy.elsclient - INFO - Module loaded.
2021-03-20 00:33:25,559 - elsapy.elsentity - INFO - Module loaded.
2021-03-20 00:33:25,560 - elsapy.utils - INFO - Module loaded.
2021-03-20 00:33:25,560 - elsapy.elsprofile - INFO - Module loaded.
2021-03-20 00:33:25,561 - elsapy.elsdoc - INFO - Module loaded.
2021-03-20 00:33:25,562 - elsapy.elssearch - INFO - Module loaded.
2021-03-20 00:33:44,725 - elsapy.elsclient - INFO - Module loaded.
2021-03-20 00:33:45,014 - elsapy.elsentity - INFO - Module loaded.
2021-03-20 00:33:45,015 - elsapy.utils - INFO - Module loaded.
2021-03-20 00:33:45,015 - elsapy.elsprofile - INFO - Module loaded.
2021-03-20 00:33:45,016 - elsapy.elsdoc - INFO - Module loaded.
2021-03-20 00:33:45,016 - elsapy.elssearch - INFO - Module loaded.
2021-03-20 00:33:55,543 - elsapy.elsclient - INFO - Module loaded.
2021-03-20 00:33:55,847 - elsapy.elsentity - INFO - Module loaded.
2021-03-20 00:33:55,848 - elsapy.utils - INFO - Module loaded.
2021-03-20 00:33:55,848 - elsapy.elsprofile - INFO - Module loaded.
2021-03-20 00:33:55,849 - elsapy.elsdoc - INFO - Module loaded.
2021-03-20 00:33:55,849 - elsapy.elssearch - INFO - Module loaded.
2021-03-20 00:34:21,968 - elsapy.elsclient - INFO - Module loaded.
2021-03-20 00:34:22,266 - elsapy.elsentity - INFO - Module loaded.
2021-03-20 00:34:22,266 - elsapy.utils - INFO - Module loaded.
2021-03-20 00:34:22,267 - elsapy.elsprofile - INFO - Module loaded.
2021-03-20 00:34:22,267 - elsapy.elsdoc - INFO - Module loaded.
2021-03-20 00:34:22,268 - elsapy.elssearch - INFO - Module loaded.
2021-03-20 00:35:03,435 - elsapy.elsclient - INFO - Module loaded.
2021-03-20 00:35:03,727 - elsapy.elsentity - INFO - Module loaded.
2021-03-20 00:35:03,728 - elsapy.utils - INFO - Module loaded.
2021-03-20 00:35:03,728 - elsapy.elsprofile - INFO - Module loaded.
2021-03-20 00:35:03,729 - elsapy.elsdoc - INFO - Module loaded.
2021-03-20 00:35:03,730 - elsapy.elssearch - INFO - Module loaded.
2021-03-20 00:35:18,441 - elsapy.elsclient - INFO - Module loaded.
2021-03-20 00:35:18,743 - elsapy.elsentity - INFO - Module loaded.
2021-03-20 00:35:18,744 - elsapy.utils - INFO - Module loaded.
2021-03-20 00:35:18,744 - elsapy.elsprofile - INFO - Module loaded.
2021-03-20 00:35:18,745 - elsapy.elsdoc - INFO - Module loaded.
2021-03-20 00:35:18,745 - elsapy.elssearch - INFO - Module loaded.
2021-03-20 00:35:33,528 - elsapy.elsclient - INFO - Module loaded.
2021-03-20 00:35:33,819 - elsapy.elsentity - INFO - Module loaded.
2021-03-20 00:35:33,820 - elsapy.utils - INFO - Module loaded.
2021-03-20 00:35:33,820 - elsapy.elsprofile - INFO - Module loaded.
2021-03-20 00:35:33,821 - elsapy.elsdoc - INFO - Module loaded.
2021-03-20 00:35:33,821 - elsapy.elssearch - INFO - Module loaded.
2021-03-20 00:35:41,014 - elsapy.elsclient - INFO - Module loaded.
2021-03-20 00:35:41,320 - elsapy.elsentity - INFO - Module loaded.
2021-03-20 00:35:41,321 - elsapy.utils - INFO - Module loaded.
2021-03-20 00:35:41,321 - elsapy.elsprofile - INFO - Module loaded.
2021-03-20 00:35:41,322 - elsapy.elsdoc - INFO - Module loaded.
2021-03-20 00:35:41,322 - elsapy.elssearch - INFO - Module loaded.
2021-03-20 09:45:46,495 - elsapy.elsclient - INFO - Module loaded.
2021-03-20 09:45:46,999 - elsapy.elsentity - INFO - Module loaded.
2021-03-20 09:45:47,000 - elsapy.utils - INFO - Module loaded.
2021-03-20 09:45:47,000 - elsapy.elsprofile - INFO - Module loaded.
2021-03-20 09:45:47,001 - elsapy.elsdoc - INFO - Module loaded.
2021-03-20 09:45:47,002 - elsapy.elssearch - INFO - Module loaded.
2021-03-20 09:46:38,112 - elsapy.elsclient - INFO - Module loaded.
2021-03-20 09:46:38,405 - elsapy.elsentity - INFO - Module loaded.
2021-03-20 09:46:38,405 - elsapy.utils - INFO - Module loaded.
2021-03-20 09:46:38,406 - elsapy.elsprofile - INFO - Module loaded.
2021-03-20 09:46:38,406 - elsapy.elsdoc - INFO - Module loaded.
2021-03-20 09:46:38,407 - elsapy.elssearch - INFO - Module loaded.
2021-03-20 09:53:51,061 - elsapy.elsclient - INFO - Module loaded.
2021-03-20 09:53:51,363 - elsapy.elsentity - INFO - Module loaded.
2021-03-20 09:53:51,363 - elsapy.utils - INFO - Module loaded.
2021-03-20 09:53:51,364 - elsapy.elsprofile - INFO - Module loaded.
2021-03-20 09:53:51,364 - elsapy.elsdoc - INFO - Module loaded.
2021-03-20 09:53:51,365 - elsapy.elssearch - INFO - Module loaded.
2021-03-20 09:54:00,743 - elsapy.elsclient - INFO - Module loaded.
2021-03-20 09:54:01,037 - elsapy.elsentity - INFO - Module loaded.
2021-03-20 09:54:01,038 - elsapy.utils - INFO - Module loaded.
2021-03-20 09:54:01,038 - elsapy.elsprofile - INFO - Module loaded.
2021-03-20 09:54:01,039 - elsapy.elsdoc - INFO - Module loaded.
2021-03-20 09:54:01,039 - elsapy.elssearch - INFO - Module loaded.
2021-03-20 09:54:06,124 - elsapy.elsclient - INFO - Module loaded.
2021-03-20 09:54:06,418 - elsapy.elsentity - INFO - Module loaded.
2021-03-20 09:54:06,418 - elsapy.utils - INFO - Module loaded.
2021-03-20 09:54:06,419 - elsapy.elsprofile - INFO - Module loaded.
2021-03-20 09:54:06,419 - elsapy.elsdoc - INFO - Module loaded.
2021-03-20 09:54:06,420 - elsapy.elssearch - INFO - Module loaded.
2021-03-20 09:54:14,687 - elsapy.elsclient - INFO - Module loaded.
2021-03-20 09:54:14,978 - elsapy.elsentity - INFO - Module loaded.
2021-03-20 09:54:14,979 - elsapy.utils - INFO - Module loaded.
2021-03-20 09:54:14,979 - elsapy.elsprofile - INFO - Module loaded.
2021-03-20 09:54:14,980 - elsapy.elsdoc - INFO - Module loaded.
2021-03-20 09:54:14,981 - elsapy.elssearch - INFO - Module loaded.
2021-03-20 10:15:31,159 - elsapy.elsclient - INFO - Module loaded.
2021-03-20 10:15:31,454 - elsapy.elsentity - INFO - Module loaded.
2021-03-20 10:15:31,455 - elsapy.utils - INFO - Module loaded.
2021-03-20 10:15:31,455 - elsapy.elsprofile - INFO - Module loaded.
2021-03-20 10:15:31,456 - elsapy.elsdoc - INFO - Module loaded.
2021-03-20 10:15:31,456 - elsapy.elssearch - INFO - Module loaded.
2021-03-20 10:18:02,476 - elsapy.elsclient - INFO - Module loaded.
2021-03-20 10:18:02,768 - elsapy.elsentity - INFO - Module loaded.
2021-03-20 10:18:02,768 - elsapy.utils - INFO - Module loaded.
2021-03-20 10:18:02,769 - elsapy.elsprofile - INFO - Module loaded.
2021-03-20 10:18:02,769 - elsapy.elsdoc - INFO - Module loaded.
2021-03-20 10:18:02,770 - elsapy.elssearch - INFO - Module loaded.
2021-03-20 10:23:03,368 - elsapy.elsclient - INFO - Sending GET request to https://api.elsevier.com/content/search/sciencedirect?query=run
2021-03-20 10:23:05,528 - elsapy.utils - INFO - Converting prism:coverDate
2021-03-20 10:23:06,524 - elsapy.elsclient - INFO - Sending GET request to https://api.elsevier.com/content/article/pii/S2095254621000235
2021-03-20 10:23:08,844 - elsapy.elsentity - INFO - Data loaded for https://api.elsevier.com/content/article/pii/S2095254621000235
2021-03-20 10:23:09,858 - elsapy.elsclient - INFO - Sending GET request to https://api.elsevier.com/content/article/pii/S2214140520301997
2021-03-20 10:23:12,381 - elsapy.elsentity - INFO - Data loaded for https://api.elsevier.com/content/article/pii/S2214140520301997
2021-03-20 10:23:13,394 - elsapy.elsclient - INFO - Sending GET request to https://api.elsevier.com/content/article/pii/S0098135421000454
2021-03-20 10:23:15,831 - elsapy.elsentity - INFO - Data loaded for https://api.elsevier.com/content/article/pii/S0098135421000454
2021-03-20 10:23:16,838 - elsapy.elsclient - INFO - Sending GET request to https://api.elsevier.com/content/article/pii/S0029801821001050
2021-03-20 10:23:19,257 - elsapy.elsentity - INFO - Data loaded for https://api.elsevier.com/content/article/pii/S0029801821001050
2021-03-20 10:23:20,264 - elsapy.elsclient - INFO - Sending GET request to https://api.elsevier.com/content/article/pii/S0360835220307014
2021-03-20 10:23:23,018 - elsapy.elsentity - INFO - Data loaded for https://api.elsevier.com/content/article/pii/S0360835220307014
2021-03-20 10:23:50,489 - elsapy.elsclient - INFO - Sending GET request to https://api.elsevier.com/content/search/sciencedirect?query=data+%2B+run
2021-03-20 10:23:52,529 - elsapy.utils - INFO - Converting prism:coverDate
2021-03-20 10:23:53,541 - elsapy.elsclient - INFO - Sending GET request to https://api.elsevier.com/content/article/pii/S0305750X20303910
2021-03-20 10:23:55,848 - elsapy.elsentity - INFO - Data loaded for https://api.elsevier.com/content/article/pii/S0305750X20303910
2021-03-20 10:23:56,861 - elsapy.elsclient - INFO - Sending GET request to https://api.elsevier.com/content/article/pii/S2214140520301997
2021-03-20 10:23:59,257 - elsapy.elsentity - INFO - Data loaded for https://api.elsevier.com/content/article/pii/S2214140520301997
2021-03-20 10:24:00,261 - elsapy.elsclient - INFO - Sending GET request to https://api.elsevier.com/content/article/pii/S1383762120300916
2021-03-20 10:24:01,983 - elsapy.elsentity - INFO - Data loaded for https://api.elsevier.com/content/article/pii/S1383762120300916
2021-03-20 10:24:02,986 - elsapy.elsclient - INFO - Sending GET request to https://api.elsevier.com/content/article/pii/S2666281720303929
2021-03-20 10:24:04,506 - elsapy.elsentity - INFO - Data loaded for https://api.elsevier.com/content/article/pii/S2666281720303929
2021-03-20 10:24:05,514 - elsapy.elsclient - INFO - Sending GET request to https://api.elsevier.com/content/article/pii/S0047272720300608
2021-03-20 10:24:07,808 - elsapy.elsentity - INFO - Data loaded for https://api.elsevier.com/content/article/pii/S0047272720300608
2021-03-20 10:25:37,627 - elsapy.elsclient - INFO - Module loaded.
2021-03-20 10:25:37,920 - elsapy.elsentity - INFO - Module loaded.
2021-03-20 10:25:37,921 - elsapy.utils - INFO - Module loaded.
2021-03-20 10:25:37,921 - elsapy.elsprofile - INFO - Module loaded.
2021-03-20 10:25:37,922 - elsapy.elsdoc - INFO - Module loaded.
2021-03-20 10:25:37,923 - elsapy.elssearch - INFO - Module loaded.
