2021-02-25 10:56:14,598 - elsapy.elsclient - INFO - Module loaded.
2021-02-25 10:56:14,943 - elsapy.elsentity - INFO - Module loaded.
2021-02-25 10:56:14,944 - elsapy.utils - INFO - Module loaded.
2021-02-25 10:56:14,944 - elsapy.elsprofile - INFO - Module loaded.
2021-02-25 10:56:14,945 - elsapy.elsdoc - INFO - Module loaded.
2021-02-25 10:56:14,945 - elsapy.elssearch - INFO - Module loaded.
2021-02-25 10:56:59,778 - elsapy.elsclient - INFO - Module loaded.
2021-02-25 10:57:00,092 - elsapy.elsentity - INFO - Module loaded.
2021-02-25 10:57:00,093 - elsapy.utils - INFO - Module loaded.
2021-02-25 10:57:00,096 - elsapy.elsprofile - INFO - Module loaded.
2021-02-25 10:57:00,097 - elsapy.elsdoc - INFO - Module loaded.
2021-02-25 10:57:00,098 - elsapy.elssearch - INFO - Module loaded.
2021-02-25 10:59:50,009 - elsapy.elsclient - INFO - Module loaded.
2021-02-25 10:59:50,286 - elsapy.elsentity - INFO - Module loaded.
2021-02-25 10:59:50,287 - elsapy.utils - INFO - Module loaded.
2021-02-25 10:59:50,287 - elsapy.elsprofile - INFO - Module loaded.
2021-02-25 10:59:50,288 - elsapy.elsdoc - INFO - Module loaded.
2021-02-25 10:59:50,288 - elsapy.elssearch - INFO - Module loaded.
2021-02-25 11:00:11,595 - elsapy.elsclient - INFO - Module loaded.
2021-02-25 11:00:11,872 - elsapy.elsentity - INFO - Module loaded.
2021-02-25 11:00:11,872 - elsapy.utils - INFO - Module loaded.
2021-02-25 11:00:11,872 - elsapy.elsprofile - INFO - Module loaded.
2021-02-25 11:00:11,872 - elsapy.elsdoc - INFO - Module loaded.
2021-02-25 11:00:11,873 - elsapy.elssearch - INFO - Module loaded.
2021-02-25 11:00:14,941 - elsapy.elsclient - INFO - Module loaded.
2021-02-25 11:00:15,209 - elsapy.elsentity - INFO - Module loaded.
2021-02-25 11:00:15,210 - elsapy.utils - INFO - Module loaded.
2021-02-25 11:00:15,210 - elsapy.elsprofile - INFO - Module loaded.
2021-02-25 11:00:15,211 - elsapy.elsdoc - INFO - Module loaded.
2021-02-25 11:00:15,211 - elsapy.elssearch - INFO - Module loaded.
2021-02-25 11:00:23,509 - elsapy.elsclient - INFO - Module loaded.
2021-02-25 11:00:23,781 - elsapy.elsentity - INFO - Module loaded.
2021-02-25 11:00:23,782 - elsapy.utils - INFO - Module loaded.
2021-02-25 11:00:23,782 - elsapy.elsprofile - INFO - Module loaded.
2021-02-25 11:00:23,783 - elsapy.elsdoc - INFO - Module loaded.
2021-02-25 11:00:23,783 - elsapy.elssearch - INFO - Module loaded.
2021-02-25 11:00:27,907 - elsapy.elsclient - INFO - Module loaded.
2021-02-25 11:00:28,175 - elsapy.elsentity - INFO - Module loaded.
2021-02-25 11:00:28,175 - elsapy.utils - INFO - Module loaded.
2021-02-25 11:00:28,176 - elsapy.elsprofile - INFO - Module loaded.
2021-02-25 11:00:28,176 - elsapy.elsdoc - INFO - Module loaded.
2021-02-25 11:00:28,177 - elsapy.elssearch - INFO - Module loaded.
2021-02-25 11:00:37,590 - elsapy.elsclient - INFO - Module loaded.
2021-02-25 11:00:37,881 - elsapy.elsentity - INFO - Module loaded.
2021-02-25 11:00:37,881 - elsapy.utils - INFO - Module loaded.
2021-02-25 11:00:37,881 - elsapy.elsprofile - INFO - Module loaded.
2021-02-25 11:00:37,882 - elsapy.elsdoc - INFO - Module loaded.
2021-02-25 11:00:37,883 - elsapy.elssearch - INFO - Module loaded.
2021-02-25 11:01:58,229 - elsapy.elsclient - INFO - Module loaded.
2021-02-25 11:01:58,498 - elsapy.elsentity - INFO - Module loaded.
2021-02-25 11:01:58,499 - elsapy.utils - INFO - Module loaded.
2021-02-25 11:01:58,499 - elsapy.elsprofile - INFO - Module loaded.
2021-02-25 11:01:58,500 - elsapy.elsdoc - INFO - Module loaded.
2021-02-25 11:01:58,501 - elsapy.elssearch - INFO - Module loaded.
2021-02-25 11:02:01,575 - elsapy.elsclient - INFO - Module loaded.
2021-02-25 11:02:01,844 - elsapy.elsentity - INFO - Module loaded.
2021-02-25 11:02:01,845 - elsapy.utils - INFO - Module loaded.
2021-02-25 11:02:01,845 - elsapy.elsprofile - INFO - Module loaded.
2021-02-25 11:02:01,846 - elsapy.elsdoc - INFO - Module loaded.
2021-02-25 11:02:01,847 - elsapy.elssearch - INFO - Module loaded.
2021-02-25 11:02:04,900 - elsapy.elsclient - INFO - Module loaded.
2021-02-25 11:02:05,167 - elsapy.elsentity - INFO - Module loaded.
2021-02-25 11:02:05,167 - elsapy.utils - INFO - Module loaded.
2021-02-25 11:02:05,168 - elsapy.elsprofile - INFO - Module loaded.
2021-02-25 11:02:05,168 - elsapy.elsdoc - INFO - Module loaded.
2021-02-25 11:02:05,169 - elsapy.elssearch - INFO - Module loaded.
2021-02-25 11:03:21,603 - elsapy.elsclient - INFO - Module loaded.
2021-02-25 11:03:21,878 - elsapy.elsentity - INFO - Module loaded.
2021-02-25 11:03:21,878 - elsapy.utils - INFO - Module loaded.
2021-02-25 11:03:21,879 - elsapy.elsprofile - INFO - Module loaded.
2021-02-25 11:03:21,879 - elsapy.elsdoc - INFO - Module loaded.
2021-02-25 11:03:21,880 - elsapy.elssearch - INFO - Module loaded.
2021-02-25 11:03:39,617 - elsapy.elsclient - INFO - Module loaded.
2021-02-25 11:03:39,889 - elsapy.elsentity - INFO - Module loaded.
2021-02-25 11:03:39,890 - elsapy.utils - INFO - Module loaded.
2021-02-25 11:03:39,890 - elsapy.elsprofile - INFO - Module loaded.
2021-02-25 11:03:39,891 - elsapy.elsdoc - INFO - Module loaded.
2021-02-25 11:03:39,891 - elsapy.elssearch - INFO - Module loaded.
2021-02-25 11:04:33,393 - elsapy.elsclient - INFO - Module loaded.
2021-02-25 11:04:33,667 - elsapy.elsentity - INFO - Module loaded.
2021-02-25 11:04:33,668 - elsapy.utils - INFO - Module loaded.
2021-02-25 11:04:33,668 - elsapy.elsprofile - INFO - Module loaded.
2021-02-25 11:04:33,669 - elsapy.elsdoc - INFO - Module loaded.
2021-02-25 11:04:33,670 - elsapy.elssearch - INFO - Module loaded.
2021-02-25 11:04:38,845 - elsapy.elsclient - INFO - Module loaded.
2021-02-25 11:04:39,113 - elsapy.elsentity - INFO - Module loaded.
2021-02-25 11:04:39,114 - elsapy.utils - INFO - Module loaded.
2021-02-25 11:04:39,114 - elsapy.elsprofile - INFO - Module loaded.
2021-02-25 11:04:39,115 - elsapy.elsdoc - INFO - Module loaded.
2021-02-25 11:04:39,116 - elsapy.elssearch - INFO - Module loaded.
2021-02-25 11:05:00,076 - elsapy.elsclient - INFO - Module loaded.
2021-02-25 11:05:00,345 - elsapy.elsentity - INFO - Module loaded.
2021-02-25 11:05:00,345 - elsapy.utils - INFO - Module loaded.
2021-02-25 11:05:00,346 - elsapy.elsprofile - INFO - Module loaded.
2021-02-25 11:05:00,346 - elsapy.elsdoc - INFO - Module loaded.
2021-02-25 11:05:00,347 - elsapy.elssearch - INFO - Module loaded.
2021-02-25 11:06:53,408 - elsapy.elsclient - INFO - Module loaded.
2021-02-25 11:06:53,686 - elsapy.elsentity - INFO - Module loaded.
2021-02-25 11:06:53,686 - elsapy.utils - INFO - Module loaded.
2021-02-25 11:06:53,687 - elsapy.elsprofile - INFO - Module loaded.
2021-02-25 11:06:53,687 - elsapy.elsdoc - INFO - Module loaded.
2021-02-25 11:06:53,688 - elsapy.elssearch - INFO - Module loaded.
2021-02-25 11:06:59,953 - elsapy.elsclient - INFO - Module loaded.
2021-02-25 11:07:00,234 - elsapy.elsentity - INFO - Module loaded.
2021-02-25 11:07:00,235 - elsapy.utils - INFO - Module loaded.
2021-02-25 11:07:00,235 - elsapy.elsprofile - INFO - Module loaded.
2021-02-25 11:07:00,236 - elsapy.elsdoc - INFO - Module loaded.
2021-02-25 11:07:00,236 - elsapy.elssearch - INFO - Module loaded.
2021-02-25 11:12:18,738 - elsapy.elsclient - INFO - Module loaded.
2021-02-25 11:12:19,014 - elsapy.elsentity - INFO - Module loaded.
2021-02-25 11:12:19,015 - elsapy.utils - INFO - Module loaded.
2021-02-25 11:12:19,015 - elsapy.elsprofile - INFO - Module loaded.
2021-02-25 11:12:19,016 - elsapy.elsdoc - INFO - Module loaded.
2021-02-25 11:12:19,017 - elsapy.elssearch - INFO - Module loaded.
2021-02-25 11:12:39,884 - elsapy.elsclient - INFO - Module loaded.
2021-02-25 11:12:40,153 - elsapy.elsentity - INFO - Module loaded.
2021-02-25 11:12:40,154 - elsapy.utils - INFO - Module loaded.
2021-02-25 11:12:40,154 - elsapy.elsprofile - INFO - Module loaded.
2021-02-25 11:12:40,155 - elsapy.elsdoc - INFO - Module loaded.
2021-02-25 11:12:40,155 - elsapy.elssearch - INFO - Module loaded.
2021-02-25 11:12:57,391 - elsapy.elsclient - INFO - Module loaded.
2021-02-25 11:12:57,662 - elsapy.elsentity - INFO - Module loaded.
2021-02-25 11:12:57,663 - elsapy.utils - INFO - Module loaded.
2021-02-25 11:12:57,663 - elsapy.elsprofile - INFO - Module loaded.
2021-02-25 11:12:57,663 - elsapy.elsdoc - INFO - Module loaded.
2021-02-25 11:12:57,664 - elsapy.elssearch - INFO - Module loaded.
2021-02-25 11:13:55,193 - elsapy.elsclient - INFO - Module loaded.
2021-02-25 11:13:55,469 - elsapy.elsentity - INFO - Module loaded.
2021-02-25 11:13:55,470 - elsapy.utils - INFO - Module loaded.
2021-02-25 11:13:55,470 - elsapy.elsprofile - INFO - Module loaded.
2021-02-25 11:13:55,471 - elsapy.elsdoc - INFO - Module loaded.
2021-02-25 11:13:55,472 - elsapy.elssearch - INFO - Module loaded.
2021-02-25 11:14:04,827 - elsapy.elsclient - INFO - Module loaded.
2021-02-25 11:14:05,097 - elsapy.elsentity - INFO - Module loaded.
2021-02-25 11:14:05,098 - elsapy.utils - INFO - Module loaded.
2021-02-25 11:14:05,098 - elsapy.elsprofile - INFO - Module loaded.
2021-02-25 11:14:05,099 - elsapy.elsdoc - INFO - Module loaded.
2021-02-25 11:14:05,100 - elsapy.elssearch - INFO - Module loaded.
2021-02-25 11:14:17,583 - elsapy.elsclient - INFO - Module loaded.
2021-02-25 11:14:17,853 - elsapy.elsentity - INFO - Module loaded.
2021-02-25 11:14:17,854 - elsapy.utils - INFO - Module loaded.
2021-02-25 11:14:17,854 - elsapy.elsprofile - INFO - Module loaded.
2021-02-25 11:14:17,854 - elsapy.elsdoc - INFO - Module loaded.
2021-02-25 11:14:17,855 - elsapy.elssearch - INFO - Module loaded.
2021-02-25 11:14:34,555 - elsapy.elsclient - INFO - Module loaded.
2021-02-25 11:14:34,825 - elsapy.elsentity - INFO - Module loaded.
2021-02-25 11:14:34,826 - elsapy.utils - INFO - Module loaded.
2021-02-25 11:14:34,826 - elsapy.elsprofile - INFO - Module loaded.
2021-02-25 11:14:34,827 - elsapy.elsdoc - INFO - Module loaded.
2021-02-25 11:14:34,827 - elsapy.elssearch - INFO - Module loaded.
2021-02-25 11:18:04,806 - elsapy.elsclient - INFO - Module loaded.
2021-02-25 11:18:05,078 - elsapy.elsentity - INFO - Module loaded.
2021-02-25 11:18:05,079 - elsapy.utils - INFO - Module loaded.
2021-02-25 11:18:05,079 - elsapy.elsprofile - INFO - Module loaded.
2021-02-25 11:18:05,080 - elsapy.elsdoc - INFO - Module loaded.
2021-02-25 11:18:05,080 - elsapy.elssearch - INFO - Module loaded.
2021-02-25 11:18:23,849 - elsapy.elsclient - INFO - Module loaded.
2021-02-25 11:18:24,123 - elsapy.elsentity - INFO - Module loaded.
2021-02-25 11:18:24,123 - elsapy.utils - INFO - Module loaded.
2021-02-25 11:18:24,124 - elsapy.elsprofile - INFO - Module loaded.
2021-02-25 11:18:24,124 - elsapy.elsdoc - INFO - Module loaded.
2021-02-25 11:18:24,125 - elsapy.elssearch - INFO - Module loaded.
2021-02-25 11:18:40,782 - elsapy.elsclient - INFO - Module loaded.
2021-02-25 11:18:41,082 - elsapy.elsentity - INFO - Module loaded.
2021-02-25 11:18:41,083 - elsapy.utils - INFO - Module loaded.
2021-02-25 11:18:41,083 - elsapy.elsprofile - INFO - Module loaded.
2021-02-25 11:18:41,083 - elsapy.elsdoc - INFO - Module loaded.
2021-02-25 11:18:41,084 - elsapy.elssearch - INFO - Module loaded.
2021-02-25 11:19:33,207 - elsapy.elsclient - INFO - Module loaded.
2021-02-25 11:19:33,481 - elsapy.elsentity - INFO - Module loaded.
2021-02-25 11:19:33,482 - elsapy.utils - INFO - Module loaded.
2021-02-25 11:19:33,482 - elsapy.elsprofile - INFO - Module loaded.
2021-02-25 11:19:33,483 - elsapy.elsdoc - INFO - Module loaded.
2021-02-25 11:19:33,484 - elsapy.elssearch - INFO - Module loaded.
2021-02-25 11:20:08,481 - elsapy.elsclient - INFO - Module loaded.
2021-02-25 11:20:08,759 - elsapy.elsentity - INFO - Module loaded.
2021-02-25 11:20:08,759 - elsapy.utils - INFO - Module loaded.
2021-02-25 11:20:08,759 - elsapy.elsprofile - INFO - Module loaded.
2021-02-25 11:20:08,760 - elsapy.elsdoc - INFO - Module loaded.
2021-02-25 11:20:08,761 - elsapy.elssearch - INFO - Module loaded.
2021-02-25 11:20:13,908 - elsapy.elsclient - INFO - Module loaded.
2021-02-25 11:20:14,184 - elsapy.elsentity - INFO - Module loaded.
2021-02-25 11:20:14,184 - elsapy.utils - INFO - Module loaded.
2021-02-25 11:20:14,185 - elsapy.elsprofile - INFO - Module loaded.
2021-02-25 11:20:14,185 - elsapy.elsdoc - INFO - Module loaded.
2021-02-25 11:20:14,186 - elsapy.elssearch - INFO - Module loaded.
2021-02-25 11:23:26,319 - elsapy.elsclient - INFO - Module loaded.
2021-02-25 11:23:26,592 - elsapy.elsentity - INFO - Module loaded.
2021-02-25 11:23:26,592 - elsapy.utils - INFO - Module loaded.
2021-02-25 11:23:26,592 - elsapy.elsprofile - INFO - Module loaded.
2021-02-25 11:23:26,593 - elsapy.elsdoc - INFO - Module loaded.
2021-02-25 11:23:26,594 - elsapy.elssearch - INFO - Module loaded.
2021-02-25 11:23:45,346 - elsapy.elsclient - INFO - Module loaded.
2021-02-25 11:23:45,620 - elsapy.elsentity - INFO - Module loaded.
2021-02-25 11:23:45,621 - elsapy.utils - INFO - Module loaded.
2021-02-25 11:23:45,621 - elsapy.elsprofile - INFO - Module loaded.
2021-02-25 11:23:45,622 - elsapy.elsdoc - INFO - Module loaded.
2021-02-25 11:23:45,622 - elsapy.elssearch - INFO - Module loaded.
2021-02-25 11:23:49,759 - elsapy.elsclient - INFO - Module loaded.
2021-02-25 11:23:50,027 - elsapy.elsentity - INFO - Module loaded.
2021-02-25 11:23:50,028 - elsapy.utils - INFO - Module loaded.
2021-02-25 11:23:50,028 - elsapy.elsprofile - INFO - Module loaded.
2021-02-25 11:23:50,029 - elsapy.elsdoc - INFO - Module loaded.
2021-02-25 11:23:50,029 - elsapy.elssearch - INFO - Module loaded.
2021-02-25 11:24:23,032 - elsapy.elsclient - INFO - Module loaded.
2021-02-25 11:24:23,305 - elsapy.elsentity - INFO - Module loaded.
2021-02-25 11:24:23,305 - elsapy.utils - INFO - Module loaded.
2021-02-25 11:24:23,305 - elsapy.elsprofile - INFO - Module loaded.
2021-02-25 11:24:23,306 - elsapy.elsdoc - INFO - Module loaded.
2021-02-25 11:24:23,307 - elsapy.elssearch - INFO - Module loaded.
2021-02-25 11:36:05,192 - elsapy.elsclient - INFO - Module loaded.
2021-02-25 11:36:05,469 - elsapy.elsentity - INFO - Module loaded.
2021-02-25 11:36:05,470 - elsapy.utils - INFO - Module loaded.
2021-02-25 11:36:05,470 - elsapy.elsprofile - INFO - Module loaded.
2021-02-25 11:36:05,471 - elsapy.elsdoc - INFO - Module loaded.
2021-02-25 11:36:05,472 - elsapy.elssearch - INFO - Module loaded.
2021-02-25 11:37:36,651 - elsapy.elsclient - INFO - Module loaded.
2021-02-25 11:37:36,921 - elsapy.elsentity - INFO - Module loaded.
2021-02-25 11:37:36,922 - elsapy.utils - INFO - Module loaded.
2021-02-25 11:37:36,922 - elsapy.elsprofile - INFO - Module loaded.
2021-02-25 11:37:36,923 - elsapy.elsdoc - INFO - Module loaded.
2021-02-25 11:37:36,924 - elsapy.elssearch - INFO - Module loaded.
2021-02-25 11:41:47,113 - elsapy.elsclient - INFO - Module loaded.
2021-02-25 11:41:47,383 - elsapy.elsentity - INFO - Module loaded.
2021-02-25 11:41:47,384 - elsapy.utils - INFO - Module loaded.
2021-02-25 11:41:47,384 - elsapy.elsprofile - INFO - Module loaded.
2021-02-25 11:41:47,384 - elsapy.elsdoc - INFO - Module loaded.
2021-02-25 11:41:47,385 - elsapy.elssearch - INFO - Module loaded.
2021-02-25 11:41:53,617 - elsapy.elsclient - INFO - Module loaded.
2021-02-25 11:41:53,887 - elsapy.elsentity - INFO - Module loaded.
2021-02-25 11:41:53,888 - elsapy.utils - INFO - Module loaded.
2021-02-25 11:41:53,888 - elsapy.elsprofile - INFO - Module loaded.
2021-02-25 11:41:53,889 - elsapy.elsdoc - INFO - Module loaded.
2021-02-25 11:41:53,890 - elsapy.elssearch - INFO - Module loaded.
2021-02-25 11:42:12,847 - elsapy.elsclient - INFO - Module loaded.
2021-02-25 11:42:13,158 - elsapy.elsentity - INFO - Module loaded.
2021-02-25 11:42:13,158 - elsapy.utils - INFO - Module loaded.
2021-02-25 11:42:13,159 - elsapy.elsprofile - INFO - Module loaded.
2021-02-25 11:42:13,159 - elsapy.elsdoc - INFO - Module loaded.
2021-02-25 11:42:13,160 - elsapy.elssearch - INFO - Module loaded.
2021-02-25 11:42:28,898 - elsapy.elsclient - INFO - Module loaded.
2021-02-25 11:42:29,176 - elsapy.elsentity - INFO - Module loaded.
2021-02-25 11:42:29,177 - elsapy.utils - INFO - Module loaded.
2021-02-25 11:42:29,177 - elsapy.elsprofile - INFO - Module loaded.
2021-02-25 11:42:29,178 - elsapy.elsdoc - INFO - Module loaded.
2021-02-25 11:42:29,179 - elsapy.elssearch - INFO - Module loaded.
2021-02-25 11:42:35,400 - elsapy.elsclient - INFO - Module loaded.
2021-02-25 11:42:35,671 - elsapy.elsentity - INFO - Module loaded.
2021-02-25 11:42:35,672 - elsapy.utils - INFO - Module loaded.
2021-02-25 11:42:35,672 - elsapy.elsprofile - INFO - Module loaded.
2021-02-25 11:42:35,673 - elsapy.elsdoc - INFO - Module loaded.
2021-02-25 11:42:35,674 - elsapy.elssearch - INFO - Module loaded.
2021-02-25 11:42:45,080 - elsapy.elsclient - INFO - Module loaded.
2021-02-25 11:42:45,405 - elsapy.elsentity - INFO - Module loaded.
2021-02-25 11:42:45,406 - elsapy.utils - INFO - Module loaded.
2021-02-25 11:42:45,406 - elsapy.elsprofile - INFO - Module loaded.
2021-02-25 11:42:45,407 - elsapy.elsdoc - INFO - Module loaded.
2021-02-25 11:42:45,408 - elsapy.elssearch - INFO - Module loaded.
2021-02-25 11:44:01,455 - elsapy.elsclient - INFO - Module loaded.
2021-02-25 11:44:01,726 - elsapy.elsentity - INFO - Module loaded.
2021-02-25 11:44:01,726 - elsapy.utils - INFO - Module loaded.
2021-02-25 11:44:01,727 - elsapy.elsprofile - INFO - Module loaded.
2021-02-25 11:44:01,727 - elsapy.elsdoc - INFO - Module loaded.
2021-02-25 11:44:01,728 - elsapy.elssearch - INFO - Module loaded.
2021-02-25 11:44:10,040 - elsapy.elsclient - INFO - Module loaded.
2021-02-25 11:44:10,310 - elsapy.elsentity - INFO - Module loaded.
2021-02-25 11:44:10,311 - elsapy.utils - INFO - Module loaded.
2021-02-25 11:44:10,311 - elsapy.elsprofile - INFO - Module loaded.
2021-02-25 11:44:10,312 - elsapy.elsdoc - INFO - Module loaded.
2021-02-25 11:44:10,312 - elsapy.elssearch - INFO - Module loaded.
2021-02-25 11:44:19,667 - elsapy.elsclient - INFO - Module loaded.
2021-02-25 11:44:19,936 - elsapy.elsentity - INFO - Module loaded.
2021-02-25 11:44:19,937 - elsapy.utils - INFO - Module loaded.
2021-02-25 11:44:19,937 - elsapy.elsprofile - INFO - Module loaded.
2021-02-25 11:44:19,938 - elsapy.elsdoc - INFO - Module loaded.
2021-02-25 11:44:19,938 - elsapy.elssearch - INFO - Module loaded.
2021-02-25 11:44:42,886 - elsapy.elsclient - INFO - Module loaded.
2021-02-25 11:44:43,156 - elsapy.elsentity - INFO - Module loaded.
2021-02-25 11:44:43,157 - elsapy.utils - INFO - Module loaded.
2021-02-25 11:44:43,157 - elsapy.elsprofile - INFO - Module loaded.
2021-02-25 11:44:43,158 - elsapy.elsdoc - INFO - Module loaded.
2021-02-25 11:44:43,158 - elsapy.elssearch - INFO - Module loaded.
2021-02-25 11:44:49,369 - elsapy.elsclient - INFO - Module loaded.
2021-02-25 11:44:49,639 - elsapy.elsentity - INFO - Module loaded.
2021-02-25 11:44:49,639 - elsapy.utils - INFO - Module loaded.
2021-02-25 11:44:49,639 - elsapy.elsprofile - INFO - Module loaded.
2021-02-25 11:44:49,639 - elsapy.elsdoc - INFO - Module loaded.
2021-02-25 11:44:49,640 - elsapy.elssearch - INFO - Module loaded.
2021-02-25 11:44:53,750 - elsapy.elsclient - INFO - Module loaded.
2021-02-25 11:44:54,020 - elsapy.elsentity - INFO - Module loaded.
2021-02-25 11:44:54,020 - elsapy.utils - INFO - Module loaded.
2021-02-25 11:44:54,021 - elsapy.elsprofile - INFO - Module loaded.
2021-02-25 11:44:54,021 - elsapy.elsdoc - INFO - Module loaded.
2021-02-25 11:44:54,022 - elsapy.elssearch - INFO - Module loaded.
2021-02-25 13:36:00,113 - elsapy.elsclient - INFO - Module loaded.
2021-02-25 13:36:00,433 - elsapy.elsentity - INFO - Module loaded.
2021-02-25 13:36:00,434 - elsapy.utils - INFO - Module loaded.
2021-02-25 13:36:00,434 - elsapy.elsprofile - INFO - Module loaded.
2021-02-25 13:36:00,435 - elsapy.elsdoc - INFO - Module loaded.
2021-02-25 13:36:00,435 - elsapy.elssearch - INFO - Module loaded.
