2021-04-08 11:35:21,677 - elsapy.elsclient - INFO - Module loaded.
2021-04-08 11:35:21,681 - elsapy.elsentity - INFO - Module loaded.
2021-04-08 11:35:21,684 - elsapy.utils - INFO - Module loaded.
2021-04-08 11:35:21,685 - elsapy.elsprofile - INFO - Module loaded.
2021-04-08 11:35:21,688 - elsapy.elsdoc - INFO - Module loaded.
2021-04-08 11:35:21,690 - elsapy.elssearch - INFO - Module loaded.
2021-04-08 11:36:02,030 - elsapy.elsclient - INFO - Module loaded.
2021-04-08 11:36:02,032 - elsapy.elsentity - INFO - Module loaded.
2021-04-08 11:36:02,033 - elsapy.utils - INFO - Module loaded.
2021-04-08 11:36:02,034 - elsapy.elsprofile - INFO - Module loaded.
2021-04-08 11:36:02,036 - elsapy.elsdoc - INFO - Module loaded.
2021-04-08 11:36:02,037 - elsapy.elssearch - INFO - Module loaded.
2021-04-08 11:36:59,000 - elsapy.elsclient - INFO - Module loaded.
2021-04-08 11:36:59,001 - elsapy.elsentity - INFO - Module loaded.
2021-04-08 11:36:59,002 - elsapy.utils - INFO - Module loaded.
2021-04-08 11:36:59,003 - elsapy.elsprofile - INFO - Module loaded.
2021-04-08 11:36:59,004 - elsapy.elsdoc - INFO - Module loaded.
2021-04-08 11:36:59,006 - elsapy.elssearch - INFO - Module loaded.
2021-04-08 11:37:53,124 - elsapy.elsclient - INFO - Module loaded.
2021-04-08 11:37:53,126 - elsapy.elsentity - INFO - Module loaded.
2021-04-08 11:37:53,127 - elsapy.utils - INFO - Module loaded.
2021-04-08 11:37:53,127 - elsapy.elsprofile - INFO - Module loaded.
2021-04-08 11:37:53,129 - elsapy.elsdoc - INFO - Module loaded.
2021-04-08 11:37:53,132 - elsapy.elssearch - INFO - Module loaded.
2021-04-08 11:38:41,374 - elsapy.elsclient - INFO - Module loaded.
2021-04-08 11:38:41,376 - elsapy.elsentity - INFO - Module loaded.
2021-04-08 11:38:41,377 - elsapy.utils - INFO - Module loaded.
2021-04-08 11:38:41,377 - elsapy.elsprofile - INFO - Module loaded.
2021-04-08 11:38:41,378 - elsapy.elsdoc - INFO - Module loaded.
2021-04-08 11:38:41,379 - elsapy.elssearch - INFO - Module loaded.
2021-04-08 11:38:45,390 - elsapy.elsclient - INFO - Module loaded.
2021-04-08 11:38:45,392 - elsapy.elsentity - INFO - Module loaded.
2021-04-08 11:38:45,393 - elsapy.utils - INFO - Module loaded.
2021-04-08 11:38:45,394 - elsapy.elsprofile - INFO - Module loaded.
2021-04-08 11:38:45,396 - elsapy.elsdoc - INFO - Module loaded.
2021-04-08 11:38:45,397 - elsapy.elssearch - INFO - Module loaded.
2021-04-08 11:39:04,596 - elsapy.elsclient - INFO - Module loaded.
2021-04-08 11:39:04,597 - elsapy.elsentity - INFO - Module loaded.
2021-04-08 11:39:04,598 - elsapy.utils - INFO - Module loaded.
2021-04-08 11:39:04,599 - elsapy.elsprofile - INFO - Module loaded.
2021-04-08 11:39:04,601 - elsapy.elsdoc - INFO - Module loaded.
2021-04-08 11:39:04,602 - elsapy.elssearch - INFO - Module loaded.
2021-04-08 11:39:53,212 - elsapy.elsclient - INFO - Module loaded.
2021-04-08 11:39:53,214 - elsapy.elsentity - INFO - Module loaded.
2021-04-08 11:39:53,215 - elsapy.utils - INFO - Module loaded.
2021-04-08 11:39:53,215 - elsapy.elsprofile - INFO - Module loaded.
2021-04-08 11:39:53,217 - elsapy.elsdoc - INFO - Module loaded.
2021-04-08 11:39:53,218 - elsapy.elssearch - INFO - Module loaded.
2021-04-08 11:43:57,197 - elsapy.elsclient - INFO - Module loaded.
2021-04-08 11:43:57,198 - elsapy.elsentity - INFO - Module loaded.
2021-04-08 11:43:57,198 - elsapy.utils - INFO - Module loaded.
2021-04-08 11:43:57,199 - elsapy.elsprofile - INFO - Module loaded.
2021-04-08 11:43:57,200 - elsapy.elsdoc - INFO - Module loaded.
2021-04-08 11:43:57,201 - elsapy.elssearch - INFO - Module loaded.
2021-04-08 11:44:05,024 - elsapy.elsclient - INFO - Module loaded.
2021-04-08 11:44:05,025 - elsapy.elsentity - INFO - Module loaded.
2021-04-08 11:44:05,027 - elsapy.utils - INFO - Module loaded.
2021-04-08 11:44:05,027 - elsapy.elsprofile - INFO - Module loaded.
2021-04-08 11:44:05,028 - elsapy.elsdoc - INFO - Module loaded.
2021-04-08 11:44:05,029 - elsapy.elssearch - INFO - Module loaded.
2021-04-08 11:44:45,196 - elsapy.elsclient - INFO - Module loaded.
2021-04-08 11:44:45,198 - elsapy.elsentity - INFO - Module loaded.
2021-04-08 11:44:45,198 - elsapy.utils - INFO - Module loaded.
2021-04-08 11:44:45,199 - elsapy.elsprofile - INFO - Module loaded.
2021-04-08 11:44:45,200 - elsapy.elsdoc - INFO - Module loaded.
2021-04-08 11:44:45,201 - elsapy.elssearch - INFO - Module loaded.
2021-04-08 11:45:44,746 - elsapy.elsclient - INFO - Module loaded.
2021-04-08 11:45:44,747 - elsapy.elsentity - INFO - Module loaded.
2021-04-08 11:45:44,748 - elsapy.utils - INFO - Module loaded.
2021-04-08 11:45:44,748 - elsapy.elsprofile - INFO - Module loaded.
2021-04-08 11:45:44,749 - elsapy.elsdoc - INFO - Module loaded.
2021-04-08 11:45:44,750 - elsapy.elssearch - INFO - Module loaded.
2021-04-08 11:46:45,300 - elsapy.elsclient - INFO - Module loaded.
2021-04-08 11:46:45,302 - elsapy.elsentity - INFO - Module loaded.
2021-04-08 11:46:45,303 - elsapy.utils - INFO - Module loaded.
2021-04-08 11:46:45,304 - elsapy.elsprofile - INFO - Module loaded.
2021-04-08 11:46:45,305 - elsapy.elsdoc - INFO - Module loaded.
2021-04-08 11:46:45,306 - elsapy.elssearch - INFO - Module loaded.
2021-04-08 11:47:01,271 - elsapy.elsclient - INFO - Module loaded.
2021-04-08 11:47:01,272 - elsapy.elsentity - INFO - Module loaded.
2021-04-08 11:47:01,274 - elsapy.utils - INFO - Module loaded.
2021-04-08 11:47:01,274 - elsapy.elsprofile - INFO - Module loaded.
2021-04-08 11:47:01,276 - elsapy.elsdoc - INFO - Module loaded.
2021-04-08 11:47:01,277 - elsapy.elssearch - INFO - Module loaded.
2021-04-08 11:47:22,695 - elsapy.elsclient - INFO - Module loaded.
2021-04-08 11:47:22,696 - elsapy.elsentity - INFO - Module loaded.
2021-04-08 11:47:22,697 - elsapy.utils - INFO - Module loaded.
2021-04-08 11:47:22,698 - elsapy.elsprofile - INFO - Module loaded.
2021-04-08 11:47:22,699 - elsapy.elsdoc - INFO - Module loaded.
2021-04-08 11:47:22,700 - elsapy.elssearch - INFO - Module loaded.
2021-04-08 11:47:43,056 - elsapy.elsclient - INFO - Module loaded.
2021-04-08 11:47:43,058 - elsapy.elsentity - INFO - Module loaded.
2021-04-08 11:47:43,059 - elsapy.utils - INFO - Module loaded.
2021-04-08 11:47:43,060 - elsapy.elsprofile - INFO - Module loaded.
2021-04-08 11:47:43,061 - elsapy.elsdoc - INFO - Module loaded.
2021-04-08 11:47:43,062 - elsapy.elssearch - INFO - Module loaded.
2021-04-08 11:47:47,653 - elsapy.elsclient - INFO - Module loaded.
2021-04-08 11:47:47,654 - elsapy.elsentity - INFO - Module loaded.
2021-04-08 11:47:47,655 - elsapy.utils - INFO - Module loaded.
2021-04-08 11:47:47,656 - elsapy.elsprofile - INFO - Module loaded.
2021-04-08 11:47:47,657 - elsapy.elsdoc - INFO - Module loaded.
2021-04-08 11:47:47,658 - elsapy.elssearch - INFO - Module loaded.
2021-04-08 11:47:53,702 - elsapy.elsclient - INFO - Module loaded.
2021-04-08 11:47:53,703 - elsapy.elsentity - INFO - Module loaded.
2021-04-08 11:47:53,704 - elsapy.utils - INFO - Module loaded.
2021-04-08 11:47:53,705 - elsapy.elsprofile - INFO - Module loaded.
2021-04-08 11:47:53,706 - elsapy.elsdoc - INFO - Module loaded.
2021-04-08 11:47:53,707 - elsapy.elssearch - INFO - Module loaded.
2021-04-08 11:49:08,995 - elsapy.elsclient - INFO - Module loaded.
2021-04-08 11:49:08,996 - elsapy.elsentity - INFO - Module loaded.
2021-04-08 11:49:08,997 - elsapy.utils - INFO - Module loaded.
2021-04-08 11:49:08,998 - elsapy.elsprofile - INFO - Module loaded.
2021-04-08 11:49:08,999 - elsapy.elsdoc - INFO - Module loaded.
2021-04-08 11:49:09,000 - elsapy.elssearch - INFO - Module loaded.
2021-04-08 11:49:35,008 - elsapy.elsclient - INFO - Module loaded.
2021-04-08 11:49:35,010 - elsapy.elsentity - INFO - Module loaded.
2021-04-08 11:49:35,011 - elsapy.utils - INFO - Module loaded.
2021-04-08 11:49:35,011 - elsapy.elsprofile - INFO - Module loaded.
2021-04-08 11:49:35,014 - elsapy.elsdoc - INFO - Module loaded.
2021-04-08 11:49:35,016 - elsapy.elssearch - INFO - Module loaded.
2021-04-08 11:49:42,060 - elsapy.elsclient - INFO - Module loaded.
2021-04-08 11:49:42,062 - elsapy.elsentity - INFO - Module loaded.
2021-04-08 11:49:42,063 - elsapy.utils - INFO - Module loaded.
2021-04-08 11:49:42,063 - elsapy.elsprofile - INFO - Module loaded.
2021-04-08 11:49:42,065 - elsapy.elsdoc - INFO - Module loaded.
2021-04-08 11:49:42,066 - elsapy.elssearch - INFO - Module loaded.
2021-04-08 11:51:28,421 - elsapy.elsclient - INFO - Module loaded.
2021-04-08 11:51:28,423 - elsapy.elsentity - INFO - Module loaded.
2021-04-08 11:51:28,424 - elsapy.utils - INFO - Module loaded.
2021-04-08 11:51:28,424 - elsapy.elsprofile - INFO - Module loaded.
2021-04-08 11:51:28,426 - elsapy.elsdoc - INFO - Module loaded.
2021-04-08 11:51:28,427 - elsapy.elssearch - INFO - Module loaded.
2021-04-08 11:51:33,714 - elsapy.elsclient - INFO - Module loaded.
2021-04-08 11:51:33,716 - elsapy.elsentity - INFO - Module loaded.
2021-04-08 11:51:33,717 - elsapy.utils - INFO - Module loaded.
2021-04-08 11:51:33,717 - elsapy.elsprofile - INFO - Module loaded.
2021-04-08 11:51:33,719 - elsapy.elsdoc - INFO - Module loaded.
2021-04-08 11:51:33,720 - elsapy.elssearch - INFO - Module loaded.
2021-04-08 11:51:42,680 - elsapy.elsclient - INFO - Module loaded.
2021-04-08 11:51:42,681 - elsapy.elsentity - INFO - Module loaded.
2021-04-08 11:51:42,682 - elsapy.utils - INFO - Module loaded.
2021-04-08 11:51:42,683 - elsapy.elsprofile - INFO - Module loaded.
2021-04-08 11:51:42,685 - elsapy.elsdoc - INFO - Module loaded.
2021-04-08 11:51:42,686 - elsapy.elssearch - INFO - Module loaded.
2021-04-08 11:52:43,803 - elsapy.elsclient - INFO - Module loaded.
2021-04-08 11:52:43,805 - elsapy.elsentity - INFO - Module loaded.
2021-04-08 11:52:43,806 - elsapy.utils - INFO - Module loaded.
2021-04-08 11:52:43,807 - elsapy.elsprofile - INFO - Module loaded.
2021-04-08 11:52:43,811 - elsapy.elsdoc - INFO - Module loaded.
2021-04-08 11:52:43,813 - elsapy.elssearch - INFO - Module loaded.
2021-04-08 11:53:02,039 - elsapy.elsclient - INFO - Module loaded.
2021-04-08 11:53:02,041 - elsapy.elsentity - INFO - Module loaded.
2021-04-08 11:53:02,042 - elsapy.utils - INFO - Module loaded.
2021-04-08 11:53:02,042 - elsapy.elsprofile - INFO - Module loaded.
2021-04-08 11:53:02,043 - elsapy.elsdoc - INFO - Module loaded.
2021-04-08 11:53:02,044 - elsapy.elssearch - INFO - Module loaded.
2021-04-08 11:53:33,226 - elsapy.elsclient - INFO - Module loaded.
2021-04-08 11:53:33,228 - elsapy.elsentity - INFO - Module loaded.
2021-04-08 11:53:33,229 - elsapy.utils - INFO - Module loaded.
2021-04-08 11:53:33,229 - elsapy.elsprofile - INFO - Module loaded.
2021-04-08 11:53:33,231 - elsapy.elsdoc - INFO - Module loaded.
2021-04-08 11:53:33,232 - elsapy.elssearch - INFO - Module loaded.
2021-04-08 11:53:47,350 - elsapy.elsclient - INFO - Module loaded.
2021-04-08 11:53:47,351 - elsapy.elsentity - INFO - Module loaded.
2021-04-08 11:53:47,352 - elsapy.utils - INFO - Module loaded.
2021-04-08 11:53:47,353 - elsapy.elsprofile - INFO - Module loaded.
2021-04-08 11:53:47,354 - elsapy.elsdoc - INFO - Module loaded.
2021-04-08 11:53:47,355 - elsapy.elssearch - INFO - Module loaded.
2021-04-08 11:57:48,359 - elsapy.elsclient - INFO - Module loaded.
2021-04-08 11:57:48,360 - elsapy.elsentity - INFO - Module loaded.
2021-04-08 11:57:48,361 - elsapy.utils - INFO - Module loaded.
2021-04-08 11:57:48,362 - elsapy.elsprofile - INFO - Module loaded.
2021-04-08 11:57:48,364 - elsapy.elsdoc - INFO - Module loaded.
2021-04-08 11:57:48,365 - elsapy.elssearch - INFO - Module loaded.
2021-04-08 11:57:55,164 - elsapy.elsclient - INFO - Module loaded.
2021-04-08 11:57:55,165 - elsapy.elsentity - INFO - Module loaded.
2021-04-08 11:57:55,166 - elsapy.utils - INFO - Module loaded.
2021-04-08 11:57:55,167 - elsapy.elsprofile - INFO - Module loaded.
2021-04-08 11:57:55,168 - elsapy.elsdoc - INFO - Module loaded.
2021-04-08 11:57:55,169 - elsapy.elssearch - INFO - Module loaded.
2021-04-08 11:58:00,630 - elsapy.elsclient - INFO - Module loaded.
2021-04-08 11:58:00,632 - elsapy.elsentity - INFO - Module loaded.
2021-04-08 11:58:00,633 - elsapy.utils - INFO - Module loaded.
2021-04-08 11:58:00,634 - elsapy.elsprofile - INFO - Module loaded.
2021-04-08 11:58:00,635 - elsapy.elsdoc - INFO - Module loaded.
2021-04-08 11:58:00,637 - elsapy.elssearch - INFO - Module loaded.
2021-04-08 12:00:13,253 - elsapy.elsclient - INFO - Module loaded.
2021-04-08 12:00:13,254 - elsapy.elsentity - INFO - Module loaded.
2021-04-08 12:00:13,256 - elsapy.utils - INFO - Module loaded.
2021-04-08 12:00:13,256 - elsapy.elsprofile - INFO - Module loaded.
2021-04-08 12:00:13,257 - elsapy.elsdoc - INFO - Module loaded.
2021-04-08 12:00:13,258 - elsapy.elssearch - INFO - Module loaded.
2021-04-08 12:02:11,963 - elsapy.elsclient - INFO - Module loaded.
2021-04-08 12:02:11,965 - elsapy.elsentity - INFO - Module loaded.
2021-04-08 12:02:11,966 - elsapy.utils - INFO - Module loaded.
2021-04-08 12:02:11,966 - elsapy.elsprofile - INFO - Module loaded.
2021-04-08 12:02:11,968 - elsapy.elsdoc - INFO - Module loaded.
2021-04-08 12:02:11,969 - elsapy.elssearch - INFO - Module loaded.
2021-04-08 12:02:22,058 - elsapy.elsclient - INFO - Module loaded.
2021-04-08 12:02:22,059 - elsapy.elsentity - INFO - Module loaded.
2021-04-08 12:02:22,060 - elsapy.utils - INFO - Module loaded.
2021-04-08 12:02:22,061 - elsapy.elsprofile - INFO - Module loaded.
2021-04-08 12:02:22,062 - elsapy.elsdoc - INFO - Module loaded.
2021-04-08 12:02:22,063 - elsapy.elssearch - INFO - Module loaded.
2021-04-08 12:03:10,484 - elsapy.elsclient - INFO - Module loaded.
2021-04-08 12:03:10,486 - elsapy.elsentity - INFO - Module loaded.
2021-04-08 12:03:10,487 - elsapy.utils - INFO - Module loaded.
2021-04-08 12:03:10,487 - elsapy.elsprofile - INFO - Module loaded.
2021-04-08 12:03:10,488 - elsapy.elsdoc - INFO - Module loaded.
2021-04-08 12:03:10,489 - elsapy.elssearch - INFO - Module loaded.
2021-04-08 12:03:14,382 - elsapy.elsclient - INFO - Module loaded.
2021-04-08 12:03:14,383 - elsapy.elsentity - INFO - Module loaded.
2021-04-08 12:03:14,385 - elsapy.utils - INFO - Module loaded.
2021-04-08 12:03:14,385 - elsapy.elsprofile - INFO - Module loaded.
2021-04-08 12:03:14,386 - elsapy.elsdoc - INFO - Module loaded.
2021-04-08 12:03:14,388 - elsapy.elssearch - INFO - Module loaded.
2021-04-08 12:03:36,446 - elsapy.elsclient - INFO - Module loaded.
2021-04-08 12:03:36,447 - elsapy.elsentity - INFO - Module loaded.
2021-04-08 12:03:36,448 - elsapy.utils - INFO - Module loaded.
2021-04-08 12:03:36,449 - elsapy.elsprofile - INFO - Module loaded.
2021-04-08 12:03:36,450 - elsapy.elsdoc - INFO - Module loaded.
2021-04-08 12:03:36,451 - elsapy.elssearch - INFO - Module loaded.
2021-04-08 14:28:00,431 - elsapy.elsclient - INFO - Module loaded.
2021-04-08 14:28:00,437 - elsapy.elsentity - INFO - Module loaded.
2021-04-08 14:28:00,438 - elsapy.utils - INFO - Module loaded.
2021-04-08 14:28:00,439 - elsapy.elsprofile - INFO - Module loaded.
2021-04-08 14:28:00,441 - elsapy.elsdoc - INFO - Module loaded.
2021-04-08 14:28:00,442 - elsapy.elssearch - INFO - Module loaded.
2021-04-08 14:29:22,645 - elsapy.elsclient - INFO - Module loaded.
2021-04-08 14:29:22,650 - elsapy.elsentity - INFO - Module loaded.
2021-04-08 14:29:22,654 - elsapy.utils - INFO - Module loaded.
2021-04-08 14:29:22,655 - elsapy.elsprofile - INFO - Module loaded.
2021-04-08 14:29:22,658 - elsapy.elsdoc - INFO - Module loaded.
2021-04-08 14:29:22,661 - elsapy.elssearch - INFO - Module loaded.
2021-04-08 14:31:21,609 - elsapy.elsclient - INFO - Module loaded.
2021-04-08 14:31:21,611 - elsapy.elsentity - INFO - Module loaded.
2021-04-08 14:31:21,613 - elsapy.utils - INFO - Module loaded.
2021-04-08 14:31:21,613 - elsapy.elsprofile - INFO - Module loaded.
2021-04-08 14:31:21,616 - elsapy.elsdoc - INFO - Module loaded.
2021-04-08 14:31:21,617 - elsapy.elssearch - INFO - Module loaded.
2021-04-08 14:31:50,258 - elsapy.elsclient - INFO - Module loaded.
2021-04-08 14:31:50,261 - elsapy.elsentity - INFO - Module loaded.
2021-04-08 14:31:50,263 - elsapy.utils - INFO - Module loaded.
2021-04-08 14:31:50,263 - elsapy.elsprofile - INFO - Module loaded.
2021-04-08 14:31:50,265 - elsapy.elsdoc - INFO - Module loaded.
2021-04-08 14:31:50,267 - elsapy.elssearch - INFO - Module loaded.
2021-04-08 14:43:50,023 - elsapy.elsclient - INFO - Module loaded.
2021-04-08 14:43:50,026 - elsapy.elsentity - INFO - Module loaded.
2021-04-08 14:43:50,027 - elsapy.utils - INFO - Module loaded.
2021-04-08 14:43:50,027 - elsapy.elsprofile - INFO - Module loaded.
2021-04-08 14:43:50,029 - elsapy.elsdoc - INFO - Module loaded.
2021-04-08 14:43:50,031 - elsapy.elssearch - INFO - Module loaded.
2021-04-08 14:45:17,962 - elsapy.elsclient - INFO - Module loaded.
2021-04-08 14:45:17,963 - elsapy.elsentity - INFO - Module loaded.
2021-04-08 14:45:17,963 - elsapy.utils - INFO - Module loaded.
2021-04-08 14:45:17,964 - elsapy.elsprofile - INFO - Module loaded.
2021-04-08 14:45:17,966 - elsapy.elsdoc - INFO - Module loaded.
2021-04-08 14:45:17,967 - elsapy.elssearch - INFO - Module loaded.
2021-04-08 14:47:38,048 - elsapy.elsclient - INFO - Module loaded.
2021-04-08 14:47:38,049 - elsapy.elsentity - INFO - Module loaded.
2021-04-08 14:47:38,050 - elsapy.utils - INFO - Module loaded.
2021-04-08 14:47:38,050 - elsapy.elsprofile - INFO - Module loaded.
2021-04-08 14:47:38,052 - elsapy.elsdoc - INFO - Module loaded.
2021-04-08 14:47:38,053 - elsapy.elssearch - INFO - Module loaded.
