2021-03-23 00:03:03,097 - elsapy.elsclient - INFO - Module loaded.
2021-03-23 00:03:03,387 - elsapy.elsentity - INFO - Module loaded.
2021-03-23 00:03:03,388 - elsapy.utils - INFO - Module loaded.
2021-03-23 00:03:03,388 - elsapy.elsprofile - INFO - Module loaded.
2021-03-23 00:03:03,389 - elsapy.elsdoc - INFO - Module loaded.
2021-03-23 00:03:03,389 - elsapy.elssearch - INFO - Module loaded.
2021-03-23 00:04:20,772 - elsapy.elsclient - INFO - Module loaded.
2021-03-23 00:04:21,067 - elsapy.elsentity - INFO - Module loaded.
2021-03-23 00:04:21,068 - elsapy.utils - INFO - Module loaded.
2021-03-23 00:04:21,072 - elsapy.elsprofile - INFO - Module loaded.
2021-03-23 00:04:21,073 - elsapy.elsdoc - INFO - Module loaded.
2021-03-23 00:04:21,073 - elsapy.elssearch - INFO - Module loaded.
2021-03-23 00:05:25,184 - elsapy.elsclient - INFO - Sending GET request to https://api.elsevier.com/content/search/sciencedirect?query=Economics
2021-03-23 00:05:27,225 - elsapy.utils - INFO - Converting prism:coverDate
2021-03-23 00:05:28,234 - elsapy.elsclient - INFO - Sending GET request to https://api.elsevier.com/content/article/pii/S2352550921000737
2021-03-23 00:05:30,151 - elsapy.elsentity - INFO - Data loaded for https://api.elsevier.com/content/article/pii/S2352550921000737
2021-03-23 00:05:31,166 - elsapy.elsclient - INFO - Sending GET request to https://api.elsevier.com/content/article/pii/S2214799320301089
2021-03-23 00:05:34,567 - elsapy.elsentity - INFO - Data loaded for https://api.elsevier.com/content/article/pii/S2214799320301089
2021-03-23 00:05:35,578 - elsapy.elsclient - INFO - Sending GET request to https://api.elsevier.com/content/article/pii/S2214785321001218
2021-03-23 00:05:37,864 - elsapy.elsentity - INFO - Data loaded for https://api.elsevier.com/content/article/pii/S2214785321001218
2021-03-23 00:05:38,865 - elsapy.elsclient - INFO - Sending GET request to https://api.elsevier.com/content/article/pii/S1477388020300359
2021-03-23 00:05:41,445 - elsapy.elsentity - INFO - Data loaded for https://api.elsevier.com/content/article/pii/S1477388020300359
2021-03-23 00:05:42,452 - elsapy.elsclient - INFO - Sending GET request to https://api.elsevier.com/content/article/pii/S1477388020300189
2021-03-23 00:05:44,970 - elsapy.elsentity - INFO - Data loaded for https://api.elsevier.com/content/article/pii/S1477388020300189
2021-03-23 00:06:50,854 - elsapy.elsclient - INFO - Module loaded.
2021-03-23 00:06:51,149 - elsapy.elsentity - INFO - Module loaded.
2021-03-23 00:06:51,150 - elsapy.utils - INFO - Module loaded.
2021-03-23 00:06:51,150 - elsapy.elsprofile - INFO - Module loaded.
2021-03-23 00:06:51,151 - elsapy.elsdoc - INFO - Module loaded.
2021-03-23 00:06:51,151 - elsapy.elssearch - INFO - Module loaded.
2021-03-23 00:06:59,429 - elsapy.elsclient - INFO - Module loaded.
2021-03-23 00:06:59,723 - elsapy.elsentity - INFO - Module loaded.
2021-03-23 00:06:59,724 - elsapy.utils - INFO - Module loaded.
2021-03-23 00:06:59,724 - elsapy.elsprofile - INFO - Module loaded.
2021-03-23 00:06:59,725 - elsapy.elsdoc - INFO - Module loaded.
2021-03-23 00:06:59,725 - elsapy.elssearch - INFO - Module loaded.
2021-03-23 00:07:04,753 - elsapy.elsclient - INFO - Module loaded.
2021-03-23 00:07:05,046 - elsapy.elsentity - INFO - Module loaded.
2021-03-23 00:07:05,047 - elsapy.utils - INFO - Module loaded.
2021-03-23 00:07:05,047 - elsapy.elsprofile - INFO - Module loaded.
2021-03-23 00:07:05,048 - elsapy.elsdoc - INFO - Module loaded.
2021-03-23 00:07:05,048 - elsapy.elssearch - INFO - Module loaded.
2021-03-23 00:07:17,637 - elsapy.elsclient - INFO - Module loaded.
2021-03-23 00:07:17,930 - elsapy.elsentity - INFO - Module loaded.
2021-03-23 00:07:17,931 - elsapy.utils - INFO - Module loaded.
2021-03-23 00:07:17,931 - elsapy.elsprofile - INFO - Module loaded.
2021-03-23 00:07:17,932 - elsapy.elsdoc - INFO - Module loaded.
2021-03-23 00:07:17,933 - elsapy.elssearch - INFO - Module loaded.
2021-03-23 00:07:47,084 - elsapy.elsclient - INFO - Sending GET request to https://api.elsevier.com/content/search/sciencedirect?query=International+Business
2021-03-23 00:07:48,967 - elsapy.utils - INFO - Converting prism:coverDate
2021-03-23 00:07:49,980 - elsapy.elsclient - INFO - Sending GET request to https://api.elsevier.com/content/article/pii/S0969593121000020
2021-03-23 00:07:51,579 - elsapy.elsentity - INFO - Data loaded for https://api.elsevier.com/content/article/pii/S0969593121000020
2021-03-23 00:07:52,583 - elsapy.elsclient - INFO - Sending GET request to https://api.elsevier.com/content/article/pii/S1090951621000043
2021-03-23 00:07:55,303 - elsapy.elsentity - INFO - Data loaded for https://api.elsevier.com/content/article/pii/S1090951621000043
2021-03-23 00:07:56,319 - elsapy.elsclient - INFO - Sending GET request to https://api.elsevier.com/content/article/pii/S0969593121000408
2021-03-23 00:07:59,132 - elsapy.elsentity - INFO - Data loaded for https://api.elsevier.com/content/article/pii/S0969593121000408
2021-03-23 00:08:00,148 - elsapy.elsclient - INFO - Sending GET request to https://api.elsevier.com/content/article/pii/S0969593121000019
2021-03-23 00:08:01,954 - elsapy.elsentity - INFO - Data loaded for https://api.elsevier.com/content/article/pii/S0969593121000019
2021-03-23 00:08:02,956 - elsapy.elsclient - INFO - Sending GET request to https://api.elsevier.com/content/article/pii/S1090951621000067
2021-03-23 00:08:05,508 - elsapy.elsentity - INFO - Data loaded for https://api.elsevier.com/content/article/pii/S1090951621000067
2021-03-23 00:09:58,188 - elsapy.elsclient - INFO - Sending GET request to https://api.elsevier.com/content/search/sciencedirect?query=Economics
2021-03-23 00:10:02,346 - elsapy.utils - INFO - Converting prism:coverDate
2021-03-23 00:10:03,354 - elsapy.elsclient - INFO - Sending GET request to https://api.elsevier.com/content/article/pii/S2352550921000737
2021-03-23 00:10:05,350 - elsapy.elsentity - INFO - Data loaded for https://api.elsevier.com/content/article/pii/S2352550921000737
2021-03-23 00:10:06,360 - elsapy.elsclient - INFO - Sending GET request to https://api.elsevier.com/content/article/pii/S2214799320301089
2021-03-23 00:10:08,752 - elsapy.elsentity - INFO - Data loaded for https://api.elsevier.com/content/article/pii/S2214799320301089
2021-03-23 00:10:09,767 - elsapy.elsclient - INFO - Sending GET request to https://api.elsevier.com/content/article/pii/S2214785321001218
2021-03-23 00:10:12,242 - elsapy.elsentity - INFO - Data loaded for https://api.elsevier.com/content/article/pii/S2214785321001218
2021-03-23 00:10:13,257 - elsapy.elsclient - INFO - Sending GET request to https://api.elsevier.com/content/article/pii/S1477388020300359
2021-03-23 00:10:14,737 - elsapy.elsentity - INFO - Data loaded for https://api.elsevier.com/content/article/pii/S1477388020300359
2021-03-23 00:10:15,747 - elsapy.elsclient - INFO - Sending GET request to https://api.elsevier.com/content/article/pii/S1477388020300189
2021-03-23 00:10:20,116 - elsapy.elsentity - INFO - Data loaded for https://api.elsevier.com/content/article/pii/S1477388020300189
2021-03-23 10:24:56,381 - elsapy.elsclient - INFO - Module loaded.
2021-03-23 10:24:56,863 - elsapy.elsentity - INFO - Module loaded.
2021-03-23 10:24:56,864 - elsapy.utils - INFO - Module loaded.
2021-03-23 10:24:56,864 - elsapy.elsprofile - INFO - Module loaded.
2021-03-23 10:24:56,865 - elsapy.elsdoc - INFO - Module loaded.
2021-03-23 10:24:56,866 - elsapy.elssearch - INFO - Module loaded.
2021-03-23 10:25:39,585 - elsapy.elsclient - INFO - Module loaded.
2021-03-23 10:25:39,876 - elsapy.elsentity - INFO - Module loaded.
2021-03-23 10:25:39,877 - elsapy.utils - INFO - Module loaded.
2021-03-23 10:25:39,877 - elsapy.elsprofile - INFO - Module loaded.
2021-03-23 10:25:39,878 - elsapy.elsdoc - INFO - Module loaded.
2021-03-23 10:25:39,879 - elsapy.elssearch - INFO - Module loaded.
2021-03-23 10:37:22,392 - elsapy.elsclient - INFO - Module loaded.
2021-03-23 10:37:22,685 - elsapy.elsentity - INFO - Module loaded.
2021-03-23 10:37:22,685 - elsapy.utils - INFO - Module loaded.
2021-03-23 10:37:22,686 - elsapy.elsprofile - INFO - Module loaded.
2021-03-23 10:37:22,686 - elsapy.elsdoc - INFO - Module loaded.
2021-03-23 10:37:22,687 - elsapy.elssearch - INFO - Module loaded.
2021-03-23 10:38:54,762 - elsapy.elsclient - INFO - Sending GET request to https://api.elsevier.com/content/search/sciencedirect?query=Analytical+Chemistry+%2B+Organic+Chemistry
2021-03-23 10:38:56,129 - elsapy.utils - INFO - Converting prism:coverDate
2021-03-23 10:38:57,132 - elsapy.elsclient - INFO - Sending GET request to https://api.elsevier.com/content/article/pii/S0165993620302442
2021-03-23 10:38:59,959 - elsapy.elsentity - INFO - Data loaded for https://api.elsevier.com/content/article/pii/S0165993620302442
2021-03-23 10:39:00,969 - elsapy.elsclient - INFO - Sending GET request to https://api.elsevier.com/content/article/pii/B9780128220993000095
2021-03-23 10:39:03,131 - elsapy.elsentity - INFO - Data loaded for https://api.elsevier.com/content/article/pii/B9780128220993000095
2021-03-23 10:39:04,135 - elsapy.elsclient - INFO - Sending GET request to https://api.elsevier.com/content/article/pii/S016599362030337X
2021-03-23 10:39:07,019 - elsapy.elsentity - INFO - Data loaded for https://api.elsevier.com/content/article/pii/S016599362030337X
2021-03-23 10:39:08,028 - elsapy.elsclient - INFO - Sending GET request to https://api.elsevier.com/content/article/pii/S0026265X20309371
2021-03-23 10:39:10,533 - elsapy.elsentity - INFO - Data loaded for https://api.elsevier.com/content/article/pii/S0026265X20309371
2021-03-23 10:39:11,549 - elsapy.elsclient - INFO - Sending GET request to https://api.elsevier.com/content/article/pii/S0165993618305612
2021-03-23 10:39:13,806 - elsapy.elsentity - INFO - Data loaded for https://api.elsevier.com/content/article/pii/S0165993618305612
2021-03-23 12:19:23,102 - elsapy.elsclient - INFO - Module loaded.
2021-03-23 12:19:24,876 - elsapy.elsentity - INFO - Module loaded.
2021-03-23 12:19:24,877 - elsapy.utils - INFO - Module loaded.
2021-03-23 12:19:24,878 - elsapy.elsprofile - INFO - Module loaded.
2021-03-23 12:19:24,879 - elsapy.elsdoc - INFO - Module loaded.
2021-03-23 12:19:24,880 - elsapy.elssearch - INFO - Module loaded.
2021-03-23 13:12:37,830 - elsapy.elsclient - INFO - Module loaded.
2021-03-23 13:12:38,202 - elsapy.elsentity - INFO - Module loaded.
2021-03-23 13:12:38,203 - elsapy.utils - INFO - Module loaded.
2021-03-23 13:12:38,204 - elsapy.elsprofile - INFO - Module loaded.
2021-03-23 13:12:38,205 - elsapy.elsdoc - INFO - Module loaded.
2021-03-23 13:12:38,206 - elsapy.elssearch - INFO - Module loaded.
2021-03-23 13:17:32,986 - elsapy.elsclient - INFO - Module loaded.
2021-03-23 13:17:33,367 - elsapy.elsentity - INFO - Module loaded.
2021-03-23 13:17:33,368 - elsapy.utils - INFO - Module loaded.
2021-03-23 13:17:33,368 - elsapy.elsprofile - INFO - Module loaded.
2021-03-23 13:17:33,369 - elsapy.elsdoc - INFO - Module loaded.
2021-03-23 13:17:33,370 - elsapy.elssearch - INFO - Module loaded.
2021-03-23 13:17:57,711 - elsapy.elsclient - INFO - Module loaded.
2021-03-23 13:17:58,075 - elsapy.elsentity - INFO - Module loaded.
2021-03-23 13:17:58,076 - elsapy.utils - INFO - Module loaded.
2021-03-23 13:17:58,077 - elsapy.elsprofile - INFO - Module loaded.
2021-03-23 13:17:58,077 - elsapy.elsdoc - INFO - Module loaded.
2021-03-23 13:17:58,078 - elsapy.elssearch - INFO - Module loaded.
2021-03-23 13:19:04,643 - elsapy.elsclient - INFO - Module loaded.
2021-03-23 13:19:05,031 - elsapy.elsentity - INFO - Module loaded.
2021-03-23 13:19:05,032 - elsapy.utils - INFO - Module loaded.
2021-03-23 13:19:05,033 - elsapy.elsprofile - INFO - Module loaded.
2021-03-23 13:19:05,034 - elsapy.elsdoc - INFO - Module loaded.
2021-03-23 13:19:05,035 - elsapy.elssearch - INFO - Module loaded.
2021-03-23 13:23:50,204 - elsapy.elsclient - INFO - Module loaded.
2021-03-23 13:23:50,582 - elsapy.elsentity - INFO - Module loaded.
2021-03-23 13:23:50,583 - elsapy.utils - INFO - Module loaded.
2021-03-23 13:23:50,583 - elsapy.elsprofile - INFO - Module loaded.
2021-03-23 13:23:50,584 - elsapy.elsdoc - INFO - Module loaded.
2021-03-23 13:23:50,585 - elsapy.elssearch - INFO - Module loaded.
2021-03-23 13:23:55,447 - elsapy.elsclient - INFO - Module loaded.
2021-03-23 13:23:55,830 - elsapy.elsentity - INFO - Module loaded.
2021-03-23 13:23:55,831 - elsapy.utils - INFO - Module loaded.
2021-03-23 13:23:55,831 - elsapy.elsprofile - INFO - Module loaded.
2021-03-23 13:23:55,832 - elsapy.elsdoc - INFO - Module loaded.
2021-03-23 13:23:55,833 - elsapy.elssearch - INFO - Module loaded.
2021-03-23 13:24:21,127 - elsapy.elsclient - INFO - Module loaded.
2021-03-23 13:24:21,488 - elsapy.elsentity - INFO - Module loaded.
2021-03-23 13:24:21,489 - elsapy.utils - INFO - Module loaded.
2021-03-23 13:24:21,489 - elsapy.elsprofile - INFO - Module loaded.
2021-03-23 13:24:21,490 - elsapy.elsdoc - INFO - Module loaded.
2021-03-23 13:24:21,491 - elsapy.elssearch - INFO - Module loaded.
2021-03-23 13:24:30,254 - elsapy.elsclient - INFO - Module loaded.
2021-03-23 13:24:30,625 - elsapy.elsentity - INFO - Module loaded.
2021-03-23 13:24:30,626 - elsapy.utils - INFO - Module loaded.
2021-03-23 13:24:30,626 - elsapy.elsprofile - INFO - Module loaded.
2021-03-23 13:24:30,627 - elsapy.elsdoc - INFO - Module loaded.
2021-03-23 13:24:30,628 - elsapy.elssearch - INFO - Module loaded.
2021-03-23 13:24:37,848 - elsapy.elsclient - INFO - Module loaded.
2021-03-23 13:24:38,220 - elsapy.elsentity - INFO - Module loaded.
2021-03-23 13:24:38,221 - elsapy.utils - INFO - Module loaded.
2021-03-23 13:24:38,222 - elsapy.elsprofile - INFO - Module loaded.
2021-03-23 13:24:38,222 - elsapy.elsdoc - INFO - Module loaded.
2021-03-23 13:24:38,223 - elsapy.elssearch - INFO - Module loaded.
2021-03-23 13:26:01,852 - elsapy.elsclient - INFO - Module loaded.
2021-03-23 13:26:02,317 - elsapy.elsentity - INFO - Module loaded.
2021-03-23 13:26:02,318 - elsapy.utils - INFO - Module loaded.
2021-03-23 13:26:02,318 - elsapy.elsprofile - INFO - Module loaded.
2021-03-23 13:26:02,319 - elsapy.elsdoc - INFO - Module loaded.
2021-03-23 13:26:02,320 - elsapy.elssearch - INFO - Module loaded.
2021-03-23 14:04:17,928 - elsapy.elsclient - INFO - Module loaded.
2021-03-23 14:04:18,234 - elsapy.elsentity - INFO - Module loaded.
2021-03-23 14:04:18,235 - elsapy.utils - INFO - Module loaded.
2021-03-23 14:04:18,235 - elsapy.elsprofile - INFO - Module loaded.
2021-03-23 14:04:18,236 - elsapy.elsdoc - INFO - Module loaded.
2021-03-23 14:04:18,237 - elsapy.elssearch - INFO - Module loaded.
2021-03-23 14:05:08,994 - elsapy.elsclient - INFO - Module loaded.
2021-03-23 14:05:09,298 - elsapy.elsentity - INFO - Module loaded.
2021-03-23 14:05:09,299 - elsapy.utils - INFO - Module loaded.
2021-03-23 14:05:09,299 - elsapy.elsprofile - INFO - Module loaded.
2021-03-23 14:05:09,300 - elsapy.elsdoc - INFO - Module loaded.
2021-03-23 14:05:09,300 - elsapy.elssearch - INFO - Module loaded.
2021-03-23 14:05:29,678 - elsapy.elsclient - INFO - Module loaded.
2021-03-23 14:05:29,985 - elsapy.elsentity - INFO - Module loaded.
2021-03-23 14:05:29,985 - elsapy.utils - INFO - Module loaded.
2021-03-23 14:05:29,986 - elsapy.elsprofile - INFO - Module loaded.
2021-03-23 14:05:29,987 - elsapy.elsdoc - INFO - Module loaded.
2021-03-23 14:05:29,987 - elsapy.elssearch - INFO - Module loaded.
2021-03-23 14:07:19,478 - elsapy.elsclient - INFO - Sending GET request to https://api.elsevier.com/content/search/sciencedirect?query=Economics+%2B+Marketing
2021-03-23 14:07:20,537 - elsapy.utils - INFO - Converting prism:coverDate
2021-03-23 14:07:21,549 - elsapy.elsclient - INFO - Sending GET request to https://api.elsevier.com/content/article/pii/S004484861931230X
2021-03-23 14:07:23,241 - elsapy.elsentity - INFO - Data loaded for https://api.elsevier.com/content/article/pii/S004484861931230X
2021-03-23 14:07:24,254 - elsapy.elsclient - INFO - Sending GET request to https://api.elsevier.com/content/article/pii/B9780128121634000231
2021-03-23 14:07:25,435 - elsapy.elsentity - INFO - Data loaded for https://api.elsevier.com/content/article/pii/B9780128121634000231
2021-03-23 14:07:26,438 - elsapy.elsclient - INFO - Sending GET request to https://api.elsevier.com/content/article/pii/S0743016716301425
2021-03-23 14:07:27,542 - elsapy.elsentity - INFO - Data loaded for https://api.elsevier.com/content/article/pii/S0743016716301425
2021-03-23 14:07:28,544 - elsapy.elsclient - INFO - Sending GET request to https://api.elsevier.com/content/article/pii/S1877042816305055
2021-03-23 14:07:30,477 - elsapy.elsentity - INFO - Data loaded for https://api.elsevier.com/content/article/pii/S1877042816305055
2021-03-23 14:07:31,488 - elsapy.elsclient - INFO - Sending GET request to https://api.elsevier.com/content/article/pii/S0167811620301063
2021-03-23 14:07:32,867 - elsapy.elsentity - INFO - Data loaded for https://api.elsevier.com/content/article/pii/S0167811620301063
2021-03-23 14:09:05,879 - elsapy.elsclient - INFO - Module loaded.
2021-03-23 14:09:06,190 - elsapy.elsentity - INFO - Module loaded.
2021-03-23 14:09:06,191 - elsapy.utils - INFO - Module loaded.
2021-03-23 14:09:06,191 - elsapy.elsprofile - INFO - Module loaded.
2021-03-23 14:09:06,192 - elsapy.elsdoc - INFO - Module loaded.
2021-03-23 14:09:06,193 - elsapy.elssearch - INFO - Module loaded.
2021-03-23 14:09:17,793 - elsapy.elsclient - INFO - Module loaded.
2021-03-23 14:09:18,097 - elsapy.elsentity - INFO - Module loaded.
2021-03-23 14:09:18,098 - elsapy.utils - INFO - Module loaded.
2021-03-23 14:09:18,098 - elsapy.elsprofile - INFO - Module loaded.
2021-03-23 14:09:18,099 - elsapy.elsdoc - INFO - Module loaded.
2021-03-23 14:09:18,099 - elsapy.elssearch - INFO - Module loaded.
2021-03-23 14:09:28,651 - elsapy.elsclient - INFO - Module loaded.
2021-03-23 14:09:28,956 - elsapy.elsentity - INFO - Module loaded.
2021-03-23 14:09:28,956 - elsapy.utils - INFO - Module loaded.
2021-03-23 14:09:28,956 - elsapy.elsprofile - INFO - Module loaded.
2021-03-23 14:09:28,957 - elsapy.elsdoc - INFO - Module loaded.
2021-03-23 14:09:28,958 - elsapy.elssearch - INFO - Module loaded.
2021-03-23 14:09:37,372 - elsapy.elsclient - INFO - Module loaded.
2021-03-23 14:09:37,675 - elsapy.elsentity - INFO - Module loaded.
2021-03-23 14:09:37,675 - elsapy.utils - INFO - Module loaded.
2021-03-23 14:09:37,676 - elsapy.elsprofile - INFO - Module loaded.
2021-03-23 14:09:37,676 - elsapy.elsdoc - INFO - Module loaded.
2021-03-23 14:09:37,677 - elsapy.elssearch - INFO - Module loaded.
2021-03-23 14:09:59,059 - elsapy.elsclient - INFO - Module loaded.
2021-03-23 14:09:59,371 - elsapy.elsentity - INFO - Module loaded.
2021-03-23 14:09:59,372 - elsapy.utils - INFO - Module loaded.
2021-03-23 14:09:59,372 - elsapy.elsprofile - INFO - Module loaded.
2021-03-23 14:09:59,373 - elsapy.elsdoc - INFO - Module loaded.
2021-03-23 14:09:59,373 - elsapy.elssearch - INFO - Module loaded.
2021-03-23 14:10:15,393 - elsapy.elsclient - INFO - Module loaded.
2021-03-23 14:10:15,699 - elsapy.elsentity - INFO - Module loaded.
2021-03-23 14:10:15,700 - elsapy.utils - INFO - Module loaded.
2021-03-23 14:10:15,700 - elsapy.elsprofile - INFO - Module loaded.
2021-03-23 14:10:15,701 - elsapy.elsdoc - INFO - Module loaded.
2021-03-23 14:10:15,702 - elsapy.elssearch - INFO - Module loaded.
2021-03-23 14:10:38,170 - elsapy.elsclient - INFO - Module loaded.
2021-03-23 14:10:38,480 - elsapy.elsentity - INFO - Module loaded.
2021-03-23 14:10:38,481 - elsapy.utils - INFO - Module loaded.
2021-03-23 14:10:38,481 - elsapy.elsprofile - INFO - Module loaded.
2021-03-23 14:10:38,482 - elsapy.elsdoc - INFO - Module loaded.
2021-03-23 14:10:38,483 - elsapy.elssearch - INFO - Module loaded.
2021-03-23 14:11:13,990 - elsapy.elsclient - INFO - Module loaded.
2021-03-23 14:11:14,298 - elsapy.elsentity - INFO - Module loaded.
2021-03-23 14:11:14,299 - elsapy.utils - INFO - Module loaded.
2021-03-23 14:11:14,299 - elsapy.elsprofile - INFO - Module loaded.
2021-03-23 14:11:14,300 - elsapy.elsdoc - INFO - Module loaded.
2021-03-23 14:11:14,301 - elsapy.elssearch - INFO - Module loaded.
2021-03-23 14:11:47,602 - elsapy.elsclient - INFO - Module loaded.
2021-03-23 14:11:47,906 - elsapy.elsentity - INFO - Module loaded.
2021-03-23 14:11:47,907 - elsapy.utils - INFO - Module loaded.
2021-03-23 14:11:47,908 - elsapy.elsprofile - INFO - Module loaded.
2021-03-23 14:11:47,908 - elsapy.elsdoc - INFO - Module loaded.
2021-03-23 14:11:47,909 - elsapy.elssearch - INFO - Module loaded.
2021-03-23 14:12:03,893 - elsapy.elsclient - INFO - Module loaded.
2021-03-23 14:12:04,205 - elsapy.elsentity - INFO - Module loaded.
2021-03-23 14:12:04,206 - elsapy.utils - INFO - Module loaded.
2021-03-23 14:12:04,206 - elsapy.elsprofile - INFO - Module loaded.
2021-03-23 14:12:04,207 - elsapy.elsdoc - INFO - Module loaded.
2021-03-23 14:12:04,208 - elsapy.elssearch - INFO - Module loaded.
2021-03-23 14:12:15,865 - elsapy.elsclient - INFO - Module loaded.
2021-03-23 14:12:16,170 - elsapy.elsentity - INFO - Module loaded.
2021-03-23 14:12:16,170 - elsapy.utils - INFO - Module loaded.
2021-03-23 14:12:16,170 - elsapy.elsprofile - INFO - Module loaded.
2021-03-23 14:12:16,171 - elsapy.elsdoc - INFO - Module loaded.
2021-03-23 14:12:16,172 - elsapy.elssearch - INFO - Module loaded.
2021-03-23 14:12:52,813 - elsapy.elsclient - INFO - Module loaded.
2021-03-23 14:12:53,113 - elsapy.elsentity - INFO - Module loaded.
2021-03-23 14:12:53,114 - elsapy.utils - INFO - Module loaded.
2021-03-23 14:12:53,114 - elsapy.elsprofile - INFO - Module loaded.
2021-03-23 14:12:53,115 - elsapy.elsdoc - INFO - Module loaded.
2021-03-23 14:12:53,116 - elsapy.elssearch - INFO - Module loaded.
2021-03-23 14:17:26,110 - elsapy.elsclient - INFO - Module loaded.
2021-03-23 14:17:26,421 - elsapy.elsentity - INFO - Module loaded.
2021-03-23 14:17:26,422 - elsapy.utils - INFO - Module loaded.
2021-03-23 14:17:26,422 - elsapy.elsprofile - INFO - Module loaded.
2021-03-23 14:17:26,423 - elsapy.elsdoc - INFO - Module loaded.
2021-03-23 14:17:26,423 - elsapy.elssearch - INFO - Module loaded.
2021-03-23 14:17:34,826 - elsapy.elsclient - INFO - Module loaded.
2021-03-23 14:17:35,131 - elsapy.elsentity - INFO - Module loaded.
2021-03-23 14:17:35,132 - elsapy.utils - INFO - Module loaded.
2021-03-23 14:17:35,132 - elsapy.elsprofile - INFO - Module loaded.
2021-03-23 14:17:35,133 - elsapy.elsdoc - INFO - Module loaded.
2021-03-23 14:17:35,133 - elsapy.elssearch - INFO - Module loaded.
2021-03-23 14:19:13,309 - elsapy.elsclient - INFO - Module loaded.
2021-03-23 14:19:13,623 - elsapy.elsentity - INFO - Module loaded.
2021-03-23 14:19:13,623 - elsapy.utils - INFO - Module loaded.
2021-03-23 14:19:13,624 - elsapy.elsprofile - INFO - Module loaded.
2021-03-23 14:19:13,624 - elsapy.elsdoc - INFO - Module loaded.
2021-03-23 14:19:13,625 - elsapy.elssearch - INFO - Module loaded.
2021-03-23 14:19:31,781 - elsapy.elsclient - INFO - Module loaded.
2021-03-23 14:19:32,077 - elsapy.elsentity - INFO - Module loaded.
2021-03-23 14:19:32,077 - elsapy.utils - INFO - Module loaded.
2021-03-23 14:19:32,078 - elsapy.elsprofile - INFO - Module loaded.
2021-03-23 14:19:32,078 - elsapy.elsdoc - INFO - Module loaded.
2021-03-23 14:19:32,079 - elsapy.elssearch - INFO - Module loaded.
2021-03-23 14:19:42,629 - elsapy.elsclient - INFO - Module loaded.
2021-03-23 14:19:42,937 - elsapy.elsentity - INFO - Module loaded.
2021-03-23 14:19:42,938 - elsapy.utils - INFO - Module loaded.
2021-03-23 14:19:42,938 - elsapy.elsprofile - INFO - Module loaded.
2021-03-23 14:19:42,939 - elsapy.elsdoc - INFO - Module loaded.
2021-03-23 14:19:42,940 - elsapy.elssearch - INFO - Module loaded.
2021-03-23 14:19:57,795 - elsapy.elsclient - INFO - Module loaded.
2021-03-23 14:19:58,096 - elsapy.elsentity - INFO - Module loaded.
2021-03-23 14:19:58,096 - elsapy.utils - INFO - Module loaded.
2021-03-23 14:19:58,097 - elsapy.elsprofile - INFO - Module loaded.
2021-03-23 14:19:58,098 - elsapy.elsdoc - INFO - Module loaded.
2021-03-23 14:19:58,098 - elsapy.elssearch - INFO - Module loaded.
2021-03-23 14:20:51,537 - elsapy.elsclient - INFO - Module loaded.
2021-03-23 14:20:51,838 - elsapy.elsentity - INFO - Module loaded.
2021-03-23 14:20:51,838 - elsapy.utils - INFO - Module loaded.
2021-03-23 14:20:51,838 - elsapy.elsprofile - INFO - Module loaded.
2021-03-23 14:20:51,839 - elsapy.elsdoc - INFO - Module loaded.
2021-03-23 14:20:51,840 - elsapy.elssearch - INFO - Module loaded.
2021-03-23 14:21:20,803 - elsapy.elsclient - INFO - Module loaded.
2021-03-23 14:21:21,100 - elsapy.elsentity - INFO - Module loaded.
2021-03-23 14:21:21,101 - elsapy.utils - INFO - Module loaded.
2021-03-23 14:21:21,101 - elsapy.elsprofile - INFO - Module loaded.
2021-03-23 14:21:21,102 - elsapy.elsdoc - INFO - Module loaded.
2021-03-23 14:21:21,103 - elsapy.elssearch - INFO - Module loaded.
2021-03-23 14:21:41,464 - elsapy.elsclient - INFO - Module loaded.
2021-03-23 14:21:41,769 - elsapy.elsentity - INFO - Module loaded.
2021-03-23 14:21:41,770 - elsapy.utils - INFO - Module loaded.
2021-03-23 14:21:41,770 - elsapy.elsprofile - INFO - Module loaded.
2021-03-23 14:21:41,771 - elsapy.elsdoc - INFO - Module loaded.
2021-03-23 14:21:41,772 - elsapy.elssearch - INFO - Module loaded.
2021-03-23 14:22:49,927 - elsapy.elsclient - INFO - Module loaded.
2021-03-23 14:22:50,235 - elsapy.elsentity - INFO - Module loaded.
2021-03-23 14:22:50,236 - elsapy.utils - INFO - Module loaded.
2021-03-23 14:22:50,236 - elsapy.elsprofile - INFO - Module loaded.
2021-03-23 14:22:50,237 - elsapy.elsdoc - INFO - Module loaded.
2021-03-23 14:22:50,238 - elsapy.elssearch - INFO - Module loaded.
2021-03-23 14:22:59,724 - elsapy.elsclient - INFO - Module loaded.
2021-03-23 14:23:00,026 - elsapy.elsentity - INFO - Module loaded.
2021-03-23 14:23:00,027 - elsapy.utils - INFO - Module loaded.
2021-03-23 14:23:00,027 - elsapy.elsprofile - INFO - Module loaded.
2021-03-23 14:23:00,028 - elsapy.elsdoc - INFO - Module loaded.
2021-03-23 14:23:00,029 - elsapy.elssearch - INFO - Module loaded.
2021-03-23 14:23:20,347 - elsapy.elsclient - INFO - Module loaded.
2021-03-23 14:23:20,652 - elsapy.elsentity - INFO - Module loaded.
2021-03-23 14:23:20,653 - elsapy.utils - INFO - Module loaded.
2021-03-23 14:23:20,653 - elsapy.elsprofile - INFO - Module loaded.
2021-03-23 14:23:20,654 - elsapy.elsdoc - INFO - Module loaded.
2021-03-23 14:23:20,654 - elsapy.elssearch - INFO - Module loaded.
2021-03-23 14:23:43,131 - elsapy.elsclient - INFO - Module loaded.
2021-03-23 14:23:43,436 - elsapy.elsentity - INFO - Module loaded.
2021-03-23 14:23:43,437 - elsapy.utils - INFO - Module loaded.
2021-03-23 14:23:43,437 - elsapy.elsprofile - INFO - Module loaded.
2021-03-23 14:23:43,438 - elsapy.elsdoc - INFO - Module loaded.
2021-03-23 14:23:43,439 - elsapy.elssearch - INFO - Module loaded.
2021-03-23 14:46:56,923 - elsapy.elsclient - INFO - Module loaded.
2021-03-23 14:46:57,276 - elsapy.elsentity - INFO - Module loaded.
2021-03-23 14:46:57,277 - elsapy.utils - INFO - Module loaded.
2021-03-23 14:46:57,277 - elsapy.elsprofile - INFO - Module loaded.
2021-03-23 14:46:57,278 - elsapy.elsdoc - INFO - Module loaded.
2021-03-23 14:46:57,279 - elsapy.elssearch - INFO - Module loaded.
2021-03-23 14:51:36,676 - elsapy.elsclient - INFO - Module loaded.
2021-03-23 14:51:36,995 - elsapy.elsentity - INFO - Module loaded.
2021-03-23 14:51:36,996 - elsapy.utils - INFO - Module loaded.
2021-03-23 14:51:36,996 - elsapy.elsprofile - INFO - Module loaded.
2021-03-23 14:51:36,997 - elsapy.elsdoc - INFO - Module loaded.
2021-03-23 14:51:36,997 - elsapy.elssearch - INFO - Module loaded.
2021-03-23 14:52:53,449 - elsapy.elsclient - INFO - Module loaded.
2021-03-23 14:52:53,752 - elsapy.elsentity - INFO - Module loaded.
2021-03-23 14:52:53,752 - elsapy.utils - INFO - Module loaded.
2021-03-23 14:52:53,753 - elsapy.elsprofile - INFO - Module loaded.
2021-03-23 14:52:53,753 - elsapy.elsdoc - INFO - Module loaded.
2021-03-23 14:52:53,754 - elsapy.elssearch - INFO - Module loaded.
2021-03-23 14:54:36,726 - elsapy.elsclient - INFO - Module loaded.
2021-03-23 14:54:37,028 - elsapy.elsentity - INFO - Module loaded.
2021-03-23 14:54:37,029 - elsapy.utils - INFO - Module loaded.
2021-03-23 14:54:37,030 - elsapy.elsprofile - INFO - Module loaded.
2021-03-23 14:54:37,030 - elsapy.elsdoc - INFO - Module loaded.
2021-03-23 14:54:37,031 - elsapy.elssearch - INFO - Module loaded.
2021-03-23 14:54:49,741 - elsapy.elsclient - INFO - Module loaded.
2021-03-23 14:54:50,040 - elsapy.elsentity - INFO - Module loaded.
2021-03-23 14:54:50,041 - elsapy.utils - INFO - Module loaded.
2021-03-23 14:54:50,041 - elsapy.elsprofile - INFO - Module loaded.
2021-03-23 14:54:50,042 - elsapy.elsdoc - INFO - Module loaded.
2021-03-23 14:54:50,042 - elsapy.elssearch - INFO - Module loaded.
2021-03-23 14:55:48,952 - elsapy.elsclient - INFO - Module loaded.
2021-03-23 14:55:49,266 - elsapy.elsentity - INFO - Module loaded.
2021-03-23 14:55:49,266 - elsapy.utils - INFO - Module loaded.
2021-03-23 14:55:49,267 - elsapy.elsprofile - INFO - Module loaded.
2021-03-23 14:55:49,267 - elsapy.elsdoc - INFO - Module loaded.
2021-03-23 14:55:49,268 - elsapy.elssearch - INFO - Module loaded.
2021-03-23 14:55:55,492 - elsapy.elsclient - INFO - Module loaded.
2021-03-23 14:55:55,795 - elsapy.elsentity - INFO - Module loaded.
2021-03-23 14:55:55,796 - elsapy.utils - INFO - Module loaded.
2021-03-23 14:55:55,796 - elsapy.elsprofile - INFO - Module loaded.
2021-03-23 14:55:55,797 - elsapy.elsdoc - INFO - Module loaded.
2021-03-23 14:55:55,797 - elsapy.elssearch - INFO - Module loaded.
2021-03-23 15:08:07,728 - elsapy.elsclient - INFO - Module loaded.
2021-03-23 15:08:08,027 - elsapy.elsentity - INFO - Module loaded.
2021-03-23 15:08:08,028 - elsapy.utils - INFO - Module loaded.
2021-03-23 15:08:08,028 - elsapy.elsprofile - INFO - Module loaded.
2021-03-23 15:08:08,029 - elsapy.elsdoc - INFO - Module loaded.
2021-03-23 15:08:08,030 - elsapy.elssearch - INFO - Module loaded.
2021-03-23 15:08:12,094 - elsapy.elsclient - INFO - Module loaded.
2021-03-23 15:08:12,394 - elsapy.elsentity - INFO - Module loaded.
2021-03-23 15:08:12,395 - elsapy.utils - INFO - Module loaded.
2021-03-23 15:08:12,395 - elsapy.elsprofile - INFO - Module loaded.
2021-03-23 15:08:12,396 - elsapy.elsdoc - INFO - Module loaded.
2021-03-23 15:08:12,397 - elsapy.elssearch - INFO - Module loaded.
2021-03-23 15:08:54,339 - elsapy.elsclient - INFO - Module loaded.
2021-03-23 15:08:54,633 - elsapy.elsentity - INFO - Module loaded.
2021-03-23 15:08:54,634 - elsapy.utils - INFO - Module loaded.
2021-03-23 15:08:54,634 - elsapy.elsprofile - INFO - Module loaded.
2021-03-23 15:08:54,635 - elsapy.elsdoc - INFO - Module loaded.
2021-03-23 15:08:54,636 - elsapy.elssearch - INFO - Module loaded.
2021-03-23 15:09:11,635 - elsapy.elsclient - INFO - Module loaded.
2021-03-23 15:09:11,936 - elsapy.elsentity - INFO - Module loaded.
2021-03-23 15:09:11,937 - elsapy.utils - INFO - Module loaded.
2021-03-23 15:09:11,937 - elsapy.elsprofile - INFO - Module loaded.
2021-03-23 15:09:11,938 - elsapy.elsdoc - INFO - Module loaded.
2021-03-23 15:09:11,939 - elsapy.elssearch - INFO - Module loaded.
2021-03-23 15:10:43,831 - elsapy.elsclient - INFO - Module loaded.
2021-03-23 15:10:44,148 - elsapy.elsentity - INFO - Module loaded.
2021-03-23 15:10:44,148 - elsapy.utils - INFO - Module loaded.
2021-03-23 15:10:44,149 - elsapy.elsprofile - INFO - Module loaded.
2021-03-23 15:10:44,149 - elsapy.elsdoc - INFO - Module loaded.
2021-03-23 15:10:44,150 - elsapy.elssearch - INFO - Module loaded.
2021-03-23 15:14:47,629 - elsapy.elsclient - INFO - Module loaded.
2021-03-23 15:14:47,937 - elsapy.elsentity - INFO - Module loaded.
2021-03-23 15:14:47,938 - elsapy.utils - INFO - Module loaded.
2021-03-23 15:14:47,938 - elsapy.elsprofile - INFO - Module loaded.
2021-03-23 15:14:47,939 - elsapy.elsdoc - INFO - Module loaded.
2021-03-23 15:14:47,940 - elsapy.elssearch - INFO - Module loaded.
2021-03-23 15:15:06,099 - elsapy.elsclient - INFO - Module loaded.
2021-03-23 15:15:06,404 - elsapy.elsentity - INFO - Module loaded.
2021-03-23 15:15:06,405 - elsapy.utils - INFO - Module loaded.
2021-03-23 15:15:06,405 - elsapy.elsprofile - INFO - Module loaded.
2021-03-23 15:15:06,406 - elsapy.elsdoc - INFO - Module loaded.
2021-03-23 15:15:06,406 - elsapy.elssearch - INFO - Module loaded.
2021-03-23 15:15:12,630 - elsapy.elsclient - INFO - Module loaded.
2021-03-23 15:15:12,933 - elsapy.elsentity - INFO - Module loaded.
2021-03-23 15:15:12,934 - elsapy.utils - INFO - Module loaded.
2021-03-23 15:15:12,934 - elsapy.elsprofile - INFO - Module loaded.
2021-03-23 15:15:12,935 - elsapy.elsdoc - INFO - Module loaded.
2021-03-23 15:15:12,936 - elsapy.elssearch - INFO - Module loaded.
2021-03-23 15:16:25,436 - elsapy.elsclient - INFO - Module loaded.
2021-03-23 15:16:25,740 - elsapy.elsentity - INFO - Module loaded.
2021-03-23 15:16:25,741 - elsapy.utils - INFO - Module loaded.
2021-03-23 15:16:25,741 - elsapy.elsprofile - INFO - Module loaded.
2021-03-23 15:16:25,742 - elsapy.elsdoc - INFO - Module loaded.
2021-03-23 15:16:25,742 - elsapy.elssearch - INFO - Module loaded.
2021-03-23 15:16:36,233 - elsapy.elsclient - INFO - Module loaded.
2021-03-23 15:16:36,538 - elsapy.elsentity - INFO - Module loaded.
2021-03-23 15:16:36,539 - elsapy.utils - INFO - Module loaded.
2021-03-23 15:16:36,539 - elsapy.elsprofile - INFO - Module loaded.
2021-03-23 15:16:36,540 - elsapy.elsdoc - INFO - Module loaded.
2021-03-23 15:16:36,541 - elsapy.elssearch - INFO - Module loaded.
2021-03-23 15:16:53,579 - elsapy.elsclient - INFO - Module loaded.
2021-03-23 15:16:53,877 - elsapy.elsentity - INFO - Module loaded.
2021-03-23 15:16:53,878 - elsapy.utils - INFO - Module loaded.
2021-03-23 15:16:53,878 - elsapy.elsprofile - INFO - Module loaded.
2021-03-23 15:16:53,879 - elsapy.elsdoc - INFO - Module loaded.
2021-03-23 15:16:53,880 - elsapy.elssearch - INFO - Module loaded.
2021-03-23 15:17:00,053 - elsapy.elsclient - INFO - Module loaded.
2021-03-23 15:17:00,347 - elsapy.elsentity - INFO - Module loaded.
2021-03-23 15:17:00,348 - elsapy.utils - INFO - Module loaded.
2021-03-23 15:17:00,348 - elsapy.elsprofile - INFO - Module loaded.
2021-03-23 15:17:00,349 - elsapy.elsdoc - INFO - Module loaded.
2021-03-23 15:17:00,350 - elsapy.elssearch - INFO - Module loaded.
2021-03-23 15:17:03,330 - elsapy.elsclient - INFO - Module loaded.
2021-03-23 15:17:03,626 - elsapy.elsentity - INFO - Module loaded.
2021-03-23 15:17:03,627 - elsapy.utils - INFO - Module loaded.
2021-03-23 15:17:03,627 - elsapy.elsprofile - INFO - Module loaded.
2021-03-23 15:17:03,628 - elsapy.elsdoc - INFO - Module loaded.
2021-03-23 15:17:03,629 - elsapy.elssearch - INFO - Module loaded.
2021-03-23 15:28:04,148 - elsapy.elsclient - INFO - Module loaded.
2021-03-23 15:28:04,445 - elsapy.elsentity - INFO - Module loaded.
2021-03-23 15:28:04,446 - elsapy.utils - INFO - Module loaded.
2021-03-23 15:28:04,446 - elsapy.elsprofile - INFO - Module loaded.
2021-03-23 15:28:04,447 - elsapy.elsdoc - INFO - Module loaded.
2021-03-23 15:28:04,448 - elsapy.elssearch - INFO - Module loaded.
2021-03-23 15:29:50,623 - elsapy.elsclient - INFO - Module loaded.
2021-03-23 15:29:50,933 - elsapy.elsentity - INFO - Module loaded.
2021-03-23 15:29:50,934 - elsapy.utils - INFO - Module loaded.
2021-03-23 15:29:50,934 - elsapy.elsprofile - INFO - Module loaded.
2021-03-23 15:29:50,935 - elsapy.elsdoc - INFO - Module loaded.
2021-03-23 15:29:50,936 - elsapy.elssearch - INFO - Module loaded.
2021-03-23 15:30:58,576 - elsapy.elsclient - INFO - Module loaded.
2021-03-23 15:30:58,867 - elsapy.elsentity - INFO - Module loaded.
2021-03-23 15:30:58,867 - elsapy.utils - INFO - Module loaded.
2021-03-23 15:30:58,867 - elsapy.elsprofile - INFO - Module loaded.
2021-03-23 15:30:58,868 - elsapy.elsdoc - INFO - Module loaded.
2021-03-23 15:30:58,869 - elsapy.elssearch - INFO - Module loaded.
2021-03-23 15:31:43,815 - elsapy.elsclient - INFO - Module loaded.
2021-03-23 15:31:44,107 - elsapy.elsentity - INFO - Module loaded.
2021-03-23 15:31:44,108 - elsapy.utils - INFO - Module loaded.
2021-03-23 15:31:44,108 - elsapy.elsprofile - INFO - Module loaded.
2021-03-23 15:31:44,109 - elsapy.elsdoc - INFO - Module loaded.
2021-03-23 15:31:44,109 - elsapy.elssearch - INFO - Module loaded.
2021-03-23 15:33:00,411 - elsapy.elsclient - INFO - Module loaded.
2021-03-23 15:33:00,704 - elsapy.elsentity - INFO - Module loaded.
2021-03-23 15:33:00,704 - elsapy.utils - INFO - Module loaded.
2021-03-23 15:33:00,705 - elsapy.elsprofile - INFO - Module loaded.
2021-03-23 15:33:00,705 - elsapy.elsdoc - INFO - Module loaded.
2021-03-23 15:33:00,706 - elsapy.elssearch - INFO - Module loaded.
2021-03-23 15:33:28,394 - elsapy.elsclient - INFO - Module loaded.
2021-03-23 15:33:28,685 - elsapy.elsentity - INFO - Module loaded.
2021-03-23 15:33:28,686 - elsapy.utils - INFO - Module loaded.
2021-03-23 15:33:28,686 - elsapy.elsprofile - INFO - Module loaded.
2021-03-23 15:33:28,686 - elsapy.elsdoc - INFO - Module loaded.
2021-03-23 15:33:28,687 - elsapy.elssearch - INFO - Module loaded.
2021-03-23 15:34:36,254 - elsapy.elsclient - INFO - Module loaded.
2021-03-23 15:34:36,543 - elsapy.elsentity - INFO - Module loaded.
2021-03-23 15:34:36,544 - elsapy.utils - INFO - Module loaded.
2021-03-23 15:34:36,544 - elsapy.elsprofile - INFO - Module loaded.
2021-03-23 15:34:36,545 - elsapy.elsdoc - INFO - Module loaded.
2021-03-23 15:34:36,546 - elsapy.elssearch - INFO - Module loaded.
2021-03-23 15:38:12,483 - elsapy.elsclient - INFO - Module loaded.
2021-03-23 15:38:12,778 - elsapy.elsentity - INFO - Module loaded.
2021-03-23 15:38:12,779 - elsapy.utils - INFO - Module loaded.
2021-03-23 15:38:12,779 - elsapy.elsprofile - INFO - Module loaded.
2021-03-23 15:38:12,780 - elsapy.elsdoc - INFO - Module loaded.
2021-03-23 15:38:12,780 - elsapy.elssearch - INFO - Module loaded.
2021-03-23 15:38:44,397 - elsapy.elsclient - INFO - Module loaded.
2021-03-23 15:38:44,708 - elsapy.elsentity - INFO - Module loaded.
2021-03-23 15:38:44,709 - elsapy.utils - INFO - Module loaded.
2021-03-23 15:38:44,709 - elsapy.elsprofile - INFO - Module loaded.
2021-03-23 15:38:44,710 - elsapy.elsdoc - INFO - Module loaded.
2021-03-23 15:38:44,710 - elsapy.elssearch - INFO - Module loaded.
2021-03-23 15:40:14,938 - elsapy.elsclient - INFO - Module loaded.
2021-03-23 15:40:15,229 - elsapy.elsentity - INFO - Module loaded.
2021-03-23 15:40:15,230 - elsapy.utils - INFO - Module loaded.
2021-03-23 15:40:15,230 - elsapy.elsprofile - INFO - Module loaded.
2021-03-23 15:40:15,231 - elsapy.elsdoc - INFO - Module loaded.
2021-03-23 15:40:15,232 - elsapy.elssearch - INFO - Module loaded.
2021-03-23 15:40:25,732 - elsapy.elsclient - INFO - Module loaded.
2021-03-23 15:40:26,028 - elsapy.elsentity - INFO - Module loaded.
2021-03-23 15:40:26,028 - elsapy.utils - INFO - Module loaded.
2021-03-23 15:40:26,028 - elsapy.elsprofile - INFO - Module loaded.
2021-03-23 15:40:26,029 - elsapy.elsdoc - INFO - Module loaded.
2021-03-23 15:40:26,030 - elsapy.elssearch - INFO - Module loaded.
2021-03-23 15:43:29,342 - elsapy.elsclient - INFO - Module loaded.
2021-03-23 15:43:29,637 - elsapy.elsentity - INFO - Module loaded.
2021-03-23 15:43:29,638 - elsapy.utils - INFO - Module loaded.
2021-03-23 15:43:29,638 - elsapy.elsprofile - INFO - Module loaded.
2021-03-23 15:43:29,639 - elsapy.elsdoc - INFO - Module loaded.
2021-03-23 15:43:29,640 - elsapy.elssearch - INFO - Module loaded.
2021-03-23 15:43:57,452 - elsapy.elsclient - INFO - Module loaded.
2021-03-23 15:43:57,746 - elsapy.elsentity - INFO - Module loaded.
2021-03-23 15:43:57,746 - elsapy.utils - INFO - Module loaded.
2021-03-23 15:43:57,747 - elsapy.elsprofile - INFO - Module loaded.
2021-03-23 15:43:57,747 - elsapy.elsdoc - INFO - Module loaded.
2021-03-23 15:43:57,748 - elsapy.elssearch - INFO - Module loaded.
2021-03-23 15:44:06,104 - elsapy.elsclient - INFO - Module loaded.
2021-03-23 15:44:06,409 - elsapy.elsentity - INFO - Module loaded.
2021-03-23 15:44:06,409 - elsapy.utils - INFO - Module loaded.
2021-03-23 15:44:06,410 - elsapy.elsprofile - INFO - Module loaded.
2021-03-23 15:44:06,410 - elsapy.elsdoc - INFO - Module loaded.
2021-03-23 15:44:06,411 - elsapy.elssearch - INFO - Module loaded.
2021-03-23 15:44:42,806 - elsapy.elsclient - INFO - Module loaded.
2021-03-23 15:44:43,101 - elsapy.elsentity - INFO - Module loaded.
2021-03-23 15:44:43,102 - elsapy.utils - INFO - Module loaded.
2021-03-23 15:44:43,102 - elsapy.elsprofile - INFO - Module loaded.
2021-03-23 15:44:43,103 - elsapy.elsdoc - INFO - Module loaded.
2021-03-23 15:44:43,104 - elsapy.elssearch - INFO - Module loaded.
2021-03-23 15:46:05,757 - elsapy.elsclient - INFO - Module loaded.
2021-03-23 15:46:06,046 - elsapy.elsentity - INFO - Module loaded.
2021-03-23 15:46:06,047 - elsapy.utils - INFO - Module loaded.
2021-03-23 15:46:06,047 - elsapy.elsprofile - INFO - Module loaded.
2021-03-23 15:46:06,048 - elsapy.elsdoc - INFO - Module loaded.
2021-03-23 15:46:06,049 - elsapy.elssearch - INFO - Module loaded.
2021-03-23 15:46:18,640 - elsapy.elsclient - INFO - Module loaded.
2021-03-23 15:46:18,936 - elsapy.elsentity - INFO - Module loaded.
2021-03-23 15:46:18,937 - elsapy.utils - INFO - Module loaded.
2021-03-23 15:46:18,937 - elsapy.elsprofile - INFO - Module loaded.
2021-03-23 15:46:18,938 - elsapy.elsdoc - INFO - Module loaded.
2021-03-23 15:46:18,938 - elsapy.elssearch - INFO - Module loaded.
2021-03-23 15:46:43,372 - elsapy.elsclient - INFO - Module loaded.
2021-03-23 15:46:43,663 - elsapy.elsentity - INFO - Module loaded.
2021-03-23 15:46:43,664 - elsapy.utils - INFO - Module loaded.
2021-03-23 15:46:43,664 - elsapy.elsprofile - INFO - Module loaded.
2021-03-23 15:46:43,665 - elsapy.elsdoc - INFO - Module loaded.
2021-03-23 15:46:43,666 - elsapy.elssearch - INFO - Module loaded.
2021-03-23 15:47:21,018 - elsapy.elsclient - INFO - Module loaded.
2021-03-23 15:47:21,315 - elsapy.elsentity - INFO - Module loaded.
2021-03-23 15:47:21,315 - elsapy.utils - INFO - Module loaded.
2021-03-23 15:47:21,316 - elsapy.elsprofile - INFO - Module loaded.
2021-03-23 15:47:21,316 - elsapy.elsdoc - INFO - Module loaded.
2021-03-23 15:47:21,317 - elsapy.elssearch - INFO - Module loaded.
2021-03-23 15:48:05,187 - elsapy.elsclient - INFO - Module loaded.
2021-03-23 15:48:05,482 - elsapy.elsentity - INFO - Module loaded.
2021-03-23 15:48:05,482 - elsapy.utils - INFO - Module loaded.
2021-03-23 15:48:05,483 - elsapy.elsprofile - INFO - Module loaded.
2021-03-23 15:48:05,483 - elsapy.elsdoc - INFO - Module loaded.
2021-03-23 15:48:05,484 - elsapy.elssearch - INFO - Module loaded.
2021-03-23 15:48:11,613 - elsapy.elsclient - INFO - Module loaded.
2021-03-23 15:48:11,903 - elsapy.elsentity - INFO - Module loaded.
2021-03-23 15:48:11,904 - elsapy.utils - INFO - Module loaded.
2021-03-23 15:48:11,904 - elsapy.elsprofile - INFO - Module loaded.
2021-03-23 15:48:11,905 - elsapy.elsdoc - INFO - Module loaded.
2021-03-23 15:48:11,906 - elsapy.elssearch - INFO - Module loaded.
2021-03-23 15:48:22,391 - elsapy.elsclient - INFO - Module loaded.
2021-03-23 15:48:22,684 - elsapy.elsentity - INFO - Module loaded.
2021-03-23 15:48:22,685 - elsapy.utils - INFO - Module loaded.
2021-03-23 15:48:22,685 - elsapy.elsprofile - INFO - Module loaded.
2021-03-23 15:48:22,686 - elsapy.elsdoc - INFO - Module loaded.
2021-03-23 15:48:22,687 - elsapy.elssearch - INFO - Module loaded.
2021-03-23 15:48:49,279 - elsapy.elsclient - INFO - Module loaded.
2021-03-23 15:48:49,572 - elsapy.elsentity - INFO - Module loaded.
2021-03-23 15:48:49,573 - elsapy.utils - INFO - Module loaded.
2021-03-23 15:48:49,573 - elsapy.elsprofile - INFO - Module loaded.
2021-03-23 15:48:49,574 - elsapy.elsdoc - INFO - Module loaded.
2021-03-23 15:48:49,575 - elsapy.elssearch - INFO - Module loaded.
2021-03-23 15:49:29,138 - elsapy.elsclient - INFO - Module loaded.
2021-03-23 15:49:29,430 - elsapy.elsentity - INFO - Module loaded.
2021-03-23 15:49:29,431 - elsapy.utils - INFO - Module loaded.
2021-03-23 15:49:29,431 - elsapy.elsprofile - INFO - Module loaded.
2021-03-23 15:49:29,432 - elsapy.elsdoc - INFO - Module loaded.
2021-03-23 15:49:29,432 - elsapy.elssearch - INFO - Module loaded.
2021-03-23 15:49:51,829 - elsapy.elsclient - INFO - Module loaded.
2021-03-23 15:49:52,126 - elsapy.elsentity - INFO - Module loaded.
2021-03-23 15:49:52,127 - elsapy.utils - INFO - Module loaded.
2021-03-23 15:49:52,127 - elsapy.elsprofile - INFO - Module loaded.
2021-03-23 15:49:52,128 - elsapy.elsdoc - INFO - Module loaded.
2021-03-23 15:49:52,128 - elsapy.elssearch - INFO - Module loaded.
2021-03-23 15:50:29,567 - elsapy.elsclient - INFO - Module loaded.
2021-03-23 15:50:29,858 - elsapy.elsentity - INFO - Module loaded.
2021-03-23 15:50:29,859 - elsapy.utils - INFO - Module loaded.
2021-03-23 15:50:29,859 - elsapy.elsprofile - INFO - Module loaded.
2021-03-23 15:50:29,860 - elsapy.elsdoc - INFO - Module loaded.
2021-03-23 15:50:29,861 - elsapy.elssearch - INFO - Module loaded.
2021-03-23 15:51:22,354 - elsapy.elsclient - INFO - Module loaded.
2021-03-23 15:51:22,650 - elsapy.elsentity - INFO - Module loaded.
2021-03-23 15:51:22,651 - elsapy.utils - INFO - Module loaded.
2021-03-23 15:51:22,651 - elsapy.elsprofile - INFO - Module loaded.
2021-03-23 15:51:22,652 - elsapy.elsdoc - INFO - Module loaded.
2021-03-23 15:51:22,652 - elsapy.elssearch - INFO - Module loaded.
2021-03-23 15:51:26,648 - elsapy.elsclient - INFO - Module loaded.
2021-03-23 15:51:26,946 - elsapy.elsentity - INFO - Module loaded.
2021-03-23 15:51:26,947 - elsapy.utils - INFO - Module loaded.
2021-03-23 15:51:26,947 - elsapy.elsprofile - INFO - Module loaded.
2021-03-23 15:51:26,948 - elsapy.elsdoc - INFO - Module loaded.
2021-03-23 15:51:26,948 - elsapy.elssearch - INFO - Module loaded.
2021-03-23 15:52:42,001 - elsapy.elsclient - INFO - Module loaded.
2021-03-23 15:52:42,292 - elsapy.elsentity - INFO - Module loaded.
2021-03-23 15:52:42,292 - elsapy.utils - INFO - Module loaded.
2021-03-23 15:52:42,293 - elsapy.elsprofile - INFO - Module loaded.
2021-03-23 15:52:42,293 - elsapy.elsdoc - INFO - Module loaded.
2021-03-23 15:52:42,294 - elsapy.elssearch - INFO - Module loaded.
2021-03-23 15:52:46,241 - elsapy.elsclient - INFO - Module loaded.
2021-03-23 15:52:46,537 - elsapy.elsentity - INFO - Module loaded.
2021-03-23 15:52:46,538 - elsapy.utils - INFO - Module loaded.
2021-03-23 15:52:46,538 - elsapy.elsprofile - INFO - Module loaded.
2021-03-23 15:52:46,539 - elsapy.elsdoc - INFO - Module loaded.
2021-03-23 15:52:46,539 - elsapy.elssearch - INFO - Module loaded.
2021-03-23 15:53:17,242 - elsapy.elsclient - INFO - Module loaded.
2021-03-23 15:53:17,536 - elsapy.elsentity - INFO - Module loaded.
2021-03-23 15:53:17,537 - elsapy.utils - INFO - Module loaded.
2021-03-23 15:53:17,537 - elsapy.elsprofile - INFO - Module loaded.
2021-03-23 15:53:17,538 - elsapy.elsdoc - INFO - Module loaded.
2021-03-23 15:53:17,538 - elsapy.elssearch - INFO - Module loaded.
2021-03-23 15:53:20,436 - elsapy.elsclient - INFO - Module loaded.
2021-03-23 15:53:20,727 - elsapy.elsentity - INFO - Module loaded.
2021-03-23 15:53:20,728 - elsapy.utils - INFO - Module loaded.
2021-03-23 15:53:20,728 - elsapy.elsprofile - INFO - Module loaded.
2021-03-23 15:53:20,729 - elsapy.elsdoc - INFO - Module loaded.
2021-03-23 15:53:20,729 - elsapy.elssearch - INFO - Module loaded.
2021-03-23 15:53:26,882 - elsapy.elsclient - INFO - Module loaded.
2021-03-23 15:53:27,179 - elsapy.elsentity - INFO - Module loaded.
2021-03-23 15:53:27,180 - elsapy.utils - INFO - Module loaded.
2021-03-23 15:53:27,180 - elsapy.elsprofile - INFO - Module loaded.
2021-03-23 15:53:27,181 - elsapy.elsdoc - INFO - Module loaded.
2021-03-23 15:53:27,181 - elsapy.elssearch - INFO - Module loaded.
2021-03-23 15:54:07,887 - elsapy.elsclient - INFO - Module loaded.
2021-03-23 15:54:08,188 - elsapy.elsentity - INFO - Module loaded.
2021-03-23 15:54:08,188 - elsapy.utils - INFO - Module loaded.
2021-03-23 15:54:08,189 - elsapy.elsprofile - INFO - Module loaded.
2021-03-23 15:54:08,189 - elsapy.elsdoc - INFO - Module loaded.
2021-03-23 15:54:08,190 - elsapy.elssearch - INFO - Module loaded.
2021-03-23 15:54:40,242 - elsapy.elsclient - INFO - Module loaded.
2021-03-23 15:54:40,533 - elsapy.elsentity - INFO - Module loaded.
2021-03-23 15:54:40,534 - elsapy.utils - INFO - Module loaded.
2021-03-23 15:54:40,534 - elsapy.elsprofile - INFO - Module loaded.
2021-03-23 15:54:40,535 - elsapy.elsdoc - INFO - Module loaded.
2021-03-23 15:54:40,535 - elsapy.elssearch - INFO - Module loaded.
2021-03-23 15:54:57,453 - elsapy.elsclient - INFO - Module loaded.
2021-03-23 15:54:57,746 - elsapy.elsentity - INFO - Module loaded.
2021-03-23 15:54:57,748 - elsapy.utils - INFO - Module loaded.
2021-03-23 15:54:57,748 - elsapy.elsprofile - INFO - Module loaded.
2021-03-23 15:54:57,748 - elsapy.elsdoc - INFO - Module loaded.
2021-03-23 15:54:57,748 - elsapy.elssearch - INFO - Module loaded.
2021-03-23 15:55:00,689 - elsapy.elsclient - INFO - Module loaded.
2021-03-23 15:55:00,981 - elsapy.elsentity - INFO - Module loaded.
2021-03-23 15:55:00,982 - elsapy.utils - INFO - Module loaded.
2021-03-23 15:55:00,982 - elsapy.elsprofile - INFO - Module loaded.
2021-03-23 15:55:00,983 - elsapy.elsdoc - INFO - Module loaded.
2021-03-23 15:55:00,983 - elsapy.elssearch - INFO - Module loaded.
2021-03-23 15:55:18,962 - elsapy.elsclient - INFO - Module loaded.
2021-03-23 15:55:19,255 - elsapy.elsentity - INFO - Module loaded.
2021-03-23 15:55:19,255 - elsapy.utils - INFO - Module loaded.
2021-03-23 15:55:19,255 - elsapy.elsprofile - INFO - Module loaded.
2021-03-23 15:55:19,256 - elsapy.elsdoc - INFO - Module loaded.
2021-03-23 15:55:19,257 - elsapy.elssearch - INFO - Module loaded.
2021-03-23 15:55:27,567 - elsapy.elsclient - INFO - Module loaded.
2021-03-23 15:55:27,859 - elsapy.elsentity - INFO - Module loaded.
2021-03-23 15:55:27,859 - elsapy.utils - INFO - Module loaded.
2021-03-23 15:55:27,859 - elsapy.elsprofile - INFO - Module loaded.
2021-03-23 15:55:27,860 - elsapy.elsdoc - INFO - Module loaded.
2021-03-23 15:55:27,861 - elsapy.elssearch - INFO - Module loaded.
2021-03-23 15:56:10,620 - elsapy.elsclient - INFO - Module loaded.
2021-03-23 15:56:10,912 - elsapy.elsentity - INFO - Module loaded.
2021-03-23 15:56:10,913 - elsapy.utils - INFO - Module loaded.
2021-03-23 15:56:10,913 - elsapy.elsprofile - INFO - Module loaded.
2021-03-23 15:56:10,914 - elsapy.elsdoc - INFO - Module loaded.
2021-03-23 15:56:10,915 - elsapy.elssearch - INFO - Module loaded.
2021-03-23 15:57:37,887 - elsapy.elsclient - INFO - Module loaded.
2021-03-23 15:57:38,179 - elsapy.elsentity - INFO - Module loaded.
2021-03-23 15:57:38,180 - elsapy.utils - INFO - Module loaded.
2021-03-23 15:57:38,180 - elsapy.elsprofile - INFO - Module loaded.
2021-03-23 15:57:38,181 - elsapy.elsdoc - INFO - Module loaded.
2021-03-23 15:57:38,181 - elsapy.elssearch - INFO - Module loaded.
2021-03-23 15:58:14,468 - elsapy.elsclient - INFO - Module loaded.
2021-03-23 15:58:14,758 - elsapy.elsentity - INFO - Module loaded.
2021-03-23 15:58:14,759 - elsapy.utils - INFO - Module loaded.
2021-03-23 15:58:14,759 - elsapy.elsprofile - INFO - Module loaded.
2021-03-23 15:58:14,760 - elsapy.elsdoc - INFO - Module loaded.
2021-03-23 15:58:14,760 - elsapy.elssearch - INFO - Module loaded.
2021-03-23 16:01:51,585 - elsapy.elsclient - INFO - Module loaded.
2021-03-23 16:01:51,886 - elsapy.elsentity - INFO - Module loaded.
2021-03-23 16:01:51,886 - elsapy.utils - INFO - Module loaded.
2021-03-23 16:01:51,887 - elsapy.elsprofile - INFO - Module loaded.
2021-03-23 16:01:51,887 - elsapy.elsdoc - INFO - Module loaded.
2021-03-23 16:01:51,888 - elsapy.elssearch - INFO - Module loaded.
2021-03-23 16:01:57,014 - elsapy.elsclient - INFO - Module loaded.
2021-03-23 16:01:57,307 - elsapy.elsentity - INFO - Module loaded.
2021-03-23 16:01:57,307 - elsapy.utils - INFO - Module loaded.
2021-03-23 16:01:57,307 - elsapy.elsprofile - INFO - Module loaded.
2021-03-23 16:01:57,308 - elsapy.elsdoc - INFO - Module loaded.
2021-03-23 16:01:57,309 - elsapy.elssearch - INFO - Module loaded.
2021-03-23 16:02:05,621 - elsapy.elsclient - INFO - Module loaded.
2021-03-23 16:02:05,916 - elsapy.elsentity - INFO - Module loaded.
2021-03-23 16:02:05,917 - elsapy.utils - INFO - Module loaded.
2021-03-23 16:02:05,917 - elsapy.elsprofile - INFO - Module loaded.
2021-03-23 16:02:05,918 - elsapy.elsdoc - INFO - Module loaded.
2021-03-23 16:02:05,919 - elsapy.elssearch - INFO - Module loaded.
2021-03-23 16:02:08,848 - elsapy.elsclient - INFO - Module loaded.
2021-03-23 16:02:09,146 - elsapy.elsentity - INFO - Module loaded.
2021-03-23 16:02:09,147 - elsapy.utils - INFO - Module loaded.
2021-03-23 16:02:09,147 - elsapy.elsprofile - INFO - Module loaded.
2021-03-23 16:02:09,148 - elsapy.elsdoc - INFO - Module loaded.
2021-03-23 16:02:09,149 - elsapy.elssearch - INFO - Module loaded.
2021-03-23 16:02:41,154 - elsapy.elsclient - INFO - Module loaded.
2021-03-23 16:02:41,455 - elsapy.elsentity - INFO - Module loaded.
2021-03-23 16:02:41,456 - elsapy.utils - INFO - Module loaded.
2021-03-23 16:02:41,456 - elsapy.elsprofile - INFO - Module loaded.
2021-03-23 16:02:41,457 - elsapy.elsdoc - INFO - Module loaded.
2021-03-23 16:02:41,457 - elsapy.elssearch - INFO - Module loaded.
2021-03-23 16:02:44,409 - elsapy.elsclient - INFO - Module loaded.
2021-03-23 16:02:44,706 - elsapy.elsentity - INFO - Module loaded.
2021-03-23 16:02:44,707 - elsapy.utils - INFO - Module loaded.
2021-03-23 16:02:44,707 - elsapy.elsprofile - INFO - Module loaded.
2021-03-23 16:02:44,708 - elsapy.elsdoc - INFO - Module loaded.
2021-03-23 16:02:44,709 - elsapy.elssearch - INFO - Module loaded.
2021-03-23 16:02:57,319 - elsapy.elsclient - INFO - Module loaded.
2021-03-23 16:02:57,614 - elsapy.elsentity - INFO - Module loaded.
2021-03-23 16:02:57,614 - elsapy.utils - INFO - Module loaded.
2021-03-23 16:02:57,615 - elsapy.elsprofile - INFO - Module loaded.
2021-03-23 16:02:57,615 - elsapy.elsdoc - INFO - Module loaded.
2021-03-23 16:02:57,616 - elsapy.elssearch - INFO - Module loaded.
2021-03-23 16:05:08,202 - elsapy.elsclient - INFO - Module loaded.
2021-03-23 16:05:08,500 - elsapy.elsentity - INFO - Module loaded.
2021-03-23 16:05:08,501 - elsapy.utils - INFO - Module loaded.
2021-03-23 16:05:08,501 - elsapy.elsprofile - INFO - Module loaded.
2021-03-23 16:05:08,502 - elsapy.elsdoc - INFO - Module loaded.
2021-03-23 16:05:08,503 - elsapy.elssearch - INFO - Module loaded.
2021-03-23 16:05:33,143 - elsapy.elsclient - INFO - Module loaded.
2021-03-23 16:05:33,445 - elsapy.elsentity - INFO - Module loaded.
2021-03-23 16:05:33,446 - elsapy.utils - INFO - Module loaded.
2021-03-23 16:05:33,446 - elsapy.elsprofile - INFO - Module loaded.
2021-03-23 16:05:33,447 - elsapy.elsdoc - INFO - Module loaded.
2021-03-23 16:05:33,448 - elsapy.elssearch - INFO - Module loaded.
2021-03-23 16:06:13,272 - elsapy.elsclient - INFO - Module loaded.
2021-03-23 16:06:13,575 - elsapy.elsentity - INFO - Module loaded.
2021-03-23 16:06:13,575 - elsapy.utils - INFO - Module loaded.
2021-03-23 16:06:13,576 - elsapy.elsprofile - INFO - Module loaded.
2021-03-23 16:06:13,576 - elsapy.elsdoc - INFO - Module loaded.
2021-03-23 16:06:13,577 - elsapy.elssearch - INFO - Module loaded.
2021-03-23 16:07:46,585 - elsapy.elsclient - INFO - Module loaded.
2021-03-23 16:07:46,888 - elsapy.elsentity - INFO - Module loaded.
2021-03-23 16:07:46,888 - elsapy.utils - INFO - Module loaded.
2021-03-23 16:07:46,889 - elsapy.elsprofile - INFO - Module loaded.
2021-03-23 16:07:46,889 - elsapy.elsdoc - INFO - Module loaded.
2021-03-23 16:07:46,890 - elsapy.elssearch - INFO - Module loaded.
2021-03-23 16:07:54,215 - elsapy.elsclient - INFO - Module loaded.
2021-03-23 16:07:54,519 - elsapy.elsentity - INFO - Module loaded.
2021-03-23 16:07:54,520 - elsapy.utils - INFO - Module loaded.
2021-03-23 16:07:54,520 - elsapy.elsprofile - INFO - Module loaded.
2021-03-23 16:07:54,521 - elsapy.elsdoc - INFO - Module loaded.
2021-03-23 16:07:54,522 - elsapy.elssearch - INFO - Module loaded.
2021-03-23 16:08:12,668 - elsapy.elsclient - INFO - Module loaded.
2021-03-23 16:08:12,970 - elsapy.elsentity - INFO - Module loaded.
2021-03-23 16:08:12,970 - elsapy.utils - INFO - Module loaded.
2021-03-23 16:08:12,971 - elsapy.elsprofile - INFO - Module loaded.
2021-03-23 16:08:12,972 - elsapy.elsdoc - INFO - Module loaded.
2021-03-23 16:08:12,972 - elsapy.elssearch - INFO - Module loaded.
2021-03-23 16:09:13,320 - elsapy.elsclient - INFO - Module loaded.
2021-03-23 16:09:13,623 - elsapy.elsentity - INFO - Module loaded.
2021-03-23 16:09:13,623 - elsapy.utils - INFO - Module loaded.
2021-03-23 16:09:13,624 - elsapy.elsprofile - INFO - Module loaded.
2021-03-23 16:09:13,624 - elsapy.elsdoc - INFO - Module loaded.
2021-03-23 16:09:13,625 - elsapy.elssearch - INFO - Module loaded.
2021-03-23 16:09:23,070 - elsapy.elsclient - INFO - Module loaded.
2021-03-23 16:09:23,369 - elsapy.elsentity - INFO - Module loaded.
2021-03-23 16:09:23,370 - elsapy.utils - INFO - Module loaded.
2021-03-23 16:09:23,370 - elsapy.elsprofile - INFO - Module loaded.
2021-03-23 16:09:23,371 - elsapy.elsdoc - INFO - Module loaded.
2021-03-23 16:09:23,372 - elsapy.elssearch - INFO - Module loaded.
2021-03-23 16:09:38,251 - elsapy.elsclient - INFO - Module loaded.
2021-03-23 16:09:38,556 - elsapy.elsentity - INFO - Module loaded.
2021-03-23 16:09:38,557 - elsapy.utils - INFO - Module loaded.
2021-03-23 16:09:38,557 - elsapy.elsprofile - INFO - Module loaded.
2021-03-23 16:09:38,558 - elsapy.elsdoc - INFO - Module loaded.
2021-03-23 16:09:38,559 - elsapy.elssearch - INFO - Module loaded.
2021-03-23 16:09:52,360 - elsapy.elsclient - INFO - Module loaded.
2021-03-23 16:09:52,664 - elsapy.elsentity - INFO - Module loaded.
2021-03-23 16:09:52,664 - elsapy.utils - INFO - Module loaded.
2021-03-23 16:09:52,664 - elsapy.elsprofile - INFO - Module loaded.
2021-03-23 16:09:52,665 - elsapy.elsdoc - INFO - Module loaded.
2021-03-23 16:09:52,666 - elsapy.elssearch - INFO - Module loaded.
2021-03-23 16:10:04,284 - elsapy.elsclient - INFO - Module loaded.
2021-03-23 16:10:04,588 - elsapy.elsentity - INFO - Module loaded.
2021-03-23 16:10:04,588 - elsapy.utils - INFO - Module loaded.
2021-03-23 16:10:04,589 - elsapy.elsprofile - INFO - Module loaded.
2021-03-23 16:10:04,589 - elsapy.elsdoc - INFO - Module loaded.
2021-03-23 16:10:04,590 - elsapy.elssearch - INFO - Module loaded.
2021-03-23 16:10:33,564 - elsapy.elsclient - INFO - Module loaded.
2021-03-23 16:10:33,868 - elsapy.elsentity - INFO - Module loaded.
2021-03-23 16:10:33,869 - elsapy.utils - INFO - Module loaded.
2021-03-23 16:10:33,869 - elsapy.elsprofile - INFO - Module loaded.
2021-03-23 16:10:33,870 - elsapy.elsdoc - INFO - Module loaded.
2021-03-23 16:10:33,871 - elsapy.elssearch - INFO - Module loaded.
2021-03-23 16:11:02,889 - elsapy.elsclient - INFO - Module loaded.
2021-03-23 16:11:03,190 - elsapy.elsentity - INFO - Module loaded.
2021-03-23 16:11:03,191 - elsapy.utils - INFO - Module loaded.
2021-03-23 16:11:03,191 - elsapy.elsprofile - INFO - Module loaded.
2021-03-23 16:11:03,192 - elsapy.elsdoc - INFO - Module loaded.
2021-03-23 16:11:03,193 - elsapy.elssearch - INFO - Module loaded.
2021-03-23 16:11:41,914 - elsapy.elsclient - INFO - Module loaded.
2021-03-23 16:11:42,221 - elsapy.elsentity - INFO - Module loaded.
2021-03-23 16:11:42,221 - elsapy.utils - INFO - Module loaded.
2021-03-23 16:11:42,222 - elsapy.elsprofile - INFO - Module loaded.
2021-03-23 16:11:42,222 - elsapy.elsdoc - INFO - Module loaded.
2021-03-23 16:11:42,223 - elsapy.elssearch - INFO - Module loaded.
2021-03-23 16:14:47,234 - elsapy.elsclient - INFO - Module loaded.
2021-03-23 16:14:47,549 - elsapy.elsentity - INFO - Module loaded.
2021-03-23 16:14:47,550 - elsapy.utils - INFO - Module loaded.
2021-03-23 16:14:47,550 - elsapy.elsprofile - INFO - Module loaded.
2021-03-23 16:14:47,552 - elsapy.elsdoc - INFO - Module loaded.
2021-03-23 16:14:47,552 - elsapy.elssearch - INFO - Module loaded.
2021-03-23 16:15:35,795 - elsapy.elsclient - INFO - Module loaded.
2021-03-23 16:15:36,099 - elsapy.elsentity - INFO - Module loaded.
2021-03-23 16:15:36,099 - elsapy.utils - INFO - Module loaded.
2021-03-23 16:15:36,100 - elsapy.elsprofile - INFO - Module loaded.
2021-03-23 16:15:36,100 - elsapy.elsdoc - INFO - Module loaded.
2021-03-23 16:15:36,101 - elsapy.elssearch - INFO - Module loaded.
2021-03-23 16:15:44,679 - elsapy.elsclient - INFO - Sending GET request to https://api.elsevier.com/content/search/sciencedirect?query=Marketing
2021-03-23 16:15:46,454 - elsapy.utils - INFO - Converting prism:coverDate
2021-03-23 16:15:47,465 - elsapy.elsclient - INFO - Sending GET request to https://api.elsevier.com/content/article/pii/S0019850121000286
2021-03-23 16:15:48,868 - elsapy.elsentity - INFO - Data loaded for https://api.elsevier.com/content/article/pii/S0019850121000286
2021-03-23 16:15:49,882 - elsapy.elsclient - INFO - Sending GET request to https://api.elsevier.com/content/article/pii/S001985012100002X
2021-03-23 16:15:51,252 - elsapy.elsentity - INFO - Data loaded for https://api.elsevier.com/content/article/pii/S001985012100002X
2021-03-23 16:15:52,262 - elsapy.elsclient - INFO - Sending GET request to https://api.elsevier.com/content/article/pii/S014829632030847X
2021-03-23 16:15:54,517 - elsapy.elsentity - INFO - Data loaded for https://api.elsevier.com/content/article/pii/S014829632030847X
2021-03-23 16:15:55,520 - elsapy.elsclient - INFO - Sending GET request to https://api.elsevier.com/content/article/pii/S026840122031495X
2021-03-23 16:15:57,784 - elsapy.elsentity - INFO - Data loaded for https://api.elsevier.com/content/article/pii/S026840122031495X
2021-03-23 16:15:58,794 - elsapy.elsclient - INFO - Sending GET request to https://api.elsevier.com/content/article/pii/S0019850120308361
2021-03-23 16:16:00,487 - elsapy.elsentity - INFO - Data loaded for https://api.elsevier.com/content/article/pii/S0019850120308361
2021-03-23 16:16:34,915 - elsapy.elsclient - INFO - Module loaded.
2021-03-23 16:16:35,220 - elsapy.elsentity - INFO - Module loaded.
2021-03-23 16:16:35,221 - elsapy.utils - INFO - Module loaded.
2021-03-23 16:16:35,221 - elsapy.elsprofile - INFO - Module loaded.
2021-03-23 16:16:35,222 - elsapy.elsdoc - INFO - Module loaded.
2021-03-23 16:16:35,222 - elsapy.elssearch - INFO - Module loaded.
2021-03-23 16:18:10,412 - elsapy.elsclient - INFO - Module loaded.
2021-03-23 16:18:10,721 - elsapy.elsentity - INFO - Module loaded.
2021-03-23 16:18:10,722 - elsapy.utils - INFO - Module loaded.
2021-03-23 16:18:10,722 - elsapy.elsprofile - INFO - Module loaded.
2021-03-23 16:18:10,723 - elsapy.elsdoc - INFO - Module loaded.
2021-03-23 16:18:10,723 - elsapy.elssearch - INFO - Module loaded.
2021-03-23 16:18:24,558 - elsapy.elsclient - INFO - Sending GET request to https://api.elsevier.com/content/search/sciencedirect?query=Marketing
2021-03-23 16:18:26,370 - elsapy.utils - INFO - Converting prism:coverDate
2021-03-23 16:18:27,382 - elsapy.elsclient - INFO - Sending GET request to https://api.elsevier.com/content/article/pii/S0019850121000286
2021-03-23 16:18:29,419 - elsapy.elsentity - INFO - Data loaded for https://api.elsevier.com/content/article/pii/S0019850121000286
2021-03-23 16:18:30,426 - elsapy.elsclient - INFO - Sending GET request to https://api.elsevier.com/content/article/pii/S001985012100002X
2021-03-23 16:18:32,903 - elsapy.elsentity - INFO - Data loaded for https://api.elsevier.com/content/article/pii/S001985012100002X
2021-03-23 16:18:33,916 - elsapy.elsclient - INFO - Sending GET request to https://api.elsevier.com/content/article/pii/S014829632030847X
2021-03-23 16:18:35,668 - elsapy.elsentity - INFO - Data loaded for https://api.elsevier.com/content/article/pii/S014829632030847X
2021-03-23 16:18:36,677 - elsapy.elsclient - INFO - Sending GET request to https://api.elsevier.com/content/article/pii/S026840122031495X
2021-03-23 16:18:39,206 - elsapy.elsentity - INFO - Data loaded for https://api.elsevier.com/content/article/pii/S026840122031495X
2021-03-23 16:18:40,211 - elsapy.elsclient - INFO - Sending GET request to https://api.elsevier.com/content/article/pii/S0019850120308361
2021-03-23 16:18:43,106 - elsapy.elsentity - INFO - Data loaded for https://api.elsevier.com/content/article/pii/S0019850120308361
2021-03-23 16:19:03,379 - elsapy.elsclient - INFO - Module loaded.
2021-03-23 16:19:03,681 - elsapy.elsentity - INFO - Module loaded.
2021-03-23 16:19:03,681 - elsapy.utils - INFO - Module loaded.
2021-03-23 16:19:03,681 - elsapy.elsprofile - INFO - Module loaded.
2021-03-23 16:19:03,682 - elsapy.elsdoc - INFO - Module loaded.
2021-03-23 16:19:03,683 - elsapy.elssearch - INFO - Module loaded.
2021-03-23 16:19:39,129 - elsapy.elsclient - INFO - Module loaded.
2021-03-23 16:19:39,442 - elsapy.elsentity - INFO - Module loaded.
2021-03-23 16:19:39,443 - elsapy.utils - INFO - Module loaded.
2021-03-23 16:19:39,443 - elsapy.elsprofile - INFO - Module loaded.
2021-03-23 16:19:39,444 - elsapy.elsdoc - INFO - Module loaded.
2021-03-23 16:19:39,445 - elsapy.elssearch - INFO - Module loaded.
2021-03-23 16:19:47,537 - elsapy.elsclient - INFO - Sending GET request to https://api.elsevier.com/content/search/sciencedirect?query=Marketing
2021-03-23 16:19:49,226 - elsapy.utils - INFO - Converting prism:coverDate
2021-03-23 16:19:50,236 - elsapy.elsclient - INFO - Sending GET request to https://api.elsevier.com/content/article/pii/S0019850121000286
2021-03-23 16:19:52,977 - elsapy.elsentity - INFO - Data loaded for https://api.elsevier.com/content/article/pii/S0019850121000286
2021-03-23 16:19:53,977 - elsapy.elsclient - INFO - Sending GET request to https://api.elsevier.com/content/article/pii/S001985012100002X
2021-03-23 16:19:56,941 - elsapy.elsentity - INFO - Data loaded for https://api.elsevier.com/content/article/pii/S001985012100002X
2021-03-23 16:19:57,953 - elsapy.elsclient - INFO - Sending GET request to https://api.elsevier.com/content/article/pii/S014829632030847X
2021-03-23 16:20:01,851 - elsapy.elsentity - INFO - Data loaded for https://api.elsevier.com/content/article/pii/S014829632030847X
2021-03-23 16:20:02,858 - elsapy.elsclient - INFO - Sending GET request to https://api.elsevier.com/content/article/pii/S026840122031495X
2021-03-23 16:20:04,775 - elsapy.elsentity - INFO - Data loaded for https://api.elsevier.com/content/article/pii/S026840122031495X
2021-03-23 16:20:05,787 - elsapy.elsclient - INFO - Sending GET request to https://api.elsevier.com/content/article/pii/S0019850120308361
2021-03-23 16:20:07,944 - elsapy.elsentity - INFO - Data loaded for https://api.elsevier.com/content/article/pii/S0019850120308361
2021-03-23 16:20:33,380 - elsapy.elsclient - INFO - Module loaded.
2021-03-23 16:20:33,682 - elsapy.elsentity - INFO - Module loaded.
2021-03-23 16:20:33,683 - elsapy.utils - INFO - Module loaded.
2021-03-23 16:20:33,683 - elsapy.elsprofile - INFO - Module loaded.
2021-03-23 16:20:33,684 - elsapy.elsdoc - INFO - Module loaded.
2021-03-23 16:20:33,685 - elsapy.elssearch - INFO - Module loaded.
2021-03-23 16:20:47,495 - elsapy.elsclient - INFO - Module loaded.
2021-03-23 16:20:47,797 - elsapy.elsentity - INFO - Module loaded.
2021-03-23 16:20:47,798 - elsapy.utils - INFO - Module loaded.
2021-03-23 16:20:47,798 - elsapy.elsprofile - INFO - Module loaded.
2021-03-23 16:20:47,799 - elsapy.elsdoc - INFO - Module loaded.
2021-03-23 16:20:47,800 - elsapy.elssearch - INFO - Module loaded.
2021-03-23 16:23:57,218 - elsapy.elsclient - INFO - Module loaded.
2021-03-23 16:23:57,532 - elsapy.elsentity - INFO - Module loaded.
2021-03-23 16:23:57,533 - elsapy.utils - INFO - Module loaded.
2021-03-23 16:23:57,533 - elsapy.elsprofile - INFO - Module loaded.
2021-03-23 16:23:57,534 - elsapy.elsdoc - INFO - Module loaded.
2021-03-23 16:23:57,535 - elsapy.elssearch - INFO - Module loaded.
2021-03-23 16:25:14,206 - elsapy.elsclient - INFO - Module loaded.
2021-03-23 16:25:14,506 - elsapy.elsentity - INFO - Module loaded.
2021-03-23 16:25:14,507 - elsapy.utils - INFO - Module loaded.
2021-03-23 16:25:14,507 - elsapy.elsprofile - INFO - Module loaded.
2021-03-23 16:25:14,508 - elsapy.elsdoc - INFO - Module loaded.
2021-03-23 16:25:14,509 - elsapy.elssearch - INFO - Module loaded.
2021-03-23 16:25:32,637 - elsapy.elsclient - INFO - Module loaded.
2021-03-23 16:25:32,942 - elsapy.elsentity - INFO - Module loaded.
2021-03-23 16:25:32,942 - elsapy.utils - INFO - Module loaded.
2021-03-23 16:25:32,943 - elsapy.elsprofile - INFO - Module loaded.
2021-03-23 16:25:32,943 - elsapy.elsdoc - INFO - Module loaded.
2021-03-23 16:25:32,945 - elsapy.elssearch - INFO - Module loaded.
2021-03-23 20:11:35,356 - elsapy.elsclient - INFO - Module loaded.
2021-03-23 20:11:35,987 - elsapy.elsentity - INFO - Module loaded.
2021-03-23 20:11:35,988 - elsapy.utils - INFO - Module loaded.
2021-03-23 20:11:35,988 - elsapy.elsprofile - INFO - Module loaded.
2021-03-23 20:11:35,989 - elsapy.elsdoc - INFO - Module loaded.
2021-03-23 20:11:35,990 - elsapy.elssearch - INFO - Module loaded.
2021-03-23 20:30:53,405 - elsapy.elsclient - INFO - Module loaded.
2021-03-23 20:30:53,721 - elsapy.elsentity - INFO - Module loaded.
2021-03-23 20:30:53,722 - elsapy.utils - INFO - Module loaded.
2021-03-23 20:30:53,722 - elsapy.elsprofile - INFO - Module loaded.
2021-03-23 20:30:53,723 - elsapy.elsdoc - INFO - Module loaded.
2021-03-23 20:30:53,723 - elsapy.elssearch - INFO - Module loaded.
2021-03-23 20:32:12,691 - elsapy.elsclient - INFO - Module loaded.
2021-03-23 20:32:13,007 - elsapy.elsentity - INFO - Module loaded.
2021-03-23 20:32:13,007 - elsapy.utils - INFO - Module loaded.
2021-03-23 20:32:13,008 - elsapy.elsprofile - INFO - Module loaded.
2021-03-23 20:32:13,008 - elsapy.elsdoc - INFO - Module loaded.
2021-03-23 20:32:13,009 - elsapy.elssearch - INFO - Module loaded.
2021-03-23 20:46:38,249 - elsapy.elsclient - INFO - Module loaded.
2021-03-23 20:46:38,560 - elsapy.elsentity - INFO - Module loaded.
2021-03-23 20:46:38,560 - elsapy.utils - INFO - Module loaded.
2021-03-23 20:46:38,561 - elsapy.elsprofile - INFO - Module loaded.
2021-03-23 20:46:38,562 - elsapy.elsdoc - INFO - Module loaded.
2021-03-23 20:46:38,562 - elsapy.elssearch - INFO - Module loaded.
2021-03-23 20:46:45,844 - elsapy.elsclient - INFO - Module loaded.
2021-03-23 20:46:46,160 - elsapy.elsentity - INFO - Module loaded.
2021-03-23 20:46:46,160 - elsapy.utils - INFO - Module loaded.
2021-03-23 20:46:46,161 - elsapy.elsprofile - INFO - Module loaded.
2021-03-23 20:46:46,161 - elsapy.elsdoc - INFO - Module loaded.
2021-03-23 20:46:46,162 - elsapy.elssearch - INFO - Module loaded.
2021-03-23 20:46:51,290 - elsapy.elsclient - INFO - Module loaded.
2021-03-23 20:46:51,595 - elsapy.elsentity - INFO - Module loaded.
2021-03-23 20:46:51,596 - elsapy.utils - INFO - Module loaded.
2021-03-23 20:46:51,596 - elsapy.elsprofile - INFO - Module loaded.
2021-03-23 20:46:51,596 - elsapy.elsdoc - INFO - Module loaded.
2021-03-23 20:46:51,596 - elsapy.elssearch - INFO - Module loaded.
2021-03-23 20:47:10,767 - elsapy.elsclient - INFO - Module loaded.
2021-03-23 20:47:11,088 - elsapy.elsentity - INFO - Module loaded.
2021-03-23 20:47:11,089 - elsapy.utils - INFO - Module loaded.
2021-03-23 20:47:11,090 - elsapy.elsprofile - INFO - Module loaded.
2021-03-23 20:47:11,091 - elsapy.elsdoc - INFO - Module loaded.
2021-03-23 20:47:11,092 - elsapy.elssearch - INFO - Module loaded.
2021-03-23 20:47:35,726 - elsapy.elsclient - INFO - Module loaded.
2021-03-23 20:47:36,044 - elsapy.elsentity - INFO - Module loaded.
2021-03-23 20:47:36,045 - elsapy.utils - INFO - Module loaded.
2021-03-23 20:47:36,045 - elsapy.elsprofile - INFO - Module loaded.
2021-03-23 20:47:36,046 - elsapy.elsdoc - INFO - Module loaded.
2021-03-23 20:47:36,047 - elsapy.elssearch - INFO - Module loaded.
2021-03-23 20:47:38,961 - elsapy.elsclient - INFO - Module loaded.
2021-03-23 20:47:39,271 - elsapy.elsentity - INFO - Module loaded.
2021-03-23 20:47:39,272 - elsapy.utils - INFO - Module loaded.
2021-03-23 20:47:39,272 - elsapy.elsprofile - INFO - Module loaded.
2021-03-23 20:47:39,273 - elsapy.elsdoc - INFO - Module loaded.
2021-03-23 20:47:39,273 - elsapy.elssearch - INFO - Module loaded.
2021-03-23 20:48:25,560 - elsapy.elsclient - INFO - Module loaded.
2021-03-23 20:48:25,865 - elsapy.elsentity - INFO - Module loaded.
2021-03-23 20:48:25,865 - elsapy.utils - INFO - Module loaded.
2021-03-23 20:48:25,866 - elsapy.elsprofile - INFO - Module loaded.
2021-03-23 20:48:25,866 - elsapy.elsdoc - INFO - Module loaded.
2021-03-23 20:48:25,867 - elsapy.elssearch - INFO - Module loaded.
2021-03-23 20:49:02,397 - elsapy.elsclient - INFO - Module loaded.
2021-03-23 20:49:02,704 - elsapy.elsentity - INFO - Module loaded.
2021-03-23 20:49:02,705 - elsapy.utils - INFO - Module loaded.
2021-03-23 20:49:02,705 - elsapy.elsprofile - INFO - Module loaded.
2021-03-23 20:49:02,706 - elsapy.elsdoc - INFO - Module loaded.
2021-03-23 20:49:02,706 - elsapy.elssearch - INFO - Module loaded.
2021-03-23 20:49:14,336 - elsapy.elsclient - INFO - Module loaded.
2021-03-23 20:49:14,667 - elsapy.elsentity - INFO - Module loaded.
2021-03-23 20:49:14,667 - elsapy.utils - INFO - Module loaded.
2021-03-23 20:49:14,667 - elsapy.elsprofile - INFO - Module loaded.
2021-03-23 20:49:14,668 - elsapy.elsdoc - INFO - Module loaded.
2021-03-23 20:49:14,669 - elsapy.elssearch - INFO - Module loaded.
2021-03-23 20:49:21,945 - elsapy.elsclient - INFO - Module loaded.
2021-03-23 20:49:22,265 - elsapy.elsentity - INFO - Module loaded.
2021-03-23 20:49:22,266 - elsapy.utils - INFO - Module loaded.
2021-03-23 20:49:22,266 - elsapy.elsprofile - INFO - Module loaded.
2021-03-23 20:49:22,267 - elsapy.elsdoc - INFO - Module loaded.
2021-03-23 20:49:22,268 - elsapy.elssearch - INFO - Module loaded.
2021-03-23 20:52:25,175 - elsapy.elsclient - INFO - Module loaded.
2021-03-23 20:52:25,508 - elsapy.elsentity - INFO - Module loaded.
2021-03-23 20:52:25,508 - elsapy.utils - INFO - Module loaded.
2021-03-23 20:52:25,508 - elsapy.elsprofile - INFO - Module loaded.
2021-03-23 20:52:25,509 - elsapy.elsdoc - INFO - Module loaded.
2021-03-23 20:52:25,510 - elsapy.elssearch - INFO - Module loaded.
2021-03-23 20:53:36,492 - elsapy.elsclient - INFO - Module loaded.
2021-03-23 20:53:36,878 - elsapy.elsentity - INFO - Module loaded.
2021-03-23 20:53:36,879 - elsapy.utils - INFO - Module loaded.
2021-03-23 20:53:36,880 - elsapy.elsprofile - INFO - Module loaded.
2021-03-23 20:53:36,882 - elsapy.elsdoc - INFO - Module loaded.
2021-03-23 20:53:36,883 - elsapy.elssearch - INFO - Module loaded.
2021-03-23 20:54:17,179 - elsapy.elsclient - INFO - Module loaded.
2021-03-23 20:54:17,492 - elsapy.elsentity - INFO - Module loaded.
2021-03-23 20:54:17,492 - elsapy.utils - INFO - Module loaded.
2021-03-23 20:54:17,493 - elsapy.elsprofile - INFO - Module loaded.
2021-03-23 20:54:17,493 - elsapy.elsdoc - INFO - Module loaded.
2021-03-23 20:54:17,494 - elsapy.elssearch - INFO - Module loaded.
2021-03-23 20:54:25,884 - elsapy.elsclient - INFO - Module loaded.
2021-03-23 20:54:26,198 - elsapy.elsentity - INFO - Module loaded.
2021-03-23 20:54:26,198 - elsapy.utils - INFO - Module loaded.
2021-03-23 20:54:26,199 - elsapy.elsprofile - INFO - Module loaded.
2021-03-23 20:54:26,199 - elsapy.elsdoc - INFO - Module loaded.
2021-03-23 20:54:26,200 - elsapy.elssearch - INFO - Module loaded.
2021-03-23 20:54:36,815 - elsapy.elsclient - INFO - Module loaded.
2021-03-23 20:54:37,132 - elsapy.elsentity - INFO - Module loaded.
2021-03-23 20:54:37,133 - elsapy.utils - INFO - Module loaded.
2021-03-23 20:54:37,133 - elsapy.elsprofile - INFO - Module loaded.
2021-03-23 20:54:37,134 - elsapy.elsdoc - INFO - Module loaded.
2021-03-23 20:54:37,134 - elsapy.elssearch - INFO - Module loaded.
2021-03-23 20:55:05,587 - elsapy.elsclient - INFO - Module loaded.
2021-03-23 20:55:05,904 - elsapy.elsentity - INFO - Module loaded.
2021-03-23 20:55:05,905 - elsapy.utils - INFO - Module loaded.
2021-03-23 20:55:05,905 - elsapy.elsprofile - INFO - Module loaded.
2021-03-23 20:55:05,906 - elsapy.elsdoc - INFO - Module loaded.
2021-03-23 20:55:05,907 - elsapy.elssearch - INFO - Module loaded.
2021-03-23 20:58:23,786 - elsapy.elsclient - INFO - Module loaded.
2021-03-23 20:58:24,100 - elsapy.elsentity - INFO - Module loaded.
2021-03-23 20:58:24,101 - elsapy.utils - INFO - Module loaded.
2021-03-23 20:58:24,101 - elsapy.elsprofile - INFO - Module loaded.
2021-03-23 20:58:24,102 - elsapy.elsdoc - INFO - Module loaded.
2021-03-23 20:58:24,102 - elsapy.elssearch - INFO - Module loaded.
2021-03-23 21:00:13,060 - elsapy.elsclient - INFO - Module loaded.
2021-03-23 21:00:13,399 - elsapy.elsentity - INFO - Module loaded.
2021-03-23 21:00:13,400 - elsapy.utils - INFO - Module loaded.
2021-03-23 21:00:13,400 - elsapy.elsprofile - INFO - Module loaded.
2021-03-23 21:00:13,402 - elsapy.elsdoc - INFO - Module loaded.
2021-03-23 21:00:13,403 - elsapy.elssearch - INFO - Module loaded.
2021-03-23 21:00:36,917 - elsapy.elsclient - INFO - Module loaded.
2021-03-23 21:00:37,230 - elsapy.elsentity - INFO - Module loaded.
2021-03-23 21:00:37,230 - elsapy.utils - INFO - Module loaded.
2021-03-23 21:00:37,231 - elsapy.elsprofile - INFO - Module loaded.
2021-03-23 21:00:37,231 - elsapy.elsdoc - INFO - Module loaded.
2021-03-23 21:00:37,232 - elsapy.elssearch - INFO - Module loaded.
2021-03-23 21:00:56,467 - elsapy.elsclient - INFO - Module loaded.
2021-03-23 21:00:56,786 - elsapy.elsentity - INFO - Module loaded.
2021-03-23 21:00:56,787 - elsapy.utils - INFO - Module loaded.
2021-03-23 21:00:56,787 - elsapy.elsprofile - INFO - Module loaded.
2021-03-23 21:00:56,788 - elsapy.elsdoc - INFO - Module loaded.
2021-03-23 21:00:56,788 - elsapy.elssearch - INFO - Module loaded.
2021-03-23 21:01:22,606 - elsapy.elsclient - INFO - Module loaded.
2021-03-23 21:01:22,910 - elsapy.elsentity - INFO - Module loaded.
2021-03-23 21:01:22,910 - elsapy.utils - INFO - Module loaded.
2021-03-23 21:01:22,911 - elsapy.elsprofile - INFO - Module loaded.
2021-03-23 21:01:22,911 - elsapy.elsdoc - INFO - Module loaded.
2021-03-23 21:01:22,912 - elsapy.elssearch - INFO - Module loaded.
2021-03-23 21:01:28,028 - elsapy.elsclient - INFO - Module loaded.
2021-03-23 21:01:28,339 - elsapy.elsentity - INFO - Module loaded.
2021-03-23 21:01:28,339 - elsapy.utils - INFO - Module loaded.
2021-03-23 21:01:28,339 - elsapy.elsprofile - INFO - Module loaded.
2021-03-23 21:01:28,340 - elsapy.elsdoc - INFO - Module loaded.
2021-03-23 21:01:28,341 - elsapy.elssearch - INFO - Module loaded.
2021-03-23 21:03:35,483 - elsapy.elsclient - INFO - Module loaded.
2021-03-23 21:03:35,805 - elsapy.elsentity - INFO - Module loaded.
2021-03-23 21:03:35,805 - elsapy.utils - INFO - Module loaded.
2021-03-23 21:03:35,806 - elsapy.elsprofile - INFO - Module loaded.
2021-03-23 21:03:35,806 - elsapy.elsdoc - INFO - Module loaded.
2021-03-23 21:03:35,807 - elsapy.elssearch - INFO - Module loaded.
2021-03-23 21:04:39,960 - elsapy.elsclient - INFO - Module loaded.
2021-03-23 21:04:40,295 - elsapy.elsentity - INFO - Module loaded.
2021-03-23 21:04:40,296 - elsapy.utils - INFO - Module loaded.
2021-03-23 21:04:40,296 - elsapy.elsprofile - INFO - Module loaded.
2021-03-23 21:04:40,297 - elsapy.elsdoc - INFO - Module loaded.
2021-03-23 21:04:40,298 - elsapy.elssearch - INFO - Module loaded.
2021-03-23 21:07:08,233 - elsapy.elsclient - INFO - Module loaded.
2021-03-23 21:07:08,541 - elsapy.elsentity - INFO - Module loaded.
2021-03-23 21:07:08,541 - elsapy.utils - INFO - Module loaded.
2021-03-23 21:07:08,542 - elsapy.elsprofile - INFO - Module loaded.
2021-03-23 21:07:08,542 - elsapy.elsdoc - INFO - Module loaded.
2021-03-23 21:07:08,543 - elsapy.elssearch - INFO - Module loaded.
2021-03-23 21:07:21,286 - elsapy.elsclient - INFO - Module loaded.
2021-03-23 21:07:21,596 - elsapy.elsentity - INFO - Module loaded.
2021-03-23 21:07:21,596 - elsapy.utils - INFO - Module loaded.
2021-03-23 21:07:21,597 - elsapy.elsprofile - INFO - Module loaded.
2021-03-23 21:07:21,597 - elsapy.elsdoc - INFO - Module loaded.
2021-03-23 21:07:21,598 - elsapy.elssearch - INFO - Module loaded.
2021-03-23 21:09:05,462 - elsapy.elsclient - INFO - Module loaded.
2021-03-23 21:09:05,769 - elsapy.elsentity - INFO - Module loaded.
2021-03-23 21:09:05,769 - elsapy.utils - INFO - Module loaded.
2021-03-23 21:09:05,770 - elsapy.elsprofile - INFO - Module loaded.
2021-03-23 21:09:05,770 - elsapy.elsdoc - INFO - Module loaded.
2021-03-23 21:09:05,771 - elsapy.elssearch - INFO - Module loaded.
2021-03-23 21:10:18,185 - elsapy.elsclient - INFO - Module loaded.
2021-03-23 21:10:18,497 - elsapy.elsentity - INFO - Module loaded.
2021-03-23 21:10:18,497 - elsapy.utils - INFO - Module loaded.
2021-03-23 21:10:18,498 - elsapy.elsprofile - INFO - Module loaded.
2021-03-23 21:10:18,498 - elsapy.elsdoc - INFO - Module loaded.
2021-03-23 21:10:18,499 - elsapy.elssearch - INFO - Module loaded.
2021-03-23 21:10:35,519 - elsapy.elsclient - INFO - Module loaded.
2021-03-23 21:10:35,842 - elsapy.elsentity - INFO - Module loaded.
2021-03-23 21:10:35,843 - elsapy.utils - INFO - Module loaded.
2021-03-23 21:10:35,843 - elsapy.elsprofile - INFO - Module loaded.
2021-03-23 21:10:35,844 - elsapy.elsdoc - INFO - Module loaded.
2021-03-23 21:10:35,844 - elsapy.elssearch - INFO - Module loaded.
2021-03-23 21:10:38,799 - elsapy.elsclient - INFO - Module loaded.
2021-03-23 21:10:39,101 - elsapy.elsentity - INFO - Module loaded.
2021-03-23 21:10:39,102 - elsapy.utils - INFO - Module loaded.
2021-03-23 21:10:39,102 - elsapy.elsprofile - INFO - Module loaded.
2021-03-23 21:10:39,103 - elsapy.elsdoc - INFO - Module loaded.
2021-03-23 21:10:39,104 - elsapy.elssearch - INFO - Module loaded.
2021-03-23 21:11:17,799 - elsapy.elsclient - INFO - Module loaded.
2021-03-23 21:11:18,101 - elsapy.elsentity - INFO - Module loaded.
2021-03-23 21:11:18,102 - elsapy.utils - INFO - Module loaded.
2021-03-23 21:11:18,102 - elsapy.elsprofile - INFO - Module loaded.
2021-03-23 21:11:18,103 - elsapy.elsdoc - INFO - Module loaded.
2021-03-23 21:11:18,104 - elsapy.elssearch - INFO - Module loaded.
2021-03-23 21:16:08,666 - elsapy.elsclient - INFO - Module loaded.
2021-03-23 21:16:08,981 - elsapy.elsentity - INFO - Module loaded.
2021-03-23 21:16:08,982 - elsapy.utils - INFO - Module loaded.
2021-03-23 21:16:08,982 - elsapy.elsprofile - INFO - Module loaded.
2021-03-23 21:16:08,983 - elsapy.elsdoc - INFO - Module loaded.
2021-03-23 21:16:08,984 - elsapy.elssearch - INFO - Module loaded.
2021-03-23 21:16:20,702 - elsapy.elsclient - INFO - Module loaded.
2021-03-23 21:16:21,029 - elsapy.elsentity - INFO - Module loaded.
2021-03-23 21:16:21,029 - elsapy.utils - INFO - Module loaded.
2021-03-23 21:16:21,029 - elsapy.elsprofile - INFO - Module loaded.
2021-03-23 21:16:21,030 - elsapy.elsdoc - INFO - Module loaded.
2021-03-23 21:16:21,031 - elsapy.elssearch - INFO - Module loaded.
2021-03-23 21:16:28,356 - elsapy.elsclient - INFO - Module loaded.
2021-03-23 21:16:28,687 - elsapy.elsentity - INFO - Module loaded.
2021-03-23 21:16:28,688 - elsapy.utils - INFO - Module loaded.
2021-03-23 21:16:28,688 - elsapy.elsprofile - INFO - Module loaded.
2021-03-23 21:16:28,689 - elsapy.elsdoc - INFO - Module loaded.
2021-03-23 21:16:28,690 - elsapy.elssearch - INFO - Module loaded.
2021-03-23 21:18:08,150 - elsapy.elsclient - INFO - Module loaded.
2021-03-23 21:18:08,452 - elsapy.elsentity - INFO - Module loaded.
2021-03-23 21:18:08,452 - elsapy.utils - INFO - Module loaded.
2021-03-23 21:18:08,453 - elsapy.elsprofile - INFO - Module loaded.
2021-03-23 21:18:08,453 - elsapy.elsdoc - INFO - Module loaded.
2021-03-23 21:18:08,454 - elsapy.elssearch - INFO - Module loaded.
2021-03-23 21:21:26,974 - elsapy.elsclient - INFO - Sending GET request to https://api.elsevier.com/content/search/sciencedirect?query=Economics
2021-03-23 21:21:29,238 - elsapy.utils - INFO - Converting prism:coverDate
2021-03-23 21:21:30,240 - elsapy.elsclient - INFO - Sending GET request to https://api.elsevier.com/content/article/pii/S2352550921000737
2021-03-23 21:21:32,061 - elsapy.elsentity - INFO - Data loaded for https://api.elsevier.com/content/article/pii/S2352550921000737
2021-03-23 21:21:33,068 - elsapy.elsclient - INFO - Sending GET request to https://api.elsevier.com/content/article/pii/S2214799320301089
2021-03-23 21:21:34,553 - elsapy.elsentity - INFO - Data loaded for https://api.elsevier.com/content/article/pii/S2214799320301089
2021-03-23 21:21:35,559 - elsapy.elsclient - INFO - Sending GET request to https://api.elsevier.com/content/article/pii/S2214785321001218
2021-03-23 21:21:37,807 - elsapy.elsentity - INFO - Data loaded for https://api.elsevier.com/content/article/pii/S2214785321001218
2021-03-23 21:21:38,815 - elsapy.elsclient - INFO - Sending GET request to https://api.elsevier.com/content/article/pii/S1477388020300359
2021-03-23 21:21:41,308 - elsapy.elsentity - INFO - Data loaded for https://api.elsevier.com/content/article/pii/S1477388020300359
2021-03-23 21:21:42,315 - elsapy.elsclient - INFO - Sending GET request to https://api.elsevier.com/content/article/pii/S1477388020300189
2021-03-23 21:21:44,532 - elsapy.elsentity - INFO - Data loaded for https://api.elsevier.com/content/article/pii/S1477388020300189
2021-03-23 21:24:29,769 - elsapy.elsclient - INFO - Module loaded.
2021-03-23 21:24:30,091 - elsapy.elsentity - INFO - Module loaded.
2021-03-23 21:24:30,092 - elsapy.utils - INFO - Module loaded.
2021-03-23 21:24:30,093 - elsapy.elsprofile - INFO - Module loaded.
2021-03-23 21:24:30,093 - elsapy.elsdoc - INFO - Module loaded.
2021-03-23 21:24:30,094 - elsapy.elssearch - INFO - Module loaded.
2021-03-23 21:28:45,265 - elsapy.elsclient - INFO - Module loaded.
2021-03-23 21:28:45,592 - elsapy.elsentity - INFO - Module loaded.
2021-03-23 21:28:45,593 - elsapy.utils - INFO - Module loaded.
2021-03-23 21:28:45,593 - elsapy.elsprofile - INFO - Module loaded.
2021-03-23 21:28:45,594 - elsapy.elsdoc - INFO - Module loaded.
2021-03-23 21:28:45,594 - elsapy.elssearch - INFO - Module loaded.
2021-03-23 21:30:42,852 - elsapy.elsclient - INFO - Module loaded.
2021-03-23 21:30:43,157 - elsapy.elsentity - INFO - Module loaded.
2021-03-23 21:30:43,158 - elsapy.utils - INFO - Module loaded.
2021-03-23 21:30:43,158 - elsapy.elsprofile - INFO - Module loaded.
2021-03-23 21:30:43,159 - elsapy.elsdoc - INFO - Module loaded.
2021-03-23 21:30:43,160 - elsapy.elssearch - INFO - Module loaded.
2021-03-23 21:30:50,450 - elsapy.elsclient - INFO - Module loaded.
2021-03-23 21:30:50,751 - elsapy.elsentity - INFO - Module loaded.
2021-03-23 21:30:50,752 - elsapy.utils - INFO - Module loaded.
2021-03-23 21:30:50,752 - elsapy.elsprofile - INFO - Module loaded.
2021-03-23 21:30:50,753 - elsapy.elsdoc - INFO - Module loaded.
2021-03-23 21:30:50,754 - elsapy.elssearch - INFO - Module loaded.
