2021-03-25 17:35:37,249 - elsapy.elsclient - INFO - Module loaded.
2021-03-25 17:35:38,075 - elsapy.elsentity - INFO - Module loaded.
2021-03-25 17:35:38,076 - elsapy.utils - INFO - Module loaded.
2021-03-25 17:35:38,076 - elsapy.elsprofile - INFO - Module loaded.
2021-03-25 17:35:38,077 - elsapy.elsdoc - INFO - Module loaded.
2021-03-25 17:35:38,078 - elsapy.elssearch - INFO - Module loaded.
2021-03-25 17:35:49,489 - elsapy.elsclient - INFO - Module loaded.
2021-03-25 17:35:49,796 - elsapy.elsentity - INFO - Module loaded.
2021-03-25 17:35:49,796 - elsapy.utils - INFO - Module loaded.
2021-03-25 17:35:49,800 - elsapy.elsprofile - INFO - Module loaded.
2021-03-25 17:35:49,801 - elsapy.elsdoc - INFO - Module loaded.
2021-03-25 17:35:49,802 - elsapy.elssearch - INFO - Module loaded.
2021-03-25 17:36:41,792 - elsapy.elsclient - INFO - Module loaded.
2021-03-25 17:36:42,103 - elsapy.elsentity - INFO - Module loaded.
2021-03-25 17:36:42,103 - elsapy.utils - INFO - Module loaded.
2021-03-25 17:36:42,104 - elsapy.elsprofile - INFO - Module loaded.
2021-03-25 17:36:42,104 - elsapy.elsdoc - INFO - Module loaded.
2021-03-25 17:36:42,105 - elsapy.elssearch - INFO - Module loaded.
2021-03-25 17:38:59,742 - elsapy.elsclient - INFO - Module loaded.
2021-03-25 17:39:00,053 - elsapy.elsentity - INFO - Module loaded.
2021-03-25 17:39:00,053 - elsapy.utils - INFO - Module loaded.
2021-03-25 17:39:00,054 - elsapy.elsprofile - INFO - Module loaded.
2021-03-25 17:39:00,055 - elsapy.elsdoc - INFO - Module loaded.
2021-03-25 17:39:00,055 - elsapy.elssearch - INFO - Module loaded.
2021-03-25 17:40:11,477 - elsapy.elsclient - INFO - Module loaded.
2021-03-25 17:40:11,782 - elsapy.elsentity - INFO - Module loaded.
2021-03-25 17:40:11,783 - elsapy.utils - INFO - Module loaded.
2021-03-25 17:40:11,783 - elsapy.elsprofile - INFO - Module loaded.
2021-03-25 17:40:11,784 - elsapy.elsdoc - INFO - Module loaded.
2021-03-25 17:40:11,785 - elsapy.elssearch - INFO - Module loaded.
2021-03-25 17:40:49,381 - elsapy.elsclient - INFO - Module loaded.
2021-03-25 17:40:49,687 - elsapy.elsentity - INFO - Module loaded.
2021-03-25 17:40:49,688 - elsapy.utils - INFO - Module loaded.
2021-03-25 17:40:49,688 - elsapy.elsprofile - INFO - Module loaded.
2021-03-25 17:40:49,689 - elsapy.elsdoc - INFO - Module loaded.
2021-03-25 17:40:49,689 - elsapy.elssearch - INFO - Module loaded.
2021-03-25 17:41:51,475 - elsapy.elsclient - INFO - Module loaded.
2021-03-25 17:41:51,788 - elsapy.elsentity - INFO - Module loaded.
2021-03-25 17:41:51,789 - elsapy.utils - INFO - Module loaded.
2021-03-25 17:41:51,789 - elsapy.elsprofile - INFO - Module loaded.
2021-03-25 17:41:51,790 - elsapy.elsdoc - INFO - Module loaded.
2021-03-25 17:41:51,791 - elsapy.elssearch - INFO - Module loaded.
2021-03-25 17:42:57,965 - elsapy.elsclient - INFO - Module loaded.
2021-03-25 17:42:58,274 - elsapy.elsentity - INFO - Module loaded.
2021-03-25 17:42:58,274 - elsapy.utils - INFO - Module loaded.
2021-03-25 17:42:58,275 - elsapy.elsprofile - INFO - Module loaded.
2021-03-25 17:42:58,275 - elsapy.elsdoc - INFO - Module loaded.
2021-03-25 17:42:58,276 - elsapy.elssearch - INFO - Module loaded.
2021-03-25 17:43:36,008 - elsapy.elsclient - INFO - Module loaded.
2021-03-25 17:43:36,314 - elsapy.elsentity - INFO - Module loaded.
2021-03-25 17:43:36,315 - elsapy.utils - INFO - Module loaded.
2021-03-25 17:43:36,315 - elsapy.elsprofile - INFO - Module loaded.
2021-03-25 17:43:36,316 - elsapy.elsdoc - INFO - Module loaded.
2021-03-25 17:43:36,317 - elsapy.elssearch - INFO - Module loaded.
2021-03-25 17:43:58,120 - elsapy.elsclient - INFO - Module loaded.
2021-03-25 17:43:58,429 - elsapy.elsentity - INFO - Module loaded.
2021-03-25 17:43:58,430 - elsapy.utils - INFO - Module loaded.
2021-03-25 17:43:58,430 - elsapy.elsprofile - INFO - Module loaded.
2021-03-25 17:43:58,431 - elsapy.elsdoc - INFO - Module loaded.
2021-03-25 17:43:58,431 - elsapy.elssearch - INFO - Module loaded.
2021-03-25 17:45:21,776 - elsapy.elsclient - INFO - Module loaded.
2021-03-25 17:45:22,081 - elsapy.elsentity - INFO - Module loaded.
2021-03-25 17:45:22,082 - elsapy.utils - INFO - Module loaded.
2021-03-25 17:45:22,082 - elsapy.elsprofile - INFO - Module loaded.
2021-03-25 17:45:22,083 - elsapy.elsdoc - INFO - Module loaded.
2021-03-25 17:45:22,084 - elsapy.elssearch - INFO - Module loaded.
2021-03-25 17:46:50,083 - elsapy.elsclient - INFO - Module loaded.
2021-03-25 17:46:50,393 - elsapy.elsentity - INFO - Module loaded.
2021-03-25 17:46:50,394 - elsapy.utils - INFO - Module loaded.
2021-03-25 17:46:50,394 - elsapy.elsprofile - INFO - Module loaded.
2021-03-25 17:46:50,395 - elsapy.elsdoc - INFO - Module loaded.
2021-03-25 17:46:50,396 - elsapy.elssearch - INFO - Module loaded.
2021-03-25 17:47:26,147 - elsapy.elsclient - INFO - Module loaded.
2021-03-25 17:47:26,458 - elsapy.elsentity - INFO - Module loaded.
2021-03-25 17:47:26,459 - elsapy.utils - INFO - Module loaded.
2021-03-25 17:47:26,459 - elsapy.elsprofile - INFO - Module loaded.
2021-03-25 17:47:26,460 - elsapy.elsdoc - INFO - Module loaded.
2021-03-25 17:47:26,460 - elsapy.elssearch - INFO - Module loaded.
2021-03-25 17:48:22,571 - elsapy.elsclient - INFO - Module loaded.
2021-03-25 17:48:22,882 - elsapy.elsentity - INFO - Module loaded.
2021-03-25 17:48:22,883 - elsapy.utils - INFO - Module loaded.
2021-03-25 17:48:22,883 - elsapy.elsprofile - INFO - Module loaded.
2021-03-25 17:48:22,884 - elsapy.elsdoc - INFO - Module loaded.
2021-03-25 17:48:22,885 - elsapy.elssearch - INFO - Module loaded.
2021-03-25 17:49:46,475 - elsapy.elsclient - INFO - Module loaded.
2021-03-25 17:49:46,777 - elsapy.elsentity - INFO - Module loaded.
2021-03-25 17:49:46,777 - elsapy.utils - INFO - Module loaded.
2021-03-25 17:49:46,778 - elsapy.elsprofile - INFO - Module loaded.
2021-03-25 17:49:46,778 - elsapy.elsdoc - INFO - Module loaded.
2021-03-25 17:49:46,779 - elsapy.elssearch - INFO - Module loaded.
2021-03-25 17:50:22,355 - elsapy.elsclient - INFO - Module loaded.
2021-03-25 17:50:22,666 - elsapy.elsentity - INFO - Module loaded.
2021-03-25 17:50:22,667 - elsapy.utils - INFO - Module loaded.
2021-03-25 17:50:22,667 - elsapy.elsprofile - INFO - Module loaded.
2021-03-25 17:50:22,668 - elsapy.elsdoc - INFO - Module loaded.
2021-03-25 17:50:22,668 - elsapy.elssearch - INFO - Module loaded.
2021-03-25 17:50:52,938 - elsapy.elsclient - INFO - Module loaded.
2021-03-25 17:50:53,251 - elsapy.elsentity - INFO - Module loaded.
2021-03-25 17:50:53,252 - elsapy.utils - INFO - Module loaded.
2021-03-25 17:50:53,252 - elsapy.elsprofile - INFO - Module loaded.
2021-03-25 17:50:53,253 - elsapy.elsdoc - INFO - Module loaded.
2021-03-25 17:50:53,254 - elsapy.elssearch - INFO - Module loaded.
2021-03-25 17:51:10,901 - elsapy.elsclient - INFO - Module loaded.
2021-03-25 17:51:11,213 - elsapy.elsentity - INFO - Module loaded.
2021-03-25 17:51:11,214 - elsapy.utils - INFO - Module loaded.
2021-03-25 17:51:11,214 - elsapy.elsprofile - INFO - Module loaded.
2021-03-25 17:51:11,215 - elsapy.elsdoc - INFO - Module loaded.
2021-03-25 17:51:11,215 - elsapy.elssearch - INFO - Module loaded.
2021-03-25 17:51:16,511 - elsapy.elsclient - INFO - Module loaded.
2021-03-25 17:51:16,818 - elsapy.elsentity - INFO - Module loaded.
2021-03-25 17:51:16,818 - elsapy.utils - INFO - Module loaded.
2021-03-25 17:51:16,819 - elsapy.elsprofile - INFO - Module loaded.
2021-03-25 17:51:16,819 - elsapy.elsdoc - INFO - Module loaded.
2021-03-25 17:51:16,820 - elsapy.elssearch - INFO - Module loaded.
2021-03-25 17:51:24,191 - elsapy.elsclient - INFO - Module loaded.
2021-03-25 17:51:24,498 - elsapy.elsentity - INFO - Module loaded.
2021-03-25 17:51:24,499 - elsapy.utils - INFO - Module loaded.
2021-03-25 17:51:24,499 - elsapy.elsprofile - INFO - Module loaded.
2021-03-25 17:51:24,500 - elsapy.elsdoc - INFO - Module loaded.
2021-03-25 17:51:24,501 - elsapy.elssearch - INFO - Module loaded.
2021-03-25 17:51:29,785 - elsapy.elsclient - INFO - Module loaded.
2021-03-25 17:51:30,092 - elsapy.elsentity - INFO - Module loaded.
2021-03-25 17:51:30,093 - elsapy.utils - INFO - Module loaded.
2021-03-25 17:51:30,093 - elsapy.elsprofile - INFO - Module loaded.
2021-03-25 17:51:30,094 - elsapy.elsdoc - INFO - Module loaded.
2021-03-25 17:51:30,095 - elsapy.elssearch - INFO - Module loaded.
2021-03-25 17:51:46,196 - elsapy.elsclient - INFO - Module loaded.
2021-03-25 17:51:46,501 - elsapy.elsentity - INFO - Module loaded.
2021-03-25 17:51:46,502 - elsapy.utils - INFO - Module loaded.
2021-03-25 17:51:46,502 - elsapy.elsprofile - INFO - Module loaded.
2021-03-25 17:51:46,503 - elsapy.elsdoc - INFO - Module loaded.
2021-03-25 17:51:46,504 - elsapy.elssearch - INFO - Module loaded.
2021-03-25 17:53:02,662 - elsapy.elsclient - INFO - Module loaded.
2021-03-25 17:53:02,973 - elsapy.elsentity - INFO - Module loaded.
2021-03-25 17:53:02,973 - elsapy.utils - INFO - Module loaded.
2021-03-25 17:53:02,974 - elsapy.elsprofile - INFO - Module loaded.
2021-03-25 17:53:02,975 - elsapy.elsdoc - INFO - Module loaded.
2021-03-25 17:53:02,976 - elsapy.elssearch - INFO - Module loaded.
2021-03-25 17:53:08,203 - elsapy.elsclient - INFO - Module loaded.
2021-03-25 17:53:08,509 - elsapy.elsentity - INFO - Module loaded.
2021-03-25 17:53:08,510 - elsapy.utils - INFO - Module loaded.
2021-03-25 17:53:08,510 - elsapy.elsprofile - INFO - Module loaded.
2021-03-25 17:53:08,511 - elsapy.elsdoc - INFO - Module loaded.
2021-03-25 17:53:08,511 - elsapy.elssearch - INFO - Module loaded.
2021-03-25 17:53:13,795 - elsapy.elsclient - INFO - Module loaded.
2021-03-25 17:53:14,101 - elsapy.elsentity - INFO - Module loaded.
2021-03-25 17:53:14,101 - elsapy.utils - INFO - Module loaded.
2021-03-25 17:53:14,101 - elsapy.elsprofile - INFO - Module loaded.
2021-03-25 17:53:14,102 - elsapy.elsdoc - INFO - Module loaded.
2021-03-25 17:53:14,103 - elsapy.elssearch - INFO - Module loaded.
2021-03-25 17:54:14,617 - elsapy.elsclient - INFO - Module loaded.
2021-03-25 17:54:14,948 - elsapy.elsentity - INFO - Module loaded.
2021-03-25 17:54:14,949 - elsapy.utils - INFO - Module loaded.
2021-03-25 17:54:14,949 - elsapy.elsprofile - INFO - Module loaded.
2021-03-25 17:54:14,950 - elsapy.elsdoc - INFO - Module loaded.
2021-03-25 17:54:14,951 - elsapy.elssearch - INFO - Module loaded.
2021-03-25 17:54:37,660 - elsapy.elsclient - INFO - Module loaded.
2021-03-25 17:54:37,964 - elsapy.elsentity - INFO - Module loaded.
2021-03-25 17:54:37,965 - elsapy.utils - INFO - Module loaded.
2021-03-25 17:54:37,965 - elsapy.elsprofile - INFO - Module loaded.
2021-03-25 17:54:37,966 - elsapy.elsdoc - INFO - Module loaded.
2021-03-25 17:54:37,967 - elsapy.elssearch - INFO - Module loaded.
2021-03-25 17:55:07,198 - elsapy.elsclient - INFO - Module loaded.
2021-03-25 17:55:07,508 - elsapy.elsentity - INFO - Module loaded.
2021-03-25 17:55:07,509 - elsapy.utils - INFO - Module loaded.
2021-03-25 17:55:07,509 - elsapy.elsprofile - INFO - Module loaded.
2021-03-25 17:55:07,510 - elsapy.elsdoc - INFO - Module loaded.
2021-03-25 17:55:07,511 - elsapy.elssearch - INFO - Module loaded.
2021-03-25 17:55:45,458 - elsapy.elsclient - INFO - Module loaded.
2021-03-25 17:55:45,768 - elsapy.elsentity - INFO - Module loaded.
2021-03-25 17:55:45,769 - elsapy.utils - INFO - Module loaded.
2021-03-25 17:55:45,769 - elsapy.elsprofile - INFO - Module loaded.
2021-03-25 17:55:45,770 - elsapy.elsdoc - INFO - Module loaded.
2021-03-25 17:55:45,771 - elsapy.elssearch - INFO - Module loaded.
2021-03-25 17:56:10,378 - elsapy.elsclient - INFO - Module loaded.
2021-03-25 17:56:10,686 - elsapy.elsentity - INFO - Module loaded.
2021-03-25 17:56:10,686 - elsapy.utils - INFO - Module loaded.
2021-03-25 17:56:10,687 - elsapy.elsprofile - INFO - Module loaded.
2021-03-25 17:56:10,687 - elsapy.elsdoc - INFO - Module loaded.
2021-03-25 17:56:10,688 - elsapy.elssearch - INFO - Module loaded.
2021-03-25 17:56:17,440 - elsapy.elsclient - INFO - Module loaded.
2021-03-25 17:56:17,738 - elsapy.elsentity - INFO - Module loaded.
2021-03-25 17:56:17,739 - elsapy.utils - INFO - Module loaded.
2021-03-25 17:56:17,739 - elsapy.elsprofile - INFO - Module loaded.
2021-03-25 17:56:17,740 - elsapy.elsdoc - INFO - Module loaded.
2021-03-25 17:56:17,740 - elsapy.elssearch - INFO - Module loaded.
2021-03-25 17:56:22,324 - elsapy.elsclient - INFO - Module loaded.
2021-03-25 17:56:22,628 - elsapy.elsentity - INFO - Module loaded.
2021-03-25 17:56:22,628 - elsapy.utils - INFO - Module loaded.
2021-03-25 17:56:22,629 - elsapy.elsprofile - INFO - Module loaded.
2021-03-25 17:56:22,629 - elsapy.elsdoc - INFO - Module loaded.
2021-03-25 17:56:22,630 - elsapy.elssearch - INFO - Module loaded.
2021-03-25 17:58:21,812 - elsapy.elsclient - INFO - Module loaded.
2021-03-25 17:58:22,126 - elsapy.elsentity - INFO - Module loaded.
2021-03-25 17:58:22,127 - elsapy.utils - INFO - Module loaded.
2021-03-25 17:58:22,127 - elsapy.elsprofile - INFO - Module loaded.
2021-03-25 17:58:22,128 - elsapy.elsdoc - INFO - Module loaded.
2021-03-25 17:58:22,129 - elsapy.elssearch - INFO - Module loaded.
2021-03-25 18:01:09,284 - elsapy.elsclient - INFO - Module loaded.
2021-03-25 18:01:09,587 - elsapy.elsentity - INFO - Module loaded.
2021-03-25 18:01:09,588 - elsapy.utils - INFO - Module loaded.
2021-03-25 18:01:09,588 - elsapy.elsprofile - INFO - Module loaded.
2021-03-25 18:01:09,589 - elsapy.elsdoc - INFO - Module loaded.
2021-03-25 18:01:09,590 - elsapy.elssearch - INFO - Module loaded.
2021-03-25 18:01:51,714 - elsapy.elsclient - INFO - Module loaded.
2021-03-25 18:01:52,021 - elsapy.elsentity - INFO - Module loaded.
2021-03-25 18:01:52,022 - elsapy.utils - INFO - Module loaded.
2021-03-25 18:01:52,022 - elsapy.elsprofile - INFO - Module loaded.
2021-03-25 18:01:52,023 - elsapy.elsdoc - INFO - Module loaded.
2021-03-25 18:01:52,023 - elsapy.elssearch - INFO - Module loaded.
2021-03-25 18:04:49,319 - elsapy.elsclient - INFO - Module loaded.
2021-03-25 18:04:49,616 - elsapy.elsentity - INFO - Module loaded.
2021-03-25 18:04:49,617 - elsapy.utils - INFO - Module loaded.
2021-03-25 18:04:49,617 - elsapy.elsprofile - INFO - Module loaded.
2021-03-25 18:04:49,618 - elsapy.elsdoc - INFO - Module loaded.
2021-03-25 18:04:49,619 - elsapy.elssearch - INFO - Module loaded.
2021-03-25 18:06:03,824 - elsapy.elsclient - INFO - Module loaded.
2021-03-25 18:06:04,118 - elsapy.elsentity - INFO - Module loaded.
2021-03-25 18:06:04,119 - elsapy.utils - INFO - Module loaded.
2021-03-25 18:06:04,119 - elsapy.elsprofile - INFO - Module loaded.
2021-03-25 18:06:04,120 - elsapy.elsdoc - INFO - Module loaded.
2021-03-25 18:06:04,121 - elsapy.elssearch - INFO - Module loaded.
2021-03-25 18:08:57,652 - elsapy.elsclient - INFO - Module loaded.
2021-03-25 18:08:57,958 - elsapy.elsentity - INFO - Module loaded.
2021-03-25 18:08:57,958 - elsapy.utils - INFO - Module loaded.
2021-03-25 18:08:57,959 - elsapy.elsprofile - INFO - Module loaded.
2021-03-25 18:08:57,959 - elsapy.elsdoc - INFO - Module loaded.
2021-03-25 18:08:57,960 - elsapy.elssearch - INFO - Module loaded.
2021-03-25 18:12:25,510 - elsapy.elsclient - INFO - Module loaded.
2021-03-25 18:12:25,842 - elsapy.elsentity - INFO - Module loaded.
2021-03-25 18:12:25,843 - elsapy.utils - INFO - Module loaded.
2021-03-25 18:12:25,843 - elsapy.elsprofile - INFO - Module loaded.
2021-03-25 18:12:25,844 - elsapy.elsdoc - INFO - Module loaded.
2021-03-25 18:12:25,845 - elsapy.elssearch - INFO - Module loaded.
2021-03-25 18:13:19,352 - elsapy.elsclient - INFO - Module loaded.
2021-03-25 18:13:19,700 - elsapy.elsentity - INFO - Module loaded.
2021-03-25 18:13:19,701 - elsapy.utils - INFO - Module loaded.
2021-03-25 18:13:19,701 - elsapy.elsprofile - INFO - Module loaded.
2021-03-25 18:13:19,702 - elsapy.elsdoc - INFO - Module loaded.
2021-03-25 18:13:19,703 - elsapy.elssearch - INFO - Module loaded.
2021-03-25 18:14:20,950 - elsapy.elsclient - INFO - Module loaded.
2021-03-25 18:14:21,244 - elsapy.elsentity - INFO - Module loaded.
2021-03-25 18:14:21,244 - elsapy.utils - INFO - Module loaded.
2021-03-25 18:14:21,245 - elsapy.elsprofile - INFO - Module loaded.
2021-03-25 18:14:21,245 - elsapy.elsdoc - INFO - Module loaded.
2021-03-25 18:14:21,246 - elsapy.elssearch - INFO - Module loaded.
2021-03-25 18:15:53,843 - elsapy.elsclient - INFO - Module loaded.
2021-03-25 18:15:54,138 - elsapy.elsentity - INFO - Module loaded.
2021-03-25 18:15:54,139 - elsapy.utils - INFO - Module loaded.
2021-03-25 18:15:54,139 - elsapy.elsprofile - INFO - Module loaded.
2021-03-25 18:15:54,140 - elsapy.elsdoc - INFO - Module loaded.
2021-03-25 18:15:54,140 - elsapy.elssearch - INFO - Module loaded.
2021-03-25 18:16:42,508 - elsapy.elsclient - INFO - Module loaded.
2021-03-25 18:16:42,800 - elsapy.elsentity - INFO - Module loaded.
2021-03-25 18:16:42,801 - elsapy.utils - INFO - Module loaded.
2021-03-25 18:16:42,801 - elsapy.elsprofile - INFO - Module loaded.
2021-03-25 18:16:42,802 - elsapy.elsdoc - INFO - Module loaded.
2021-03-25 18:16:42,802 - elsapy.elssearch - INFO - Module loaded.
2021-03-25 18:16:46,915 - elsapy.elsclient - INFO - Module loaded.
2021-03-25 18:16:47,204 - elsapy.elsentity - INFO - Module loaded.
2021-03-25 18:16:47,205 - elsapy.utils - INFO - Module loaded.
2021-03-25 18:16:47,205 - elsapy.elsprofile - INFO - Module loaded.
2021-03-25 18:16:47,206 - elsapy.elsdoc - INFO - Module loaded.
2021-03-25 18:16:47,207 - elsapy.elssearch - INFO - Module loaded.
2021-03-25 18:17:57,390 - elsapy.elsclient - INFO - Module loaded.
2021-03-25 18:17:57,687 - elsapy.elsentity - INFO - Module loaded.
2021-03-25 18:17:57,688 - elsapy.utils - INFO - Module loaded.
2021-03-25 18:17:57,688 - elsapy.elsprofile - INFO - Module loaded.
2021-03-25 18:17:57,689 - elsapy.elsdoc - INFO - Module loaded.
2021-03-25 18:17:57,689 - elsapy.elssearch - INFO - Module loaded.
2021-03-25 18:18:03,947 - elsapy.elsclient - INFO - Module loaded.
2021-03-25 18:18:04,262 - elsapy.elsentity - INFO - Module loaded.
2021-03-25 18:18:04,263 - elsapy.utils - INFO - Module loaded.
2021-03-25 18:18:04,263 - elsapy.elsprofile - INFO - Module loaded.
2021-03-25 18:18:04,264 - elsapy.elsdoc - INFO - Module loaded.
2021-03-25 18:18:04,265 - elsapy.elssearch - INFO - Module loaded.
2021-03-25 18:20:01,750 - elsapy.elsclient - INFO - Module loaded.
2021-03-25 18:20:02,071 - elsapy.elsentity - INFO - Module loaded.
2021-03-25 18:20:02,072 - elsapy.utils - INFO - Module loaded.
2021-03-25 18:20:02,072 - elsapy.elsprofile - INFO - Module loaded.
2021-03-25 18:20:02,073 - elsapy.elsdoc - INFO - Module loaded.
2021-03-25 18:20:02,074 - elsapy.elssearch - INFO - Module loaded.
2021-03-25 18:21:45,123 - elsapy.elsclient - INFO - Module loaded.
2021-03-25 18:21:45,419 - elsapy.elsentity - INFO - Module loaded.
2021-03-25 18:21:45,420 - elsapy.utils - INFO - Module loaded.
2021-03-25 18:21:45,420 - elsapy.elsprofile - INFO - Module loaded.
2021-03-25 18:21:45,421 - elsapy.elsdoc - INFO - Module loaded.
2021-03-25 18:21:45,421 - elsapy.elssearch - INFO - Module loaded.
2021-03-25 18:22:29,756 - elsapy.elsclient - INFO - Module loaded.
2021-03-25 18:22:30,070 - elsapy.elsentity - INFO - Module loaded.
2021-03-25 18:22:30,071 - elsapy.utils - INFO - Module loaded.
2021-03-25 18:22:30,071 - elsapy.elsprofile - INFO - Module loaded.
2021-03-25 18:22:30,072 - elsapy.elsdoc - INFO - Module loaded.
2021-03-25 18:22:30,073 - elsapy.elssearch - INFO - Module loaded.
2021-03-25 18:22:49,101 - elsapy.elsclient - INFO - Module loaded.
2021-03-25 18:22:49,394 - elsapy.elsentity - INFO - Module loaded.
2021-03-25 18:22:49,394 - elsapy.utils - INFO - Module loaded.
2021-03-25 18:22:49,395 - elsapy.elsprofile - INFO - Module loaded.
2021-03-25 18:22:49,395 - elsapy.elsdoc - INFO - Module loaded.
2021-03-25 18:22:49,396 - elsapy.elssearch - INFO - Module loaded.
2021-03-25 18:26:00,250 - elsapy.elsclient - INFO - Module loaded.
2021-03-25 18:26:00,563 - elsapy.elsentity - INFO - Module loaded.
2021-03-25 18:26:00,564 - elsapy.utils - INFO - Module loaded.
2021-03-25 18:26:00,564 - elsapy.elsprofile - INFO - Module loaded.
2021-03-25 18:26:00,565 - elsapy.elsdoc - INFO - Module loaded.
2021-03-25 18:26:00,565 - elsapy.elssearch - INFO - Module loaded.
2021-03-25 18:26:08,563 - elsapy.elsclient - INFO - Module loaded.
2021-03-25 18:26:08,857 - elsapy.elsentity - INFO - Module loaded.
2021-03-25 18:26:08,857 - elsapy.utils - INFO - Module loaded.
2021-03-25 18:26:08,858 - elsapy.elsprofile - INFO - Module loaded.
2021-03-25 18:26:08,858 - elsapy.elsdoc - INFO - Module loaded.
2021-03-25 18:26:08,859 - elsapy.elssearch - INFO - Module loaded.
2021-03-25 18:26:15,570 - elsapy.elsclient - INFO - Module loaded.
2021-03-25 18:26:15,862 - elsapy.elsentity - INFO - Module loaded.
2021-03-25 18:26:15,862 - elsapy.utils - INFO - Module loaded.
2021-03-25 18:26:15,862 - elsapy.elsprofile - INFO - Module loaded.
2021-03-25 18:26:15,863 - elsapy.elsdoc - INFO - Module loaded.
2021-03-25 18:26:15,864 - elsapy.elssearch - INFO - Module loaded.
2021-03-25 18:26:19,083 - elsapy.elsclient - INFO - Module loaded.
2021-03-25 18:26:19,375 - elsapy.elsentity - INFO - Module loaded.
2021-03-25 18:26:19,375 - elsapy.utils - INFO - Module loaded.
2021-03-25 18:26:19,376 - elsapy.elsprofile - INFO - Module loaded.
2021-03-25 18:26:19,376 - elsapy.elsdoc - INFO - Module loaded.
2021-03-25 18:26:19,377 - elsapy.elssearch - INFO - Module loaded.
2021-03-25 18:28:46,105 - elsapy.elsclient - INFO - Module loaded.
2021-03-25 18:28:46,400 - elsapy.elsentity - INFO - Module loaded.
2021-03-25 18:28:46,400 - elsapy.utils - INFO - Module loaded.
2021-03-25 18:28:46,401 - elsapy.elsprofile - INFO - Module loaded.
2021-03-25 18:28:46,401 - elsapy.elsdoc - INFO - Module loaded.
2021-03-25 18:28:46,402 - elsapy.elssearch - INFO - Module loaded.
2021-03-25 18:28:52,137 - elsapy.elsclient - INFO - Module loaded.
2021-03-25 18:28:52,428 - elsapy.elsentity - INFO - Module loaded.
2021-03-25 18:28:52,429 - elsapy.utils - INFO - Module loaded.
2021-03-25 18:28:52,429 - elsapy.elsprofile - INFO - Module loaded.
2021-03-25 18:28:52,430 - elsapy.elsdoc - INFO - Module loaded.
2021-03-25 18:28:52,431 - elsapy.elssearch - INFO - Module loaded.
2021-03-25 18:28:56,403 - elsapy.elsclient - INFO - Module loaded.
2021-03-25 18:28:56,695 - elsapy.elsentity - INFO - Module loaded.
2021-03-25 18:28:56,696 - elsapy.utils - INFO - Module loaded.
2021-03-25 18:28:56,696 - elsapy.elsprofile - INFO - Module loaded.
2021-03-25 18:28:56,697 - elsapy.elsdoc - INFO - Module loaded.
2021-03-25 18:28:56,698 - elsapy.elssearch - INFO - Module loaded.
2021-03-25 18:29:00,316 - elsapy.elsclient - INFO - Module loaded.
2021-03-25 18:29:00,612 - elsapy.elsentity - INFO - Module loaded.
2021-03-25 18:29:00,613 - elsapy.utils - INFO - Module loaded.
2021-03-25 18:29:00,613 - elsapy.elsprofile - INFO - Module loaded.
2021-03-25 18:29:00,614 - elsapy.elsdoc - INFO - Module loaded.
2021-03-25 18:29:00,614 - elsapy.elssearch - INFO - Module loaded.
2021-03-25 18:33:15,850 - elsapy.elsclient - INFO - Module loaded.
2021-03-25 18:33:16,152 - elsapy.elsentity - INFO - Module loaded.
2021-03-25 18:33:16,153 - elsapy.utils - INFO - Module loaded.
2021-03-25 18:33:16,153 - elsapy.elsprofile - INFO - Module loaded.
2021-03-25 18:33:16,154 - elsapy.elsdoc - INFO - Module loaded.
2021-03-25 18:33:16,155 - elsapy.elssearch - INFO - Module loaded.
2021-03-25 18:35:19,808 - elsapy.elsclient - INFO - Module loaded.
2021-03-25 18:35:20,115 - elsapy.elsentity - INFO - Module loaded.
2021-03-25 18:35:20,116 - elsapy.utils - INFO - Module loaded.
2021-03-25 18:35:20,116 - elsapy.elsprofile - INFO - Module loaded.
2021-03-25 18:35:20,117 - elsapy.elsdoc - INFO - Module loaded.
2021-03-25 18:35:20,118 - elsapy.elssearch - INFO - Module loaded.
2021-03-25 18:37:58,801 - elsapy.elsclient - INFO - Module loaded.
2021-03-25 18:37:59,106 - elsapy.elsentity - INFO - Module loaded.
2021-03-25 18:37:59,106 - elsapy.utils - INFO - Module loaded.
2021-03-25 18:37:59,106 - elsapy.elsprofile - INFO - Module loaded.
2021-03-25 18:37:59,107 - elsapy.elsdoc - INFO - Module loaded.
2021-03-25 18:37:59,108 - elsapy.elssearch - INFO - Module loaded.
2021-03-25 18:38:31,270 - elsapy.elsclient - INFO - Module loaded.
2021-03-25 18:38:31,564 - elsapy.elsentity - INFO - Module loaded.
2021-03-25 18:38:31,565 - elsapy.utils - INFO - Module loaded.
2021-03-25 18:38:31,565 - elsapy.elsprofile - INFO - Module loaded.
2021-03-25 18:38:31,566 - elsapy.elsdoc - INFO - Module loaded.
2021-03-25 18:38:31,566 - elsapy.elssearch - INFO - Module loaded.
2021-03-25 18:38:44,299 - elsapy.elsclient - INFO - Module loaded.
2021-03-25 18:38:44,593 - elsapy.elsentity - INFO - Module loaded.
2021-03-25 18:38:44,594 - elsapy.utils - INFO - Module loaded.
2021-03-25 18:38:44,594 - elsapy.elsprofile - INFO - Module loaded.
2021-03-25 18:38:44,595 - elsapy.elsdoc - INFO - Module loaded.
2021-03-25 18:38:44,595 - elsapy.elssearch - INFO - Module loaded.
2021-03-25 18:39:03,919 - elsapy.elsclient - INFO - Module loaded.
2021-03-25 18:39:04,211 - elsapy.elsentity - INFO - Module loaded.
2021-03-25 18:39:04,212 - elsapy.utils - INFO - Module loaded.
2021-03-25 18:39:04,212 - elsapy.elsprofile - INFO - Module loaded.
2021-03-25 18:39:04,213 - elsapy.elsdoc - INFO - Module loaded.
2021-03-25 18:39:04,214 - elsapy.elssearch - INFO - Module loaded.
2021-03-25 18:40:08,811 - elsapy.elsclient - INFO - Module loaded.
2021-03-25 18:40:09,104 - elsapy.elsentity - INFO - Module loaded.
2021-03-25 18:40:09,105 - elsapy.utils - INFO - Module loaded.
2021-03-25 18:40:09,105 - elsapy.elsprofile - INFO - Module loaded.
2021-03-25 18:40:09,106 - elsapy.elsdoc - INFO - Module loaded.
2021-03-25 18:40:09,106 - elsapy.elssearch - INFO - Module loaded.
2021-03-25 18:40:14,305 - elsapy.elsclient - INFO - Module loaded.
2021-03-25 18:40:14,630 - elsapy.elsentity - INFO - Module loaded.
2021-03-25 18:40:14,631 - elsapy.utils - INFO - Module loaded.
2021-03-25 18:40:14,631 - elsapy.elsprofile - INFO - Module loaded.
2021-03-25 18:40:14,632 - elsapy.elsdoc - INFO - Module loaded.
2021-03-25 18:40:14,632 - elsapy.elssearch - INFO - Module loaded.
2021-03-25 18:41:02,898 - elsapy.elsclient - INFO - Module loaded.
2021-03-25 18:41:03,214 - elsapy.elsentity - INFO - Module loaded.
2021-03-25 18:41:03,214 - elsapy.utils - INFO - Module loaded.
2021-03-25 18:41:03,214 - elsapy.elsprofile - INFO - Module loaded.
2021-03-25 18:41:03,215 - elsapy.elsdoc - INFO - Module loaded.
2021-03-25 18:41:03,216 - elsapy.elssearch - INFO - Module loaded.
2021-03-25 18:43:11,998 - elsapy.elsclient - INFO - Module loaded.
2021-03-25 18:43:12,302 - elsapy.elsentity - INFO - Module loaded.
2021-03-25 18:43:12,303 - elsapy.utils - INFO - Module loaded.
2021-03-25 18:43:12,303 - elsapy.elsprofile - INFO - Module loaded.
2021-03-25 18:43:12,304 - elsapy.elsdoc - INFO - Module loaded.
2021-03-25 18:43:12,305 - elsapy.elssearch - INFO - Module loaded.
2021-03-25 18:44:54,736 - elsapy.elsclient - INFO - Module loaded.
2021-03-25 18:44:55,033 - elsapy.elsentity - INFO - Module loaded.
2021-03-25 18:44:55,034 - elsapy.utils - INFO - Module loaded.
2021-03-25 18:44:55,034 - elsapy.elsprofile - INFO - Module loaded.
2021-03-25 18:44:55,035 - elsapy.elsdoc - INFO - Module loaded.
2021-03-25 18:44:55,036 - elsapy.elssearch - INFO - Module loaded.
2021-03-25 18:46:48,691 - elsapy.elsclient - INFO - Module loaded.
2021-03-25 18:46:49,003 - elsapy.elsentity - INFO - Module loaded.
2021-03-25 18:46:49,004 - elsapy.utils - INFO - Module loaded.
2021-03-25 18:46:49,004 - elsapy.elsprofile - INFO - Module loaded.
2021-03-25 18:46:49,005 - elsapy.elsdoc - INFO - Module loaded.
2021-03-25 18:46:49,005 - elsapy.elssearch - INFO - Module loaded.
2021-03-25 18:46:56,380 - elsapy.elsclient - INFO - Module loaded.
2021-03-25 18:46:56,671 - elsapy.elsentity - INFO - Module loaded.
2021-03-25 18:46:56,672 - elsapy.utils - INFO - Module loaded.
2021-03-25 18:46:56,672 - elsapy.elsprofile - INFO - Module loaded.
2021-03-25 18:46:56,673 - elsapy.elsdoc - INFO - Module loaded.
2021-03-25 18:46:56,673 - elsapy.elssearch - INFO - Module loaded.
2021-03-25 18:47:50,862 - elsapy.elsclient - INFO - Module loaded.
2021-03-25 18:47:51,156 - elsapy.elsentity - INFO - Module loaded.
2021-03-25 18:47:51,156 - elsapy.utils - INFO - Module loaded.
2021-03-25 18:47:51,157 - elsapy.elsprofile - INFO - Module loaded.
2021-03-25 18:47:51,157 - elsapy.elsdoc - INFO - Module loaded.
2021-03-25 18:47:51,158 - elsapy.elssearch - INFO - Module loaded.
2021-03-25 18:49:32,199 - elsapy.elsclient - INFO - Module loaded.
2021-03-25 18:49:32,488 - elsapy.elsentity - INFO - Module loaded.
2021-03-25 18:49:32,489 - elsapy.utils - INFO - Module loaded.
2021-03-25 18:49:32,489 - elsapy.elsprofile - INFO - Module loaded.
2021-03-25 18:49:32,490 - elsapy.elsdoc - INFO - Module loaded.
2021-03-25 18:49:32,490 - elsapy.elssearch - INFO - Module loaded.
2021-03-25 18:49:36,550 - elsapy.elsclient - INFO - Module loaded.
2021-03-25 18:49:36,843 - elsapy.elsentity - INFO - Module loaded.
2021-03-25 18:49:36,844 - elsapy.utils - INFO - Module loaded.
2021-03-25 18:49:36,844 - elsapy.elsprofile - INFO - Module loaded.
2021-03-25 18:49:36,845 - elsapy.elsdoc - INFO - Module loaded.
2021-03-25 18:49:36,845 - elsapy.elssearch - INFO - Module loaded.
2021-03-25 18:49:56,128 - elsapy.elsclient - INFO - Module loaded.
2021-03-25 18:49:56,425 - elsapy.elsentity - INFO - Module loaded.
2021-03-25 18:49:56,426 - elsapy.utils - INFO - Module loaded.
2021-03-25 18:49:56,427 - elsapy.elsprofile - INFO - Module loaded.
2021-03-25 18:49:56,429 - elsapy.elsdoc - INFO - Module loaded.
2021-03-25 18:49:56,431 - elsapy.elssearch - INFO - Module loaded.
2021-03-25 18:52:45,159 - elsapy.elsclient - INFO - Module loaded.
2021-03-25 18:52:45,453 - elsapy.elsentity - INFO - Module loaded.
2021-03-25 18:52:45,454 - elsapy.utils - INFO - Module loaded.
2021-03-25 18:52:45,454 - elsapy.elsprofile - INFO - Module loaded.
2021-03-25 18:52:45,455 - elsapy.elsdoc - INFO - Module loaded.
2021-03-25 18:52:45,456 - elsapy.elssearch - INFO - Module loaded.
2021-03-25 18:53:05,813 - elsapy.elsclient - INFO - Module loaded.
2021-03-25 18:53:06,103 - elsapy.elsentity - INFO - Module loaded.
2021-03-25 18:53:06,104 - elsapy.utils - INFO - Module loaded.
2021-03-25 18:53:06,104 - elsapy.elsprofile - INFO - Module loaded.
2021-03-25 18:53:06,105 - elsapy.elsdoc - INFO - Module loaded.
2021-03-25 18:53:06,105 - elsapy.elssearch - INFO - Module loaded.
2021-03-25 18:53:15,623 - elsapy.elsclient - INFO - Module loaded.
2021-03-25 18:53:15,912 - elsapy.elsentity - INFO - Module loaded.
2021-03-25 18:53:15,912 - elsapy.utils - INFO - Module loaded.
2021-03-25 18:53:15,912 - elsapy.elsprofile - INFO - Module loaded.
2021-03-25 18:53:15,913 - elsapy.elsdoc - INFO - Module loaded.
2021-03-25 18:53:15,914 - elsapy.elssearch - INFO - Module loaded.
2021-03-25 18:53:48,420 - elsapy.elsclient - INFO - Module loaded.
2021-03-25 18:53:48,732 - elsapy.elsentity - INFO - Module loaded.
2021-03-25 18:53:48,733 - elsapy.utils - INFO - Module loaded.
2021-03-25 18:53:48,733 - elsapy.elsprofile - INFO - Module loaded.
2021-03-25 18:53:48,734 - elsapy.elsdoc - INFO - Module loaded.
2021-03-25 18:53:48,735 - elsapy.elssearch - INFO - Module loaded.
2021-03-25 18:55:47,514 - elsapy.elsclient - INFO - Module loaded.
2021-03-25 18:55:47,807 - elsapy.elsentity - INFO - Module loaded.
2021-03-25 18:55:47,808 - elsapy.utils - INFO - Module loaded.
2021-03-25 18:55:47,808 - elsapy.elsprofile - INFO - Module loaded.
2021-03-25 18:55:47,809 - elsapy.elsdoc - INFO - Module loaded.
2021-03-25 18:55:47,809 - elsapy.elssearch - INFO - Module loaded.
2021-03-25 18:56:33,350 - elsapy.elsclient - INFO - Module loaded.
2021-03-25 18:56:33,651 - elsapy.elsentity - INFO - Module loaded.
2021-03-25 18:56:33,651 - elsapy.utils - INFO - Module loaded.
2021-03-25 18:56:33,652 - elsapy.elsprofile - INFO - Module loaded.
2021-03-25 18:56:33,652 - elsapy.elsdoc - INFO - Module loaded.
2021-03-25 18:56:33,653 - elsapy.elssearch - INFO - Module loaded.
2021-03-25 18:57:41,378 - elsapy.elsclient - INFO - Module loaded.
2021-03-25 18:57:41,689 - elsapy.elsentity - INFO - Module loaded.
2021-03-25 18:57:41,689 - elsapy.utils - INFO - Module loaded.
2021-03-25 18:57:41,690 - elsapy.elsprofile - INFO - Module loaded.
2021-03-25 18:57:41,690 - elsapy.elsdoc - INFO - Module loaded.
2021-03-25 18:57:41,691 - elsapy.elssearch - INFO - Module loaded.
2021-03-25 18:58:19,925 - elsapy.elsclient - INFO - Module loaded.
2021-03-25 18:58:20,251 - elsapy.elsentity - INFO - Module loaded.
2021-03-25 18:58:20,252 - elsapy.utils - INFO - Module loaded.
2021-03-25 18:58:20,252 - elsapy.elsprofile - INFO - Module loaded.
2021-03-25 18:58:20,253 - elsapy.elsdoc - INFO - Module loaded.
2021-03-25 18:58:20,253 - elsapy.elssearch - INFO - Module loaded.
2021-03-25 18:59:01,808 - elsapy.elsclient - INFO - Module loaded.
2021-03-25 18:59:02,100 - elsapy.elsentity - INFO - Module loaded.
2021-03-25 18:59:02,100 - elsapy.utils - INFO - Module loaded.
2021-03-25 18:59:02,101 - elsapy.elsprofile - INFO - Module loaded.
2021-03-25 18:59:02,101 - elsapy.elsdoc - INFO - Module loaded.
2021-03-25 18:59:02,102 - elsapy.elssearch - INFO - Module loaded.
2021-03-25 18:59:29,985 - elsapy.elsclient - INFO - Module loaded.
2021-03-25 18:59:30,277 - elsapy.elsentity - INFO - Module loaded.
2021-03-25 18:59:30,277 - elsapy.utils - INFO - Module loaded.
2021-03-25 18:59:30,278 - elsapy.elsprofile - INFO - Module loaded.
2021-03-25 18:59:30,278 - elsapy.elsdoc - INFO - Module loaded.
2021-03-25 18:59:30,279 - elsapy.elssearch - INFO - Module loaded.
2021-03-25 19:00:17,255 - elsapy.elsclient - INFO - Module loaded.
2021-03-25 19:00:17,554 - elsapy.elsentity - INFO - Module loaded.
2021-03-25 19:00:17,555 - elsapy.utils - INFO - Module loaded.
2021-03-25 19:00:17,555 - elsapy.elsprofile - INFO - Module loaded.
2021-03-25 19:00:17,556 - elsapy.elsdoc - INFO - Module loaded.
2021-03-25 19:00:17,557 - elsapy.elssearch - INFO - Module loaded.
2021-03-25 19:00:39,539 - elsapy.elsclient - INFO - Module loaded.
2021-03-25 19:00:39,833 - elsapy.elsentity - INFO - Module loaded.
2021-03-25 19:00:39,833 - elsapy.utils - INFO - Module loaded.
2021-03-25 19:00:39,834 - elsapy.elsprofile - INFO - Module loaded.
2021-03-25 19:00:39,834 - elsapy.elsdoc - INFO - Module loaded.
2021-03-25 19:00:39,835 - elsapy.elssearch - INFO - Module loaded.
2021-03-25 19:03:10,398 - elsapy.elsclient - INFO - Module loaded.
2021-03-25 19:03:10,693 - elsapy.elsentity - INFO - Module loaded.
2021-03-25 19:03:10,694 - elsapy.utils - INFO - Module loaded.
2021-03-25 19:03:10,694 - elsapy.elsprofile - INFO - Module loaded.
2021-03-25 19:03:10,695 - elsapy.elsdoc - INFO - Module loaded.
2021-03-25 19:03:10,695 - elsapy.elssearch - INFO - Module loaded.
2021-03-25 20:02:25,711 - elsapy.elsclient - INFO - Module loaded.
2021-03-25 20:02:26,198 - elsapy.elsentity - INFO - Module loaded.
2021-03-25 20:02:26,199 - elsapy.utils - INFO - Module loaded.
2021-03-25 20:02:26,200 - elsapy.elsprofile - INFO - Module loaded.
2021-03-25 20:02:26,201 - elsapy.elsdoc - INFO - Module loaded.
2021-03-25 20:02:26,202 - elsapy.elssearch - INFO - Module loaded.
2021-03-25 20:31:00,220 - elsapy.elsclient - INFO - Module loaded.
2021-03-25 20:31:00,552 - elsapy.elsentity - INFO - Module loaded.
2021-03-25 20:31:00,553 - elsapy.utils - INFO - Module loaded.
2021-03-25 20:31:00,553 - elsapy.elsprofile - INFO - Module loaded.
2021-03-25 20:31:00,554 - elsapy.elsdoc - INFO - Module loaded.
2021-03-25 20:31:00,554 - elsapy.elssearch - INFO - Module loaded.
2021-03-25 20:38:28,182 - elsapy.elsclient - INFO - Module loaded.
2021-03-25 20:38:28,505 - elsapy.elsentity - INFO - Module loaded.
2021-03-25 20:38:28,505 - elsapy.utils - INFO - Module loaded.
2021-03-25 20:38:28,506 - elsapy.elsprofile - INFO - Module loaded.
2021-03-25 20:38:28,506 - elsapy.elsdoc - INFO - Module loaded.
2021-03-25 20:38:28,507 - elsapy.elssearch - INFO - Module loaded.
2021-03-25 20:38:45,334 - elsapy.elsclient - INFO - Module loaded.
2021-03-25 20:38:45,656 - elsapy.elsentity - INFO - Module loaded.
2021-03-25 20:38:45,656 - elsapy.utils - INFO - Module loaded.
2021-03-25 20:38:45,656 - elsapy.elsprofile - INFO - Module loaded.
2021-03-25 20:38:45,658 - elsapy.elsdoc - INFO - Module loaded.
2021-03-25 20:38:45,658 - elsapy.elssearch - INFO - Module loaded.
2021-03-25 20:40:51,081 - elsapy.elsclient - INFO - Module loaded.
2021-03-25 20:40:51,398 - elsapy.elsentity - INFO - Module loaded.
2021-03-25 20:40:51,399 - elsapy.utils - INFO - Module loaded.
2021-03-25 20:40:51,399 - elsapy.elsprofile - INFO - Module loaded.
2021-03-25 20:40:51,400 - elsapy.elsdoc - INFO - Module loaded.
2021-03-25 20:40:51,400 - elsapy.elssearch - INFO - Module loaded.
2021-03-25 20:43:06,148 - elsapy.elsclient - INFO - Module loaded.
2021-03-25 20:43:06,467 - elsapy.elsentity - INFO - Module loaded.
2021-03-25 20:43:06,468 - elsapy.utils - INFO - Module loaded.
2021-03-25 20:43:06,468 - elsapy.elsprofile - INFO - Module loaded.
2021-03-25 20:43:06,469 - elsapy.elsdoc - INFO - Module loaded.
2021-03-25 20:43:06,470 - elsapy.elssearch - INFO - Module loaded.
2021-03-25 20:47:08,981 - elsapy.elsclient - INFO - Module loaded.
2021-03-25 20:47:09,296 - elsapy.elsentity - INFO - Module loaded.
2021-03-25 20:47:09,296 - elsapy.utils - INFO - Module loaded.
2021-03-25 20:47:09,297 - elsapy.elsprofile - INFO - Module loaded.
2021-03-25 20:47:09,297 - elsapy.elsdoc - INFO - Module loaded.
2021-03-25 20:47:09,298 - elsapy.elssearch - INFO - Module loaded.
2021-03-25 20:47:16,802 - elsapy.elsclient - INFO - Module loaded.
2021-03-25 20:47:17,137 - elsapy.elsentity - INFO - Module loaded.
2021-03-25 20:47:17,137 - elsapy.utils - INFO - Module loaded.
2021-03-25 20:47:17,138 - elsapy.elsprofile - INFO - Module loaded.
2021-03-25 20:47:17,138 - elsapy.elsdoc - INFO - Module loaded.
2021-03-25 20:47:17,139 - elsapy.elssearch - INFO - Module loaded.
2021-03-25 20:47:33,416 - elsapy.elsclient - INFO - Module loaded.
2021-03-25 20:47:33,742 - elsapy.elsentity - INFO - Module loaded.
2021-03-25 20:47:33,743 - elsapy.utils - INFO - Module loaded.
2021-03-25 20:47:33,743 - elsapy.elsprofile - INFO - Module loaded.
2021-03-25 20:47:33,744 - elsapy.elsdoc - INFO - Module loaded.
2021-03-25 20:47:33,744 - elsapy.elssearch - INFO - Module loaded.
2021-03-25 20:47:59,807 - elsapy.elsclient - INFO - Module loaded.
2021-03-25 20:48:00,131 - elsapy.elsentity - INFO - Module loaded.
2021-03-25 20:48:00,132 - elsapy.utils - INFO - Module loaded.
2021-03-25 20:48:00,132 - elsapy.elsprofile - INFO - Module loaded.
2021-03-25 20:48:00,133 - elsapy.elsdoc - INFO - Module loaded.
2021-03-25 20:48:00,133 - elsapy.elssearch - INFO - Module loaded.
2021-03-25 20:48:06,535 - elsapy.elsclient - INFO - Module loaded.
2021-03-25 20:48:06,850 - elsapy.elsentity - INFO - Module loaded.
2021-03-25 20:48:06,851 - elsapy.utils - INFO - Module loaded.
2021-03-25 20:48:06,851 - elsapy.elsprofile - INFO - Module loaded.
2021-03-25 20:48:06,852 - elsapy.elsdoc - INFO - Module loaded.
2021-03-25 20:48:06,853 - elsapy.elssearch - INFO - Module loaded.
2021-03-25 20:51:43,536 - elsapy.elsclient - INFO - Module loaded.
2021-03-25 20:51:43,847 - elsapy.elsentity - INFO - Module loaded.
2021-03-25 20:51:43,847 - elsapy.utils - INFO - Module loaded.
2021-03-25 20:51:43,848 - elsapy.elsprofile - INFO - Module loaded.
2021-03-25 20:51:43,848 - elsapy.elsdoc - INFO - Module loaded.
2021-03-25 20:51:43,849 - elsapy.elssearch - INFO - Module loaded.
2021-03-25 21:35:02,782 - elsapy.elsclient - INFO - Module loaded.
2021-03-25 21:35:03,084 - elsapy.elsentity - INFO - Module loaded.
2021-03-25 21:35:03,085 - elsapy.utils - INFO - Module loaded.
2021-03-25 21:35:03,085 - elsapy.elsprofile - INFO - Module loaded.
2021-03-25 21:35:03,086 - elsapy.elsdoc - INFO - Module loaded.
2021-03-25 21:35:03,086 - elsapy.elssearch - INFO - Module loaded.
2021-03-25 21:35:18,579 - elsapy.elsclient - INFO - Module loaded.
2021-03-25 21:35:18,871 - elsapy.elsentity - INFO - Module loaded.
2021-03-25 21:35:18,872 - elsapy.utils - INFO - Module loaded.
2021-03-25 21:35:18,872 - elsapy.elsprofile - INFO - Module loaded.
2021-03-25 21:35:18,873 - elsapy.elsdoc - INFO - Module loaded.
2021-03-25 21:35:18,873 - elsapy.elssearch - INFO - Module loaded.
2021-03-25 21:36:22,258 - elsapy.elsclient - INFO - Module loaded.
2021-03-25 21:36:22,552 - elsapy.elsentity - INFO - Module loaded.
2021-03-25 21:36:22,552 - elsapy.utils - INFO - Module loaded.
2021-03-25 21:36:22,553 - elsapy.elsprofile - INFO - Module loaded.
2021-03-25 21:36:22,553 - elsapy.elsdoc - INFO - Module loaded.
2021-03-25 21:36:22,554 - elsapy.elssearch - INFO - Module loaded.
2021-03-25 21:37:34,120 - elsapy.elsclient - INFO - Module loaded.
2021-03-25 21:37:34,427 - elsapy.elsentity - INFO - Module loaded.
2021-03-25 21:37:34,428 - elsapy.utils - INFO - Module loaded.
2021-03-25 21:37:34,428 - elsapy.elsprofile - INFO - Module loaded.
2021-03-25 21:37:34,429 - elsapy.elsdoc - INFO - Module loaded.
2021-03-25 21:37:34,429 - elsapy.elssearch - INFO - Module loaded.
2021-03-25 21:38:37,007 - elsapy.elsclient - INFO - Module loaded.
2021-03-25 21:38:37,302 - elsapy.elsentity - INFO - Module loaded.
2021-03-25 21:38:37,303 - elsapy.utils - INFO - Module loaded.
2021-03-25 21:38:37,303 - elsapy.elsprofile - INFO - Module loaded.
2021-03-25 21:38:37,304 - elsapy.elsdoc - INFO - Module loaded.
2021-03-25 21:38:37,304 - elsapy.elssearch - INFO - Module loaded.
2021-03-25 21:38:52,821 - elsapy.elsclient - INFO - Module loaded.
2021-03-25 21:38:53,116 - elsapy.elsentity - INFO - Module loaded.
2021-03-25 21:38:53,116 - elsapy.utils - INFO - Module loaded.
2021-03-25 21:38:53,117 - elsapy.elsprofile - INFO - Module loaded.
2021-03-25 21:38:53,117 - elsapy.elsdoc - INFO - Module loaded.
2021-03-25 21:38:53,118 - elsapy.elssearch - INFO - Module loaded.
2021-03-25 21:39:10,225 - elsapy.elsclient - INFO - Module loaded.
2021-03-25 21:39:10,522 - elsapy.elsentity - INFO - Module loaded.
2021-03-25 21:39:10,523 - elsapy.utils - INFO - Module loaded.
2021-03-25 21:39:10,523 - elsapy.elsprofile - INFO - Module loaded.
2021-03-25 21:39:10,524 - elsapy.elsdoc - INFO - Module loaded.
2021-03-25 21:39:10,525 - elsapy.elssearch - INFO - Module loaded.
2021-03-25 21:39:26,531 - elsapy.elsclient - INFO - Module loaded.
2021-03-25 21:39:26,829 - elsapy.elsentity - INFO - Module loaded.
2021-03-25 21:39:26,830 - elsapy.utils - INFO - Module loaded.
2021-03-25 21:39:26,830 - elsapy.elsprofile - INFO - Module loaded.
2021-03-25 21:39:26,831 - elsapy.elsdoc - INFO - Module loaded.
2021-03-25 21:39:26,832 - elsapy.elssearch - INFO - Module loaded.
2021-03-25 21:39:34,190 - elsapy.elsclient - INFO - Module loaded.
2021-03-25 21:39:34,485 - elsapy.elsentity - INFO - Module loaded.
2021-03-25 21:39:34,485 - elsapy.utils - INFO - Module loaded.
2021-03-25 21:39:34,486 - elsapy.elsprofile - INFO - Module loaded.
2021-03-25 21:39:34,486 - elsapy.elsdoc - INFO - Module loaded.
2021-03-25 21:39:34,487 - elsapy.elssearch - INFO - Module loaded.
2021-03-25 21:42:20,839 - elsapy.elsclient - INFO - Module loaded.
2021-03-25 21:42:21,137 - elsapy.elsentity - INFO - Module loaded.
2021-03-25 21:42:21,138 - elsapy.utils - INFO - Module loaded.
2021-03-25 21:42:21,138 - elsapy.elsprofile - INFO - Module loaded.
2021-03-25 21:42:21,139 - elsapy.elsdoc - INFO - Module loaded.
2021-03-25 21:42:21,140 - elsapy.elssearch - INFO - Module loaded.
2021-03-25 21:42:46,058 - elsapy.elsclient - INFO - Module loaded.
2021-03-25 21:42:46,349 - elsapy.elsentity - INFO - Module loaded.
2021-03-25 21:42:46,350 - elsapy.utils - INFO - Module loaded.
2021-03-25 21:42:46,350 - elsapy.elsprofile - INFO - Module loaded.
2021-03-25 21:42:46,351 - elsapy.elsdoc - INFO - Module loaded.
2021-03-25 21:42:46,352 - elsapy.elssearch - INFO - Module loaded.
2021-03-25 21:42:51,501 - elsapy.elsclient - INFO - Module loaded.
2021-03-25 21:42:51,793 - elsapy.elsentity - INFO - Module loaded.
2021-03-25 21:42:51,793 - elsapy.utils - INFO - Module loaded.
2021-03-25 21:42:51,794 - elsapy.elsprofile - INFO - Module loaded.
2021-03-25 21:42:51,794 - elsapy.elsdoc - INFO - Module loaded.
2021-03-25 21:42:51,795 - elsapy.elssearch - INFO - Module loaded.
2021-03-25 21:43:02,408 - elsapy.elsclient - INFO - Module loaded.
2021-03-25 21:43:02,698 - elsapy.elsentity - INFO - Module loaded.
2021-03-25 21:43:02,699 - elsapy.utils - INFO - Module loaded.
2021-03-25 21:43:02,699 - elsapy.elsprofile - INFO - Module loaded.
2021-03-25 21:43:02,700 - elsapy.elsdoc - INFO - Module loaded.
2021-03-25 21:43:02,701 - elsapy.elssearch - INFO - Module loaded.
2021-03-25 21:43:12,170 - elsapy.elsclient - INFO - Module loaded.
2021-03-25 21:43:12,463 - elsapy.elsentity - INFO - Module loaded.
2021-03-25 21:43:12,464 - elsapy.utils - INFO - Module loaded.
2021-03-25 21:43:12,464 - elsapy.elsprofile - INFO - Module loaded.
2021-03-25 21:43:12,465 - elsapy.elsdoc - INFO - Module loaded.
2021-03-25 21:43:12,465 - elsapy.elssearch - INFO - Module loaded.
2021-03-25 21:44:06,417 - elsapy.elsclient - INFO - Module loaded.
2021-03-25 21:44:06,711 - elsapy.elsentity - INFO - Module loaded.
2021-03-25 21:44:06,712 - elsapy.utils - INFO - Module loaded.
2021-03-25 21:44:06,712 - elsapy.elsprofile - INFO - Module loaded.
2021-03-25 21:44:06,713 - elsapy.elsdoc - INFO - Module loaded.
2021-03-25 21:44:06,714 - elsapy.elssearch - INFO - Module loaded.
2021-03-25 21:45:19,226 - elsapy.elsclient - INFO - Module loaded.
2021-03-25 21:45:19,533 - elsapy.elsentity - INFO - Module loaded.
2021-03-25 21:45:19,534 - elsapy.utils - INFO - Module loaded.
2021-03-25 21:45:19,534 - elsapy.elsprofile - INFO - Module loaded.
2021-03-25 21:45:19,535 - elsapy.elsdoc - INFO - Module loaded.
2021-03-25 21:45:19,536 - elsapy.elssearch - INFO - Module loaded.
2021-03-25 21:46:13,687 - elsapy.elsclient - INFO - Module loaded.
2021-03-25 21:46:13,982 - elsapy.elsentity - INFO - Module loaded.
2021-03-25 21:46:13,983 - elsapy.utils - INFO - Module loaded.
2021-03-25 21:46:13,983 - elsapy.elsprofile - INFO - Module loaded.
2021-03-25 21:46:13,984 - elsapy.elsdoc - INFO - Module loaded.
2021-03-25 21:46:13,985 - elsapy.elssearch - INFO - Module loaded.
2021-03-25 21:46:19,143 - elsapy.elsclient - INFO - Module loaded.
2021-03-25 21:46:19,432 - elsapy.elsentity - INFO - Module loaded.
2021-03-25 21:46:19,433 - elsapy.utils - INFO - Module loaded.
2021-03-25 21:46:19,433 - elsapy.elsprofile - INFO - Module loaded.
2021-03-25 21:46:19,434 - elsapy.elsdoc - INFO - Module loaded.
2021-03-25 21:46:19,435 - elsapy.elssearch - INFO - Module loaded.
2021-03-25 21:46:40,834 - elsapy.elsclient - INFO - Module loaded.
2021-03-25 21:46:41,125 - elsapy.elsentity - INFO - Module loaded.
2021-03-25 21:46:41,126 - elsapy.utils - INFO - Module loaded.
2021-03-25 21:46:41,126 - elsapy.elsprofile - INFO - Module loaded.
2021-03-25 21:46:41,127 - elsapy.elsdoc - INFO - Module loaded.
2021-03-25 21:46:41,128 - elsapy.elssearch - INFO - Module loaded.
2021-03-25 21:46:55,992 - elsapy.elsclient - INFO - Module loaded.
2021-03-25 21:46:56,283 - elsapy.elsentity - INFO - Module loaded.
2021-03-25 21:46:56,284 - elsapy.utils - INFO - Module loaded.
2021-03-25 21:46:56,284 - elsapy.elsprofile - INFO - Module loaded.
2021-03-25 21:46:56,285 - elsapy.elsdoc - INFO - Module loaded.
2021-03-25 21:46:56,285 - elsapy.elssearch - INFO - Module loaded.
2021-03-25 21:47:18,069 - elsapy.elsclient - INFO - Module loaded.
2021-03-25 21:47:18,365 - elsapy.elsentity - INFO - Module loaded.
2021-03-25 21:47:18,366 - elsapy.utils - INFO - Module loaded.
2021-03-25 21:47:18,366 - elsapy.elsprofile - INFO - Module loaded.
2021-03-25 21:47:18,367 - elsapy.elsdoc - INFO - Module loaded.
2021-03-25 21:47:18,367 - elsapy.elssearch - INFO - Module loaded.
2021-03-25 21:47:33,335 - elsapy.elsclient - INFO - Module loaded.
2021-03-25 21:47:33,630 - elsapy.elsentity - INFO - Module loaded.
2021-03-25 21:47:33,631 - elsapy.utils - INFO - Module loaded.
2021-03-25 21:47:33,631 - elsapy.elsprofile - INFO - Module loaded.
2021-03-25 21:47:33,632 - elsapy.elsdoc - INFO - Module loaded.
2021-03-25 21:47:33,633 - elsapy.elssearch - INFO - Module loaded.
2021-03-25 21:48:14,711 - elsapy.elsclient - INFO - Module loaded.
2021-03-25 21:48:15,006 - elsapy.elsentity - INFO - Module loaded.
2021-03-25 21:48:15,007 - elsapy.utils - INFO - Module loaded.
2021-03-25 21:48:15,007 - elsapy.elsprofile - INFO - Module loaded.
2021-03-25 21:48:15,008 - elsapy.elsdoc - INFO - Module loaded.
2021-03-25 21:48:15,009 - elsapy.elssearch - INFO - Module loaded.
2021-03-25 21:48:30,005 - elsapy.elsclient - INFO - Module loaded.
2021-03-25 21:48:30,297 - elsapy.elsentity - INFO - Module loaded.
2021-03-25 21:48:30,298 - elsapy.utils - INFO - Module loaded.
2021-03-25 21:48:30,298 - elsapy.elsprofile - INFO - Module loaded.
2021-03-25 21:48:30,299 - elsapy.elsdoc - INFO - Module loaded.
2021-03-25 21:48:30,299 - elsapy.elssearch - INFO - Module loaded.
2021-03-25 21:48:40,908 - elsapy.elsclient - INFO - Module loaded.
2021-03-25 21:48:41,209 - elsapy.elsentity - INFO - Module loaded.
2021-03-25 21:48:41,209 - elsapy.utils - INFO - Module loaded.
2021-03-25 21:48:41,210 - elsapy.elsprofile - INFO - Module loaded.
2021-03-25 21:48:41,210 - elsapy.elsdoc - INFO - Module loaded.
2021-03-25 21:48:41,211 - elsapy.elssearch - INFO - Module loaded.
2021-03-25 21:48:57,161 - elsapy.elsclient - INFO - Module loaded.
2021-03-25 21:48:57,461 - elsapy.elsentity - INFO - Module loaded.
2021-03-25 21:48:57,462 - elsapy.utils - INFO - Module loaded.
2021-03-25 21:48:57,462 - elsapy.elsprofile - INFO - Module loaded.
2021-03-25 21:48:57,463 - elsapy.elsdoc - INFO - Module loaded.
2021-03-25 21:48:57,463 - elsapy.elssearch - INFO - Module loaded.
2021-03-25 21:49:38,455 - elsapy.elsclient - INFO - Module loaded.
2021-03-25 21:49:38,747 - elsapy.elsentity - INFO - Module loaded.
2021-03-25 21:49:38,748 - elsapy.utils - INFO - Module loaded.
2021-03-25 21:49:38,748 - elsapy.elsprofile - INFO - Module loaded.
2021-03-25 21:49:38,749 - elsapy.elsdoc - INFO - Module loaded.
2021-03-25 21:49:38,750 - elsapy.elssearch - INFO - Module loaded.
2021-03-25 21:49:50,412 - elsapy.elsclient - INFO - Module loaded.
2021-03-25 21:49:50,702 - elsapy.elsentity - INFO - Module loaded.
2021-03-25 21:49:50,702 - elsapy.utils - INFO - Module loaded.
2021-03-25 21:49:50,703 - elsapy.elsprofile - INFO - Module loaded.
2021-03-25 21:49:50,703 - elsapy.elsdoc - INFO - Module loaded.
2021-03-25 21:49:50,704 - elsapy.elssearch - INFO - Module loaded.
2021-03-25 21:50:14,326 - elsapy.elsclient - INFO - Module loaded.
2021-03-25 21:50:14,626 - elsapy.elsentity - INFO - Module loaded.
2021-03-25 21:50:14,627 - elsapy.utils - INFO - Module loaded.
2021-03-25 21:50:14,627 - elsapy.elsprofile - INFO - Module loaded.
2021-03-25 21:50:14,628 - elsapy.elsdoc - INFO - Module loaded.
2021-03-25 21:50:14,628 - elsapy.elssearch - INFO - Module loaded.
2021-03-25 21:50:43,595 - elsapy.elsclient - INFO - Module loaded.
2021-03-25 21:50:43,888 - elsapy.elsentity - INFO - Module loaded.
2021-03-25 21:50:43,889 - elsapy.utils - INFO - Module loaded.
2021-03-25 21:50:43,889 - elsapy.elsprofile - INFO - Module loaded.
2021-03-25 21:50:43,890 - elsapy.elsdoc - INFO - Module loaded.
2021-03-25 21:50:43,890 - elsapy.elssearch - INFO - Module loaded.
2021-03-25 21:51:40,180 - elsapy.elsclient - INFO - Module loaded.
2021-03-25 21:51:40,482 - elsapy.elsentity - INFO - Module loaded.
2021-03-25 21:51:40,483 - elsapy.utils - INFO - Module loaded.
2021-03-25 21:51:40,483 - elsapy.elsprofile - INFO - Module loaded.
2021-03-25 21:51:40,484 - elsapy.elsdoc - INFO - Module loaded.
2021-03-25 21:51:40,484 - elsapy.elssearch - INFO - Module loaded.
2021-03-25 23:57:52,588 - elsapy.elsclient - INFO - Module loaded.
2021-03-25 23:57:52,918 - elsapy.elsentity - INFO - Module loaded.
2021-03-25 23:57:52,919 - elsapy.utils - INFO - Module loaded.
2021-03-25 23:57:52,919 - elsapy.elsprofile - INFO - Module loaded.
2021-03-25 23:57:52,920 - elsapy.elsdoc - INFO - Module loaded.
2021-03-25 23:57:52,921 - elsapy.elssearch - INFO - Module loaded.
2021-03-25 23:59:45,341 - elsapy.elsclient - INFO - Module loaded.
2021-03-25 23:59:45,636 - elsapy.elsentity - INFO - Module loaded.
2021-03-25 23:59:45,636 - elsapy.utils - INFO - Module loaded.
2021-03-25 23:59:45,637 - elsapy.elsprofile - INFO - Module loaded.
2021-03-25 23:59:45,637 - elsapy.elsdoc - INFO - Module loaded.
2021-03-25 23:59:45,638 - elsapy.elssearch - INFO - Module loaded.
