2021-03-27 15:58:58,974 - elsapy.elsclient - INFO - Module loaded.
2021-03-27 15:58:58,991 - elsapy.elsentity - INFO - Module loaded.
2021-03-27 15:58:58,992 - elsapy.utils - INFO - Module loaded.
2021-03-27 15:58:58,992 - elsapy.elsprofile - INFO - Module loaded.
2021-03-27 15:58:58,993 - elsapy.elsdoc - INFO - Module loaded.
2021-03-27 15:58:58,994 - elsapy.elssearch - INFO - Module loaded.
2021-03-27 15:59:32,025 - elsapy.elsclient - INFO - Module loaded.
2021-03-27 15:59:32,041 - elsapy.elsentity - INFO - Module loaded.
2021-03-27 15:59:32,042 - elsapy.utils - INFO - Module loaded.
2021-03-27 15:59:32,045 - elsapy.elsprofile - INFO - Module loaded.
2021-03-27 15:59:32,049 - elsapy.elsdoc - INFO - Module loaded.
2021-03-27 15:59:32,052 - elsapy.elssearch - INFO - Module loaded.
2021-03-27 15:59:50,808 - elsapy.elsclient - INFO - Module loaded.
2021-03-27 15:59:50,810 - elsapy.elsentity - INFO - Module loaded.
2021-03-27 15:59:50,811 - elsapy.utils - INFO - Module loaded.
2021-03-27 15:59:50,812 - elsapy.elsprofile - INFO - Module loaded.
2021-03-27 15:59:50,812 - elsapy.elsdoc - INFO - Module loaded.
2021-03-27 15:59:50,814 - elsapy.elssearch - INFO - Module loaded.
2021-03-27 15:59:58,585 - elsapy.elsclient - INFO - Module loaded.
2021-03-27 15:59:58,587 - elsapy.elsentity - INFO - Module loaded.
2021-03-27 15:59:58,588 - elsapy.utils - INFO - Module loaded.
2021-03-27 15:59:58,588 - elsapy.elsprofile - INFO - Module loaded.
2021-03-27 15:59:58,589 - elsapy.elsdoc - INFO - Module loaded.
2021-03-27 15:59:58,590 - elsapy.elssearch - INFO - Module loaded.
2021-03-27 16:00:08,988 - elsapy.elsclient - INFO - Module loaded.
2021-03-27 16:00:08,990 - elsapy.elsentity - INFO - Module loaded.
2021-03-27 16:00:08,991 - elsapy.utils - INFO - Module loaded.
2021-03-27 16:00:08,991 - elsapy.elsprofile - INFO - Module loaded.
2021-03-27 16:00:08,992 - elsapy.elsdoc - INFO - Module loaded.
2021-03-27 16:00:08,993 - elsapy.elssearch - INFO - Module loaded.
2021-03-27 16:00:15,389 - elsapy.elsclient - INFO - Module loaded.
2021-03-27 16:00:15,406 - elsapy.elsentity - INFO - Module loaded.
2021-03-27 16:00:15,407 - elsapy.utils - INFO - Module loaded.
2021-03-27 16:00:15,408 - elsapy.elsprofile - INFO - Module loaded.
2021-03-27 16:00:15,409 - elsapy.elsdoc - INFO - Module loaded.
2021-03-27 16:00:15,410 - elsapy.elssearch - INFO - Module loaded.
2021-03-27 16:04:11,656 - elsapy.elsclient - INFO - Module loaded.
2021-03-27 16:04:11,672 - elsapy.elsentity - INFO - Module loaded.
2021-03-27 16:04:11,673 - elsapy.utils - INFO - Module loaded.
2021-03-27 16:04:11,674 - elsapy.elsprofile - INFO - Module loaded.
2021-03-27 16:04:11,675 - elsapy.elsdoc - INFO - Module loaded.
2021-03-27 16:04:11,675 - elsapy.elssearch - INFO - Module loaded.
2021-03-27 16:05:07,817 - elsapy.elsclient - INFO - Module loaded.
2021-03-27 16:05:07,836 - elsapy.elsentity - INFO - Module loaded.
2021-03-27 16:05:07,838 - elsapy.utils - INFO - Module loaded.
2021-03-27 16:05:07,838 - elsapy.elsprofile - INFO - Module loaded.
2021-03-27 16:05:07,839 - elsapy.elsdoc - INFO - Module loaded.
2021-03-27 16:05:07,840 - elsapy.elssearch - INFO - Module loaded.
2021-03-27 16:10:54,775 - elsapy.elsclient - INFO - Module loaded.
2021-03-27 16:10:54,795 - elsapy.elsentity - INFO - Module loaded.
2021-03-27 16:10:54,797 - elsapy.utils - INFO - Module loaded.
2021-03-27 16:10:54,797 - elsapy.elsprofile - INFO - Module loaded.
2021-03-27 16:10:54,798 - elsapy.elsdoc - INFO - Module loaded.
2021-03-27 16:10:54,799 - elsapy.elssearch - INFO - Module loaded.
2021-03-27 16:12:49,545 - elsapy.elsclient - INFO - Module loaded.
2021-03-27 16:12:49,563 - elsapy.elsentity - INFO - Module loaded.
2021-03-27 16:12:49,564 - elsapy.utils - INFO - Module loaded.
2021-03-27 16:12:49,564 - elsapy.elsprofile - INFO - Module loaded.
2021-03-27 16:12:49,565 - elsapy.elsdoc - INFO - Module loaded.
2021-03-27 16:12:49,566 - elsapy.elssearch - INFO - Module loaded.
2021-03-27 16:13:15,143 - elsapy.elsclient - INFO - Module loaded.
2021-03-27 16:13:15,160 - elsapy.elsentity - INFO - Module loaded.
2021-03-27 16:13:15,162 - elsapy.utils - INFO - Module loaded.
2021-03-27 16:13:15,162 - elsapy.elsprofile - INFO - Module loaded.
2021-03-27 16:13:15,163 - elsapy.elsdoc - INFO - Module loaded.
2021-03-27 16:13:15,164 - elsapy.elssearch - INFO - Module loaded.
2021-03-27 16:13:55,755 - elsapy.elsclient - INFO - Module loaded.
2021-03-27 16:13:55,757 - elsapy.elsentity - INFO - Module loaded.
2021-03-27 16:13:55,757 - elsapy.utils - INFO - Module loaded.
2021-03-27 16:13:55,758 - elsapy.elsprofile - INFO - Module loaded.
2021-03-27 16:13:55,759 - elsapy.elsdoc - INFO - Module loaded.
2021-03-27 16:13:55,760 - elsapy.elssearch - INFO - Module loaded.
2021-03-27 16:14:29,290 - elsapy.elsclient - INFO - Module loaded.
2021-03-27 16:14:29,306 - elsapy.elsentity - INFO - Module loaded.
2021-03-27 16:14:29,307 - elsapy.utils - INFO - Module loaded.
2021-03-27 16:14:29,308 - elsapy.elsprofile - INFO - Module loaded.
2021-03-27 16:14:29,308 - elsapy.elsdoc - INFO - Module loaded.
2021-03-27 16:14:29,309 - elsapy.elssearch - INFO - Module loaded.
2021-03-27 16:14:54,598 - elsapy.elsclient - INFO - Module loaded.
2021-03-27 16:14:54,599 - elsapy.elsentity - INFO - Module loaded.
2021-03-27 16:14:54,600 - elsapy.utils - INFO - Module loaded.
2021-03-27 16:14:54,600 - elsapy.elsprofile - INFO - Module loaded.
2021-03-27 16:14:54,601 - elsapy.elsdoc - INFO - Module loaded.
2021-03-27 16:14:54,602 - elsapy.elssearch - INFO - Module loaded.
2021-03-27 16:27:27,424 - elsapy.elsclient - INFO - Module loaded.
2021-03-27 16:27:27,426 - elsapy.elsentity - INFO - Module loaded.
2021-03-27 16:27:27,428 - elsapy.utils - INFO - Module loaded.
2021-03-27 16:27:27,429 - elsapy.elsprofile - INFO - Module loaded.
2021-03-27 16:27:27,448 - elsapy.elsdoc - INFO - Module loaded.
2021-03-27 16:27:27,449 - elsapy.elssearch - INFO - Module loaded.
2021-03-27 16:57:30,335 - elsapy.elsclient - INFO - Module loaded.
2021-03-27 16:57:30,357 - elsapy.elsentity - INFO - Module loaded.
2021-03-27 16:57:30,358 - elsapy.utils - INFO - Module loaded.
2021-03-27 16:57:30,358 - elsapy.elsprofile - INFO - Module loaded.
2021-03-27 16:57:30,360 - elsapy.elsdoc - INFO - Module loaded.
2021-03-27 16:57:30,361 - elsapy.elssearch - INFO - Module loaded.
2021-03-27 17:39:06,061 - elsapy.elsclient - INFO - Module loaded.
2021-03-27 17:39:06,082 - elsapy.elsentity - INFO - Module loaded.
2021-03-27 17:39:06,083 - elsapy.utils - INFO - Module loaded.
2021-03-27 17:39:06,083 - elsapy.elsprofile - INFO - Module loaded.
2021-03-27 17:39:06,084 - elsapy.elsdoc - INFO - Module loaded.
2021-03-27 17:39:06,085 - elsapy.elssearch - INFO - Module loaded.
2021-03-27 20:36:57,033 - elsapy.elsclient - INFO - Module loaded.
2021-03-27 20:36:57,054 - elsapy.elsentity - INFO - Module loaded.
2021-03-27 20:36:57,056 - elsapy.utils - INFO - Module loaded.
2021-03-27 20:36:57,056 - elsapy.elsprofile - INFO - Module loaded.
2021-03-27 20:36:57,057 - elsapy.elsdoc - INFO - Module loaded.
2021-03-27 20:36:57,059 - elsapy.elssearch - INFO - Module loaded.
2021-03-27 20:46:36,495 - elsapy.elsclient - INFO - Module loaded.
2021-03-27 20:46:36,498 - elsapy.elsentity - INFO - Module loaded.
2021-03-27 20:46:36,499 - elsapy.utils - INFO - Module loaded.
2021-03-27 20:46:36,499 - elsapy.elsprofile - INFO - Module loaded.
2021-03-27 20:46:36,500 - elsapy.elsdoc - INFO - Module loaded.
2021-03-27 20:46:36,501 - elsapy.elssearch - INFO - Module loaded.
2021-03-27 21:06:38,833 - elsapy.elsclient - INFO - Module loaded.
2021-03-27 21:06:38,850 - elsapy.elsentity - INFO - Module loaded.
2021-03-27 21:06:38,851 - elsapy.utils - INFO - Module loaded.
2021-03-27 21:06:38,852 - elsapy.elsprofile - INFO - Module loaded.
2021-03-27 21:06:38,853 - elsapy.elsdoc - INFO - Module loaded.
2021-03-27 21:06:38,853 - elsapy.elssearch - INFO - Module loaded.
2021-03-27 21:07:58,365 - elsapy.elsclient - INFO - Module loaded.
2021-03-27 21:07:58,382 - elsapy.elsentity - INFO - Module loaded.
2021-03-27 21:07:58,383 - elsapy.utils - INFO - Module loaded.
2021-03-27 21:07:58,385 - elsapy.elsprofile - INFO - Module loaded.
2021-03-27 21:07:58,385 - elsapy.elsdoc - INFO - Module loaded.
2021-03-27 21:07:58,387 - elsapy.elssearch - INFO - Module loaded.
