2021-03-16 10:59:28,323 - elsapy.elsclient - INFO - Module loaded.
2021-03-16 10:59:29,414 - elsapy.elsentity - INFO - Module loaded.
2021-03-16 10:59:29,415 - elsapy.utils - INFO - Module loaded.
2021-03-16 10:59:29,415 - elsapy.elsprofile - INFO - Module loaded.
2021-03-16 10:59:29,416 - elsapy.elsdoc - INFO - Module loaded.
2021-03-16 10:59:29,418 - elsapy.elssearch - INFO - Module loaded.
2021-03-16 11:00:37,195 - elsapy.elsclient - INFO - Module loaded.
2021-03-16 11:00:37,504 - elsapy.elsentity - INFO - Module loaded.
2021-03-16 11:00:37,505 - elsapy.utils - INFO - Module loaded.
2021-03-16 11:00:37,509 - elsapy.elsprofile - INFO - Module loaded.
2021-03-16 11:00:37,509 - elsapy.elsdoc - INFO - Module loaded.
2021-03-16 11:00:37,510 - elsapy.elssearch - INFO - Module loaded.
2021-03-16 11:00:47,051 - elsapy.elsclient - INFO - Module loaded.
2021-03-16 11:00:47,360 - elsapy.elsentity - INFO - Module loaded.
2021-03-16 11:00:47,360 - elsapy.utils - INFO - Module loaded.
2021-03-16 11:00:47,361 - elsapy.elsprofile - INFO - Module loaded.
2021-03-16 11:00:47,361 - elsapy.elsdoc - INFO - Module loaded.
2021-03-16 11:00:47,362 - elsapy.elssearch - INFO - Module loaded.
2021-03-16 11:01:02,325 - elsapy.elsclient - INFO - Module loaded.
2021-03-16 11:01:02,647 - elsapy.elsentity - INFO - Module loaded.
2021-03-16 11:01:02,648 - elsapy.utils - INFO - Module loaded.
2021-03-16 11:01:02,648 - elsapy.elsprofile - INFO - Module loaded.
2021-03-16 11:01:02,649 - elsapy.elsdoc - INFO - Module loaded.
2021-03-16 11:01:02,650 - elsapy.elssearch - INFO - Module loaded.
2021-03-16 11:06:04,734 - elsapy.elsclient - INFO - Module loaded.
2021-03-16 11:06:05,051 - elsapy.elsentity - INFO - Module loaded.
2021-03-16 11:06:05,052 - elsapy.utils - INFO - Module loaded.
2021-03-16 11:06:05,052 - elsapy.elsprofile - INFO - Module loaded.
2021-03-16 11:06:05,053 - elsapy.elsdoc - INFO - Module loaded.
2021-03-16 11:06:05,053 - elsapy.elssearch - INFO - Module loaded.
2021-03-16 11:18:16,250 - elsapy.elsclient - INFO - Module loaded.
2021-03-16 11:18:16,550 - elsapy.elsentity - INFO - Module loaded.
2021-03-16 11:18:16,551 - elsapy.utils - INFO - Module loaded.
2021-03-16 11:18:16,551 - elsapy.elsprofile - INFO - Module loaded.
2021-03-16 11:18:16,552 - elsapy.elsdoc - INFO - Module loaded.
2021-03-16 11:18:16,553 - elsapy.elssearch - INFO - Module loaded.
2021-03-16 11:22:09,288 - elsapy.elsclient - INFO - Module loaded.
2021-03-16 11:22:09,602 - elsapy.elsentity - INFO - Module loaded.
2021-03-16 11:22:09,602 - elsapy.utils - INFO - Module loaded.
2021-03-16 11:22:09,603 - elsapy.elsprofile - INFO - Module loaded.
2021-03-16 11:22:09,603 - elsapy.elsdoc - INFO - Module loaded.
2021-03-16 11:22:09,604 - elsapy.elssearch - INFO - Module loaded.
2021-03-16 11:23:04,127 - elsapy.elsclient - INFO - Module loaded.
2021-03-16 11:23:04,431 - elsapy.elsentity - INFO - Module loaded.
2021-03-16 11:23:04,432 - elsapy.utils - INFO - Module loaded.
2021-03-16 11:23:04,432 - elsapy.elsprofile - INFO - Module loaded.
2021-03-16 11:23:04,433 - elsapy.elsdoc - INFO - Module loaded.
2021-03-16 11:23:04,434 - elsapy.elssearch - INFO - Module loaded.
2021-03-16 11:23:10,671 - elsapy.elsclient - INFO - Module loaded.
2021-03-16 11:23:10,978 - elsapy.elsentity - INFO - Module loaded.
2021-03-16 11:23:10,978 - elsapy.utils - INFO - Module loaded.
2021-03-16 11:23:10,979 - elsapy.elsprofile - INFO - Module loaded.
2021-03-16 11:23:10,979 - elsapy.elsdoc - INFO - Module loaded.
2021-03-16 11:23:10,980 - elsapy.elssearch - INFO - Module loaded.
2021-03-16 11:23:48,762 - elsapy.elsclient - INFO - Module loaded.
2021-03-16 11:23:49,062 - elsapy.elsentity - INFO - Module loaded.
2021-03-16 11:23:49,062 - elsapy.utils - INFO - Module loaded.
2021-03-16 11:23:49,063 - elsapy.elsprofile - INFO - Module loaded.
2021-03-16 11:23:49,063 - elsapy.elsdoc - INFO - Module loaded.
2021-03-16 11:23:49,064 - elsapy.elssearch - INFO - Module loaded.
2021-03-16 11:23:55,305 - elsapy.elsclient - INFO - Module loaded.
2021-03-16 11:23:55,605 - elsapy.elsentity - INFO - Module loaded.
2021-03-16 11:23:55,605 - elsapy.utils - INFO - Module loaded.
2021-03-16 11:23:55,606 - elsapy.elsprofile - INFO - Module loaded.
2021-03-16 11:23:55,606 - elsapy.elsdoc - INFO - Module loaded.
2021-03-16 11:23:55,607 - elsapy.elssearch - INFO - Module loaded.
2021-03-16 11:24:35,964 - elsapy.elsclient - INFO - Module loaded.
2021-03-16 11:24:36,300 - elsapy.elsentity - INFO - Module loaded.
2021-03-16 11:24:36,301 - elsapy.utils - INFO - Module loaded.
2021-03-16 11:24:36,302 - elsapy.elsprofile - INFO - Module loaded.
2021-03-16 11:24:36,302 - elsapy.elsdoc - INFO - Module loaded.
2021-03-16 11:24:36,303 - elsapy.elssearch - INFO - Module loaded.
2021-03-16 11:25:11,027 - elsapy.elsclient - INFO - Module loaded.
2021-03-16 11:25:11,325 - elsapy.elsentity - INFO - Module loaded.
2021-03-16 11:25:11,325 - elsapy.utils - INFO - Module loaded.
2021-03-16 11:25:11,326 - elsapy.elsprofile - INFO - Module loaded.
2021-03-16 11:25:11,326 - elsapy.elsdoc - INFO - Module loaded.
2021-03-16 11:25:11,327 - elsapy.elssearch - INFO - Module loaded.
2021-03-16 11:27:22,156 - elsapy.elsclient - INFO - Module loaded.
2021-03-16 11:27:22,466 - elsapy.elsentity - INFO - Module loaded.
2021-03-16 11:27:22,467 - elsapy.utils - INFO - Module loaded.
2021-03-16 11:27:22,467 - elsapy.elsprofile - INFO - Module loaded.
2021-03-16 11:27:22,468 - elsapy.elsdoc - INFO - Module loaded.
2021-03-16 11:27:22,469 - elsapy.elssearch - INFO - Module loaded.
2021-03-16 11:28:36,540 - elsapy.elsclient - INFO - Module loaded.
2021-03-16 11:28:36,847 - elsapy.elsentity - INFO - Module loaded.
2021-03-16 11:28:36,848 - elsapy.utils - INFO - Module loaded.
2021-03-16 11:28:36,848 - elsapy.elsprofile - INFO - Module loaded.
2021-03-16 11:28:36,849 - elsapy.elsdoc - INFO - Module loaded.
2021-03-16 11:28:36,850 - elsapy.elssearch - INFO - Module loaded.
2021-03-16 11:30:20,193 - elsapy.elsclient - INFO - Module loaded.
2021-03-16 11:30:20,490 - elsapy.elsentity - INFO - Module loaded.
2021-03-16 11:30:20,491 - elsapy.utils - INFO - Module loaded.
2021-03-16 11:30:20,491 - elsapy.elsprofile - INFO - Module loaded.
2021-03-16 11:30:20,492 - elsapy.elsdoc - INFO - Module loaded.
2021-03-16 11:30:20,493 - elsapy.elssearch - INFO - Module loaded.
2021-03-16 11:31:38,153 - elsapy.elsclient - INFO - Module loaded.
2021-03-16 11:31:38,480 - elsapy.elsentity - INFO - Module loaded.
2021-03-16 11:31:38,482 - elsapy.utils - INFO - Module loaded.
2021-03-16 11:31:38,482 - elsapy.elsprofile - INFO - Module loaded.
2021-03-16 11:31:38,483 - elsapy.elsdoc - INFO - Module loaded.
2021-03-16 11:31:38,483 - elsapy.elssearch - INFO - Module loaded.
2021-03-16 11:36:00,379 - elsapy.elsclient - INFO - Module loaded.
2021-03-16 11:36:00,681 - elsapy.elsentity - INFO - Module loaded.
2021-03-16 11:36:00,682 - elsapy.utils - INFO - Module loaded.
2021-03-16 11:36:00,682 - elsapy.elsprofile - INFO - Module loaded.
2021-03-16 11:36:00,683 - elsapy.elsdoc - INFO - Module loaded.
2021-03-16 11:36:00,684 - elsapy.elssearch - INFO - Module loaded.
2021-03-16 11:36:32,382 - elsapy.elsclient - INFO - Module loaded.
2021-03-16 11:36:32,694 - elsapy.elsentity - INFO - Module loaded.
2021-03-16 11:36:32,695 - elsapy.utils - INFO - Module loaded.
2021-03-16 11:36:32,695 - elsapy.elsprofile - INFO - Module loaded.
2021-03-16 11:36:32,696 - elsapy.elsdoc - INFO - Module loaded.
2021-03-16 11:36:32,697 - elsapy.elssearch - INFO - Module loaded.
2021-03-16 12:02:20,225 - elsapy.elsclient - INFO - Module loaded.
2021-03-16 12:02:20,540 - elsapy.elsentity - INFO - Module loaded.
2021-03-16 12:02:20,541 - elsapy.utils - INFO - Module loaded.
2021-03-16 12:02:20,541 - elsapy.elsprofile - INFO - Module loaded.
2021-03-16 12:02:20,542 - elsapy.elsdoc - INFO - Module loaded.
2021-03-16 12:02:20,543 - elsapy.elssearch - INFO - Module loaded.
2021-03-16 12:02:26,842 - elsapy.elsclient - INFO - Module loaded.
2021-03-16 12:02:27,160 - elsapy.elsentity - INFO - Module loaded.
2021-03-16 12:02:27,161 - elsapy.utils - INFO - Module loaded.
2021-03-16 12:02:27,161 - elsapy.elsprofile - INFO - Module loaded.
2021-03-16 12:02:27,162 - elsapy.elsdoc - INFO - Module loaded.
2021-03-16 12:02:27,163 - elsapy.elssearch - INFO - Module loaded.
2021-03-16 12:19:39,202 - elsapy.elsclient - INFO - Module loaded.
2021-03-16 12:19:39,561 - elsapy.elsentity - INFO - Module loaded.
2021-03-16 12:19:39,561 - elsapy.utils - INFO - Module loaded.
2021-03-16 12:19:39,562 - elsapy.elsprofile - INFO - Module loaded.
2021-03-16 12:19:39,562 - elsapy.elsdoc - INFO - Module loaded.
2021-03-16 12:19:39,563 - elsapy.elssearch - INFO - Module loaded.
2021-03-16 12:20:13,756 - elsapy.elsclient - INFO - Module loaded.
2021-03-16 12:20:14,071 - elsapy.elsentity - INFO - Module loaded.
2021-03-16 12:20:14,072 - elsapy.utils - INFO - Module loaded.
2021-03-16 12:20:14,072 - elsapy.elsprofile - INFO - Module loaded.
2021-03-16 12:20:14,073 - elsapy.elsdoc - INFO - Module loaded.
2021-03-16 12:20:14,074 - elsapy.elssearch - INFO - Module loaded.
