2021-04-18 13:50:35,205 - elsapy.elsclient - INFO - Module loaded.
2021-04-18 13:50:35,206 - elsapy.elsentity - INFO - Module loaded.
2021-04-18 13:50:35,207 - elsapy.utils - INFO - Module loaded.
2021-04-18 13:50:35,207 - elsapy.elsprofile - INFO - Module loaded.
2021-04-18 13:50:35,208 - elsapy.elsdoc - INFO - Module loaded.
2021-04-18 13:50:35,209 - elsapy.elssearch - INFO - Module loaded.
2021-04-18 13:53:12,843 - elsapy.elsclient - INFO - Sending GET request to https://api.elsevier.com/content/search/sciencedirect?query=Entrepreneurship+and+Innovation+Emergency+Management
2021-04-18 13:53:14,451 - elsapy.utils - INFO - Converting prism:coverDate
2021-04-18 13:53:24,766 - elsapy.elsclient - INFO - Sending GET request to https://api.elsevier.com/content/search/sciencedirect?query=Entrepreneurship+and+Innovation+International+Business
2021-04-18 13:53:26,406 - elsapy.utils - INFO - Converting prism:coverDate
2021-04-18 13:53:36,674 - elsapy.elsclient - INFO - Sending GET request to https://api.elsevier.com/content/search/sciencedirect?query=Entrepreneurship+and+Innovation+Economic+History
2021-04-18 13:53:37,526 - elsapy.utils - INFO - Converting prism:coverDate
2021-04-18 13:53:48,020 - elsapy.elsclient - INFO - Sending GET request to https://api.elsevier.com/content/search/sciencedirect?query=Entrepreneurship+and+Innovation+Finance
2021-04-18 13:53:49,220 - elsapy.utils - INFO - Converting prism:coverDate
2021-04-18 13:53:58,609 - elsapy.elsclient - INFO - Sending GET request to https://api.elsevier.com/content/search/sciencedirect?query=Entrepreneurship+and+Innovation+Marketing
2021-04-18 13:54:00,377 - elsapy.utils - INFO - Converting prism:coverDate
2021-04-18 13:54:10,481 - elsapy.elsclient - INFO - Sending GET request to https://api.elsevier.com/content/search/sciencedirect?query=Emergency+Management+International+Business
2021-04-18 13:54:12,065 - elsapy.utils - INFO - Converting prism:coverDate
2021-04-18 13:54:21,656 - elsapy.elsclient - INFO - Sending GET request to https://api.elsevier.com/content/search/sciencedirect?query=Emergency+Management+Economic+History
2021-04-18 13:54:22,573 - elsapy.utils - INFO - Converting prism:coverDate
2021-04-18 13:54:32,604 - elsapy.elsclient - INFO - Sending GET request to https://api.elsevier.com/content/search/sciencedirect?query=Emergency+Management+Finance
2021-04-18 13:54:34,186 - elsapy.utils - INFO - Converting prism:coverDate
2021-04-18 13:54:43,607 - elsapy.elsclient - INFO - Sending GET request to https://api.elsevier.com/content/search/sciencedirect?query=Emergency+Management+Marketing
2021-04-18 13:54:45,158 - elsapy.utils - INFO - Converting prism:coverDate
2021-04-18 13:54:54,669 - elsapy.elsclient - INFO - Sending GET request to https://api.elsevier.com/content/search/sciencedirect?query=International+Business+Economic+History
2021-04-18 13:54:55,533 - elsapy.utils - INFO - Converting prism:coverDate
2021-04-18 13:55:05,648 - elsapy.elsclient - INFO - Sending GET request to https://api.elsevier.com/content/search/sciencedirect?query=International+Business+Finance
2021-04-18 13:55:06,598 - elsapy.utils - INFO - Converting prism:coverDate
2021-04-18 13:55:17,001 - elsapy.elsclient - INFO - Sending GET request to https://api.elsevier.com/content/search/sciencedirect?query=International+Business+Marketing
2021-04-18 13:55:18,540 - elsapy.utils - INFO - Converting prism:coverDate
2021-04-18 13:55:28,661 - elsapy.elsclient - INFO - Sending GET request to https://api.elsevier.com/content/search/sciencedirect?query=Economic+History+Finance
2021-04-18 13:55:29,536 - elsapy.utils - INFO - Converting prism:coverDate
2021-04-18 13:55:39,625 - elsapy.elsclient - INFO - Sending GET request to https://api.elsevier.com/content/search/sciencedirect?query=Economic+History+Marketing
2021-04-18 13:55:41,378 - elsapy.utils - INFO - Converting prism:coverDate
2021-04-18 13:55:51,906 - elsapy.elsclient - INFO - Sending GET request to https://api.elsevier.com/content/search/sciencedirect?query=Finance+Marketing
2021-04-18 13:55:52,773 - elsapy.utils - INFO - Converting prism:coverDate
2021-04-18 13:57:00,786 - elsapy.elsclient - INFO - Sending GET request to https://api.elsevier.com/content/search/sciencedirect?query=Inorganic+Chemistry+Analytical+Chemistry
2021-04-18 13:57:02,562 - elsapy.utils - INFO - Converting prism:coverDate
2021-04-18 13:57:12,579 - elsapy.elsclient - INFO - Sending GET request to https://api.elsevier.com/content/search/sciencedirect?query=Inorganic+Chemistry+Nanotechnology
2021-04-18 13:57:14,097 - elsapy.utils - INFO - Converting prism:coverDate
2021-04-18 13:57:24,853 - elsapy.elsclient - INFO - Sending GET request to https://api.elsevier.com/content/search/sciencedirect?query=Inorganic+Chemistry+Electrochemistry
2021-04-18 13:57:25,642 - elsapy.utils - INFO - Converting prism:coverDate
2021-04-18 13:57:34,544 - elsapy.elsclient - INFO - Sending GET request to https://api.elsevier.com/content/search/sciencedirect?query=Inorganic+Chemistry+Biochemistry
2021-04-18 13:57:35,522 - elsapy.utils - INFO - Converting prism:coverDate
2021-04-18 13:57:45,489 - elsapy.elsclient - INFO - Sending GET request to https://api.elsevier.com/content/search/sciencedirect?query=Inorganic+Chemistry+Organic+Chemistry
2021-04-18 13:57:47,169 - elsapy.utils - INFO - Converting prism:coverDate
2021-04-18 13:57:57,471 - elsapy.elsclient - INFO - Sending GET request to https://api.elsevier.com/content/search/sciencedirect?query=Analytical+Chemistry+Nanotechnology
2021-04-18 13:57:58,369 - elsapy.utils - INFO - Converting prism:coverDate
2021-04-18 13:58:07,519 - elsapy.elsclient - INFO - Sending GET request to https://api.elsevier.com/content/search/sciencedirect?query=Analytical+Chemistry+Electrochemistry
2021-04-18 13:58:08,350 - elsapy.utils - INFO - Converting prism:coverDate
2021-04-18 13:58:17,577 - elsapy.elsclient - INFO - Sending GET request to https://api.elsevier.com/content/search/sciencedirect?query=Analytical+Chemistry+Biochemistry
2021-04-18 13:58:18,493 - elsapy.utils - INFO - Converting prism:coverDate
2021-04-18 13:58:27,735 - elsapy.elsclient - INFO - Sending GET request to https://api.elsevier.com/content/search/sciencedirect?query=Analytical+Chemistry+Organic+Chemistry
2021-04-18 13:58:28,663 - elsapy.utils - INFO - Converting prism:coverDate
2021-04-18 13:58:37,681 - elsapy.elsclient - INFO - Sending GET request to https://api.elsevier.com/content/search/sciencedirect?query=Nanotechnology+Electrochemistry
2021-04-18 13:58:38,501 - elsapy.utils - INFO - Converting prism:coverDate
2021-04-18 13:58:48,732 - elsapy.elsclient - INFO - Sending GET request to https://api.elsevier.com/content/search/sciencedirect?query=Nanotechnology+Biochemistry
2021-04-18 13:58:49,640 - elsapy.utils - INFO - Converting prism:coverDate
2021-04-18 13:58:59,173 - elsapy.elsclient - INFO - Sending GET request to https://api.elsevier.com/content/search/sciencedirect?query=Nanotechnology+Organic+Chemistry
2021-04-18 13:58:59,997 - elsapy.utils - INFO - Converting prism:coverDate
2021-04-18 13:59:09,528 - elsapy.elsclient - INFO - Sending GET request to https://api.elsevier.com/content/search/sciencedirect?query=Electrochemistry+Biochemistry
2021-04-18 13:59:10,356 - elsapy.utils - INFO - Converting prism:coverDate
2021-04-18 13:59:19,655 - elsapy.elsclient - INFO - Sending GET request to https://api.elsevier.com/content/search/sciencedirect?query=Electrochemistry+Organic+Chemistry
2021-04-18 13:59:20,634 - elsapy.utils - INFO - Converting prism:coverDate
2021-04-18 13:59:30,830 - elsapy.elsclient - INFO - Sending GET request to https://api.elsevier.com/content/search/sciencedirect?query=Biochemistry+Organic+Chemistry
2021-04-18 13:59:31,797 - elsapy.utils - INFO - Converting prism:coverDate
2021-04-18 14:01:31,318 - elsapy.elsclient - INFO - Module loaded.
2021-04-18 14:01:31,319 - elsapy.elsentity - INFO - Module loaded.
2021-04-18 14:01:31,320 - elsapy.utils - INFO - Module loaded.
2021-04-18 14:01:31,320 - elsapy.elsprofile - INFO - Module loaded.
2021-04-18 14:01:31,321 - elsapy.elsdoc - INFO - Module loaded.
2021-04-18 14:01:31,321 - elsapy.elssearch - INFO - Module loaded.
2021-04-18 14:02:39,815 - elsapy.elsclient - INFO - Sending GET request to https://api.elsevier.com/content/search/sciencedirect?query=Molecular+Biology+Microbiology
2021-04-18 14:02:40,743 - elsapy.utils - INFO - Converting prism:coverDate
2021-04-18 14:02:51,070 - elsapy.elsclient - INFO - Sending GET request to https://api.elsevier.com/content/search/sciencedirect?query=Molecular+Biology+Ecology
2021-04-18 14:02:52,021 - elsapy.utils - INFO - Converting prism:coverDate
2021-04-18 14:03:02,684 - elsapy.elsclient - INFO - Sending GET request to https://api.elsevier.com/content/search/sciencedirect?query=Molecular+Biology+Cell+Biology
2021-04-18 14:03:03,899 - elsapy.utils - INFO - Converting prism:coverDate
2021-04-18 14:03:13,767 - elsapy.elsclient - INFO - Sending GET request to https://api.elsevier.com/content/search/sciencedirect?query=Molecular+Biology+Birds
2021-04-18 14:03:14,759 - elsapy.utils - INFO - Converting prism:coverDate
2021-04-18 14:03:23,914 - elsapy.elsclient - INFO - Sending GET request to https://api.elsevier.com/content/search/sciencedirect?query=Molecular+Biology+Geology
2021-04-18 14:03:24,815 - elsapy.utils - INFO - Converting prism:coverDate
2021-04-18 14:03:34,470 - elsapy.elsclient - INFO - Sending GET request to https://api.elsevier.com/content/search/sciencedirect?query=Microbiology+Ecology
2021-04-18 14:03:35,343 - elsapy.utils - INFO - Converting prism:coverDate
2021-04-18 14:03:45,637 - elsapy.elsclient - INFO - Sending GET request to https://api.elsevier.com/content/search/sciencedirect?query=Microbiology+Cell+Biology
2021-04-18 14:03:47,188 - elsapy.utils - INFO - Converting prism:coverDate
2021-04-18 14:03:56,716 - elsapy.elsclient - INFO - Sending GET request to https://api.elsevier.com/content/search/sciencedirect?query=Microbiology+Birds
2021-04-18 14:03:58,310 - elsapy.utils - INFO - Converting prism:coverDate
2021-04-18 14:04:07,315 - elsapy.elsclient - INFO - Sending GET request to https://api.elsevier.com/content/search/sciencedirect?query=Microbiology+Geology
2021-04-18 14:04:08,184 - elsapy.utils - INFO - Converting prism:coverDate
2021-04-18 14:04:17,783 - elsapy.elsclient - INFO - Sending GET request to https://api.elsevier.com/content/search/sciencedirect?query=Ecology+Cell+Biology
2021-04-18 14:04:18,828 - elsapy.utils - INFO - Converting prism:coverDate
2021-04-18 14:04:28,754 - elsapy.elsclient - INFO - Sending GET request to https://api.elsevier.com/content/search/sciencedirect?query=Ecology+Birds
2021-04-18 14:04:29,650 - elsapy.utils - INFO - Converting prism:coverDate
2021-04-18 14:04:39,671 - elsapy.elsclient - INFO - Sending GET request to https://api.elsevier.com/content/search/sciencedirect?query=Ecology+Geology
2021-04-18 14:04:41,066 - elsapy.utils - INFO - Converting prism:coverDate
2021-04-18 14:04:50,717 - elsapy.elsclient - INFO - Sending GET request to https://api.elsevier.com/content/search/sciencedirect?query=Cell+Biology+Birds
2021-04-18 14:04:51,784 - elsapy.utils - INFO - Converting prism:coverDate
2021-04-18 14:05:03,699 - elsapy.elsclient - INFO - Sending GET request to https://api.elsevier.com/content/search/sciencedirect?query=Cell+Biology+Geology
2021-04-18 14:05:04,685 - elsapy.utils - INFO - Converting prism:coverDate
2021-04-18 14:05:14,765 - elsapy.elsclient - INFO - Sending GET request to https://api.elsevier.com/content/search/sciencedirect?query=Birds+Geology
2021-04-18 14:05:15,667 - elsapy.utils - INFO - Converting prism:coverDate
2021-04-18 14:06:04,746 - elsapy.elsclient - INFO - Sending GET request to https://api.elsevier.com/content/search/sciencedirect?query=Agronomy+and+Crop+Science+Animal+Husbandry
2021-04-18 14:06:05,654 - elsapy.utils - INFO - Converting prism:coverDate
2021-04-18 14:06:16,607 - elsapy.elsclient - INFO - Sending GET request to https://api.elsevier.com/content/search/sciencedirect?query=Animal+Behavior+and+Ethology+Animal+Husbandry
2021-04-18 14:06:17,527 - elsapy.utils - INFO - Converting prism:coverDate
2021-04-18 14:06:26,779 - elsapy.elsclient - INFO - Sending GET request to https://api.elsevier.com/content/search/sciencedirect?query=Animal+Husbandry+Atmospheric+Sciences
2021-04-18 14:06:27,713 - elsapy.utils - INFO - Converting prism:coverDate
2021-04-18 14:06:37,839 - elsapy.elsclient - INFO - Sending GET request to https://api.elsevier.com/content/search/sciencedirect?query=Animal+Husbandry+Biochemistry
2021-04-18 14:06:38,684 - elsapy.utils - INFO - Converting prism:coverDate
2021-04-18 14:06:48,063 - elsapy.elsclient - INFO - Sending GET request to https://api.elsevier.com/content/search/sciencedirect?query=Animal+Husbandry+Biodiversity+and+Conservation+Biology
2021-04-18 14:06:48,956 - elsapy.utils - INFO - Converting prism:coverDate
2021-04-18 14:06:57,758 - elsapy.elsclient - INFO - Sending GET request to https://api.elsevier.com/content/search/sciencedirect?query=Animal+Husbandry+Bioinformatics+and+Computational+Biology
2021-04-18 14:06:58,680 - elsapy.utils - INFO - Converting prism:coverDate
2021-04-18 14:07:08,678 - elsapy.elsclient - INFO - Sending GET request to https://api.elsevier.com/content/search/sciencedirect?query=Animal+Husbandry+Biophysics
2021-04-18 14:07:09,511 - elsapy.utils - INFO - Converting prism:coverDate
2021-04-18 14:07:18,314 - elsapy.elsclient - INFO - Sending GET request to https://api.elsevier.com/content/search/sciencedirect?query=Animal+Husbandry+Biotechnology
2021-04-18 14:07:19,146 - elsapy.utils - INFO - Converting prism:coverDate
2021-04-18 14:07:30,467 - elsapy.elsclient - INFO - Sending GET request to https://api.elsevier.com/content/search/sciencedirect?query=Animal+Husbandry+Birds
2021-04-18 14:07:31,388 - elsapy.utils - INFO - Converting prism:coverDate
2021-04-18 14:08:48,817 - elsapy.elsclient - INFO - Sending GET request to https://api.elsevier.com/content/search/sciencedirect?query=Animal+Husbandry+Botany
2021-04-18 14:08:49,650 - elsapy.utils - INFO - Converting prism:coverDate
2021-04-18 14:10:21,452 - elsapy.elsclient - INFO - Module loaded.
2021-04-18 14:10:21,453 - elsapy.elsentity - INFO - Module loaded.
2021-04-18 14:10:21,454 - elsapy.utils - INFO - Module loaded.
2021-04-18 14:10:21,454 - elsapy.elsprofile - INFO - Module loaded.
2021-04-18 14:10:21,454 - elsapy.elsdoc - INFO - Module loaded.
2021-04-18 14:10:21,455 - elsapy.elssearch - INFO - Module loaded.
2021-04-18 14:10:24,809 - elsapy.elsclient - INFO - Module loaded.
2021-04-18 14:10:24,810 - elsapy.elsentity - INFO - Module loaded.
2021-04-18 14:10:24,811 - elsapy.utils - INFO - Module loaded.
2021-04-18 14:10:24,811 - elsapy.elsprofile - INFO - Module loaded.
2021-04-18 14:10:24,812 - elsapy.elsdoc - INFO - Module loaded.
2021-04-18 14:10:24,812 - elsapy.elssearch - INFO - Module loaded.
2021-04-18 14:10:31,735 - elsapy.elsclient - INFO - Module loaded.
2021-04-18 14:10:31,736 - elsapy.elsentity - INFO - Module loaded.
2021-04-18 14:10:31,738 - elsapy.utils - INFO - Module loaded.
2021-04-18 14:10:31,739 - elsapy.elsprofile - INFO - Module loaded.
2021-04-18 14:10:31,739 - elsapy.elsdoc - INFO - Module loaded.
2021-04-18 14:10:31,740 - elsapy.elssearch - INFO - Module loaded.
2021-04-18 14:11:10,813 - elsapy.elsclient - INFO - Sending GET request to https://api.elsevier.com/content/search/sciencedirect?query=Animal+Husbandry+Botany
2021-04-18 14:11:11,679 - elsapy.utils - INFO - Converting prism:coverDate
2021-04-18 14:12:38,933 - elsapy.elsclient - INFO - Module loaded.
2021-04-18 14:12:38,935 - elsapy.elsentity - INFO - Module loaded.
2021-04-18 14:12:38,936 - elsapy.utils - INFO - Module loaded.
2021-04-18 14:12:38,937 - elsapy.elsprofile - INFO - Module loaded.
2021-04-18 14:12:38,938 - elsapy.elsdoc - INFO - Module loaded.
2021-04-18 14:12:38,939 - elsapy.elssearch - INFO - Module loaded.
2021-04-18 14:12:57,523 - elsapy.elsclient - INFO - Module loaded.
2021-04-18 14:12:57,524 - elsapy.elsentity - INFO - Module loaded.
2021-04-18 14:12:57,525 - elsapy.utils - INFO - Module loaded.
2021-04-18 14:12:57,525 - elsapy.elsprofile - INFO - Module loaded.
2021-04-18 14:12:57,526 - elsapy.elsdoc - INFO - Module loaded.
2021-04-18 14:12:57,527 - elsapy.elssearch - INFO - Module loaded.
2021-04-18 14:15:03,656 - elsapy.elsclient - INFO - Module loaded.
2021-04-18 14:15:03,657 - elsapy.elsentity - INFO - Module loaded.
2021-04-18 14:15:03,658 - elsapy.utils - INFO - Module loaded.
2021-04-18 14:15:03,658 - elsapy.elsprofile - INFO - Module loaded.
2021-04-18 14:15:03,659 - elsapy.elsdoc - INFO - Module loaded.
2021-04-18 14:15:03,660 - elsapy.elssearch - INFO - Module loaded.
2021-04-18 14:15:12,424 - elsapy.elsclient - INFO - Module loaded.
2021-04-18 14:15:12,425 - elsapy.elsentity - INFO - Module loaded.
2021-04-18 14:15:12,426 - elsapy.utils - INFO - Module loaded.
2021-04-18 14:15:12,426 - elsapy.elsprofile - INFO - Module loaded.
2021-04-18 14:15:12,427 - elsapy.elsdoc - INFO - Module loaded.
2021-04-18 14:15:12,427 - elsapy.elssearch - INFO - Module loaded.
2021-04-18 14:16:34,627 - elsapy.elsclient - INFO - Module loaded.
2021-04-18 14:16:34,628 - elsapy.elsentity - INFO - Module loaded.
2021-04-18 14:16:34,629 - elsapy.utils - INFO - Module loaded.
2021-04-18 14:16:34,629 - elsapy.elsprofile - INFO - Module loaded.
2021-04-18 14:16:34,630 - elsapy.elsdoc - INFO - Module loaded.
2021-04-18 14:16:34,630 - elsapy.elssearch - INFO - Module loaded.
2021-04-18 14:16:38,019 - elsapy.elsclient - INFO - Module loaded.
2021-04-18 14:16:38,020 - elsapy.elsentity - INFO - Module loaded.
2021-04-18 14:16:38,021 - elsapy.utils - INFO - Module loaded.
2021-04-18 14:16:38,021 - elsapy.elsprofile - INFO - Module loaded.
2021-04-18 14:16:38,022 - elsapy.elsdoc - INFO - Module loaded.
2021-04-18 14:16:38,022 - elsapy.elssearch - INFO - Module loaded.
2021-04-18 14:17:06,867 - elsapy.elsclient - INFO - Sending GET request to https://api.elsevier.com/content/search/sciencedirect?query=Animal+Husbandry+Botany
2021-04-18 14:17:08,629 - elsapy.utils - INFO - Converting prism:coverDate
2021-04-18 14:17:15,535 - elsapy.elsclient - INFO - Sending GET request to https://api.elsevier.com/content/search/sciencedirect?query=Animal+Husbandry+Cell+Biology
2021-04-18 14:17:17,112 - elsapy.utils - INFO - Converting prism:coverDate
2021-04-18 14:17:18,119 - elsapy.elsclient - INFO - Sending GET request to https://api.elsevier.com/content/search/sciencedirect?query=Animal+Husbandry+Developmental+Biology+and+Embryology
2021-04-18 14:17:20,129 - elsapy.utils - INFO - Converting prism:coverDate
2021-04-18 14:17:21,140 - elsapy.elsclient - INFO - Sending GET request to https://api.elsevier.com/content/search/sciencedirect?query=Animal+Husbandry+Ecology
2021-04-18 14:17:22,143 - elsapy.utils - INFO - Converting prism:coverDate
2021-04-18 14:17:23,143 - elsapy.elsclient - INFO - Sending GET request to https://api.elsevier.com/content/search/sciencedirect?query=Animal+Husbandry+Environmental+and+Geological+Engineering
2021-04-18 14:17:24,732 - elsapy.utils - INFO - Converting prism:coverDate
2021-04-18 14:17:25,735 - elsapy.elsclient - INFO - Sending GET request to https://api.elsevier.com/content/search/sciencedirect?query=Animal+Husbandry+Environmental+Sciences
2021-04-18 14:17:27,365 - elsapy.utils - INFO - Converting prism:coverDate
2021-04-18 14:17:28,365 - elsapy.elsclient - INFO - Sending GET request to https://api.elsevier.com/content/search/sciencedirect?query=Animal+Husbandry+Evolutionary+Biology
2021-04-18 14:17:29,934 - elsapy.utils - INFO - Converting prism:coverDate
2021-04-18 14:17:30,937 - elsapy.elsclient - INFO - Sending GET request to https://api.elsevier.com/content/search/sciencedirect?query=Animal+Husbandry+Food+Science+and+Technology
2021-04-18 14:17:32,602 - elsapy.utils - INFO - Converting prism:coverDate
2021-04-18 14:17:33,611 - elsapy.elsclient - INFO - Sending GET request to https://api.elsevier.com/content/search/sciencedirect?query=Animal+Husbandry+Forests+and+Forestry
2021-04-18 14:17:35,147 - elsapy.utils - INFO - Converting prism:coverDate
2021-04-18 14:17:36,155 - elsapy.elsclient - INFO - Sending GET request to https://api.elsevier.com/content/search/sciencedirect?query=Animal+Husbandry+Geochemistry+and+Mineralogy
2021-04-18 14:17:37,042 - elsapy.utils - INFO - Converting prism:coverDate
2021-04-18 14:17:38,049 - elsapy.elsclient - INFO - Sending GET request to https://api.elsevier.com/content/search/sciencedirect?query=Animal+Husbandry+Geology
2021-04-18 14:17:38,936 - elsapy.utils - INFO - Converting prism:coverDate
2021-04-18 14:17:39,936 - elsapy.elsclient - INFO - Sending GET request to https://api.elsevier.com/content/search/sciencedirect?query=Animal+Husbandry+Hydrology+and+Water+Resources
2021-04-18 14:17:41,107 - elsapy.utils - INFO - Converting prism:coverDate
2021-04-18 14:17:42,111 - elsapy.elsclient - INFO - Sending GET request to https://api.elsevier.com/content/search/sciencedirect?query=Animal+Husbandry+Insects+and+Arthropods
2021-04-18 14:17:42,966 - elsapy.utils - INFO - Converting prism:coverDate
2021-04-18 14:17:43,976 - elsapy.elsclient - INFO - Sending GET request to https://api.elsevier.com/content/search/sciencedirect?query=Animal+Husbandry+Life+Sciences+and+Earth+Sciences
2021-04-18 14:17:45,533 - elsapy.utils - INFO - Converting prism:coverDate
2021-04-18 14:17:46,546 - elsapy.elsclient - INFO - Sending GET request to https://api.elsevier.com/content/search/sciencedirect?query=Animal+Husbandry+Marine+Sciences+and+Fisheries
2021-04-18 14:17:48,217 - elsapy.utils - INFO - Converting prism:coverDate
2021-04-18 14:17:49,224 - elsapy.elsclient - INFO - Sending GET request to https://api.elsevier.com/content/search/sciencedirect?query=Animal+Husbandry+Microbiology
2021-04-18 14:17:50,057 - elsapy.utils - INFO - Converting prism:coverDate
2021-04-18 14:17:51,057 - elsapy.elsclient - INFO - Sending GET request to https://api.elsevier.com/content/search/sciencedirect?query=Animal+Husbandry+Molecular+Biology
2021-04-18 14:17:52,660 - elsapy.utils - INFO - Converting prism:coverDate
2021-04-18 14:17:53,659 - elsapy.elsclient - INFO - Sending GET request to https://api.elsevier.com/content/search/sciencedirect?query=Animal+Husbandry+Mycology
2021-04-18 14:17:54,767 - elsapy.utils - INFO - Converting prism:coverDate
2021-04-18 14:17:55,778 - elsapy.elsclient - INFO - Sending GET request to https://api.elsevier.com/content/search/sciencedirect?query=Animal+Husbandry+Oceanography
2021-04-18 14:17:56,586 - elsapy.utils - INFO - Converting prism:coverDate
2021-04-18 14:17:57,594 - elsapy.elsclient - INFO - Sending GET request to https://api.elsevier.com/content/search/sciencedirect?query=Animal+Husbandry+Paleontology
2021-04-18 14:17:58,465 - elsapy.utils - INFO - Converting prism:coverDate
2021-04-18 14:17:59,467 - elsapy.elsclient - INFO - Sending GET request to https://api.elsevier.com/content/search/sciencedirect?query=Animal+Husbandry+Pest+Control+and+Pesticides
2021-04-18 14:18:01,081 - elsapy.utils - INFO - Converting prism:coverDate
2021-04-18 14:18:02,093 - elsapy.elsclient - INFO - Sending GET request to https://api.elsevier.com/content/search/sciencedirect?query=Animal+Husbandry+Plant+Pathology
2021-04-18 14:18:03,743 - elsapy.utils - INFO - Converting prism:coverDate
2021-04-18 14:18:04,749 - elsapy.elsclient - INFO - Sending GET request to https://api.elsevier.com/content/search/sciencedirect?query=Animal+Husbandry+Proteomics%2C+Peptides+and+Aminoacids
2021-04-18 14:18:05,656 - elsapy.utils - INFO - Converting prism:coverDate
2021-04-18 14:18:06,656 - elsapy.elsclient - INFO - Sending GET request to https://api.elsevier.com/content/search/sciencedirect?query=Animal+Husbandry+Soil+Sciences
2021-04-18 14:18:08,059 - elsapy.utils - INFO - Converting prism:coverDate
2021-04-18 14:18:09,060 - elsapy.elsclient - INFO - Sending GET request to https://api.elsevier.com/content/search/sciencedirect?query=Animal+Husbandry+Sustainable+Development
2021-04-18 14:18:11,381 - elsapy.utils - INFO - Converting prism:coverDate
2021-04-18 14:18:12,388 - elsapy.elsclient - INFO - Sending GET request to https://api.elsevier.com/content/search/sciencedirect?query=Animal+Husbandry+Sustainable+Energy
2021-04-18 14:18:13,996 - elsapy.utils - INFO - Converting prism:coverDate
2021-04-18 14:18:14,995 - elsapy.elsclient - INFO - Sending GET request to https://api.elsevier.com/content/search/sciencedirect?query=Animal+Husbandry+Virology
2021-04-18 14:18:16,737 - elsapy.utils - INFO - Converting prism:coverDate
2021-04-18 14:18:17,737 - elsapy.elsclient - INFO - Sending GET request to https://api.elsevier.com/content/search/sciencedirect?query=Animal+Husbandry+Wood+Science+and+Technology
2021-04-18 14:18:19,531 - elsapy.utils - INFO - Converting prism:coverDate
2021-04-18 14:18:20,537 - elsapy.elsclient - INFO - Sending GET request to https://api.elsevier.com/content/search/sciencedirect?query=Animal+Husbandry+Zoology
2021-04-18 14:18:21,398 - elsapy.utils - INFO - Converting prism:coverDate
2021-04-18 14:18:41,991 - elsapy.elsclient - INFO - Module loaded.
2021-04-18 14:18:41,992 - elsapy.elsentity - INFO - Module loaded.
2021-04-18 14:18:41,992 - elsapy.utils - INFO - Module loaded.
2021-04-18 14:18:41,993 - elsapy.elsprofile - INFO - Module loaded.
2021-04-18 14:18:41,993 - elsapy.elsdoc - INFO - Module loaded.
2021-04-18 14:18:41,994 - elsapy.elssearch - INFO - Module loaded.
2021-04-18 14:19:01,810 - elsapy.elsclient - INFO - Sending GET request to https://api.elsevier.com/content/search/sciencedirect?query=Software+Systems+Civil+Engineering
2021-04-18 14:19:03,525 - elsapy.utils - INFO - Converting prism:coverDate
2021-04-18 14:19:13,677 - elsapy.elsclient - INFO - Sending GET request to https://api.elsevier.com/content/search/sciencedirect?query=Software+Systems+Transportation
2021-04-18 14:19:14,587 - elsapy.utils - INFO - Converting prism:coverDate
2021-04-18 14:19:27,019 - elsapy.elsclient - INFO - Sending GET request to https://api.elsevier.com/content/search/sciencedirect?query=Software+Systems+Mechanical+Engineering
2021-04-18 14:19:28,748 - elsapy.utils - INFO - Converting prism:coverDate
2021-04-18 14:19:38,536 - elsapy.elsclient - INFO - Sending GET request to https://api.elsevier.com/content/search/sciencedirect?query=Software+Systems+Architecture
2021-04-18 14:19:39,471 - elsapy.utils - INFO - Converting prism:coverDate
2021-04-18 14:19:48,898 - elsapy.elsclient - INFO - Sending GET request to https://api.elsevier.com/content/search/sciencedirect?query=Software+Systems+Robotics
2021-04-18 14:19:49,774 - elsapy.utils - INFO - Converting prism:coverDate
2021-04-18 14:19:59,649 - elsapy.elsclient - INFO - Sending GET request to https://api.elsevier.com/content/search/sciencedirect?query=Civil+Engineering+Transportation
2021-04-18 14:20:01,269 - elsapy.utils - INFO - Converting prism:coverDate
2021-04-18 14:20:10,992 - elsapy.elsclient - INFO - Sending GET request to https://api.elsevier.com/content/search/sciencedirect?query=Civil+Engineering+Mechanical+Engineering
2021-04-18 14:20:12,660 - elsapy.utils - INFO - Converting prism:coverDate
2021-04-18 14:20:22,761 - elsapy.elsclient - INFO - Sending GET request to https://api.elsevier.com/content/search/sciencedirect?query=Civil+Engineering+Architecture
2021-04-18 14:20:23,622 - elsapy.utils - INFO - Converting prism:coverDate
2021-04-18 14:20:33,933 - elsapy.elsclient - INFO - Sending GET request to https://api.elsevier.com/content/search/sciencedirect?query=Civil+Engineering+Robotics
2021-04-18 14:20:34,844 - elsapy.utils - INFO - Converting prism:coverDate
2021-04-18 14:20:45,572 - elsapy.elsclient - INFO - Sending GET request to https://api.elsevier.com/content/search/sciencedirect?query=Transportation+Mechanical+Engineering
2021-04-18 14:20:47,231 - elsapy.utils - INFO - Converting prism:coverDate
2021-04-18 14:20:56,926 - elsapy.elsclient - INFO - Sending GET request to https://api.elsevier.com/content/search/sciencedirect?query=Transportation+Architecture
2021-04-18 14:20:59,071 - elsapy.utils - INFO - Converting prism:coverDate
2021-04-18 14:22:01,540 - elsapy.elsclient - INFO - Sending GET request to https://api.elsevier.com/content/search/sciencedirect?query=Transportation+Robotics
2021-04-18 14:22:02,504 - elsapy.utils - INFO - Converting prism:coverDate
2021-04-18 14:22:12,542 - elsapy.elsclient - INFO - Sending GET request to https://api.elsevier.com/content/search/sciencedirect?query=Mechanical+Engineering+Architecture
2021-04-18 14:22:13,436 - elsapy.utils - INFO - Converting prism:coverDate
2021-04-18 14:22:23,634 - elsapy.elsclient - INFO - Sending GET request to https://api.elsevier.com/content/search/sciencedirect?query=Mechanical+Engineering+Robotics
2021-04-18 14:22:24,661 - elsapy.utils - INFO - Converting prism:coverDate
2021-04-18 14:22:34,683 - elsapy.elsclient - INFO - Sending GET request to https://api.elsevier.com/content/search/sciencedirect?query=Architecture+Robotics
2021-04-18 14:22:35,643 - elsapy.utils - INFO - Converting prism:coverDate
2021-04-18 14:26:41,805 - elsapy.elsclient - INFO - Module loaded.
2021-04-18 14:26:41,806 - elsapy.elsentity - INFO - Module loaded.
2021-04-18 14:26:41,807 - elsapy.utils - INFO - Module loaded.
2021-04-18 14:26:41,807 - elsapy.elsprofile - INFO - Module loaded.
2021-04-18 14:26:41,808 - elsapy.elsdoc - INFO - Module loaded.
2021-04-18 14:26:41,808 - elsapy.elssearch - INFO - Module loaded.
2021-04-18 22:05:12,952 - elsapy.elsclient - INFO - Module loaded.
2021-04-18 22:05:12,959 - elsapy.elsentity - INFO - Module loaded.
2021-04-18 22:05:12,961 - elsapy.utils - INFO - Module loaded.
2021-04-18 22:05:12,961 - elsapy.elsprofile - INFO - Module loaded.
2021-04-18 22:05:12,964 - elsapy.elsdoc - INFO - Module loaded.
2021-04-18 22:05:12,967 - elsapy.elssearch - INFO - Module loaded.
2021-04-18 22:05:28,906 - elsapy.elsclient - INFO - Module loaded.
2021-04-18 22:05:28,907 - elsapy.elsentity - INFO - Module loaded.
2021-04-18 22:05:28,908 - elsapy.utils - INFO - Module loaded.
2021-04-18 22:05:28,909 - elsapy.elsprofile - INFO - Module loaded.
2021-04-18 22:05:28,910 - elsapy.elsdoc - INFO - Module loaded.
2021-04-18 22:05:28,911 - elsapy.elssearch - INFO - Module loaded.
2021-04-18 22:06:12,349 - elsapy.elsclient - INFO - Sending GET request to https://api.elsevier.com/content/search/sciencedirect?query=wqq+qwe
2021-04-18 22:06:13,156 - elsapy.utils - INFO - Converting prism:coverDate
2021-04-18 22:06:16,796 - elsapy.elsclient - INFO - Sending GET request to https://api.elsevier.com/content/search/sciencedirect?query=qwe+qwe
2021-04-18 22:06:17,687 - elsapy.utils - INFO - Converting prism:coverDate
2021-04-18 22:09:30,999 - elsapy.elsclient - INFO - Module loaded.
2021-04-18 22:09:31,001 - elsapy.elsentity - INFO - Module loaded.
2021-04-18 22:09:31,003 - elsapy.utils - INFO - Module loaded.
2021-04-18 22:09:31,004 - elsapy.elsprofile - INFO - Module loaded.
2021-04-18 22:09:31,009 - elsapy.elsdoc - INFO - Module loaded.
2021-04-18 22:09:31,010 - elsapy.elssearch - INFO - Module loaded.
2021-04-18 22:11:42,043 - elsapy.elsclient - INFO - Module loaded.
2021-04-18 22:11:42,048 - elsapy.elsentity - INFO - Module loaded.
2021-04-18 22:11:42,051 - elsapy.utils - INFO - Module loaded.
2021-04-18 22:11:42,052 - elsapy.elsprofile - INFO - Module loaded.
2021-04-18 22:11:42,055 - elsapy.elsdoc - INFO - Module loaded.
2021-04-18 22:11:42,057 - elsapy.elssearch - INFO - Module loaded.
2021-04-18 22:12:20,877 - elsapy.elsclient - INFO - Sending GET request to https://api.elsevier.com/content/search/sciencedirect?query=wer+wed
2021-04-18 22:12:21,646 - elsapy.utils - INFO - Converting prism:coverDate
2021-04-18 22:12:31,804 - elsapy.elsclient - INFO - Sending GET request to https://api.elsevier.com/content/search/sciencedirect?query=wer+wew
2021-04-18 22:12:32,730 - elsapy.utils - INFO - Converting prism:coverDate
2021-04-18 22:12:41,280 - elsapy.elsclient - INFO - Sending GET request to https://api.elsevier.com/content/search/sciencedirect?query=wed+wew
2021-04-18 22:12:42,123 - elsapy.utils - INFO - Converting prism:coverDate
2021-04-18 22:19:18,955 - elsapy.elsclient - INFO - Module loaded.
2021-04-18 22:19:18,957 - elsapy.elsentity - INFO - Module loaded.
2021-04-18 22:19:18,959 - elsapy.utils - INFO - Module loaded.
2021-04-18 22:19:18,959 - elsapy.elsprofile - INFO - Module loaded.
2021-04-18 22:19:18,961 - elsapy.elsdoc - INFO - Module loaded.
2021-04-18 22:19:18,962 - elsapy.elssearch - INFO - Module loaded.
2021-04-18 22:20:41,135 - elsapy.elsclient - INFO - Module loaded.
2021-04-18 22:20:41,136 - elsapy.elsentity - INFO - Module loaded.
2021-04-18 22:20:41,138 - elsapy.utils - INFO - Module loaded.
2021-04-18 22:20:41,139 - elsapy.elsprofile - INFO - Module loaded.
2021-04-18 22:20:41,141 - elsapy.elsdoc - INFO - Module loaded.
2021-04-18 22:20:41,142 - elsapy.elssearch - INFO - Module loaded.
2021-04-18 22:22:39,422 - elsapy.elsclient - INFO - Module loaded.
2021-04-18 22:22:39,426 - elsapy.elsentity - INFO - Module loaded.
2021-04-18 22:22:39,428 - elsapy.utils - INFO - Module loaded.
2021-04-18 22:22:39,428 - elsapy.elsprofile - INFO - Module loaded.
2021-04-18 22:22:39,429 - elsapy.elsdoc - INFO - Module loaded.
2021-04-18 22:22:39,430 - elsapy.elssearch - INFO - Module loaded.
2021-04-18 22:23:27,567 - elsapy.elsclient - INFO - Sending GET request to https://api.elsevier.com/content/search/sciencedirect?query=Economic+Policy+%2B+Economic+History
2021-04-18 22:23:28,544 - elsapy.utils - INFO - Converting prism:coverDate
