2021-04-25 22:10:42,002 - elsapy.elsclient - INFO - Module loaded.
2021-04-25 22:10:42,004 - elsapy.elsentity - INFO - Module loaded.
2021-04-25 22:10:42,006 - elsapy.utils - INFO - Module loaded.
2021-04-25 22:10:42,006 - elsapy.elsprofile - INFO - Module loaded.
2021-04-25 22:10:42,007 - elsapy.elsdoc - INFO - Module loaded.
2021-04-25 22:10:42,009 - elsapy.elssearch - INFO - Module loaded.
2021-04-25 22:15:23,297 - elsapy.elsclient - INFO - Sending GET request to https://api.elsevier.com/content/search/sciencedirect?query=Economic+Policy+Tourism+and+Hospitality
2021-04-25 22:15:24,321 - elsapy.utils - INFO - Converting prism:coverDate
2021-04-25 22:15:40,221 - elsapy.elsclient - INFO - Module loaded.
2021-04-25 22:15:40,222 - elsapy.elsentity - INFO - Module loaded.
2021-04-25 22:15:40,223 - elsapy.utils - INFO - Module loaded.
2021-04-25 22:15:40,223 - elsapy.elsprofile - INFO - Module loaded.
2021-04-25 22:15:40,223 - elsapy.elsdoc - INFO - Module loaded.
2021-04-25 22:15:40,224 - elsapy.elssearch - INFO - Module loaded.
2021-04-25 22:16:25,100 - elsapy.elsclient - INFO - Module loaded.
2021-04-25 22:16:25,101 - elsapy.elsentity - INFO - Module loaded.
2021-04-25 22:16:25,102 - elsapy.utils - INFO - Module loaded.
2021-04-25 22:16:25,102 - elsapy.elsprofile - INFO - Module loaded.
2021-04-25 22:16:25,103 - elsapy.elsdoc - INFO - Module loaded.
2021-04-25 22:16:25,103 - elsapy.elssearch - INFO - Module loaded.
2021-04-25 22:17:01,300 - elsapy.elsclient - INFO - Sending GET request to https://api.elsevier.com/content/search/sciencedirect?query=Economic+Policy+Tourism+and+Hospitality
2021-04-25 22:17:02,410 - elsapy.utils - INFO - Converting prism:coverDate
2021-04-25 22:17:14,651 - elsapy.elsclient - INFO - Sending GET request to https://api.elsevier.com/content/search/sciencedirect?query=Economic+Policy+Economic+History
2021-04-25 22:17:15,777 - elsapy.utils - INFO - Converting prism:coverDate
2021-04-25 22:25:24,258 - elsapy.elsclient - INFO - Module loaded.
2021-04-25 22:25:24,259 - elsapy.elsentity - INFO - Module loaded.
2021-04-25 22:25:24,260 - elsapy.utils - INFO - Module loaded.
2021-04-25 22:25:24,260 - elsapy.elsprofile - INFO - Module loaded.
2021-04-25 22:25:24,261 - elsapy.elsdoc - INFO - Module loaded.
2021-04-25 22:25:24,262 - elsapy.elssearch - INFO - Module loaded.
2021-04-25 22:25:31,791 - elsapy.elsclient - INFO - Module loaded.
2021-04-25 22:25:31,792 - elsapy.elsentity - INFO - Module loaded.
2021-04-25 22:25:31,793 - elsapy.utils - INFO - Module loaded.
2021-04-25 22:25:31,793 - elsapy.elsprofile - INFO - Module loaded.
2021-04-25 22:25:31,794 - elsapy.elsdoc - INFO - Module loaded.
2021-04-25 22:25:31,794 - elsapy.elssearch - INFO - Module loaded.
2021-04-25 22:25:39,634 - elsapy.elsclient - INFO - Module loaded.
2021-04-25 22:25:39,635 - elsapy.elsentity - INFO - Module loaded.
2021-04-25 22:25:39,635 - elsapy.utils - INFO - Module loaded.
2021-04-25 22:25:39,636 - elsapy.elsprofile - INFO - Module loaded.
2021-04-25 22:25:39,636 - elsapy.elsdoc - INFO - Module loaded.
2021-04-25 22:25:39,637 - elsapy.elssearch - INFO - Module loaded.
2021-04-25 22:26:58,597 - elsapy.elsclient - INFO - Module loaded.
2021-04-25 22:26:58,598 - elsapy.elsentity - INFO - Module loaded.
2021-04-25 22:26:58,599 - elsapy.utils - INFO - Module loaded.
2021-04-25 22:26:58,599 - elsapy.elsprofile - INFO - Module loaded.
2021-04-25 22:26:58,600 - elsapy.elsdoc - INFO - Module loaded.
2021-04-25 22:26:58,601 - elsapy.elssearch - INFO - Module loaded.
2021-04-25 22:27:10,634 - elsapy.elsclient - INFO - Module loaded.
2021-04-25 22:27:10,635 - elsapy.elsentity - INFO - Module loaded.
2021-04-25 22:27:10,636 - elsapy.utils - INFO - Module loaded.
2021-04-25 22:27:10,636 - elsapy.elsprofile - INFO - Module loaded.
2021-04-25 22:27:10,637 - elsapy.elsdoc - INFO - Module loaded.
2021-04-25 22:27:10,638 - elsapy.elssearch - INFO - Module loaded.
2021-04-25 22:27:24,898 - elsapy.elsclient - INFO - Module loaded.
2021-04-25 22:27:24,899 - elsapy.elsentity - INFO - Module loaded.
2021-04-25 22:27:24,900 - elsapy.utils - INFO - Module loaded.
2021-04-25 22:27:24,901 - elsapy.elsprofile - INFO - Module loaded.
2021-04-25 22:27:24,901 - elsapy.elsdoc - INFO - Module loaded.
2021-04-25 22:27:24,902 - elsapy.elssearch - INFO - Module loaded.
2021-04-25 22:27:50,059 - elsapy.elsclient - INFO - Module loaded.
2021-04-25 22:27:50,060 - elsapy.elsentity - INFO - Module loaded.
2021-04-25 22:27:50,061 - elsapy.utils - INFO - Module loaded.
2021-04-25 22:27:50,061 - elsapy.elsprofile - INFO - Module loaded.
2021-04-25 22:27:50,062 - elsapy.elsdoc - INFO - Module loaded.
2021-04-25 22:27:50,063 - elsapy.elssearch - INFO - Module loaded.
2021-04-25 22:27:55,631 - elsapy.elsclient - INFO - Module loaded.
2021-04-25 22:27:55,632 - elsapy.elsentity - INFO - Module loaded.
2021-04-25 22:27:55,633 - elsapy.utils - INFO - Module loaded.
2021-04-25 22:27:55,633 - elsapy.elsprofile - INFO - Module loaded.
2021-04-25 22:27:55,634 - elsapy.elsdoc - INFO - Module loaded.
2021-04-25 22:27:55,634 - elsapy.elssearch - INFO - Module loaded.
2021-04-25 22:28:03,328 - elsapy.elsclient - INFO - Module loaded.
2021-04-25 22:28:03,330 - elsapy.elsentity - INFO - Module loaded.
2021-04-25 22:28:03,330 - elsapy.utils - INFO - Module loaded.
2021-04-25 22:28:03,331 - elsapy.elsprofile - INFO - Module loaded.
2021-04-25 22:28:03,331 - elsapy.elsdoc - INFO - Module loaded.
2021-04-25 22:28:03,332 - elsapy.elssearch - INFO - Module loaded.
2021-04-25 22:28:18,712 - elsapy.elsclient - INFO - Module loaded.
2021-04-25 22:28:18,713 - elsapy.elsentity - INFO - Module loaded.
2021-04-25 22:28:18,713 - elsapy.utils - INFO - Module loaded.
2021-04-25 22:28:18,714 - elsapy.elsprofile - INFO - Module loaded.
2021-04-25 22:28:18,714 - elsapy.elsdoc - INFO - Module loaded.
2021-04-25 22:28:18,715 - elsapy.elssearch - INFO - Module loaded.
2021-04-25 22:28:25,357 - elsapy.elsclient - INFO - Module loaded.
2021-04-25 22:28:25,358 - elsapy.elsentity - INFO - Module loaded.
2021-04-25 22:28:25,358 - elsapy.utils - INFO - Module loaded.
2021-04-25 22:28:25,359 - elsapy.elsprofile - INFO - Module loaded.
2021-04-25 22:28:25,359 - elsapy.elsdoc - INFO - Module loaded.
2021-04-25 22:28:25,360 - elsapy.elssearch - INFO - Module loaded.
2021-04-25 22:28:37,386 - elsapy.elsclient - INFO - Module loaded.
2021-04-25 22:28:37,387 - elsapy.elsentity - INFO - Module loaded.
2021-04-25 22:28:37,387 - elsapy.utils - INFO - Module loaded.
2021-04-25 22:28:37,388 - elsapy.elsprofile - INFO - Module loaded.
2021-04-25 22:28:37,388 - elsapy.elsdoc - INFO - Module loaded.
2021-04-25 22:28:37,389 - elsapy.elssearch - INFO - Module loaded.
2021-04-25 22:28:56,030 - elsapy.elsclient - INFO - Module loaded.
2021-04-25 22:28:56,031 - elsapy.elsentity - INFO - Module loaded.
2021-04-25 22:28:56,032 - elsapy.utils - INFO - Module loaded.
2021-04-25 22:28:56,032 - elsapy.elsprofile - INFO - Module loaded.
2021-04-25 22:28:56,033 - elsapy.elsdoc - INFO - Module loaded.
2021-04-25 22:28:56,034 - elsapy.elssearch - INFO - Module loaded.
2021-04-25 22:30:07,279 - elsapy.elsclient - INFO - Sending GET request to https://api.elsevier.com/content/search/sciencedirect?query=Economic+Policy+Tourism+and+Hospitality
2021-04-25 22:30:08,317 - elsapy.utils - INFO - Converting prism:coverDate
2021-04-25 22:30:18,893 - elsapy.elsclient - INFO - Sending GET request to https://api.elsevier.com/content/search/sciencedirect?query=Economic+Policy+Economic+History
2021-04-25 22:30:19,919 - elsapy.utils - INFO - Converting prism:coverDate
2021-04-25 22:30:31,985 - elsapy.elsclient - INFO - Sending GET request to https://api.elsevier.com/content/search/sciencedirect?query=Economic+Policy+Emergency+Management
2021-04-25 22:30:32,913 - elsapy.utils - INFO - Converting prism:coverDate
2021-04-25 22:30:42,794 - elsapy.elsclient - INFO - Sending GET request to https://api.elsevier.com/content/search/sciencedirect?query=Economic+Policy+Marketing
2021-04-25 22:30:43,644 - elsapy.utils - INFO - Converting prism:coverDate
2021-04-25 22:30:53,753 - elsapy.elsclient - INFO - Sending GET request to https://api.elsevier.com/content/search/sciencedirect?query=Economic+Policy+Finance
2021-04-25 22:30:54,643 - elsapy.utils - INFO - Converting prism:coverDate
2021-04-25 22:31:05,945 - elsapy.elsclient - INFO - Sending GET request to https://api.elsevier.com/content/search/sciencedirect?query=Tourism+and+Hospitality+Economic+History
2021-04-25 22:31:06,841 - elsapy.utils - INFO - Converting prism:coverDate
2021-04-25 22:31:17,667 - elsapy.elsclient - INFO - Sending GET request to https://api.elsevier.com/content/search/sciencedirect?query=Tourism+and+Hospitality+Emergency+Management
2021-04-25 22:31:18,603 - elsapy.utils - INFO - Converting prism:coverDate
2021-04-25 22:31:28,998 - elsapy.elsclient - INFO - Sending GET request to https://api.elsevier.com/content/search/sciencedirect?query=Tourism+and+Hospitality+Marketing
2021-04-25 22:31:30,231 - elsapy.utils - INFO - Converting prism:coverDate
2021-04-25 22:31:40,838 - elsapy.elsclient - INFO - Sending GET request to https://api.elsevier.com/content/search/sciencedirect?query=Tourism+and+Hospitality+Finance
2021-04-25 22:31:41,954 - elsapy.utils - INFO - Converting prism:coverDate
2021-04-25 22:31:51,660 - elsapy.elsclient - INFO - Sending GET request to https://api.elsevier.com/content/search/sciencedirect?query=Economic+History+Emergency+Management
2021-04-25 22:31:52,579 - elsapy.utils - INFO - Converting prism:coverDate
2021-04-25 22:32:02,818 - elsapy.elsclient - INFO - Sending GET request to https://api.elsevier.com/content/search/sciencedirect?query=Economic+History+Marketing
2021-04-25 22:32:03,674 - elsapy.utils - INFO - Converting prism:coverDate
2021-04-25 22:32:14,626 - elsapy.elsclient - INFO - Sending GET request to https://api.elsevier.com/content/search/sciencedirect?query=Economic+History+Finance
2021-04-25 22:32:15,900 - elsapy.utils - INFO - Converting prism:coverDate
2021-04-25 22:32:25,863 - elsapy.elsclient - INFO - Sending GET request to https://api.elsevier.com/content/search/sciencedirect?query=Emergency+Management+Marketing
2021-04-25 22:32:27,053 - elsapy.utils - INFO - Converting prism:coverDate
2021-04-25 22:32:38,082 - elsapy.elsclient - INFO - Sending GET request to https://api.elsevier.com/content/search/sciencedirect?query=Emergency+Management+Finance
2021-04-25 22:32:39,041 - elsapy.utils - INFO - Converting prism:coverDate
2021-04-25 22:32:49,665 - elsapy.elsclient - INFO - Sending GET request to https://api.elsevier.com/content/search/sciencedirect?query=Marketing+Finance
2021-04-25 22:32:50,576 - elsapy.utils - INFO - Converting prism:coverDate
2021-04-25 22:33:24,992 - elsapy.elsclient - INFO - Sending GET request to https://api.elsevier.com/content/search/sciencedirect?query=Economic+History
2021-04-25 22:33:26,067 - elsapy.utils - INFO - Converting prism:coverDate
2021-04-25 22:33:37,600 - elsapy.elsclient - INFO - Sending GET request to https://api.elsevier.com/content/search/sciencedirect?query=Economic+History
2021-04-25 22:33:38,676 - elsapy.utils - INFO - Converting prism:coverDate
2021-04-25 22:36:15,307 - elsapy.elsclient - INFO - Sending GET request to https://api.elsevier.com/content/search/sciencedirect?query=Growth
2021-04-25 22:36:16,304 - elsapy.utils - INFO - Converting prism:coverDate
2021-04-25 22:37:16,317 - elsapy.elsclient - INFO - Module loaded.
2021-04-25 22:37:16,318 - elsapy.elsentity - INFO - Module loaded.
2021-04-25 22:37:16,318 - elsapy.utils - INFO - Module loaded.
2021-04-25 22:37:16,319 - elsapy.elsprofile - INFO - Module loaded.
2021-04-25 22:37:16,319 - elsapy.elsdoc - INFO - Module loaded.
2021-04-25 22:37:16,320 - elsapy.elssearch - INFO - Module loaded.
2021-04-25 22:37:25,130 - elsapy.elsclient - INFO - Module loaded.
2021-04-25 22:37:25,131 - elsapy.elsentity - INFO - Module loaded.
2021-04-25 22:37:25,132 - elsapy.utils - INFO - Module loaded.
2021-04-25 22:37:25,132 - elsapy.elsprofile - INFO - Module loaded.
2021-04-25 22:37:25,133 - elsapy.elsdoc - INFO - Module loaded.
2021-04-25 22:37:25,134 - elsapy.elssearch - INFO - Module loaded.
2021-04-25 22:37:34,289 - elsapy.elsclient - INFO - Sending GET request to https://api.elsevier.com/content/search/sciencedirect?query=Bias
2021-04-25 22:37:36,349 - elsapy.utils - INFO - Converting prism:coverDate
2021-04-25 22:37:45,868 - elsapy.elsclient - INFO - Sending GET request to https://api.elsevier.com/content/search/sciencedirect?query=Bias
2021-04-25 22:37:47,077 - elsapy.utils - INFO - Converting prism:coverDate
2021-04-25 22:38:20,941 - elsapy.elsclient - INFO - Module loaded.
2021-04-25 22:38:20,942 - elsapy.elsentity - INFO - Module loaded.
2021-04-25 22:38:20,943 - elsapy.utils - INFO - Module loaded.
2021-04-25 22:38:20,943 - elsapy.elsprofile - INFO - Module loaded.
2021-04-25 22:38:20,944 - elsapy.elsdoc - INFO - Module loaded.
2021-04-25 22:38:20,944 - elsapy.elssearch - INFO - Module loaded.
2021-04-25 22:38:32,984 - elsapy.elsclient - INFO - Module loaded.
2021-04-25 22:38:32,985 - elsapy.elsentity - INFO - Module loaded.
2021-04-25 22:38:32,986 - elsapy.utils - INFO - Module loaded.
2021-04-25 22:38:32,986 - elsapy.elsprofile - INFO - Module loaded.
2021-04-25 22:38:32,987 - elsapy.elsdoc - INFO - Module loaded.
2021-04-25 22:38:32,987 - elsapy.elssearch - INFO - Module loaded.
2021-04-25 22:38:40,248 - elsapy.elsclient - INFO - Sending GET request to https://api.elsevier.com/content/search/sciencedirect?query=Long
2021-04-25 22:38:41,196 - elsapy.utils - INFO - Converting prism:coverDate
2021-04-25 22:38:50,818 - elsapy.elsclient - INFO - Sending GET request to https://api.elsevier.com/content/search/sciencedirect?query=Long
2021-04-25 22:38:51,795 - elsapy.utils - INFO - Converting prism:coverDate
2021-04-25 22:40:01,977 - elsapy.elsclient - INFO - Sending GET request to https://api.elsevier.com/content/search/sciencedirect?query=Economic+History+%2B+Marketing
2021-04-25 22:40:02,972 - elsapy.utils - INFO - Converting prism:coverDate
2021-04-25 22:40:53,398 - elsapy.elsclient - INFO - Sending GET request to https://api.elsevier.com/content/search/sciencedirect?query=run+test
2021-04-25 22:40:54,425 - elsapy.utils - INFO - Converting prism:coverDate
2021-04-25 22:41:04,255 - elsapy.elsclient - INFO - Sending GET request to https://api.elsevier.com/content/search/sciencedirect?query=run+data
2021-04-25 22:41:05,196 - elsapy.utils - INFO - Converting prism:coverDate
2021-04-25 22:41:16,493 - elsapy.elsclient - INFO - Sending GET request to https://api.elsevier.com/content/search/sciencedirect?query=test+data
2021-04-25 22:41:17,458 - elsapy.utils - INFO - Converting prism:coverDate
2021-04-25 22:45:17,930 - elsapy.elsclient - INFO - Module loaded.
2021-04-25 22:45:17,931 - elsapy.elsentity - INFO - Module loaded.
2021-04-25 22:45:17,932 - elsapy.utils - INFO - Module loaded.
2021-04-25 22:45:17,932 - elsapy.elsprofile - INFO - Module loaded.
2021-04-25 22:45:17,933 - elsapy.elsdoc - INFO - Module loaded.
2021-04-25 22:45:17,933 - elsapy.elssearch - INFO - Module loaded.
2021-04-25 22:47:10,655 - elsapy.elsclient - INFO - Sending GET request to https://api.elsevier.com/content/search/sciencedirect?query=test+%2B+data
2021-04-25 22:47:11,538 - elsapy.elsclient - INFO - Sending GET request to https://api.elsevier.com/content/search/sciencedirect?query=test
2021-04-25 22:47:12,439 - elsapy.utils - INFO - Converting prism:coverDate
2021-04-25 22:47:12,486 - elsapy.utils - INFO - Converting prism:coverDate
2021-04-25 22:47:24,000 - elsapy.elsclient - INFO - Sending GET request to https://api.elsevier.com/content/search/sciencedirect?query=test
2021-04-25 22:47:24,882 - elsapy.utils - INFO - Converting prism:coverDate
2021-04-25 22:47:44,313 - elsapy.elsclient - INFO - Sending GET request to https://api.elsevier.com/content/search/sciencedirect?query=Model
2021-04-25 22:47:45,503 - elsapy.utils - INFO - Converting prism:coverDate
2021-04-25 22:47:55,420 - elsapy.elsclient - INFO - Sending GET request to https://api.elsevier.com/content/search/sciencedirect?query=Model
2021-04-25 22:47:56,399 - elsapy.utils - INFO - Converting prism:coverDate
2021-04-25 22:48:56,430 - elsapy.elsclient - INFO - Module loaded.
2021-04-25 22:48:56,431 - elsapy.elsentity - INFO - Module loaded.
2021-04-25 22:48:56,431 - elsapy.utils - INFO - Module loaded.
2021-04-25 22:48:56,432 - elsapy.elsprofile - INFO - Module loaded.
2021-04-25 22:48:56,432 - elsapy.elsdoc - INFO - Module loaded.
2021-04-25 22:48:56,433 - elsapy.elssearch - INFO - Module loaded.
2021-04-25 22:49:51,697 - elsapy.elsclient - INFO - Sending GET request to https://api.elsevier.com/content/search/sciencedirect?query=Accounting+and+Taxation+Business%2C+Economics+and+Management
2021-04-25 22:49:52,949 - elsapy.utils - INFO - Converting prism:coverDate
2021-04-25 22:50:11,911 - elsapy.elsclient - INFO - Sending GET request to https://api.elsevier.com/content/search/sciencedirect?query=Accounting+and+Taxation+Development+Economics
2021-04-25 22:50:13,510 - elsapy.utils - INFO - Converting prism:coverDate
2021-04-25 22:50:23,642 - elsapy.elsclient - INFO - Sending GET request to https://api.elsevier.com/content/search/sciencedirect?query=Accounting+and+Taxation+Economic+History
2021-04-25 22:50:24,542 - elsapy.utils - INFO - Converting prism:coverDate
2021-04-25 22:50:36,293 - elsapy.elsclient - INFO - Sending GET request to https://api.elsevier.com/content/search/sciencedirect?query=Accounting+and+Taxation+Economic+Policy
2021-04-25 22:50:37,526 - elsapy.utils - INFO - Converting prism:coverDate
2021-04-25 22:50:50,947 - elsapy.elsclient - INFO - Sending GET request to https://api.elsevier.com/content/search/sciencedirect?query=Accounting+and+Taxation+Economics
2021-04-25 22:50:51,912 - elsapy.utils - INFO - Converting prism:coverDate
2021-04-25 22:51:02,919 - elsapy.elsclient - INFO - Sending GET request to https://api.elsevier.com/content/search/sciencedirect?query=Accounting+and+Taxation+Educational+Administration
2021-04-25 22:51:04,136 - elsapy.utils - INFO - Converting prism:coverDate
2021-04-25 22:51:12,980 - elsapy.elsclient - INFO - Sending GET request to https://api.elsevier.com/content/search/sciencedirect?query=Accounting+and+Taxation+Emergency+Management
2021-04-25 22:51:13,851 - elsapy.utils - INFO - Converting prism:coverDate
2021-04-25 22:51:25,199 - elsapy.elsclient - INFO - Sending GET request to https://api.elsevier.com/content/search/sciencedirect?query=Accounting+and+Taxation+Entrepreneurship+and+Innovation
2021-04-25 22:51:26,099 - elsapy.utils - INFO - Converting prism:coverDate
2021-04-25 22:51:35,647 - elsapy.elsclient - INFO - Sending GET request to https://api.elsevier.com/content/search/sciencedirect?query=Accounting+and+Taxation+Finance
2021-04-25 22:51:36,561 - elsapy.utils - INFO - Converting prism:coverDate
2021-04-25 22:51:46,903 - elsapy.elsclient - INFO - Sending GET request to https://api.elsevier.com/content/search/sciencedirect?query=Accounting+and+Taxation+Game+Theory+and+Decision+Science
2021-04-25 22:51:47,723 - elsapy.utils - INFO - Converting prism:coverDate
2021-04-25 22:51:58,741 - elsapy.elsclient - INFO - Sending GET request to https://api.elsevier.com/content/search/sciencedirect?query=Accounting+and+Taxation+Human+Resources+and+Organizations
2021-04-25 22:51:59,679 - elsapy.utils - INFO - Converting prism:coverDate
2021-04-25 22:52:11,649 - elsapy.elsclient - INFO - Sending GET request to https://api.elsevier.com/content/search/sciencedirect?query=Accounting+and+Taxation+International+Business
2021-04-25 22:52:13,178 - elsapy.utils - INFO - Converting prism:coverDate
2021-04-25 22:52:21,910 - elsapy.elsclient - INFO - Sending GET request to https://api.elsevier.com/content/search/sciencedirect?query=Accounting+and+Taxation+Marketing
2021-04-25 22:52:22,815 - elsapy.utils - INFO - Converting prism:coverDate
2021-04-25 22:52:32,278 - elsapy.elsclient - INFO - Sending GET request to https://api.elsevier.com/content/search/sciencedirect?query=Accounting+and+Taxation+Strategic+Management
2021-04-25 22:52:33,210 - elsapy.utils - INFO - Converting prism:coverDate
2021-04-25 22:52:47,675 - elsapy.elsclient - INFO - Sending GET request to https://api.elsevier.com/content/search/sciencedirect?query=Accounting+and+Taxation+Tourism+and+Hospitality
2021-04-25 22:52:48,473 - elsapy.utils - INFO - Converting prism:coverDate
2021-04-25 22:53:54,406 - elsapy.elsclient - INFO - Sending GET request to https://api.elsevier.com/content/search/sciencedirect?query=Accounting+and+Taxation+%2B+Marketing
2021-04-25 22:53:55,361 - elsapy.utils - INFO - Converting prism:coverDate
2021-04-25 22:56:20,602 - elsapy.elsclient - INFO - Sending GET request to https://api.elsevier.com/content/search/sciencedirect?query=Marketing
2021-04-25 22:56:21,482 - elsapy.utils - INFO - Converting prism:coverDate
2021-04-25 22:56:34,420 - elsapy.elsclient - INFO - Sending GET request to https://api.elsevier.com/content/search/sciencedirect?query=Marketing
2021-04-25 22:56:35,308 - elsapy.utils - INFO - Converting prism:coverDate
2021-04-25 23:07:31,082 - elsapy.elsclient - INFO - Sending GET request to https://api.elsevier.com/content/search/sciencedirect?query=data+%2B+test
2021-04-25 23:07:33,207 - elsapy.elsclient - INFO - Sending GET request to https://api.elsevier.com/content/search/sciencedirect?query=test
2021-04-25 23:07:33,315 - elsapy.utils - INFO - Converting prism:coverDate
2021-04-25 23:07:34,206 - elsapy.utils - INFO - Converting prism:coverDate
2021-04-25 23:07:47,729 - elsapy.elsclient - INFO - Sending GET request to https://api.elsevier.com/content/search/sciencedirect?query=test
2021-04-25 23:07:48,637 - elsapy.utils - INFO - Converting prism:coverDate
2021-04-25 23:08:49,622 - elsapy.elsclient - INFO - Module loaded.
2021-04-25 23:08:49,623 - elsapy.elsentity - INFO - Module loaded.
2021-04-25 23:08:49,623 - elsapy.utils - INFO - Module loaded.
2021-04-25 23:08:49,624 - elsapy.elsprofile - INFO - Module loaded.
2021-04-25 23:08:49,625 - elsapy.elsdoc - INFO - Module loaded.
2021-04-25 23:08:49,625 - elsapy.elssearch - INFO - Module loaded.
2021-04-25 23:09:01,671 - elsapy.elsclient - INFO - Module loaded.
2021-04-25 23:09:01,672 - elsapy.elsentity - INFO - Module loaded.
2021-04-25 23:09:01,673 - elsapy.utils - INFO - Module loaded.
2021-04-25 23:09:01,673 - elsapy.elsprofile - INFO - Module loaded.
2021-04-25 23:09:01,674 - elsapy.elsdoc - INFO - Module loaded.
2021-04-25 23:09:01,675 - elsapy.elssearch - INFO - Module loaded.
2021-04-25 23:09:06,142 - elsapy.elsclient - INFO - Module loaded.
2021-04-25 23:09:06,143 - elsapy.elsentity - INFO - Module loaded.
2021-04-25 23:09:06,143 - elsapy.utils - INFO - Module loaded.
2021-04-25 23:09:06,144 - elsapy.elsprofile - INFO - Module loaded.
2021-04-25 23:09:06,144 - elsapy.elsdoc - INFO - Module loaded.
2021-04-25 23:09:06,145 - elsapy.elssearch - INFO - Module loaded.
2021-04-25 23:09:10,541 - elsapy.elsclient - INFO - Module loaded.
2021-04-25 23:09:10,542 - elsapy.elsentity - INFO - Module loaded.
2021-04-25 23:09:10,542 - elsapy.utils - INFO - Module loaded.
2021-04-25 23:09:10,543 - elsapy.elsprofile - INFO - Module loaded.
2021-04-25 23:09:10,543 - elsapy.elsdoc - INFO - Module loaded.
2021-04-25 23:09:10,544 - elsapy.elssearch - INFO - Module loaded.
2021-04-25 23:09:18,211 - elsapy.elsclient - INFO - Module loaded.
2021-04-25 23:09:18,212 - elsapy.elsentity - INFO - Module loaded.
2021-04-25 23:09:18,213 - elsapy.utils - INFO - Module loaded.
2021-04-25 23:09:18,213 - elsapy.elsprofile - INFO - Module loaded.
2021-04-25 23:09:18,214 - elsapy.elsdoc - INFO - Module loaded.
2021-04-25 23:09:18,214 - elsapy.elssearch - INFO - Module loaded.
2021-04-25 23:09:22,605 - elsapy.elsclient - INFO - Module loaded.
2021-04-25 23:09:22,606 - elsapy.elsentity - INFO - Module loaded.
2021-04-25 23:09:22,606 - elsapy.utils - INFO - Module loaded.
2021-04-25 23:09:22,607 - elsapy.elsprofile - INFO - Module loaded.
2021-04-25 23:09:22,607 - elsapy.elsdoc - INFO - Module loaded.
2021-04-25 23:09:22,608 - elsapy.elssearch - INFO - Module loaded.
2021-04-25 23:09:31,418 - elsapy.elsclient - INFO - Module loaded.
2021-04-25 23:09:31,419 - elsapy.elsentity - INFO - Module loaded.
2021-04-25 23:09:31,419 - elsapy.utils - INFO - Module loaded.
2021-04-25 23:09:31,420 - elsapy.elsprofile - INFO - Module loaded.
2021-04-25 23:09:31,420 - elsapy.elsdoc - INFO - Module loaded.
2021-04-25 23:09:31,421 - elsapy.elssearch - INFO - Module loaded.
2021-04-25 23:09:40,213 - elsapy.elsclient - INFO - Module loaded.
2021-04-25 23:09:40,214 - elsapy.elsentity - INFO - Module loaded.
2021-04-25 23:09:40,214 - elsapy.utils - INFO - Module loaded.
2021-04-25 23:09:40,215 - elsapy.elsprofile - INFO - Module loaded.
2021-04-25 23:09:40,215 - elsapy.elsdoc - INFO - Module loaded.
2021-04-25 23:09:40,216 - elsapy.elssearch - INFO - Module loaded.
2021-04-25 23:09:44,597 - elsapy.elsclient - INFO - Module loaded.
2021-04-25 23:09:44,598 - elsapy.elsentity - INFO - Module loaded.
2021-04-25 23:09:44,599 - elsapy.utils - INFO - Module loaded.
2021-04-25 23:09:44,599 - elsapy.elsprofile - INFO - Module loaded.
2021-04-25 23:09:44,600 - elsapy.elsdoc - INFO - Module loaded.
2021-04-25 23:09:44,600 - elsapy.elssearch - INFO - Module loaded.
2021-04-25 23:09:50,106 - elsapy.elsclient - INFO - Module loaded.
2021-04-25 23:09:50,107 - elsapy.elsentity - INFO - Module loaded.
2021-04-25 23:09:50,108 - elsapy.utils - INFO - Module loaded.
2021-04-25 23:09:50,108 - elsapy.elsprofile - INFO - Module loaded.
2021-04-25 23:09:50,109 - elsapy.elsdoc - INFO - Module loaded.
2021-04-25 23:09:50,109 - elsapy.elssearch - INFO - Module loaded.
2021-04-25 23:14:43,267 - elsapy.elsclient - INFO - Sending GET request to https://api.elsevier.com/content/search/sciencedirect?query=Economic+Policy+Tourism+and+Hospitality
2021-04-25 23:14:44,280 - elsapy.utils - INFO - Converting prism:coverDate
2021-04-25 23:14:54,823 - elsapy.elsclient - INFO - Sending GET request to https://api.elsevier.com/content/search/sciencedirect?query=Economic+Policy+Economic+History
2021-04-25 23:14:56,407 - elsapy.utils - INFO - Converting prism:coverDate
2021-04-25 23:15:06,722 - elsapy.elsclient - INFO - Sending GET request to https://api.elsevier.com/content/search/sciencedirect?query=Economic+Policy+Emergency+Management
2021-04-25 23:15:07,678 - elsapy.utils - INFO - Converting prism:coverDate
2021-04-25 23:15:16,850 - elsapy.elsclient - INFO - Sending GET request to https://api.elsevier.com/content/search/sciencedirect?query=Economic+Policy+Marketing
2021-04-25 23:15:17,713 - elsapy.utils - INFO - Converting prism:coverDate
2021-04-25 23:15:28,866 - elsapy.elsclient - INFO - Sending GET request to https://api.elsevier.com/content/search/sciencedirect?query=Economic+Policy+Finance
2021-04-25 23:15:29,758 - elsapy.utils - INFO - Converting prism:coverDate
2021-04-25 23:15:41,080 - elsapy.elsclient - INFO - Sending GET request to https://api.elsevier.com/content/search/sciencedirect?query=Tourism+and+Hospitality+Economic+History
2021-04-25 23:15:41,985 - elsapy.utils - INFO - Converting prism:coverDate
2021-04-25 23:15:52,615 - elsapy.elsclient - INFO - Sending GET request to https://api.elsevier.com/content/search/sciencedirect?query=Tourism+and+Hospitality+Emergency+Management
2021-04-25 23:15:53,527 - elsapy.utils - INFO - Converting prism:coverDate
2021-04-25 23:16:03,712 - elsapy.elsclient - INFO - Sending GET request to https://api.elsevier.com/content/search/sciencedirect?query=Tourism+and+Hospitality+Marketing
2021-04-25 23:16:04,615 - elsapy.utils - INFO - Converting prism:coverDate
2021-04-25 23:16:14,078 - elsapy.elsclient - INFO - Sending GET request to https://api.elsevier.com/content/search/sciencedirect?query=Tourism+and+Hospitality+Finance
2021-04-25 23:16:16,705 - elsapy.utils - INFO - Converting prism:coverDate
2021-04-25 23:16:26,834 - elsapy.elsclient - INFO - Sending GET request to https://api.elsevier.com/content/search/sciencedirect?query=Economic+History+Emergency+Management
2021-04-25 23:16:27,882 - elsapy.utils - INFO - Converting prism:coverDate
2021-04-25 23:16:37,839 - elsapy.elsclient - INFO - Sending GET request to https://api.elsevier.com/content/search/sciencedirect?query=Economic+History+Marketing
2021-04-25 23:16:39,619 - elsapy.utils - INFO - Converting prism:coverDate
2021-04-25 23:16:50,251 - elsapy.elsclient - INFO - Sending GET request to https://api.elsevier.com/content/search/sciencedirect?query=Economic+History+Finance
2021-04-25 23:16:51,084 - elsapy.utils - INFO - Converting prism:coverDate
2021-04-25 23:17:01,719 - elsapy.elsclient - INFO - Sending GET request to https://api.elsevier.com/content/search/sciencedirect?query=Emergency+Management+Marketing
2021-04-25 23:17:02,667 - elsapy.utils - INFO - Converting prism:coverDate
2021-04-25 23:17:13,834 - elsapy.elsclient - INFO - Sending GET request to https://api.elsevier.com/content/search/sciencedirect?query=Emergency+Management+Finance
2021-04-25 23:17:14,701 - elsapy.utils - INFO - Converting prism:coverDate
2021-04-25 23:17:24,585 - elsapy.elsclient - INFO - Sending GET request to https://api.elsevier.com/content/search/sciencedirect?query=Marketing+Finance
2021-04-25 23:17:26,111 - elsapy.utils - INFO - Converting prism:coverDate
2021-04-25 23:18:42,222 - elsapy.elsclient - INFO - Sending GET request to https://api.elsevier.com/content/search/sciencedirect?query=Inorganic+Chemistry+Materials+Engineering
2021-04-25 23:18:43,226 - elsapy.utils - INFO - Converting prism:coverDate
2021-04-25 23:18:53,014 - elsapy.elsclient - INFO - Sending GET request to https://api.elsevier.com/content/search/sciencedirect?query=Inorganic+Chemistry+Analytical+Chemistry
2021-04-25 23:18:53,990 - elsapy.utils - INFO - Converting prism:coverDate
2021-04-25 23:19:04,238 - elsapy.elsclient - INFO - Sending GET request to https://api.elsevier.com/content/search/sciencedirect?query=Inorganic+Chemistry+Nanotechnology
2021-04-25 23:19:05,116 - elsapy.utils - INFO - Converting prism:coverDate
2021-04-25 23:19:15,697 - elsapy.elsclient - INFO - Sending GET request to https://api.elsevier.com/content/search/sciencedirect?query=Inorganic+Chemistry+Biochemistry
2021-04-25 23:19:16,593 - elsapy.utils - INFO - Converting prism:coverDate
2021-04-25 23:19:25,642 - elsapy.elsclient - INFO - Sending GET request to https://api.elsevier.com/content/search/sciencedirect?query=Inorganic+Chemistry+Organic+Chemistry
2021-04-25 23:19:26,612 - elsapy.utils - INFO - Converting prism:coverDate
2021-04-25 23:19:35,771 - elsapy.elsclient - INFO - Sending GET request to https://api.elsevier.com/content/search/sciencedirect?query=Materials+Engineering+Analytical+Chemistry
2021-04-25 23:19:37,427 - elsapy.utils - INFO - Converting prism:coverDate
2021-04-25 23:19:47,392 - elsapy.elsclient - INFO - Sending GET request to https://api.elsevier.com/content/search/sciencedirect?query=Materials+Engineering+Nanotechnology
2021-04-25 23:19:48,321 - elsapy.utils - INFO - Converting prism:coverDate
2021-04-25 23:19:59,577 - elsapy.elsclient - INFO - Sending GET request to https://api.elsevier.com/content/search/sciencedirect?query=Materials+Engineering+Biochemistry
2021-04-25 23:20:01,698 - elsapy.utils - INFO - Converting prism:coverDate
2021-04-25 23:20:12,353 - elsapy.elsclient - INFO - Sending GET request to https://api.elsevier.com/content/search/sciencedirect?query=Materials+Engineering+Organic+Chemistry
2021-04-25 23:20:13,305 - elsapy.utils - INFO - Converting prism:coverDate
2021-04-25 23:20:22,557 - elsapy.elsclient - INFO - Sending GET request to https://api.elsevier.com/content/search/sciencedirect?query=Analytical+Chemistry+Nanotechnology
2021-04-25 23:20:23,481 - elsapy.utils - INFO - Converting prism:coverDate
2021-04-25 23:20:32,876 - elsapy.elsclient - INFO - Sending GET request to https://api.elsevier.com/content/search/sciencedirect?query=Analytical+Chemistry+Biochemistry
2021-04-25 23:20:34,166 - elsapy.utils - INFO - Converting prism:coverDate
2021-04-25 23:20:43,817 - elsapy.elsclient - INFO - Sending GET request to https://api.elsevier.com/content/search/sciencedirect?query=Analytical+Chemistry+Organic+Chemistry
2021-04-25 23:20:45,053 - elsapy.utils - INFO - Converting prism:coverDate
2021-04-25 23:20:54,787 - elsapy.elsclient - INFO - Sending GET request to https://api.elsevier.com/content/search/sciencedirect?query=Nanotechnology+Biochemistry
2021-04-25 23:20:55,695 - elsapy.utils - INFO - Converting prism:coverDate
2021-04-25 23:21:05,093 - elsapy.elsclient - INFO - Sending GET request to https://api.elsevier.com/content/search/sciencedirect?query=Nanotechnology+Organic+Chemistry
2021-04-25 23:21:06,022 - elsapy.utils - INFO - Converting prism:coverDate
2021-04-25 23:21:14,853 - elsapy.elsclient - INFO - Sending GET request to https://api.elsevier.com/content/search/sciencedirect?query=Biochemistry+Organic+Chemistry
2021-04-25 23:21:15,771 - elsapy.utils - INFO - Converting prism:coverDate
2021-04-25 23:23:08,247 - elsapy.elsclient - INFO - Sending GET request to https://api.elsevier.com/content/search/sciencedirect?query=Biotechnology+Robotics
2021-04-25 23:23:09,908 - elsapy.utils - INFO - Converting prism:coverDate
2021-04-25 23:23:20,756 - elsapy.elsclient - INFO - Sending GET request to https://api.elsevier.com/content/search/sciencedirect?query=Biotechnology+Transportation
2021-04-25 23:23:21,591 - elsapy.utils - INFO - Converting prism:coverDate
2021-04-25 23:23:31,230 - elsapy.elsclient - INFO - Sending GET request to https://api.elsevier.com/content/search/sciencedirect?query=Biotechnology+Mechanical+Engineering
2021-04-25 23:23:32,080 - elsapy.utils - INFO - Converting prism:coverDate
2021-04-25 23:23:41,122 - elsapy.elsclient - INFO - Sending GET request to https://api.elsevier.com/content/search/sciencedirect?query=Biotechnology+Architecture
2021-04-25 23:23:42,105 - elsapy.utils - INFO - Converting prism:coverDate
2021-04-25 23:23:51,813 - elsapy.elsclient - INFO - Sending GET request to https://api.elsevier.com/content/search/sciencedirect?query=Biotechnology+Multimedia
2021-04-25 23:23:52,663 - elsapy.utils - INFO - Converting prism:coverDate
2021-04-25 23:24:02,853 - elsapy.elsclient - INFO - Sending GET request to https://api.elsevier.com/content/search/sciencedirect?query=Robotics+Transportation
2021-04-25 23:24:03,757 - elsapy.utils - INFO - Converting prism:coverDate
2021-04-25 23:24:12,799 - elsapy.elsclient - INFO - Sending GET request to https://api.elsevier.com/content/search/sciencedirect?query=Robotics+Mechanical+Engineering
2021-04-25 23:24:13,747 - elsapy.utils - INFO - Converting prism:coverDate
2021-04-25 23:24:22,610 - elsapy.elsclient - INFO - Sending GET request to https://api.elsevier.com/content/search/sciencedirect?query=Robotics+Architecture
2021-04-25 23:24:23,502 - elsapy.utils - INFO - Converting prism:coverDate
2021-04-25 23:24:33,945 - elsapy.elsclient - INFO - Sending GET request to https://api.elsevier.com/content/search/sciencedirect?query=Robotics+Multimedia
2021-04-25 23:24:34,787 - elsapy.utils - INFO - Converting prism:coverDate
2021-04-25 23:24:43,820 - elsapy.elsclient - INFO - Sending GET request to https://api.elsevier.com/content/search/sciencedirect?query=Transportation+Mechanical+Engineering
2021-04-25 23:24:44,675 - elsapy.utils - INFO - Converting prism:coverDate
2021-04-25 23:24:53,968 - elsapy.elsclient - INFO - Sending GET request to https://api.elsevier.com/content/search/sciencedirect?query=Transportation+Architecture
2021-04-25 23:24:54,832 - elsapy.utils - INFO - Converting prism:coverDate
2021-04-25 23:25:05,632 - elsapy.elsclient - INFO - Sending GET request to https://api.elsevier.com/content/search/sciencedirect?query=Transportation+Multimedia
2021-04-25 23:25:06,486 - elsapy.utils - INFO - Converting prism:coverDate
2021-04-25 23:25:15,376 - elsapy.elsclient - INFO - Sending GET request to https://api.elsevier.com/content/search/sciencedirect?query=Mechanical+Engineering+Architecture
2021-04-25 23:25:16,326 - elsapy.utils - INFO - Converting prism:coverDate
2021-04-25 23:25:26,076 - elsapy.elsclient - INFO - Sending GET request to https://api.elsevier.com/content/search/sciencedirect?query=Mechanical+Engineering+Multimedia
2021-04-25 23:25:26,964 - elsapy.utils - INFO - Converting prism:coverDate
2021-04-25 23:25:36,054 - elsapy.elsclient - INFO - Sending GET request to https://api.elsevier.com/content/search/sciencedirect?query=Architecture+Multimedia
2021-04-25 23:25:36,879 - elsapy.utils - INFO - Converting prism:coverDate
2021-04-25 23:26:17,489 - elsapy.elsclient - INFO - Module loaded.
2021-04-25 23:26:17,491 - elsapy.elsentity - INFO - Module loaded.
2021-04-25 23:26:17,491 - elsapy.utils - INFO - Module loaded.
2021-04-25 23:26:17,492 - elsapy.elsprofile - INFO - Module loaded.
2021-04-25 23:26:17,493 - elsapy.elsdoc - INFO - Module loaded.
2021-04-25 23:26:17,494 - elsapy.elssearch - INFO - Module loaded.
2021-04-25 23:26:40,713 - elsapy.elsclient - INFO - Module loaded.
2021-04-25 23:26:40,714 - elsapy.elsentity - INFO - Module loaded.
2021-04-25 23:26:40,715 - elsapy.utils - INFO - Module loaded.
2021-04-25 23:26:40,715 - elsapy.elsprofile - INFO - Module loaded.
2021-04-25 23:26:40,716 - elsapy.elsdoc - INFO - Module loaded.
2021-04-25 23:26:40,716 - elsapy.elssearch - INFO - Module loaded.
2021-04-25 23:28:59,215 - elsapy.elsclient - INFO - Sending GET request to https://api.elsevier.com/content/search/sciencedirect?query=Veterinary+Medicine+Immunology
2021-04-25 23:29:00,114 - elsapy.utils - INFO - Converting prism:coverDate
2021-04-25 23:29:10,673 - elsapy.elsclient - INFO - Sending GET request to https://api.elsevier.com/content/search/sciencedirect?query=Veterinary+Medicine+Nursing
2021-04-25 23:29:11,547 - elsapy.utils - INFO - Converting prism:coverDate
2021-04-25 23:29:21,736 - elsapy.elsclient - INFO - Sending GET request to https://api.elsevier.com/content/search/sciencedirect?query=Veterinary+Medicine+Addiction
2021-04-25 23:29:22,823 - elsapy.utils - INFO - Converting prism:coverDate
2021-04-25 23:29:32,720 - elsapy.elsclient - INFO - Sending GET request to https://api.elsevier.com/content/search/sciencedirect?query=Veterinary+Medicine+Diabetes
2021-04-25 23:29:33,527 - elsapy.utils - INFO - Converting prism:coverDate
2021-04-25 23:29:43,727 - elsapy.elsclient - INFO - Sending GET request to https://api.elsevier.com/content/search/sciencedirect?query=Veterinary+Medicine+Surgery
2021-04-25 23:29:44,650 - elsapy.utils - INFO - Converting prism:coverDate
2021-04-25 23:29:54,049 - elsapy.elsclient - INFO - Sending GET request to https://api.elsevier.com/content/search/sciencedirect?query=Immunology+Nursing
2021-04-25 23:29:55,315 - elsapy.utils - INFO - Converting prism:coverDate
2021-04-25 23:30:05,915 - elsapy.elsclient - INFO - Sending GET request to https://api.elsevier.com/content/search/sciencedirect?query=Immunology+Addiction
2021-04-25 23:30:06,756 - elsapy.utils - INFO - Converting prism:coverDate
2021-04-25 23:30:15,603 - elsapy.elsclient - INFO - Sending GET request to https://api.elsevier.com/content/search/sciencedirect?query=Immunology+Diabetes
2021-04-25 23:30:16,727 - elsapy.utils - INFO - Converting prism:coverDate
2021-04-25 23:30:26,006 - elsapy.elsclient - INFO - Sending GET request to https://api.elsevier.com/content/search/sciencedirect?query=Immunology+Surgery
2021-04-25 23:30:26,870 - elsapy.utils - INFO - Converting prism:coverDate
2021-04-25 23:30:36,052 - elsapy.elsclient - INFO - Sending GET request to https://api.elsevier.com/content/search/sciencedirect?query=Nursing+Addiction
2021-04-25 23:30:36,918 - elsapy.utils - INFO - Converting prism:coverDate
2021-04-25 23:30:47,701 - elsapy.elsclient - INFO - Sending GET request to https://api.elsevier.com/content/search/sciencedirect?query=Nursing+Diabetes
2021-04-25 23:30:48,633 - elsapy.utils - INFO - Converting prism:coverDate
2021-04-25 23:30:58,907 - elsapy.elsclient - INFO - Sending GET request to https://api.elsevier.com/content/search/sciencedirect?query=Nursing+Surgery
2021-04-25 23:31:00,319 - elsapy.utils - INFO - Converting prism:coverDate
2021-04-25 23:31:10,204 - elsapy.elsclient - INFO - Sending GET request to https://api.elsevier.com/content/search/sciencedirect?query=Addiction+Diabetes
2021-04-25 23:31:11,080 - elsapy.utils - INFO - Converting prism:coverDate
2021-04-25 23:31:20,907 - elsapy.elsclient - INFO - Sending GET request to https://api.elsevier.com/content/search/sciencedirect?query=Addiction+Surgery
2021-04-25 23:31:21,978 - elsapy.utils - INFO - Converting prism:coverDate
2021-04-25 23:31:30,997 - elsapy.elsclient - INFO - Sending GET request to https://api.elsevier.com/content/search/sciencedirect?query=Diabetes+Surgery
2021-04-25 23:31:31,871 - elsapy.utils - INFO - Converting prism:coverDate
2021-04-25 23:33:07,204 - elsapy.elsclient - INFO - Sending GET request to https://api.elsevier.com/content/search/sciencedirect?query=Foreign+Language+Learning+Gender+Studies
2021-04-25 23:33:08,193 - elsapy.utils - INFO - Converting prism:coverDate
2021-04-25 23:33:18,833 - elsapy.elsclient - INFO - Sending GET request to https://api.elsevier.com/content/search/sciencedirect?query=Foreign+Language+Learning+Communication
2021-04-25 23:33:19,706 - elsapy.utils - INFO - Converting prism:coverDate
2021-04-25 23:33:28,858 - elsapy.elsclient - INFO - Sending GET request to https://api.elsevier.com/content/search/sciencedirect?query=Foreign+Language+Learning+Philosophy
2021-04-25 23:33:29,758 - elsapy.utils - INFO - Converting prism:coverDate
2021-04-25 23:33:38,797 - elsapy.elsclient - INFO - Sending GET request to https://api.elsevier.com/content/search/sciencedirect?query=Foreign+Language+Learning+Religion
2021-04-25 23:33:40,442 - elsapy.utils - INFO - Converting prism:coverDate
2021-04-25 23:33:50,738 - elsapy.elsclient - INFO - Sending GET request to https://api.elsevier.com/content/search/sciencedirect?query=Foreign+Language+Learning+History
2021-04-25 23:33:51,567 - elsapy.utils - INFO - Converting prism:coverDate
2021-04-25 23:34:02,864 - elsapy.elsclient - INFO - Sending GET request to https://api.elsevier.com/content/search/sciencedirect?query=Gender+Studies+Communication
2021-04-25 23:34:03,913 - elsapy.utils - INFO - Converting prism:coverDate
2021-04-25 23:34:14,430 - elsapy.elsclient - INFO - Sending GET request to https://api.elsevier.com/content/search/sciencedirect?query=Gender+Studies+Philosophy
2021-04-25 23:34:15,750 - elsapy.utils - INFO - Converting prism:coverDate
2021-04-25 23:34:24,975 - elsapy.elsclient - INFO - Sending GET request to https://api.elsevier.com/content/search/sciencedirect?query=Gender+Studies+Religion
2021-04-25 23:34:25,903 - elsapy.utils - INFO - Converting prism:coverDate
2021-04-25 23:34:34,750 - elsapy.elsclient - INFO - Sending GET request to https://api.elsevier.com/content/search/sciencedirect?query=Gender+Studies+History
2021-04-25 23:34:35,689 - elsapy.utils - INFO - Converting prism:coverDate
2021-04-25 23:34:45,779 - elsapy.elsclient - INFO - Sending GET request to https://api.elsevier.com/content/search/sciencedirect?query=Communication+Philosophy
2021-04-25 23:34:46,619 - elsapy.utils - INFO - Converting prism:coverDate
2021-04-25 23:34:56,541 - elsapy.elsclient - INFO - Sending GET request to https://api.elsevier.com/content/search/sciencedirect?query=Communication+Religion
2021-04-25 23:34:57,355 - elsapy.utils - INFO - Converting prism:coverDate
2021-04-25 23:35:06,646 - elsapy.elsclient - INFO - Sending GET request to https://api.elsevier.com/content/search/sciencedirect?query=Communication+History
2021-04-25 23:35:07,623 - elsapy.utils - INFO - Converting prism:coverDate
2021-04-25 23:35:17,483 - elsapy.elsclient - INFO - Sending GET request to https://api.elsevier.com/content/search/sciencedirect?query=Philosophy+Religion
2021-04-25 23:35:18,448 - elsapy.utils - INFO - Converting prism:coverDate
2021-04-25 23:35:27,900 - elsapy.elsclient - INFO - Sending GET request to https://api.elsevier.com/content/search/sciencedirect?query=Philosophy+History
2021-04-25 23:35:28,699 - elsapy.utils - INFO - Converting prism:coverDate
2021-04-25 23:35:37,516 - elsapy.elsclient - INFO - Sending GET request to https://api.elsevier.com/content/search/sciencedirect?query=Religion+History
2021-04-25 23:35:38,458 - elsapy.utils - INFO - Converting prism:coverDate
2021-04-25 23:41:22,233 - elsapy.elsclient - INFO - Sending GET request to https://api.elsevier.com/content/search/sciencedirect?query=Virology+Paleontology
2021-04-25 23:41:23,388 - elsapy.utils - INFO - Converting prism:coverDate
2021-04-25 23:41:34,098 - elsapy.elsclient - INFO - Sending GET request to https://api.elsevier.com/content/search/sciencedirect?query=Virology+Ecology
2021-04-25 23:41:35,475 - elsapy.utils - INFO - Converting prism:coverDate
2021-04-25 23:41:45,030 - elsapy.elsclient - INFO - Sending GET request to https://api.elsevier.com/content/search/sciencedirect?query=Virology+Cell+Biology
2021-04-25 23:41:46,360 - elsapy.utils - INFO - Converting prism:coverDate
2021-04-25 23:41:56,665 - elsapy.elsclient - INFO - Sending GET request to https://api.elsevier.com/content/search/sciencedirect?query=Virology+Geology
2021-04-25 23:41:57,510 - elsapy.utils - INFO - Converting prism:coverDate
2021-04-25 23:42:07,664 - elsapy.elsclient - INFO - Sending GET request to https://api.elsevier.com/content/search/sciencedirect?query=Virology+Birds
2021-04-25 23:42:08,478 - elsapy.utils - INFO - Converting prism:coverDate
2021-04-25 23:42:19,055 - elsapy.elsclient - INFO - Sending GET request to https://api.elsevier.com/content/search/sciencedirect?query=Paleontology+Ecology
2021-04-25 23:42:19,882 - elsapy.utils - INFO - Converting prism:coverDate
2021-04-25 23:42:29,787 - elsapy.elsclient - INFO - Sending GET request to https://api.elsevier.com/content/search/sciencedirect?query=Paleontology+Cell+Biology
2021-04-25 23:42:30,687 - elsapy.utils - INFO - Converting prism:coverDate
2021-04-25 23:42:39,692 - elsapy.elsclient - INFO - Sending GET request to https://api.elsevier.com/content/search/sciencedirect?query=Paleontology+Geology
2021-04-25 23:42:40,543 - elsapy.utils - INFO - Converting prism:coverDate
2021-04-25 23:42:51,711 - elsapy.elsclient - INFO - Sending GET request to https://api.elsevier.com/content/search/sciencedirect?query=Paleontology+Birds
2021-04-25 23:42:52,551 - elsapy.utils - INFO - Converting prism:coverDate
2021-04-25 23:43:02,304 - elsapy.elsclient - INFO - Sending GET request to https://api.elsevier.com/content/search/sciencedirect?query=Ecology+Cell+Biology
2021-04-25 23:43:03,227 - elsapy.utils - INFO - Converting prism:coverDate
2021-04-25 23:43:12,951 - elsapy.elsclient - INFO - Sending GET request to https://api.elsevier.com/content/search/sciencedirect?query=Ecology+Geology
2021-04-25 23:43:13,918 - elsapy.utils - INFO - Converting prism:coverDate
2021-04-25 23:43:25,488 - elsapy.elsclient - INFO - Sending GET request to https://api.elsevier.com/content/search/sciencedirect?query=Ecology+Birds
2021-04-25 23:43:26,405 - elsapy.utils - INFO - Converting prism:coverDate
2021-04-25 23:43:36,339 - elsapy.elsclient - INFO - Sending GET request to https://api.elsevier.com/content/search/sciencedirect?query=Cell+Biology+Geology
2021-04-25 23:43:37,209 - elsapy.utils - INFO - Converting prism:coverDate
2021-04-25 23:43:47,134 - elsapy.elsclient - INFO - Sending GET request to https://api.elsevier.com/content/search/sciencedirect?query=Cell+Biology+Birds
2021-04-25 23:43:48,000 - elsapy.utils - INFO - Converting prism:coverDate
2021-04-25 23:43:58,804 - elsapy.elsclient - INFO - Sending GET request to https://api.elsevier.com/content/search/sciencedirect?query=Geology+Birds
2021-04-25 23:43:59,853 - elsapy.utils - INFO - Converting prism:coverDate
2021-04-25 23:48:57,252 - elsapy.elsclient - INFO - Module loaded.
2021-04-25 23:48:57,253 - elsapy.elsentity - INFO - Module loaded.
2021-04-25 23:48:57,254 - elsapy.utils - INFO - Module loaded.
2021-04-25 23:48:57,254 - elsapy.elsprofile - INFO - Module loaded.
2021-04-25 23:48:57,255 - elsapy.elsdoc - INFO - Module loaded.
2021-04-25 23:48:57,256 - elsapy.elssearch - INFO - Module loaded.
2021-04-25 23:49:25,629 - elsapy.elsclient - INFO - Module loaded.
2021-04-25 23:49:25,630 - elsapy.elsentity - INFO - Module loaded.
2021-04-25 23:49:25,631 - elsapy.utils - INFO - Module loaded.
2021-04-25 23:49:25,631 - elsapy.elsprofile - INFO - Module loaded.
2021-04-25 23:49:25,632 - elsapy.elsdoc - INFO - Module loaded.
2021-04-25 23:49:25,632 - elsapy.elssearch - INFO - Module loaded.
2021-04-25 23:49:36,654 - elsapy.elsclient - INFO - Module loaded.
2021-04-25 23:49:36,655 - elsapy.elsentity - INFO - Module loaded.
2021-04-25 23:49:36,656 - elsapy.utils - INFO - Module loaded.
2021-04-25 23:49:36,656 - elsapy.elsprofile - INFO - Module loaded.
2021-04-25 23:49:36,657 - elsapy.elsdoc - INFO - Module loaded.
2021-04-25 23:49:36,658 - elsapy.elssearch - INFO - Module loaded.
2021-04-25 23:49:41,072 - elsapy.elsclient - INFO - Module loaded.
2021-04-25 23:49:41,073 - elsapy.elsentity - INFO - Module loaded.
2021-04-25 23:49:41,074 - elsapy.utils - INFO - Module loaded.
2021-04-25 23:49:41,074 - elsapy.elsprofile - INFO - Module loaded.
2021-04-25 23:49:41,075 - elsapy.elsdoc - INFO - Module loaded.
2021-04-25 23:49:41,075 - elsapy.elssearch - INFO - Module loaded.
2021-04-25 23:51:42,759 - elsapy.elsclient - INFO - Module loaded.
2021-04-25 23:51:42,760 - elsapy.elsentity - INFO - Module loaded.
2021-04-25 23:51:42,760 - elsapy.utils - INFO - Module loaded.
2021-04-25 23:51:42,761 - elsapy.elsprofile - INFO - Module loaded.
2021-04-25 23:51:42,761 - elsapy.elsdoc - INFO - Module loaded.
2021-04-25 23:51:42,762 - elsapy.elssearch - INFO - Module loaded.
2021-04-25 23:52:37,533 - elsapy.elsclient - INFO - Module loaded.
2021-04-25 23:52:37,534 - elsapy.elsentity - INFO - Module loaded.
2021-04-25 23:52:37,535 - elsapy.utils - INFO - Module loaded.
2021-04-25 23:52:37,535 - elsapy.elsprofile - INFO - Module loaded.
2021-04-25 23:52:37,536 - elsapy.elsdoc - INFO - Module loaded.
2021-04-25 23:52:37,537 - elsapy.elssearch - INFO - Module loaded.
2021-04-25 23:53:48,513 - elsapy.elsclient - INFO - Module loaded.
2021-04-25 23:53:48,514 - elsapy.elsentity - INFO - Module loaded.
2021-04-25 23:53:48,515 - elsapy.utils - INFO - Module loaded.
2021-04-25 23:53:48,515 - elsapy.elsprofile - INFO - Module loaded.
2021-04-25 23:53:48,516 - elsapy.elsdoc - INFO - Module loaded.
2021-04-25 23:53:48,517 - elsapy.elssearch - INFO - Module loaded.
2021-04-25 23:53:56,201 - elsapy.elsclient - INFO - Module loaded.
2021-04-25 23:53:56,202 - elsapy.elsentity - INFO - Module loaded.
2021-04-25 23:53:56,202 - elsapy.utils - INFO - Module loaded.
2021-04-25 23:53:56,203 - elsapy.elsprofile - INFO - Module loaded.
2021-04-25 23:53:56,203 - elsapy.elsdoc - INFO - Module loaded.
2021-04-25 23:53:56,204 - elsapy.elssearch - INFO - Module loaded.
2021-04-25 23:54:03,899 - elsapy.elsclient - INFO - Module loaded.
2021-04-25 23:54:03,900 - elsapy.elsentity - INFO - Module loaded.
2021-04-25 23:54:03,901 - elsapy.utils - INFO - Module loaded.
2021-04-25 23:54:03,901 - elsapy.elsprofile - INFO - Module loaded.
2021-04-25 23:54:03,902 - elsapy.elsdoc - INFO - Module loaded.
2021-04-25 23:54:03,902 - elsapy.elssearch - INFO - Module loaded.
